【项目】:任务后台;
【大分组】:1240241913;	【小分组】:60665573;
【日志类型】:普通日志;
【标题】:正在打开tcp...;
【内容】:;
【createtime】:2017-08-28 15:28:52.934;

【项目】:任务后台;
【大分组】:2130653117;	【小分组】:60665573;
【日志类型】:普通日志;
【标题】:打开tcp失败！;
【内容】:;
【createtime】:2017-08-28 15:28:54.008;

【项目】:任务后台;
【大分组】:-1989961220;	【小分组】:-503819872;
【日志类型】:普通日志;
【标题】:正在关闭tcp！;
【内容】:;
【createtime】:2017-08-28 15:28:54.021;

【项目】:任务后台;
【大分组】:1240241913;	【小分组】:1367430631;
【日志类型】:普通日志;
【标题】:正在打开tcp...;
【内容】:;
【createtime】:2017-08-28 15:28:54.021;

【项目】:任务后台;
【大分组】:2130653117;	【小分组】:-1081306965;
【日志类型】:普通日志;
【标题】:打开tcp失败！;
【内容】:;
【createtime】:2017-08-28 15:28:55.118;

【项目】:任务后台;
【大分组】:-1989961220;	【小分组】:252143739;
【日志类型】:普通日志;
【标题】:正在关闭tcp！;
【内容】:;
【createtime】:2017-08-28 15:29:05.143;

【项目】:任务后台;
【大分组】:1240241913;	【小分组】:-1002510887;
【日志类型】:普通日志;
【标题】:正在打开tcp...;
【内容】:;
【createtime】:2017-08-28 15:29:05.143;

【项目】:任务后台;
【大分组】:2130653117;	【小分组】:-1252309934;
【日志类型】:普通日志;
【标题】:打开tcp失败！;
【内容】:;
【createtime】:2017-08-28 15:29:06.191;

【项目】:任务后台;
【大分组】:-1989961220;	【小分组】:-1867068346;
【日志类型】:普通日志;
【标题】:正在关闭tcp！;
【内容】:;
【createtime】:2017-08-28 15:29:16.217;

【项目】:任务后台;
【大分组】:1240241913;	【小分组】:1319188838;
【日志类型】:普通日志;
【标题】:正在打开tcp...;
【内容】:;
【createtime】:2017-08-28 15:29:16.217;

【项目】:任务后台;
【大分组】:2130653117;	【小分组】:1428128711;
【日志类型】:普通日志;
【标题】:打开tcp失败！;
【内容】:;
【createtime】:2017-08-28 15:29:17.231;

【项目】:任务后台;
【大分组】:-1989961220;	【小分组】:444335844;
【日志类型】:普通日志;
【标题】:正在关闭tcp！;
【内容】:;
【createtime】:2017-08-28 15:29:27.257;

【项目】:任务后台;
【大分组】:1240241913;	【小分组】:-1088700373;
【日志类型】:普通日志;
【标题】:正在打开tcp...;
【内容】:;
【createtime】:2017-08-28 15:29:27.257;

【项目】:任务后台;
【大分组】:2130653117;	【小分组】:-781101101;
【日志类型】:普通日志;
【标题】:打开tcp失败！;
【内容】:;
【createtime】:2017-08-28 15:29:28.314;

【项目】:任务后台;
【大分组】:-1989961220;	【小分组】:-252980344;
【日志类型】:普通日志;
【标题】:正在关闭tcp！;
【内容】:;
【createtime】:2017-08-28 15:29:38.340;

【项目】:任务后台;
【大分组】:1240241913;	【小分组】:-1517854990;
【日志类型】:普通日志;
【标题】:正在打开tcp...;
【内容】:;
【createtime】:2017-08-28 15:29:38.340;

【项目】:任务后台;
【大分组】:2130653117;	【小分组】:-1108060927;
【日志类型】:普通日志;
【标题】:打开tcp失败！;
【内容】:;
【createtime】:2017-08-28 15:29:39.394;

【项目】:任务后台;
【大分组】:-1989961220;	【小分组】:-1448051957;
【日志类型】:普通日志;
【标题】:正在关闭tcp！;
【内容】:;
【createtime】:2017-08-28 15:29:49.414;

【项目】:任务后台;
【大分组】:1240241913;	【小分组】:1691485218;
【日志类型】:普通日志;
【标题】:正在打开tcp...;
【内容】:;
【createtime】:2017-08-28 15:29:49.414;

【项目】:任务后台;
【大分组】:2130653117;	【小分组】:-219565557;
【日志类型】:普通日志;
【标题】:打开tcp失败！;
【内容】:;
【createtime】:2017-08-28 15:29:50.452;

【项目】:任务后台;
【大分组】:-1989961220;	【小分组】:-929953161;
【日志类型】:普通日志;
【标题】:正在关闭tcp！;
【内容】:;
【createtime】:2017-08-28 15:30:00.477;

【项目】:任务后台;
【大分组】:1240241913;	【小分组】:224695370;
【日志类型】:普通日志;
【标题】:正在打开tcp...;
【内容】:;
【createtime】:2017-08-28 15:30:00.477;

【项目】:任务后台;
【大分组】:2130653117;	【小分组】:682714579;
【日志类型】:普通日志;
【标题】:打开tcp失败！;
【内容】:;
【createtime】:2017-08-28 15:30:01.494;

【项目】:任务后台;
【大分组】:-1989961220;	【小分组】:478712009;
【日志类型】:普通日志;
【标题】:正在关闭tcp！;
【内容】:;
【createtime】:2017-08-28 15:30:11.528;

【项目】:任务后台;
【大分组】:1240241913;	【小分组】:545377013;
【日志类型】:普通日志;
【标题】:正在打开tcp...;
【内容】:;
【createtime】:2017-08-28 15:30:11.528;

【项目】:任务后台;
【大分组】:2130653117;	【小分组】:-378403917;
【日志类型】:普通日志;
【标题】:打开tcp失败！;
【内容】:;
【createtime】:2017-08-28 15:30:12.581;

【项目】:任务后台;
【大分组】:-1989961220;	【小分组】:845252134;
【日志类型】:普通日志;
【标题】:正在关闭tcp！;
【内容】:;
【createtime】:2017-08-28 15:30:22.600;

【项目】:任务后台;
【大分组】:1240241913;	【小分组】:-1541963123;
【日志类型】:普通日志;
【标题】:正在打开tcp...;
【内容】:;
【createtime】:2017-08-28 15:30:22.600;

【项目】:任务后台;
【大分组】:2130653117;	【小分组】:-2101786747;
【日志类型】:普通日志;
【标题】:打开tcp失败！;
【内容】:;
【createtime】:2017-08-28 15:30:23.627;

【项目】:任务后台;
【大分组】:-1989961220;	【小分组】:-1955025424;
【日志类型】:普通日志;
【标题】:正在关闭tcp！;
【内容】:;
【createtime】:2017-08-28 15:30:33.652;

【项目】:任务后台;
【大分组】:1240241913;	【小分组】:1124233201;
【日志类型】:普通日志;
【标题】:正在打开tcp...;
【内容】:;
【createtime】:2017-08-28 15:30:33.652;

【项目】:任务后台;
【大分组】:2130653117;	【小分组】:166087277;
【日志类型】:普通日志;
【标题】:打开tcp失败！;
【内容】:;
【createtime】:2017-08-28 15:30:34.695;

【项目】:任务后台;
【大分组】:-1989961220;	【小分组】:1245796553;
【日志类型】:普通日志;
【标题】:正在关闭tcp！;
【内容】:;
【createtime】:2017-08-28 15:30:44.718;

【项目】:任务后台;
【大分组】:1240241913;	【小分组】:-2020224167;
【日志类型】:普通日志;
【标题】:正在打开tcp...;
【内容】:;
【createtime】:2017-08-28 15:30:44.718;

【项目】:任务后台;
【大分组】:2130653117;	【小分组】:-686974026;
【日志类型】:普通日志;
【标题】:打开tcp失败！;
【内容】:;
【createtime】:2017-08-28 15:30:45.766;

【项目】:任务后台;
【大分组】:-1989961220;	【小分组】:161043840;
【日志类型】:普通日志;
【标题】:正在关闭tcp！;
【内容】:;
【createtime】:2017-08-28 15:30:55.792;

【项目】:任务后台;
【大分组】:1240241913;	【小分组】:-1640005342;
【日志类型】:普通日志;
【标题】:正在打开tcp...;
【内容】:;
【createtime】:2017-08-28 15:30:55.792;

【项目】:任务后台;
【大分组】:2130653117;	【小分组】:1987167686;
【日志类型】:普通日志;
【标题】:打开tcp失败！;
【内容】:;
【createtime】:2017-08-28 15:30:56.846;

【项目】:任务后台;
【大分组】:-1989961220;	【小分组】:-172802442;
【日志类型】:普通日志;
【标题】:正在关闭tcp！;
【内容】:;
【createtime】:2017-08-28 15:31:06.871;

【项目】:任务后台;
【大分组】:1240241913;	【小分组】:-396977798;
【日志类型】:普通日志;
【标题】:正在打开tcp...;
【内容】:;
【createtime】:2017-08-28 15:31:06.871;

【项目】:任务后台;
【大分组】:2130653117;	【小分组】:1113608945;
【日志类型】:普通日志;
【标题】:打开tcp失败！;
【内容】:;
【createtime】:2017-08-28 15:31:07.926;

【项目】:任务后台;
【大分组】:-1989961220;	【小分组】:1055279030;
【日志类型】:普通日志;
【标题】:正在关闭tcp！;
【内容】:;
【createtime】:2017-08-28 15:31:17.952;

【项目】:任务后台;
【大分组】:1240241913;	【小分组】:-231935264;
【日志类型】:普通日志;
【标题】:正在打开tcp...;
【内容】:;
【createtime】:2017-08-28 15:31:17.952;

【项目】:任务后台;
【大分组】:2130653117;	【小分组】:-598195387;
【日志类型】:普通日志;
【标题】:打开tcp失败！;
【内容】:;
【createtime】:2017-08-28 15:31:18.990;

【项目】:任务后台;
【大分组】:-1989961220;	【小分组】:633089917;
【日志类型】:普通日志;
【标题】:正在关闭tcp！;
【内容】:;
【createtime】:2017-08-28 15:31:29.015;

【项目】:任务后台;
【大分组】:1240241913;	【小分组】:389926057;
【日志类型】:普通日志;
【标题】:正在打开tcp...;
【内容】:;
【createtime】:2017-08-28 15:31:29.015;

【项目】:任务后台;
【大分组】:2130653117;	【小分组】:1334360456;
【日志类型】:普通日志;
【标题】:打开tcp失败！;
【内容】:;
【createtime】:2017-08-28 15:31:30.068;

【项目】:任务后台;
【大分组】:-1989961220;	【小分组】:-1226690638;
【日志类型】:普通日志;
【标题】:正在关闭tcp！;
【内容】:;
【createtime】:2017-08-28 15:31:40.094;

【项目】:任务后台;
【大分组】:1240241913;	【小分组】:355439876;
【日志类型】:普通日志;
【标题】:正在打开tcp...;
【内容】:;
【createtime】:2017-08-28 15:31:40.094;

【项目】:任务后台;
【大分组】:2130653117;	【小分组】:1965219075;
【日志类型】:普通日志;
【标题】:打开tcp失败！;
【内容】:;
【createtime】:2017-08-28 15:31:41.154;

【项目】:任务后台;
【大分组】:-1989961220;	【小分组】:-1503722981;
【日志类型】:普通日志;
【标题】:正在关闭tcp！;
【内容】:;
【createtime】:2017-08-28 15:31:51.179;

【项目】:任务后台;
【大分组】:1240241913;	【小分组】:1421222607;
【日志类型】:普通日志;
【标题】:正在打开tcp...;
【内容】:;
【createtime】:2017-08-28 15:31:51.179;

【项目】:任务后台;
【大分组】:2130653117;	【小分组】:1955427595;
【日志类型】:普通日志;
【标题】:打开tcp失败！;
【内容】:;
【createtime】:2017-08-28 15:31:52.234;

【项目】:任务后台;
【大分组】:-1989961220;	【小分组】:-1632567906;
【日志类型】:普通日志;
【标题】:正在关闭tcp！;
【内容】:;
【createtime】:2017-08-28 15:32:02.258;

【项目】:任务后台;
【大分组】:1240241913;	【小分组】:-73380860;
【日志类型】:普通日志;
【标题】:正在打开tcp...;
【内容】:;
【createtime】:2017-08-28 15:32:02.258;

【项目】:任务后台;
【大分组】:2130653117;	【小分组】:-954265897;
【日志类型】:普通日志;
【标题】:打开tcp失败！;
【内容】:;
【createtime】:2017-08-28 15:32:03.307;

【项目】:任务后台;
【大分组】:-1989961220;	【小分组】:-1581918003;
【日志类型】:普通日志;
【标题】:正在关闭tcp！;
【内容】:;
【createtime】:2017-08-28 15:32:13.335;

【项目】:任务后台;
【大分组】:1240241913;	【小分组】:-236798877;
【日志类型】:普通日志;
【标题】:正在打开tcp...;
【内容】:;
【createtime】:2017-08-28 15:32:13.335;

【项目】:任务后台;
【大分组】:2130653117;	【小分组】:271661851;
【日志类型】:普通日志;
【标题】:打开tcp失败！;
【内容】:;
【createtime】:2017-08-28 15:32:14.387;

【项目】:任务后台;
【大分组】:-1989961220;	【小分组】:979726316;
【日志类型】:普通日志;
【标题】:正在关闭tcp！;
【内容】:;
【createtime】:2017-08-28 15:32:24.415;

【项目】:任务后台;
【大分组】:1240241913;	【小分组】:-181336396;
【日志类型】:普通日志;
【标题】:正在打开tcp...;
【内容】:;
【createtime】:2017-08-28 15:32:24.415;

【项目】:任务后台;
【大分组】:2130653117;	【小分组】:1137555128;
【日志类型】:普通日志;
【标题】:打开tcp失败！;
【内容】:;
【createtime】:2017-08-28 15:32:25.476;

【项目】:任务后台;
【大分组】:-1989961220;	【小分组】:-19183011;
【日志类型】:普通日志;
【标题】:正在关闭tcp！;
【内容】:;
【createtime】:2017-08-28 15:32:35.502;

【项目】:任务后台;
【大分组】:1240241913;	【小分组】:-1297241670;
【日志类型】:普通日志;
【标题】:正在打开tcp...;
【内容】:;
【createtime】:2017-08-28 15:32:35.502;

【项目】:任务后台;
【大分组】:2130653117;	【小分组】:1382059911;
【日志类型】:普通日志;
【标题】:打开tcp失败！;
【内容】:;
【createtime】:2017-08-28 15:32:36.559;

【项目】:任务后台;
【大分组】:-1989961220;	【小分组】:-1342942679;
【日志类型】:普通日志;
【标题】:正在关闭tcp！;
【内容】:;
【createtime】:2017-08-28 15:32:46.583;

【项目】:任务后台;
【大分组】:1240241913;	【小分组】:-525122959;
【日志类型】:普通日志;
【标题】:正在打开tcp...;
【内容】:;
【createtime】:2017-08-28 15:32:46.583;

【项目】:任务后台;
【大分组】:2130653117;	【小分组】:532104987;
【日志类型】:普通日志;
【标题】:打开tcp失败！;
【内容】:;
【createtime】:2017-08-28 15:32:47.646;

【项目】:任务后台;
【大分组】:-1989961220;	【小分组】:115331657;
【日志类型】:普通日志;
【标题】:正在关闭tcp！;
【内容】:;
【createtime】:2017-08-28 15:32:57.657;

【项目】:任务后台;
【大分组】:1240241913;	【小分组】:-1010795769;
【日志类型】:普通日志;
【标题】:正在打开tcp...;
【内容】:;
【createtime】:2017-08-28 15:32:57.657;

【项目】:任务后台;
【大分组】:2130653117;	【小分组】:-169053587;
【日志类型】:普通日志;
【标题】:打开tcp失败！;
【内容】:;
【createtime】:2017-08-28 15:32:58.710;

【项目】:任务后台;
【大分组】:-1989961220;	【小分组】:-1721567379;
【日志类型】:普通日志;
【标题】:正在关闭tcp！;
【内容】:;
【createtime】:2017-08-28 15:33:08.735;

【项目】:任务后台;
【大分组】:1240241913;	【小分组】:668264102;
【日志类型】:普通日志;
【标题】:正在打开tcp...;
【内容】:;
【createtime】:2017-08-28 15:33:08.735;

【项目】:任务后台;
【大分组】:2130653117;	【小分组】:-609486708;
【日志类型】:普通日志;
【标题】:打开tcp失败！;
【内容】:;
【createtime】:2017-08-28 15:33:09.773;

【项目】:任务后台;
【大分组】:-1989961220;	【小分组】:718445434;
【日志类型】:普通日志;
【标题】:正在关闭tcp！;
【内容】:;
【createtime】:2017-08-28 15:33:19.787;

【项目】:任务后台;
【大分组】:1240241913;	【小分组】:-540052498;
【日志类型】:普通日志;
【标题】:正在打开tcp...;
【内容】:;
【createtime】:2017-08-28 15:33:19.787;

【项目】:任务后台;
【大分组】:2130653117;	【小分组】:1318106466;
【日志类型】:普通日志;
【标题】:打开tcp失败！;
【内容】:;
【createtime】:2017-08-28 15:33:20.833;

【项目】:任务后台;
【大分组】:-1989961220;	【小分组】:679050219;
【日志类型】:普通日志;
【标题】:正在关闭tcp！;
【内容】:;
【createtime】:2017-08-28 15:33:30.860;

【项目】:任务后台;
【大分组】:1240241913;	【小分组】:322491562;
【日志类型】:普通日志;
【标题】:正在打开tcp...;
【内容】:;
【createtime】:2017-08-28 15:33:30.860;

【项目】:任务后台;
【大分组】:2130653117;	【小分组】:-956786968;
【日志类型】:普通日志;
【标题】:打开tcp失败！;
【内容】:;
【createtime】:2017-08-28 15:33:31.876;

【项目】:任务后台;
【大分组】:-1989961220;	【小分组】:1000731291;
【日志类型】:普通日志;
【标题】:正在关闭tcp！;
【内容】:;
【createtime】:2017-08-28 15:33:41.902;

【项目】:任务后台;
【大分组】:1240241913;	【小分组】:-949099425;
【日志类型】:普通日志;
【标题】:正在打开tcp...;
【内容】:;
【createtime】:2017-08-28 15:33:41.902;

【项目】:任务后台;
【大分组】:2130653117;	【小分组】:-1924845072;
【日志类型】:普通日志;
【标题】:打开tcp失败！;
【内容】:;
【createtime】:2017-08-28 15:33:42.929;

【项目】:任务后台;
【大分组】:-1989961220;	【小分组】:-204094052;
【日志类型】:普通日志;
【标题】:正在关闭tcp！;
【内容】:;
【createtime】:2017-08-28 15:33:52.939;

【项目】:任务后台;
【大分组】:1240241913;	【小分组】:-692029440;
【日志类型】:普通日志;
【标题】:正在打开tcp...;
【内容】:;
【createtime】:2017-08-28 15:33:52.939;

【项目】:任务后台;
【大分组】:2130653117;	【小分组】:531952191;
【日志类型】:普通日志;
【标题】:打开tcp失败！;
【内容】:;
【createtime】:2017-08-28 15:33:53.992;

【项目】:任务后台;
【大分组】:-1989961220;	【小分组】:992602333;
【日志类型】:普通日志;
【标题】:正在关闭tcp！;
【内容】:;
【createtime】:2017-08-28 15:34:04.008;

【项目】:任务后台;
【大分组】:1240241913;	【小分组】:1546362277;
【日志类型】:普通日志;
【标题】:正在打开tcp...;
【内容】:;
【createtime】:2017-08-28 15:34:04.008;

【项目】:任务后台;
【大分组】:2130653117;	【小分组】:-319336364;
【日志类型】:普通日志;
【标题】:打开tcp失败！;
【内容】:;
【createtime】:2017-08-28 15:34:05.056;

【项目】:任务后台;
【大分组】:-1989961220;	【小分组】:793050256;
【日志类型】:普通日志;
【标题】:正在关闭tcp！;
【内容】:;
【createtime】:2017-08-28 15:34:15.089;

【项目】:任务后台;
【大分组】:1240241913;	【小分组】:1656686289;
【日志类型】:普通日志;
【标题】:正在打开tcp...;
【内容】:;
【createtime】:2017-08-28 15:34:15.089;

【项目】:任务后台;
【大分组】:2130653117;	【小分组】:817461287;
【日志类型】:普通日志;
【标题】:打开tcp失败！;
【内容】:;
【createtime】:2017-08-28 15:34:16.143;

【项目】:任务后台;
【大分组】:-1989961220;	【小分组】:-591337560;
【日志类型】:普通日志;
【标题】:正在关闭tcp！;
【内容】:;
【createtime】:2017-08-28 15:34:26.168;

【项目】:任务后台;
【大分组】:1240241913;	【小分组】:551736139;
【日志类型】:普通日志;
【标题】:正在打开tcp...;
【内容】:;
【createtime】:2017-08-28 15:34:26.168;

【项目】:任务后台;
【大分组】:2130653117;	【小分组】:1658331523;
【日志类型】:普通日志;
【标题】:打开tcp失败！;
【内容】:;
【createtime】:2017-08-28 15:34:27.192;

【项目】:任务后台;
【大分组】:-1989961220;	【小分组】:-63843701;
【日志类型】:普通日志;
【标题】:正在关闭tcp！;
【内容】:;
【createtime】:2017-08-28 15:34:37.216;

【项目】:任务后台;
【大分组】:1240241913;	【小分组】:-2068077988;
【日志类型】:普通日志;
【标题】:正在打开tcp...;
【内容】:;
【createtime】:2017-08-28 15:34:37.216;

【项目】:任务后台;
【大分组】:2130653117;	【小分组】:-2013561757;
【日志类型】:普通日志;
【标题】:打开tcp失败！;
【内容】:;
【createtime】:2017-08-28 15:34:38.275;

【项目】:任务后台;
【大分组】:-1989961220;	【小分组】:1418731159;
【日志类型】:普通日志;
【标题】:正在关闭tcp！;
【内容】:;
【createtime】:2017-08-28 15:34:48.300;

【项目】:任务后台;
【大分组】:1240241913;	【小分组】:839825875;
【日志类型】:普通日志;
【标题】:正在打开tcp...;
【内容】:;
【createtime】:2017-08-28 15:34:48.300;

【项目】:任务后台;
【大分组】:2130653117;	【小分组】:153317555;
【日志类型】:普通日志;
【标题】:打开tcp失败！;
【内容】:;
【createtime】:2017-08-28 15:34:49.356;

【项目】:任务后台;
【大分组】:-1989961220;	【小分组】:-460262538;
【日志类型】:普通日志;
【标题】:正在关闭tcp！;
【内容】:;
【createtime】:2017-08-28 15:34:59.381;

【项目】:任务后台;
【大分组】:1240241913;	【小分组】:1533562214;
【日志类型】:普通日志;
【标题】:正在打开tcp...;
【内容】:;
【createtime】:2017-08-28 15:34:59.381;

【项目】:任务后台;
【大分组】:2130653117;	【小分组】:1132208843;
【日志类型】:普通日志;
【标题】:打开tcp失败！;
【内容】:;
【createtime】:2017-08-28 15:35:00.432;

【项目】:任务后台;
【大分组】:-1989961220;	【小分组】:718492911;
【日志类型】:普通日志;
【标题】:正在关闭tcp！;
【内容】:;
【createtime】:2017-08-28 15:35:10.456;

【项目】:任务后台;
【大分组】:1240241913;	【小分组】:1309600255;
【日志类型】:普通日志;
【标题】:正在打开tcp...;
【内容】:;
【createtime】:2017-08-28 15:35:10.456;

【项目】:任务后台;
【大分组】:2130653117;	【小分组】:267294439;
【日志类型】:普通日志;
【标题】:打开tcp失败！;
【内容】:;
【createtime】:2017-08-28 15:35:11.493;

【项目】:任务后台;
【大分组】:-1989961220;	【小分组】:1377237498;
【日志类型】:普通日志;
【标题】:正在关闭tcp！;
【内容】:;
【createtime】:2017-08-28 15:35:21.507;

【项目】:任务后台;
【大分组】:1240241913;	【小分组】:1679912710;
【日志类型】:普通日志;
【标题】:正在打开tcp...;
【内容】:;
【createtime】:2017-08-28 15:35:21.507;

【项目】:任务后台;
【大分组】:2130653117;	【小分组】:-1629176999;
【日志类型】:普通日志;
【标题】:打开tcp失败！;
【内容】:;
【createtime】:2017-08-28 15:35:22.525;

【项目】:任务后台;
【大分组】:-1989961220;	【小分组】:887871094;
【日志类型】:普通日志;
【标题】:正在关闭tcp！;
【内容】:;
【createtime】:2017-08-28 15:35:32.551;

【项目】:任务后台;
【大分组】:1240241913;	【小分组】:1163839846;
【日志类型】:普通日志;
【标题】:正在打开tcp...;
【内容】:;
【createtime】:2017-08-28 15:35:32.551;

【项目】:任务后台;
【大分组】:2130653117;	【小分组】:1237900482;
【日志类型】:普通日志;
【标题】:打开tcp失败！;
【内容】:;
【createtime】:2017-08-28 15:35:33.606;

【项目】:任务后台;
【大分组】:-1989961220;	【小分组】:-117578005;
【日志类型】:普通日志;
【标题】:正在关闭tcp！;
【内容】:;
【createtime】:2017-08-28 15:35:43.636;

【项目】:任务后台;
【大分组】:1240241913;	【小分组】:561711852;
【日志类型】:普通日志;
【标题】:正在打开tcp...;
【内容】:;
【createtime】:2017-08-28 15:35:43.636;

【项目】:任务后台;
【大分组】:2130653117;	【小分组】:556246284;
【日志类型】:普通日志;
【标题】:打开tcp失败！;
【内容】:;
【createtime】:2017-08-28 15:35:44.686;

【项目】:任务后台;
【大分组】:-1989961220;	【小分组】:-795904995;
【日志类型】:普通日志;
【标题】:正在关闭tcp！;
【内容】:;
【createtime】:2017-08-28 15:35:54.711;

【项目】:任务后台;
【大分组】:1240241913;	【小分组】:-1912502425;
【日志类型】:普通日志;
【标题】:正在打开tcp...;
【内容】:;
【createtime】:2017-08-28 15:35:54.711;

【项目】:任务后台;
【大分组】:2130653117;	【小分组】:-715923610;
【日志类型】:普通日志;
【标题】:打开tcp失败！;
【内容】:;
【createtime】:2017-08-28 15:35:55.764;

【项目】:任务后台;
【大分组】:-1989961220;	【小分组】:1605969330;
【日志类型】:普通日志;
【标题】:正在关闭tcp！;
【内容】:;
【createtime】:2017-08-28 15:36:05.791;

【项目】:任务后台;
【大分组】:1240241913;	【小分组】:-1117835636;
【日志类型】:普通日志;
【标题】:正在打开tcp...;
【内容】:;
【createtime】:2017-08-28 15:36:05.791;

【项目】:任务后台;
【大分组】:2130653117;	【小分组】:-892152461;
【日志类型】:普通日志;
【标题】:打开tcp失败！;
【内容】:;
【createtime】:2017-08-28 15:36:06.845;

【项目】:任务后台;
【大分组】:-1989961220;	【小分组】:-1423314484;
【日志类型】:普通日志;
【标题】:正在关闭tcp！;
【内容】:;
【createtime】:2017-08-28 15:36:16.872;

【项目】:任务后台;
【大分组】:1240241913;	【小分组】:463086552;
【日志类型】:普通日志;
【标题】:正在打开tcp...;
【内容】:;
【createtime】:2017-08-28 15:36:16.872;

【项目】:任务后台;
【大分组】:2130653117;	【小分组】:2022439343;
【日志类型】:普通日志;
【标题】:打开tcp失败！;
【内容】:;
【createtime】:2017-08-28 15:36:17.924;

【项目】:任务后台;
【大分组】:-1989961220;	【小分组】:-1116489715;
【日志类型】:普通日志;
【标题】:正在关闭tcp！;
【内容】:;
【createtime】:2017-08-28 15:36:27.949;

【项目】:任务后台;
【大分组】:1240241913;	【小分组】:-456189216;
【日志类型】:普通日志;
【标题】:正在打开tcp...;
【内容】:;
【createtime】:2017-08-28 15:36:27.949;

【项目】:任务后台;
【大分组】:2130653117;	【小分组】:-371987204;
【日志类型】:普通日志;
【标题】:打开tcp失败！;
【内容】:;
【createtime】:2017-08-28 15:36:29.007;

【项目】:任务后台;
【大分组】:-1989961220;	【小分组】:2139140024;
【日志类型】:普通日志;
【标题】:正在关闭tcp！;
【内容】:;
【createtime】:2017-08-28 15:36:39.033;

【项目】:任务后台;
【大分组】:1240241913;	【小分组】:-1402344195;
【日志类型】:普通日志;
【标题】:正在打开tcp...;
【内容】:;
【createtime】:2017-08-28 15:36:39.033;

【项目】:任务后台;
【大分组】:2130653117;	【小分组】:-1332504595;
【日志类型】:普通日志;
【标题】:打开tcp失败！;
【内容】:;
【createtime】:2017-08-28 15:36:40.062;

【项目】:任务后台;
【大分组】:-1989961220;	【小分组】:-1381480318;
【日志类型】:普通日志;
【标题】:正在关闭tcp！;
【内容】:;
【createtime】:2017-08-28 15:36:50.087;

【项目】:任务后台;
【大分组】:1240241913;	【小分组】:-1925192406;
【日志类型】:普通日志;
【标题】:正在打开tcp...;
【内容】:;
【createtime】:2017-08-28 15:36:50.087;

【项目】:任务后台;
【大分组】:2130653117;	【小分组】:-1549178936;
【日志类型】:普通日志;
【标题】:打开tcp失败！;
【内容】:;
【createtime】:2017-08-28 15:36:51.142;

【项目】:任务后台;
【大分组】:-1989961220;	【小分组】:1435014023;
【日志类型】:普通日志;
【标题】:正在关闭tcp！;
【内容】:;
【createtime】:2017-08-28 15:37:01.167;

【项目】:任务后台;
【大分组】:1240241913;	【小分组】:-718195610;
【日志类型】:普通日志;
【标题】:正在打开tcp...;
【内容】:;
【createtime】:2017-08-28 15:37:01.167;

【项目】:任务后台;
【大分组】:2130653117;	【小分组】:-2045722091;
【日志类型】:普通日志;
【标题】:打开tcp失败！;
【内容】:;
【createtime】:2017-08-28 15:37:02.222;

【项目】:任务后台;
【大分组】:-1989961220;	【小分组】:-226710179;
【日志类型】:普通日志;
【标题】:正在关闭tcp！;
【内容】:;
【createtime】:2017-08-28 15:37:12.248;

【项目】:任务后台;
【大分组】:1240241913;	【小分组】:-2137117011;
【日志类型】:普通日志;
【标题】:正在打开tcp...;
【内容】:;
【createtime】:2017-08-28 15:37:12.248;

【项目】:任务后台;
【大分组】:2130653117;	【小分组】:-177405240;
【日志类型】:普通日志;
【标题】:打开tcp失败！;
【内容】:;
【createtime】:2017-08-28 15:37:13.292;

【项目】:任务后台;
【大分组】:-1989961220;	【小分组】:1665156980;
【日志类型】:普通日志;
【标题】:正在关闭tcp！;
【内容】:;
【createtime】:2017-08-28 15:37:23.318;

【项目】:任务后台;
【大分组】:1240241913;	【小分组】:634602841;
【日志类型】:普通日志;
【标题】:正在打开tcp...;
【内容】:;
【createtime】:2017-08-28 15:37:23.318;

【项目】:任务后台;
【大分组】:2130653117;	【小分组】:-1181590927;
【日志类型】:普通日志;
【标题】:打开tcp失败！;
【内容】:;
【createtime】:2017-08-28 15:37:24.371;

【项目】:任务后台;
【大分组】:-1989961220;	【小分组】:687946965;
【日志类型】:普通日志;
【标题】:正在关闭tcp！;
【内容】:;
【createtime】:2017-08-28 15:37:34.381;

【项目】:任务后台;
【大分组】:1240241913;	【小分组】:-11147939;
【日志类型】:普通日志;
【标题】:正在打开tcp...;
【内容】:;
【createtime】:2017-08-28 15:37:34.381;

【项目】:任务后台;
【大分组】:2130653117;	【小分组】:-2111563099;
【日志类型】:普通日志;
【标题】:打开tcp失败！;
【内容】:;
【createtime】:2017-08-28 15:37:35.407;

【项目】:任务后台;
【大分组】:-1989961220;	【小分组】:-1761461748;
【日志类型】:普通日志;
【标题】:正在关闭tcp！;
【内容】:;
【createtime】:2017-08-28 15:37:45.433;

【项目】:任务后台;
【大分组】:1240241913;	【小分组】:-675708807;
【日志类型】:普通日志;
【标题】:正在打开tcp...;
【内容】:;
【createtime】:2017-08-28 15:37:45.433;

【项目】:任务后台;
【大分组】:2130653117;	【小分组】:956711581;
【日志类型】:普通日志;
【标题】:打开tcp失败！;
【内容】:;
【createtime】:2017-08-28 15:37:46.481;

【项目】:任务后台;
【大分组】:-1989961220;	【小分组】:1208792734;
【日志类型】:普通日志;
【标题】:正在关闭tcp！;
【内容】:;
【createtime】:2017-08-28 15:37:56.506;

【项目】:任务后台;
【大分组】:1240241913;	【小分组】:1460560215;
【日志类型】:普通日志;
【标题】:正在打开tcp...;
【内容】:;
【createtime】:2017-08-28 15:37:56.506;

【项目】:任务后台;
【大分组】:2130653117;	【小分组】:-1094419831;
【日志类型】:普通日志;
【标题】:打开tcp失败！;
【内容】:;
【createtime】:2017-08-28 15:37:57.560;

【项目】:任务后台;
【大分组】:-1989961220;	【小分组】:-376855648;
【日志类型】:普通日志;
【标题】:正在关闭tcp！;
【内容】:;
【createtime】:2017-08-28 15:38:07.586;

【项目】:任务后台;
【大分组】:1240241913;	【小分组】:-560672441;
【日志类型】:普通日志;
【标题】:正在打开tcp...;
【内容】:;
【createtime】:2017-08-28 15:38:07.586;

【项目】:任务后台;
【大分组】:2130653117;	【小分组】:-1922832250;
【日志类型】:普通日志;
【标题】:打开tcp失败！;
【内容】:;
【createtime】:2017-08-28 15:38:08.650;

【项目】:任务后台;
【大分组】:-1989961220;	【小分组】:-409779912;
【日志类型】:普通日志;
【标题】:正在关闭tcp！;
【内容】:;
【createtime】:2017-08-28 15:38:18.674;

【项目】:任务后台;
【大分组】:1240241913;	【小分组】:736803584;
【日志类型】:普通日志;
【标题】:正在打开tcp...;
【内容】:;
【createtime】:2017-08-28 15:38:18.674;

【项目】:任务后台;
【大分组】:2130653117;	【小分组】:675641258;
【日志类型】:普通日志;
【标题】:打开tcp失败！;
【内容】:;
【createtime】:2017-08-28 15:38:19.731;

【项目】:任务后台;
【大分组】:-1989961220;	【小分组】:-791337141;
【日志类型】:普通日志;
【标题】:正在关闭tcp！;
【内容】:;
【createtime】:2017-08-28 15:38:29.745;

【项目】:任务后台;
【大分组】:1240241913;	【小分组】:1814119106;
【日志类型】:普通日志;
【标题】:正在打开tcp...;
【内容】:;
【createtime】:2017-08-28 15:38:29.745;

【项目】:任务后台;
【大分组】:2130653117;	【小分组】:2020819590;
【日志类型】:普通日志;
【标题】:打开tcp失败！;
【内容】:;
【createtime】:2017-08-28 15:38:30.799;

【项目】:任务后台;
【大分组】:-1989961220;	【小分组】:1194151716;
【日志类型】:普通日志;
【标题】:正在关闭tcp！;
【内容】:;
【createtime】:2017-08-28 15:38:40.824;

【项目】:任务后台;
【大分组】:1240241913;	【小分组】:-1420090280;
【日志类型】:普通日志;
【标题】:正在打开tcp...;
【内容】:;
【createtime】:2017-08-28 15:38:40.824;

【项目】:任务后台;
【大分组】:2130653117;	【小分组】:-1771247038;
【日志类型】:普通日志;
【标题】:打开tcp失败！;
【内容】:;
【createtime】:2017-08-28 15:38:41.887;

【项目】:任务后台;
【大分组】:-1989961220;	【小分组】:225991915;
【日志类型】:普通日志;
【标题】:正在关闭tcp！;
【内容】:;
【createtime】:2017-08-28 15:38:51.913;

【项目】:任务后台;
【大分组】:1240241913;	【小分组】:986669654;
【日志类型】:普通日志;
【标题】:正在打开tcp...;
【内容】:;
【createtime】:2017-08-28 15:38:51.913;

【项目】:任务后台;
【大分组】:2130653117;	【小分组】:1864939496;
【日志类型】:普通日志;
【标题】:打开tcp失败！;
【内容】:;
【createtime】:2017-08-28 15:38:52.968;

【项目】:任务后台;
【大分组】:-1989961220;	【小分组】:986300562;
【日志类型】:普通日志;
【标题】:正在关闭tcp！;
【内容】:;
【createtime】:2017-08-28 15:39:02.991;

【项目】:任务后台;
【大分组】:1240241913;	【小分组】:-747145953;
【日志类型】:普通日志;
【标题】:正在打开tcp...;
【内容】:;
【createtime】:2017-08-28 15:39:02.991;

【项目】:任务后台;
【大分组】:2130653117;	【小分组】:1327828822;
【日志类型】:普通日志;
【标题】:打开tcp失败！;
【内容】:;
【createtime】:2017-08-28 15:39:04.036;

【项目】:任务后台;
【大分组】:-1989961220;	【小分组】:1454666121;
【日志类型】:普通日志;
【标题】:正在关闭tcp！;
【内容】:;
【createtime】:2017-08-28 15:39:14.061;

【项目】:任务后台;
【大分组】:1240241913;	【小分组】:-1275223400;
【日志类型】:普通日志;
【标题】:正在打开tcp...;
【内容】:;
【createtime】:2017-08-28 15:39:14.061;

【项目】:任务后台;
【大分组】:2130653117;	【小分组】:778752827;
【日志类型】:普通日志;
【标题】:打开tcp失败！;
【内容】:;
【createtime】:2017-08-28 15:39:15.115;

【项目】:任务后台;
【大分组】:-1989961220;	【小分组】:-875491810;
【日志类型】:普通日志;
【标题】:正在关闭tcp！;
【内容】:;
【createtime】:2017-08-28 15:39:25.132;

【项目】:任务后台;
【大分组】:1240241913;	【小分组】:1605227905;
【日志类型】:普通日志;
【标题】:正在打开tcp...;
【内容】:;
【createtime】:2017-08-28 15:39:25.132;

【项目】:任务后台;
【大分组】:2130653117;	【小分组】:-1723596285;
【日志类型】:普通日志;
【标题】:打开tcp失败！;
【内容】:;
【createtime】:2017-08-28 15:39:26.188;

【项目】:任务后台;
【大分组】:-1989961220;	【小分组】:1917040947;
【日志类型】:普通日志;
【标题】:正在关闭tcp！;
【内容】:;
【createtime】:2017-08-28 15:39:36.221;

【项目】:任务后台;
【大分组】:1240241913;	【小分组】:136420846;
【日志类型】:普通日志;
【标题】:正在打开tcp...;
【内容】:;
【createtime】:2017-08-28 15:39:36.221;

【项目】:任务后台;
【大分组】:2130653117;	【小分组】:-49978040;
【日志类型】:普通日志;
【标题】:打开tcp失败！;
【内容】:;
【createtime】:2017-08-28 15:39:37.270;

【项目】:任务后台;
【大分组】:-1989961220;	【小分组】:-1801818762;
【日志类型】:普通日志;
【标题】:正在关闭tcp！;
【内容】:;
【createtime】:2017-08-28 15:39:47.296;

【项目】:任务后台;
【大分组】:1240241913;	【小分组】:-17761183;
【日志类型】:普通日志;
【标题】:正在打开tcp...;
【内容】:;
【createtime】:2017-08-28 15:39:47.296;

【项目】:任务后台;
【大分组】:2130653117;	【小分组】:-1633000984;
【日志类型】:普通日志;
【标题】:打开tcp失败！;
【内容】:;
【createtime】:2017-08-28 15:39:48.350;

【项目】:任务后台;
【大分组】:-1989961220;	【小分组】:-177874257;
【日志类型】:普通日志;
【标题】:正在关闭tcp！;
【内容】:;
【createtime】:2017-08-28 15:39:58.358;

【项目】:任务后台;
【大分组】:1240241913;	【小分组】:2129060164;
【日志类型】:普通日志;
【标题】:正在打开tcp...;
【内容】:;
【createtime】:2017-08-28 15:39:58.358;

【项目】:任务后台;
【大分组】:2130653117;	【小分组】:400306574;
【日志类型】:普通日志;
【标题】:打开tcp失败！;
【内容】:;
【createtime】:2017-08-28 15:39:59.409;

【项目】:任务后台;
【大分组】:-1989961220;	【小分组】:-1502819990;
【日志类型】:普通日志;
【标题】:正在关闭tcp！;
【内容】:;
【createtime】:2017-08-28 15:40:09.428;

【项目】:任务后台;
【大分组】:1240241913;	【小分组】:1679883617;
【日志类型】:普通日志;
【标题】:正在打开tcp...;
【内容】:;
【createtime】:2017-08-28 15:40:09.428;

【项目】:任务后台;
【大分组】:2130653117;	【小分组】:1946689463;
【日志类型】:普通日志;
【标题】:打开tcp失败！;
【内容】:;
【createtime】:2017-08-28 15:40:10.468;

【项目】:任务后台;
【大分组】:-1989961220;	【小分组】:-1956727634;
【日志类型】:普通日志;
【标题】:正在关闭tcp！;
【内容】:;
【createtime】:2017-08-28 15:40:20.495;

【项目】:任务后台;
【大分组】:1240241913;	【小分组】:-690819477;
【日志类型】:普通日志;
【标题】:正在打开tcp...;
【内容】:;
【createtime】:2017-08-28 15:40:20.495;

【项目】:任务后台;
【大分组】:2130653117;	【小分组】:1258450880;
【日志类型】:普通日志;
【标题】:打开tcp失败！;
【内容】:;
【createtime】:2017-08-28 15:40:21.546;

【项目】:任务后台;
【大分组】:-1989961220;	【小分组】:1171851964;
【日志类型】:普通日志;
【标题】:正在关闭tcp！;
【内容】:;
【createtime】:2017-08-28 15:40:31.573;

【项目】:任务后台;
【大分组】:1240241913;	【小分组】:-1413747354;
【日志类型】:普通日志;
【标题】:正在打开tcp...;
【内容】:;
【createtime】:2017-08-28 15:40:31.573;

【项目】:任务后台;
【大分组】:2130653117;	【小分组】:-977012267;
【日志类型】:普通日志;
【标题】:打开tcp失败！;
【内容】:;
【createtime】:2017-08-28 15:40:32.595;

【项目】:任务后台;
【大分组】:-1989961220;	【小分组】:941840875;
【日志类型】:普通日志;
【标题】:正在关闭tcp！;
【内容】:;
【createtime】:2017-08-28 15:40:42.620;

【项目】:任务后台;
【大分组】:1240241913;	【小分组】:-1643589319;
【日志类型】:普通日志;
【标题】:正在打开tcp...;
【内容】:;
【createtime】:2017-08-28 15:40:42.620;

【项目】:任务后台;
【大分组】:2130653117;	【小分组】:996874027;
【日志类型】:普通日志;
【标题】:打开tcp失败！;
【内容】:;
【createtime】:2017-08-28 15:40:43.675;

【项目】:任务后台;
【大分组】:-1989961220;	【小分组】:-659794283;
【日志类型】:普通日志;
【标题】:正在关闭tcp！;
【内容】:;
【createtime】:2017-08-28 15:40:53.701;

【项目】:任务后台;
【大分组】:1240241913;	【小分组】:-684255270;
【日志类型】:普通日志;
【标题】:正在打开tcp...;
【内容】:;
【createtime】:2017-08-28 15:40:53.701;

【项目】:任务后台;
【大分组】:2130653117;	【小分组】:1877752995;
【日志类型】:普通日志;
【标题】:打开tcp失败！;
【内容】:;
【createtime】:2017-08-28 15:40:54.755;

【项目】:任务后台;
【大分组】:-1989961220;	【小分组】:1553318531;
【日志类型】:普通日志;
【标题】:正在关闭tcp！;
【内容】:;
【createtime】:2017-08-28 15:41:04.771;

【项目】:任务后台;
【大分组】:1240241913;	【小分组】:-355116621;
【日志类型】:普通日志;
【标题】:正在打开tcp...;
【内容】:;
【createtime】:2017-08-28 15:41:04.772;

【项目】:任务后台;
【大分组】:2130653117;	【小分组】:-319384299;
【日志类型】:普通日志;
【标题】:打开tcp失败！;
【内容】:;
【createtime】:2017-08-28 15:41:05.832;

【项目】:任务后台;
【大分组】:-1989961220;	【小分组】:999182807;
【日志类型】:普通日志;
【标题】:正在关闭tcp！;
【内容】:;
【createtime】:2017-08-28 15:41:15.858;

【项目】:任务后台;
【大分组】:1240241913;	【小分组】:1534376690;
【日志类型】:普通日志;
【标题】:正在打开tcp...;
【内容】:;
【createtime】:2017-08-28 15:41:15.858;

【项目】:任务后台;
【大分组】:2130653117;	【小分组】:428482478;
【日志类型】:普通日志;
【标题】:打开tcp失败！;
【内容】:;
【createtime】:2017-08-28 15:41:16.913;

【项目】:任务后台;
【大分组】:-1989961220;	【小分组】:1345548619;
【日志类型】:普通日志;
【标题】:正在关闭tcp！;
【内容】:;
【createtime】:2017-08-28 15:41:26.939;

【项目】:任务后台;
【大分组】:1240241913;	【小分组】:726710753;
【日志类型】:普通日志;
【标题】:正在打开tcp...;
【内容】:;
【createtime】:2017-08-28 15:41:26.939;

【项目】:任务后台;
【大分组】:2130653117;	【小分组】:-84904259;
【日志类型】:普通日志;
【标题】:打开tcp失败！;
【内容】:;
【createtime】:2017-08-28 15:41:28.003;

【项目】:任务后台;
【大分组】:-1989961220;	【小分组】:1774996922;
【日志类型】:普通日志;
【标题】:正在关闭tcp！;
【内容】:;
【createtime】:2017-08-28 15:41:38.033;

【项目】:任务后台;
【大分组】:1240241913;	【小分组】:1114133569;
【日志类型】:普通日志;
【标题】:正在打开tcp...;
【内容】:;
【createtime】:2017-08-28 15:41:38.033;

【项目】:任务后台;
【大分组】:2130653117;	【小分组】:-219957662;
【日志类型】:普通日志;
【标题】:打开tcp失败！;
【内容】:;
【createtime】:2017-08-28 15:41:39.087;

【项目】:任务后台;
【大分组】:-1989961220;	【小分组】:248346277;
【日志类型】:普通日志;
【标题】:正在关闭tcp！;
【内容】:;
【createtime】:2017-08-28 15:41:49.114;

【项目】:任务后台;
【大分组】:1240241913;	【小分组】:-1501067567;
【日志类型】:普通日志;
【标题】:正在打开tcp...;
【内容】:;
【createtime】:2017-08-28 15:41:49.114;

【项目】:任务后台;
【大分组】:2130653117;	【小分组】:-908625183;
【日志类型】:普通日志;
【标题】:打开tcp失败！;
【内容】:;
【createtime】:2017-08-28 15:41:50.168;

【项目】:任务后台;
【大分组】:-1989961220;	【小分组】:1432880443;
【日志类型】:普通日志;
【标题】:正在关闭tcp！;
【内容】:;
【createtime】:2017-08-28 15:42:00.194;

【项目】:任务后台;
【大分组】:1240241913;	【小分组】:-1269195641;
【日志类型】:普通日志;
【标题】:正在打开tcp...;
【内容】:;
【createtime】:2017-08-28 15:42:00.194;

【项目】:任务后台;
【大分组】:2130653117;	【小分组】:1348290096;
【日志类型】:普通日志;
【标题】:打开tcp失败！;
【内容】:;
【createtime】:2017-08-28 15:42:01.249;

【项目】:任务后台;
【大分组】:-1989961220;	【小分组】:1079558358;
【日志类型】:普通日志;
【标题】:正在关闭tcp！;
【内容】:;
【createtime】:2017-08-28 15:42:11.275;

【项目】:任务后台;
【大分组】:1240241913;	【小分组】:361709871;
【日志类型】:普通日志;
【标题】:正在打开tcp...;
【内容】:;
【createtime】:2017-08-28 15:42:11.275;

【项目】:任务后台;
【大分组】:2130653117;	【小分组】:-950799787;
【日志类型】:普通日志;
【标题】:打开tcp失败！;
【内容】:;
【createtime】:2017-08-28 15:42:12.293;

【项目】:任务后台;
【大分组】:-1989961220;	【小分组】:734011456;
【日志类型】:普通日志;
【标题】:正在关闭tcp！;
【内容】:;
【createtime】:2017-08-28 15:42:22.319;

【项目】:任务后台;
【大分组】:1240241913;	【小分组】:1244687928;
【日志类型】:普通日志;
【标题】:正在打开tcp...;
【内容】:;
【createtime】:2017-08-28 15:42:22.319;

【项目】:任务后台;
【大分组】:2130653117;	【小分组】:-895714277;
【日志类型】:普通日志;
【标题】:打开tcp失败！;
【内容】:;
【createtime】:2017-08-28 15:42:23.373;

【项目】:任务后台;
【大分组】:-1989961220;	【小分组】:1724220051;
【日志类型】:普通日志;
【标题】:正在关闭tcp！;
【内容】:;
【createtime】:2017-08-28 15:42:33.404;

【项目】:任务后台;
【大分组】:1240241913;	【小分组】:-1686315404;
【日志类型】:普通日志;
【标题】:正在打开tcp...;
【内容】:;
【createtime】:2017-08-28 15:42:33.404;

【项目】:任务后台;
【大分组】:2130653117;	【小分组】:-1272901016;
【日志类型】:普通日志;
【标题】:打开tcp失败！;
【内容】:;
【createtime】:2017-08-28 15:42:34.459;

【项目】:任务后台;
【大分组】:-1989961220;	【小分组】:610056729;
【日志类型】:普通日志;
【标题】:正在关闭tcp！;
【内容】:;
【createtime】:2017-08-28 15:42:44.485;

【项目】:任务后台;
【大分组】:1240241913;	【小分组】:-1305386618;
【日志类型】:普通日志;
【标题】:正在打开tcp...;
【内容】:;
【createtime】:2017-08-28 15:42:44.485;

【项目】:任务后台;
【大分组】:2130653117;	【小分组】:-823723152;
【日志类型】:普通日志;
【标题】:打开tcp失败！;
【内容】:;
【createtime】:2017-08-28 15:42:45.540;

【项目】:任务后台;
【大分组】:-1989961220;	【小分组】:-1395586900;
【日志类型】:普通日志;
【标题】:正在关闭tcp！;
【内容】:;
【createtime】:2017-08-28 15:42:55.565;

【项目】:任务后台;
【大分组】:1240241913;	【小分组】:-1943880063;
【日志类型】:普通日志;
【标题】:正在打开tcp...;
【内容】:;
【createtime】:2017-08-28 15:42:55.565;

【项目】:任务后台;
【大分组】:2130653117;	【小分组】:-1026945026;
【日志类型】:普通日志;
【标题】:打开tcp失败！;
【内容】:;
【createtime】:2017-08-28 15:42:56.619;

【项目】:任务后台;
【大分组】:-1989961220;	【小分组】:-2123521309;
【日志类型】:普通日志;
【标题】:正在关闭tcp！;
【内容】:;
【createtime】:2017-08-28 15:43:06.644;

【项目】:任务后台;
【大分组】:1240241913;	【小分组】:1784896318;
【日志类型】:普通日志;
【标题】:正在打开tcp...;
【内容】:;
【createtime】:2017-08-28 15:43:06.644;

【项目】:任务后台;
【大分组】:2130653117;	【小分组】:-486977348;
【日志类型】:普通日志;
【标题】:打开tcp失败！;
【内容】:;
【createtime】:2017-08-28 15:43:07.692;

【项目】:任务后台;
【大分组】:-1989961220;	【小分组】:1753577346;
【日志类型】:普通日志;
【标题】:正在关闭tcp！;
【内容】:;
【createtime】:2017-08-28 15:43:17.717;

【项目】:任务后台;
【大分组】:1240241913;	【小分组】:-1755305564;
【日志类型】:普通日志;
【标题】:正在打开tcp...;
【内容】:;
【createtime】:2017-08-28 15:43:17.717;

【项目】:任务后台;
【大分组】:2130653117;	【小分组】:1108462380;
【日志类型】:普通日志;
【标题】:打开tcp失败！;
【内容】:;
【createtime】:2017-08-28 15:43:18.774;

【项目】:任务后台;
【大分组】:-1989961220;	【小分组】:845174004;
【日志类型】:普通日志;
【标题】:正在关闭tcp！;
【内容】:;
【createtime】:2017-08-28 15:43:28.799;

【项目】:任务后台;
【大分组】:1240241913;	【小分组】:1877967244;
【日志类型】:普通日志;
【标题】:正在打开tcp...;
【内容】:;
【createtime】:2017-08-28 15:43:28.799;

【项目】:任务后台;
【大分组】:2130653117;	【小分组】:-525497410;
【日志类型】:普通日志;
【标题】:打开tcp失败！;
【内容】:;
【createtime】:2017-08-28 15:43:29.856;

【项目】:任务后台;
【大分组】:-1989961220;	【小分组】:1847995423;
【日志类型】:普通日志;
【标题】:正在关闭tcp！;
【内容】:;
【createtime】:2017-08-28 15:43:39.881;

【项目】:任务后台;
【大分组】:1240241913;	【小分组】:-894063822;
【日志类型】:普通日志;
【标题】:正在打开tcp...;
【内容】:;
【createtime】:2017-08-28 15:43:39.881;

【项目】:任务后台;
【大分组】:2130653117;	【小分组】:-338327248;
【日志类型】:普通日志;
【标题】:打开tcp失败！;
【内容】:;
【createtime】:2017-08-28 15:43:40.905;

【项目】:任务后台;
【大分组】:-1989961220;	【小分组】:2035293643;
【日志类型】:普通日志;
【标题】:正在关闭tcp！;
【内容】:;
【createtime】:2017-08-28 15:43:50.944;

【项目】:任务后台;
【大分组】:1240241913;	【小分组】:80252524;
【日志类型】:普通日志;
【标题】:正在打开tcp...;
【内容】:;
【createtime】:2017-08-28 15:43:50.944;

【项目】:任务后台;
【大分组】:2130653117;	【小分组】:-925529089;
【日志类型】:普通日志;
【标题】:打开tcp失败！;
【内容】:;
【createtime】:2017-08-28 15:43:51.989;

【项目】:任务后台;
【大分组】:1240241913;	【小分组】:37368736;
【日志类型】:普通日志;
【标题】:正在打开tcp...;
【内容】:;
【createtime】:2017-08-28 15:47:04.444;

【项目】:任务后台;
【大分组】:2130653117;	【小分组】:37368736;
【日志类型】:普通日志;
【标题】:打开tcp失败！;
【内容】:;
【createtime】:2017-08-28 15:47:05.526;

【项目】:任务后台;
【大分组】:-1989961220;	【小分组】:129149103;
【日志类型】:普通日志;
【标题】:正在关闭tcp！;
【内容】:;
【createtime】:2017-08-28 15:47:05.555;

【项目】:任务后台;
【大分组】:1240241913;	【小分组】:117162043;
【日志类型】:普通日志;
【标题】:正在打开tcp...;
【内容】:;
【createtime】:2017-08-28 15:47:05.555;

【项目】:任务后台;
【大分组】:2130653117;	【小分组】:-1877148402;
【日志类型】:普通日志;
【标题】:打开tcp失败！;
【内容】:;
【createtime】:2017-08-28 15:47:06.656;

【项目】:任务后台;
【大分组】:-1989961220;	【小分组】:147847263;
【日志类型】:普通日志;
【标题】:正在关闭tcp！;
【内容】:;
【createtime】:2017-08-28 15:47:16.686;

【项目】:任务后台;
【大分组】:1240241913;	【小分组】:1192784977;
【日志类型】:普通日志;
【标题】:正在打开tcp...;
【内容】:;
【createtime】:2017-08-28 15:47:16.686;

【项目】:任务后台;
【大分组】:2130653117;	【小分组】:1423488276;
【日志类型】:普通日志;
【标题】:打开tcp失败！;
【内容】:;
【createtime】:2017-08-28 15:47:17.739;

【项目】:任务后台;
【大分组】:-1989961220;	【小分组】:-286840516;
【日志类型】:普通日志;
【标题】:正在关闭tcp！;
【内容】:;
【createtime】:2017-08-28 15:47:27.751;

【项目】:任务后台;
【大分组】:1240241913;	【小分组】:1656516678;
【日志类型】:普通日志;
【标题】:正在打开tcp...;
【内容】:;
【createtime】:2017-08-28 15:47:27.751;

【项目】:任务后台;
【大分组】:2130653117;	【小分组】:-1000616721;
【日志类型】:普通日志;
【标题】:打开tcp失败！;
【内容】:;
【createtime】:2017-08-28 15:47:28.814;

【项目】:任务后台;
【大分组】:-1989961220;	【小分组】:417849555;
【日志类型】:普通日志;
【标题】:正在关闭tcp！;
【内容】:;
【createtime】:2017-08-28 15:47:38.834;

【项目】:任务后台;
【大分组】:1240241913;	【小分组】:-1500507589;
【日志类型】:普通日志;
【标题】:正在打开tcp...;
【内容】:;
【createtime】:2017-08-28 15:47:38.834;

【项目】:任务后台;
【大分组】:2130653117;	【小分组】:1414181320;
【日志类型】:普通日志;
【标题】:打开tcp失败！;
【内容】:;
【createtime】:2017-08-28 15:47:39.854;

【项目】:任务后台;
【大分组】:-1989961220;	【小分组】:-210495278;
【日志类型】:普通日志;
【标题】:正在关闭tcp！;
【内容】:;
【createtime】:2017-08-28 15:47:49.869;

【项目】:任务后台;
【大分组】:1240241913;	【小分组】:1807610009;
【日志类型】:普通日志;
【标题】:正在打开tcp...;
【内容】:;
【createtime】:2017-08-28 15:47:49.869;

【项目】:任务后台;
【大分组】:2130653117;	【小分组】:1302735082;
【日志类型】:普通日志;
【标题】:打开tcp失败！;
【内容】:;
【createtime】:2017-08-28 15:47:50.919;

【项目】:任务后台;
【大分组】:-1989961220;	【小分组】:-1132867867;
【日志类型】:普通日志;
【标题】:正在关闭tcp！;
【内容】:;
【createtime】:2017-08-28 15:48:00.929;

【项目】:任务后台;
【大分组】:1240241913;	【小分组】:412858508;
【日志类型】:普通日志;
【标题】:正在打开tcp...;
【内容】:;
【createtime】:2017-08-28 15:48:00.929;

【项目】:任务后台;
【大分组】:2130653117;	【小分组】:-383554415;
【日志类型】:普通日志;
【标题】:打开tcp失败！;
【内容】:;
【createtime】:2017-08-28 15:48:01.984;

【项目】:任务后台;
【大分组】:-1989961220;	【小分组】:-527057453;
【日志类型】:普通日志;
【标题】:正在关闭tcp！;
【内容】:;
【createtime】:2017-08-28 15:48:12.011;

【项目】:任务后台;
【大分组】:1240241913;	【小分组】:1462635429;
【日志类型】:普通日志;
【标题】:正在打开tcp...;
【内容】:;
【createtime】:2017-08-28 15:48:12.011;

【项目】:任务后台;
【大分组】:2130653117;	【小分组】:-234841174;
【日志类型】:普通日志;
【标题】:打开tcp失败！;
【内容】:;
【createtime】:2017-08-28 15:48:13.055;

【项目】:任务后台;
【大分组】:-1989961220;	【小分组】:-1590407673;
【日志类型】:普通日志;
【标题】:正在关闭tcp！;
【内容】:;
【createtime】:2017-08-28 15:48:23.077;

【项目】:任务后台;
【大分组】:1240241913;	【小分组】:258424739;
【日志类型】:普通日志;
【标题】:正在打开tcp...;
【内容】:;
【createtime】:2017-08-28 15:48:23.077;

【项目】:任务后台;
【大分组】:2130653117;	【小分组】:1525787883;
【日志类型】:普通日志;
【标题】:打开tcp失败！;
【内容】:;
【createtime】:2017-08-28 15:48:24.103;

【项目】:任务后台;
【大分组】:-1989961220;	【小分组】:-1527176466;
【日志类型】:普通日志;
【标题】:正在关闭tcp！;
【内容】:;
【createtime】:2017-08-28 15:48:34.129;

【项目】:任务后台;
【大分组】:1240241913;	【小分组】:-1572554907;
【日志类型】:普通日志;
【标题】:正在打开tcp...;
【内容】:;
【createtime】:2017-08-28 15:48:34.129;

【项目】:任务后台;
【大分组】:2130653117;	【小分组】:710238366;
【日志类型】:普通日志;
【标题】:打开tcp失败！;
【内容】:;
【createtime】:2017-08-28 15:48:35.150;

【项目】:任务后台;
【大分组】:-1989961220;	【小分组】:1551289189;
【日志类型】:普通日志;
【标题】:正在关闭tcp！;
【内容】:;
【createtime】:2017-08-28 15:48:45.177;

【项目】:任务后台;
【大分组】:1240241913;	【小分组】:-627282864;
【日志类型】:普通日志;
【标题】:正在打开tcp...;
【内容】:;
【createtime】:2017-08-28 15:48:45.177;

【项目】:任务后台;
【大分组】:2130653117;	【小分组】:-1516864609;
【日志类型】:普通日志;
【标题】:打开tcp失败！;
【内容】:;
【createtime】:2017-08-28 15:48:46.232;

【项目】:任务后台;
【大分组】:-1989961220;	【小分组】:-2019249984;
【日志类型】:普通日志;
【标题】:正在关闭tcp！;
【内容】:;
【createtime】:2017-08-28 15:48:56.258;

【项目】:任务后台;
【大分组】:1240241913;	【小分组】:-1229971968;
【日志类型】:普通日志;
【标题】:正在打开tcp...;
【内容】:;
【createtime】:2017-08-28 15:48:56.258;

【项目】:任务后台;
【大分组】:2130653117;	【小分组】:-265555816;
【日志类型】:普通日志;
【标题】:打开tcp失败！;
【内容】:;
【createtime】:2017-08-28 15:48:57.315;

【项目】:任务后台;
【大分组】:-1989961220;	【小分组】:-1518425962;
【日志类型】:普通日志;
【标题】:正在关闭tcp！;
【内容】:;
【createtime】:2017-08-28 15:49:07.329;

【项目】:任务后台;
【大分组】:1240241913;	【小分组】:-1919769328;
【日志类型】:普通日志;
【标题】:正在打开tcp...;
【内容】:;
【createtime】:2017-08-28 15:49:07.329;

【项目】:任务后台;
【大分组】:2130653117;	【小分组】:978527064;
【日志类型】:普通日志;
【标题】:打开tcp失败！;
【内容】:;
【createtime】:2017-08-28 15:49:08.382;

【项目】:任务后台;
【大分组】:-1989961220;	【小分组】:1067230486;
【日志类型】:普通日志;
【标题】:正在关闭tcp！;
【内容】:;
【createtime】:2017-08-28 15:49:18.412;

【项目】:任务后台;
【大分组】:1240241913;	【小分组】:-1052241698;
【日志类型】:普通日志;
【标题】:正在打开tcp...;
【内容】:;
【createtime】:2017-08-28 15:49:18.412;

【项目】:任务后台;
【大分组】:2130653117;	【小分组】:1907034449;
【日志类型】:普通日志;
【标题】:打开tcp失败！;
【内容】:;
【createtime】:2017-08-28 15:49:19.453;

【项目】:任务后台;
【大分组】:-1989961220;	【小分组】:2108628402;
【日志类型】:普通日志;
【标题】:正在关闭tcp！;
【内容】:;
【createtime】:2017-08-28 15:49:29.479;

【项目】:任务后台;
【大分组】:1240241913;	【小分组】:502227153;
【日志类型】:普通日志;
【标题】:正在打开tcp...;
【内容】:;
【createtime】:2017-08-28 15:49:29.479;

【项目】:任务后台;
【大分组】:2130653117;	【小分组】:-865775378;
【日志类型】:普通日志;
【标题】:打开tcp失败！;
【内容】:;
【createtime】:2017-08-28 15:49:30.528;

【项目】:任务后台;
【大分组】:-1989961220;	【小分组】:-1915715163;
【日志类型】:普通日志;
【标题】:正在关闭tcp！;
【内容】:;
【createtime】:2017-08-28 15:49:40.553;

【项目】:任务后台;
【大分组】:1240241913;	【小分组】:503612370;
【日志类型】:普通日志;
【标题】:正在打开tcp...;
【内容】:;
【createtime】:2017-08-28 15:49:40.553;

【项目】:任务后台;
【大分组】:2130653117;	【小分组】:1044102357;
【日志类型】:普通日志;
【标题】:打开tcp失败！;
【内容】:;
【createtime】:2017-08-28 15:49:41.608;

【项目】:任务后台;
【大分组】:-1989961220;	【小分组】:8736504;
【日志类型】:普通日志;
【标题】:正在关闭tcp！;
【内容】:;
【createtime】:2017-08-28 15:49:51.641;

【项目】:任务后台;
【大分组】:1240241913;	【小分组】:-2079984833;
【日志类型】:普通日志;
【标题】:正在打开tcp...;
【内容】:;
【createtime】:2017-08-28 15:49:51.641;

【项目】:任务后台;
【大分组】:2130653117;	【小分组】:-285982603;
【日志类型】:普通日志;
【标题】:打开tcp失败！;
【内容】:;
【createtime】:2017-08-28 15:49:52.703;

【项目】:任务后台;
【大分组】:-1989961220;	【小分组】:1629291824;
【日志类型】:普通日志;
【标题】:正在关闭tcp！;
【内容】:;
【createtime】:2017-08-28 15:50:02.728;

【项目】:任务后台;
【大分组】:1240241913;	【小分组】:-1545029772;
【日志类型】:普通日志;
【标题】:正在打开tcp...;
【内容】:;
【createtime】:2017-08-28 15:50:02.728;

【项目】:任务后台;
【大分组】:2130653117;	【小分组】:-1967929961;
【日志类型】:普通日志;
【标题】:打开tcp失败！;
【内容】:;
【createtime】:2017-08-28 15:50:03.784;

【项目】:任务后台;
【大分组】:-1989961220;	【小分组】:1380036053;
【日志类型】:普通日志;
【标题】:正在关闭tcp！;
【内容】:;
【createtime】:2017-08-28 15:50:15.847;

【项目】:任务后台;
【大分组】:1240241913;	【小分组】:1852451806;
【日志类型】:普通日志;
【标题】:正在打开tcp...;
【内容】:;
【createtime】:2017-08-28 15:50:15.847;

【项目】:任务后台;
【大分组】:2130653117;	【小分组】:-889804058;
【日志类型】:普通日志;
【标题】:打开tcp失败！;
【内容】:;
【createtime】:2017-08-28 15:50:16.885;

【项目】:任务后台;
【大分组】:-1989961220;	【小分组】:600817460;
【日志类型】:普通日志;
【标题】:正在关闭tcp！;
【内容】:;
【createtime】:2017-08-28 15:50:26.902;

【项目】:任务后台;
【大分组】:1240241913;	【小分组】:958427242;
【日志类型】:普通日志;
【标题】:正在打开tcp...;
【内容】:;
【createtime】:2017-08-28 15:50:26.902;

【项目】:任务后台;
【大分组】:2130653117;	【小分组】:-532191304;
【日志类型】:普通日志;
【标题】:打开tcp失败！;
【内容】:;
【createtime】:2017-08-28 15:50:27.918;

【项目】:任务后台;
【大分组】:-1989961220;	【小分组】:-356213348;
【日志类型】:普通日志;
【标题】:正在关闭tcp！;
【内容】:;
【createtime】:2017-08-28 15:50:37.944;

【项目】:任务后台;
【大分组】:1240241913;	【小分组】:753957785;
【日志类型】:普通日志;
【标题】:正在打开tcp...;
【内容】:;
【createtime】:2017-08-28 15:50:37.944;

【项目】:任务后台;
【大分组】:2130653117;	【小分组】:-2074221222;
【日志类型】:普通日志;
【标题】:打开tcp失败！;
【内容】:;
【createtime】:2017-08-28 15:50:38.988;

【项目】:任务后台;
【大分组】:-1989961220;	【小分组】:499151350;
【日志类型】:普通日志;
【标题】:正在关闭tcp！;
【内容】:;
【createtime】:2017-08-28 15:50:49.017;

【项目】:任务后台;
【大分组】:1240241913;	【小分组】:-399263631;
【日志类型】:普通日志;
【标题】:正在打开tcp...;
【内容】:;
【createtime】:2017-08-28 15:50:49.017;

【项目】:任务后台;
【大分组】:2130653117;	【小分组】:1399293579;
【日志类型】:普通日志;
【标题】:打开tcp失败！;
【内容】:;
【createtime】:2017-08-28 15:50:50.044;

【项目】:任务后台;
【大分组】:-1989961220;	【小分组】:15975189;
【日志类型】:普通日志;
【标题】:正在关闭tcp！;
【内容】:;
【createtime】:2017-08-28 15:51:08.144;

【项目】:任务后台;
【大分组】:1240241913;	【小分组】:-1849265160;
【日志类型】:普通日志;
【标题】:正在打开tcp...;
【内容】:;
【createtime】:2017-08-28 15:51:08.144;

【项目】:任务后台;
【大分组】:2130653117;	【小分组】:-1862054072;
【日志类型】:普通日志;
【标题】:打开tcp失败！;
【内容】:;
【createtime】:2017-08-28 15:51:09.177;

【项目】:任务后台;
【大分组】:-1989961220;	【小分组】:-683967090;
【日志类型】:普通日志;
【标题】:正在关闭tcp！;
【内容】:;
【createtime】:2017-08-28 15:51:19.203;

【项目】:任务后台;
【大分组】:1240241913;	【小分组】:164479635;
【日志类型】:普通日志;
【标题】:正在打开tcp...;
【内容】:;
【createtime】:2017-08-28 15:51:19.203;

【项目】:任务后台;
【大分组】:2130653117;	【小分组】:-606221892;
【日志类型】:普通日志;
【标题】:打开tcp失败！;
【内容】:;
【createtime】:2017-08-28 15:51:20.256;

【项目】:任务后台;
【大分组】:-1989961220;	【小分组】:-982411392;
【日志类型】:普通日志;
【标题】:正在关闭tcp！;
【内容】:;
【createtime】:2017-08-28 15:51:30.280;

【项目】:任务后台;
【大分组】:1240241913;	【小分组】:-1913126372;
【日志类型】:普通日志;
【标题】:正在打开tcp...;
【内容】:;
【createtime】:2017-08-28 15:51:30.280;

【项目】:任务后台;
【大分组】:2130653117;	【小分组】:819116996;
【日志类型】:普通日志;
【标题】:打开tcp失败！;
【内容】:;
【createtime】:2017-08-28 15:51:31.331;

【项目】:任务后台;
【大分组】:-1989961220;	【小分组】:488341176;
【日志类型】:普通日志;
【标题】:正在关闭tcp！;
【内容】:;
【createtime】:2017-08-28 15:51:41.356;

【项目】:任务后台;
【大分组】:1240241913;	【小分组】:-163923906;
【日志类型】:普通日志;
【标题】:正在打开tcp...;
【内容】:;
【createtime】:2017-08-28 15:51:41.356;

【项目】:任务后台;
【大分组】:2130653117;	【小分组】:42732252;
【日志类型】:普通日志;
【标题】:打开tcp失败！;
【内容】:;
【createtime】:2017-08-28 15:51:42.405;

【项目】:任务后台;
【大分组】:-1989961220;	【小分组】:1068990079;
【日志类型】:普通日志;
【标题】:正在关闭tcp！;
【内容】:;
【createtime】:2017-08-28 15:51:52.431;

【项目】:任务后台;
【大分组】:1240241913;	【小分组】:605460738;
【日志类型】:普通日志;
【标题】:正在打开tcp...;
【内容】:;
【createtime】:2017-08-28 15:51:52.431;

【项目】:任务后台;
【大分组】:2130653117;	【小分组】:2017322838;
【日志类型】:普通日志;
【标题】:打开tcp失败！;
【内容】:;
【createtime】:2017-08-28 15:51:53.454;

【项目】:任务后台;
【大分组】:1240241913;	【小分组】:37368736;
【日志类型】:普通日志;
【标题】:正在打开tcp...;
【内容】:;
【createtime】:2017-08-28 15:52:57.247;

【项目】:任务后台;
【大分组】:2130653117;	【小分组】:37368736;
【日志类型】:普通日志;
【标题】:打开tcp失败！;
【内容】:;
【createtime】:2017-08-28 15:52:58.315;

【项目】:任务后台;
【大分组】:-1989961220;	【小分组】:-511524762;
【日志类型】:普通日志;
【标题】:正在关闭tcp！;
【内容】:;
【createtime】:2017-08-28 15:52:58.342;

【项目】:任务后台;
【大分组】:1240241913;	【小分组】:-1332362091;
【日志类型】:普通日志;
【标题】:正在打开tcp...;
【内容】:;
【createtime】:2017-08-28 15:52:58.342;

【项目】:任务后台;
【大分组】:2130653117;	【小分组】:1393961724;
【日志类型】:普通日志;
【标题】:打开tcp失败！;
【内容】:;
【createtime】:2017-08-28 15:52:59.364;

【项目】:任务后台;
【大分组】:-1989961220;	【小分组】:47014130;
【日志类型】:普通日志;
【标题】:正在关闭tcp！;
【内容】:;
【createtime】:2017-08-28 15:53:12.265;

【项目】:任务后台;
【大分组】:1240241913;	【小分组】:-167889315;
【日志类型】:普通日志;
【标题】:正在打开tcp...;
【内容】:;
【createtime】:2017-08-28 15:53:12.265;

【项目】:任务后台;
【大分组】:2130653117;	【小分组】:1849320708;
【日志类型】:普通日志;
【标题】:打开tcp失败！;
【内容】:;
【createtime】:2017-08-28 15:53:13.291;

【项目】:任务后台;
【大分组】:-1989961220;	【小分组】:-456666359;
【日志类型】:普通日志;
【标题】:正在关闭tcp！;
【内容】:;
【createtime】:2017-08-28 15:53:23.300;

【项目】:任务后台;
【大分组】:1240241913;	【小分组】:1763367281;
【日志类型】:普通日志;
【标题】:正在打开tcp...;
【内容】:;
【createtime】:2017-08-28 15:53:23.300;

【项目】:任务后台;
【大分组】:2130653117;	【小分组】:-238000657;
【日志类型】:普通日志;
【标题】:打开tcp失败！;
【内容】:;
【createtime】:2017-08-28 15:53:24.345;

【项目】:任务后台;
【大分组】:-1989961220;	【小分组】:-1792533667;
【日志类型】:普通日志;
【标题】:正在关闭tcp！;
【内容】:;
【createtime】:2017-08-28 15:53:34.372;

【项目】:任务后台;
【大分组】:1240241913;	【小分组】:1733955985;
【日志类型】:普通日志;
【标题】:正在打开tcp...;
【内容】:;
【createtime】:2017-08-28 15:53:34.372;

【项目】:任务后台;
【大分组】:2130653117;	【小分组】:1638574620;
【日志类型】:普通日志;
【标题】:打开tcp失败！;
【内容】:;
【createtime】:2017-08-28 15:53:35.433;

【项目】:任务后台;
【大分组】:-1989961220;	【小分组】:1731640988;
【日志类型】:普通日志;
【标题】:正在关闭tcp！;
【内容】:;
【createtime】:2017-08-28 15:53:45.446;

【项目】:任务后台;
【大分组】:1240241913;	【小分组】:1265551903;
【日志类型】:普通日志;
【标题】:正在打开tcp...;
【内容】:;
【createtime】:2017-08-28 15:53:45.446;

【项目】:任务后台;
【大分组】:2130653117;	【小分组】:70526665;
【日志类型】:普通日志;
【标题】:打开tcp失败！;
【内容】:;
【createtime】:2017-08-28 15:53:46.469;

【项目】:任务后台;
【大分组】:-1989961220;	【小分组】:510180392;
【日志类型】:普通日志;
【标题】:正在关闭tcp！;
【内容】:;
【createtime】:2017-08-28 15:53:56.496;

【项目】:任务后台;
【大分组】:1240241913;	【小分组】:2013364896;
【日志类型】:普通日志;
【标题】:正在打开tcp...;
【内容】:;
【createtime】:2017-08-28 15:53:56.496;

【项目】:任务后台;
【大分组】:2130653117;	【小分组】:78086604;
【日志类型】:普通日志;
【标题】:打开tcp失败！;
【内容】:;
【createtime】:2017-08-28 15:53:57.548;

【项目】:任务后台;
【大分组】:-1989961220;	【小分组】:1624875103;
【日志类型】:普通日志;
【标题】:正在关闭tcp！;
【内容】:;
【createtime】:2017-08-28 15:54:07.572;

【项目】:任务后台;
【大分组】:1240241913;	【小分组】:1289453558;
【日志类型】:普通日志;
【标题】:正在打开tcp...;
【内容】:;
【createtime】:2017-08-28 15:54:07.572;

【项目】:任务后台;
【大分组】:2130653117;	【小分组】:-1202328060;
【日志类型】:普通日志;
【标题】:打开tcp失败！;
【内容】:;
【createtime】:2017-08-28 15:54:08.620;

【项目】:任务后台;
【大分组】:-1989961220;	【小分组】:1841316215;
【日志类型】:普通日志;
【标题】:正在关闭tcp！;
【内容】:;
【createtime】:2017-08-28 15:54:18.645;

【项目】:任务后台;
【大分组】:1240241913;	【小分组】:579053419;
【日志类型】:普通日志;
【标题】:正在打开tcp...;
【内容】:;
【createtime】:2017-08-28 15:54:18.645;

【项目】:任务后台;
【大分组】:2130653117;	【小分组】:-1902467602;
【日志类型】:普通日志;
【标题】:打开tcp失败！;
【内容】:;
【createtime】:2017-08-28 15:54:19.700;

【项目】:任务后台;
【大分组】:-1989961220;	【小分组】:-1462469530;
【日志类型】:普通日志;
【标题】:正在关闭tcp！;
【内容】:;
【createtime】:2017-08-28 15:54:29.711;

【项目】:任务后台;
【大分组】:1240241913;	【小分组】:-1940457676;
【日志类型】:普通日志;
【标题】:正在打开tcp...;
【内容】:;
【createtime】:2017-08-28 15:54:29.711;

【项目】:任务后台;
【大分组】:2130653117;	【小分组】:-890598842;
【日志类型】:普通日志;
【标题】:打开tcp失败！;
【内容】:;
【createtime】:2017-08-28 15:54:30.759;

【项目】:任务后台;
【大分组】:-1989961220;	【小分组】:71160936;
【日志类型】:普通日志;
【标题】:正在关闭tcp！;
【内容】:;
【createtime】:2017-08-28 15:54:40.787;

【项目】:任务后台;
【大分组】:1240241913;	【小分组】:952343477;
【日志类型】:普通日志;
【标题】:正在打开tcp...;
【内容】:;
【createtime】:2017-08-28 15:54:40.787;

【项目】:任务后台;
【大分组】:2130653117;	【小分组】:-838098088;
【日志类型】:普通日志;
【标题】:打开tcp失败！;
【内容】:;
【createtime】:2017-08-28 15:54:41.826;

【项目】:任务后台;
【大分组】:-1989961220;	【小分组】:-597663634;
【日志类型】:普通日志;
【标题】:正在关闭tcp！;
【内容】:;
【createtime】:2017-08-28 15:54:51.846;

【项目】:任务后台;
【大分组】:1240241913;	【小分组】:-1587520606;
【日志类型】:普通日志;
【标题】:正在打开tcp...;
【内容】:;
【createtime】:2017-08-28 15:54:51.846;

【项目】:任务后台;
【大分组】:2130653117;	【小分组】:459870297;
【日志类型】:普通日志;
【标题】:打开tcp失败！;
【内容】:;
【createtime】:2017-08-28 15:54:52.882;

【项目】:任务后台;
【大分组】:-1989961220;	【小分组】:1161033782;
【日志类型】:普通日志;
【标题】:正在关闭tcp！;
【内容】:;
【createtime】:2017-08-28 15:55:02.906;

【项目】:任务后台;
【大分组】:1240241913;	【小分组】:174819574;
【日志类型】:普通日志;
【标题】:正在打开tcp...;
【内容】:;
【createtime】:2017-08-28 15:55:02.906;

【项目】:任务后台;
【大分组】:2130653117;	【小分组】:-176057163;
【日志类型】:普通日志;
【标题】:打开tcp失败！;
【内容】:;
【createtime】:2017-08-28 15:55:03.927;

【项目】:任务后台;
【大分组】:-1989961220;	【小分组】:204424806;
【日志类型】:普通日志;
【标题】:正在关闭tcp！;
【内容】:;
【createtime】:2017-08-28 15:55:13.952;

【项目】:任务后台;
【大分组】:1240241913;	【小分组】:1315687655;
【日志类型】:普通日志;
【标题】:正在打开tcp...;
【内容】:;
【createtime】:2017-08-28 15:55:13.952;

【项目】:任务后台;
【大分组】:2130653117;	【小分组】:1526588830;
【日志类型】:普通日志;
【标题】:打开tcp失败！;
【内容】:;
【createtime】:2017-08-28 15:55:15.010;

【项目】:任务后台;
【大分组】:-1989961220;	【小分组】:917413383;
【日志类型】:普通日志;
【标题】:正在关闭tcp！;
【内容】:;
【createtime】:2017-08-28 15:55:25.023;

【项目】:任务后台;
【大分组】:1240241913;	【小分组】:1730004089;
【日志类型】:普通日志;
【标题】:正在打开tcp...;
【内容】:;
【createtime】:2017-08-28 15:55:25.023;

【项目】:任务后台;
【大分组】:2130653117;	【小分组】:413876465;
【日志类型】:普通日志;
【标题】:打开tcp失败！;
【内容】:;
【createtime】:2017-08-28 15:55:26.041;

【项目】:任务后台;
【大分组】:-1989961220;	【小分组】:497617048;
【日志类型】:普通日志;
【标题】:正在关闭tcp！;
【内容】:;
【createtime】:2017-08-28 15:55:36.051;

【项目】:任务后台;
【大分组】:1240241913;	【小分组】:-221851363;
【日志类型】:普通日志;
【标题】:正在打开tcp...;
【内容】:;
【createtime】:2017-08-28 15:55:36.051;

【项目】:任务后台;
【大分组】:2130653117;	【小分组】:-1459693022;
【日志类型】:普通日志;
【标题】:打开tcp失败！;
【内容】:;
【createtime】:2017-08-28 15:55:37.086;

【项目】:任务后台;
【大分组】:-1989961220;	【小分组】:1205926018;
【日志类型】:普通日志;
【标题】:正在关闭tcp！;
【内容】:;
【createtime】:2017-08-28 15:55:47.111;

【项目】:任务后台;
【大分组】:1240241913;	【小分组】:-1485511955;
【日志类型】:普通日志;
【标题】:正在打开tcp...;
【内容】:;
【createtime】:2017-08-28 15:55:47.111;

【项目】:任务后台;
【大分组】:2130653117;	【小分组】:-1458358054;
【日志类型】:普通日志;
【标题】:打开tcp失败！;
【内容】:;
【createtime】:2017-08-28 15:55:48.166;

【项目】:任务后台;
【大分组】:-1989961220;	【小分组】:509927063;
【日志类型】:普通日志;
【标题】:正在关闭tcp！;
【内容】:;
【createtime】:2017-08-28 15:55:58.192;

【项目】:任务后台;
【大分组】:1240241913;	【小分组】:1728691719;
【日志类型】:普通日志;
【标题】:正在打开tcp...;
【内容】:;
【createtime】:2017-08-28 15:55:58.192;

【项目】:任务后台;
【大分组】:2130653117;	【小分组】:-122840755;
【日志类型】:普通日志;
【标题】:打开tcp失败！;
【内容】:;
【createtime】:2017-08-28 15:55:59.255;

【项目】:任务后台;
【大分组】:-1989961220;	【小分组】:-675168578;
【日志类型】:普通日志;
【标题】:正在关闭tcp！;
【内容】:;
【createtime】:2017-08-28 15:56:09.280;

【项目】:任务后台;
【大分组】:1240241913;	【小分组】:1667375368;
【日志类型】:普通日志;
【标题】:正在打开tcp...;
【内容】:;
【createtime】:2017-08-28 15:56:09.280;

【项目】:任务后台;
【大分组】:2130653117;	【小分组】:-854507735;
【日志类型】:普通日志;
【标题】:打开tcp失败！;
【内容】:;
【createtime】:2017-08-28 15:56:10.300;

【项目】:任务后台;
【大分组】:-1989961220;	【小分组】:1153195060;
【日志类型】:普通日志;
【标题】:正在关闭tcp！;
【内容】:;
【createtime】:2017-08-28 15:56:20.326;

【项目】:任务后台;
【大分组】:1240241913;	【小分组】:-1618639885;
【日志类型】:普通日志;
【标题】:正在打开tcp...;
【内容】:;
【createtime】:2017-08-28 15:56:20.326;

【项目】:任务后台;
【大分组】:2130653117;	【小分组】:-1119578417;
【日志类型】:普通日志;
【标题】:打开tcp失败！;
【内容】:;
【createtime】:2017-08-28 15:56:21.377;

【项目】:任务后台;
【大分组】:-1989961220;	【小分组】:113935848;
【日志类型】:普通日志;
【标题】:正在关闭tcp！;
【内容】:;
【createtime】:2017-08-28 15:56:31.393;

【项目】:任务后台;
【大分组】:1240241913;	【小分组】:-341074364;
【日志类型】:普通日志;
【标题】:正在打开tcp...;
【内容】:;
【createtime】:2017-08-28 15:56:31.393;

【项目】:任务后台;
【大分组】:2130653117;	【小分组】:-594750885;
【日志类型】:普通日志;
【标题】:打开tcp失败！;
【内容】:;
【createtime】:2017-08-28 15:56:32.431;

【项目】:任务后台;
【大分组】:-1989961220;	【小分组】:-130431276;
【日志类型】:普通日志;
【标题】:正在关闭tcp！;
【内容】:;
【createtime】:2017-08-28 15:56:42.457;

【项目】:任务后台;
【大分组】:1240241913;	【小分组】:-1758086457;
【日志类型】:普通日志;
【标题】:正在打开tcp...;
【内容】:;
【createtime】:2017-08-28 15:56:42.457;

【项目】:任务后台;
【大分组】:2130653117;	【小分组】:-1044694401;
【日志类型】:普通日志;
【标题】:打开tcp失败！;
【内容】:;
【createtime】:2017-08-28 15:56:43.510;

【项目】:任务后台;
【大分组】:-1989961220;	【小分组】:-650079885;
【日志类型】:普通日志;
【标题】:正在关闭tcp！;
【内容】:;
【createtime】:2017-08-28 15:56:53.520;

【项目】:任务后台;
【大分组】:1240241913;	【小分组】:-954060010;
【日志类型】:普通日志;
【标题】:正在打开tcp...;
【内容】:;
【createtime】:2017-08-28 15:56:53.520;

【项目】:任务后台;
【大分组】:2130653117;	【小分组】:-688766800;
【日志类型】:普通日志;
【标题】:打开tcp失败！;
【内容】:;
【createtime】:2017-08-28 15:56:54.569;

【项目】:任务后台;
【大分组】:-1989961220;	【小分组】:-1852358796;
【日志类型】:普通日志;
【标题】:正在关闭tcp！;
【内容】:;
【createtime】:2017-08-28 15:57:04.594;

【项目】:任务后台;
【大分组】:1240241913;	【小分组】:1113779898;
【日志类型】:普通日志;
【标题】:正在打开tcp...;
【内容】:;
【createtime】:2017-08-28 15:57:04.594;

【项目】:任务后台;
【大分组】:2130653117;	【小分组】:728632686;
【日志类型】:普通日志;
【标题】:打开tcp失败！;
【内容】:;
【createtime】:2017-08-28 15:57:05.647;

【项目】:任务后台;
【大分组】:-1989961220;	【小分组】:-440105435;
【日志类型】:普通日志;
【标题】:正在关闭tcp！;
【内容】:;
【createtime】:2017-08-28 15:57:15.673;

【项目】:任务后台;
【大分组】:1240241913;	【小分组】:1001213288;
【日志类型】:普通日志;
【标题】:正在打开tcp...;
【内容】:;
【createtime】:2017-08-28 15:57:15.673;

【项目】:任务后台;
【大分组】:2130653117;	【小分组】:-1513271205;
【日志类型】:普通日志;
【标题】:打开tcp失败！;
【内容】:;
【createtime】:2017-08-28 15:57:16.729;

【项目】:任务后台;
【大分组】:-1989961220;	【小分组】:652999747;
【日志类型】:普通日志;
【标题】:正在关闭tcp！;
【内容】:;
【createtime】:2017-08-28 15:57:26.756;

【项目】:任务后台;
【大分组】:1240241913;	【小分组】:-767512034;
【日志类型】:普通日志;
【标题】:正在打开tcp...;
【内容】:;
【createtime】:2017-08-28 15:57:26.756;

【项目】:任务后台;
【大分组】:2130653117;	【小分组】:367935596;
【日志类型】:普通日志;
【标题】:打开tcp失败！;
【内容】:;
【createtime】:2017-08-28 15:57:27.773;

【项目】:任务后台;
【大分组】:-1989961220;	【小分组】:1327893658;
【日志类型】:普通日志;
【标题】:正在关闭tcp！;
【内容】:;
【createtime】:2017-08-28 15:57:37.797;

【项目】:任务后台;
【大分组】:1240241913;	【小分组】:-131683499;
【日志类型】:普通日志;
【标题】:正在打开tcp...;
【内容】:;
【createtime】:2017-08-28 15:57:37.797;

【项目】:任务后台;
【大分组】:2130653117;	【小分组】:-1443989894;
【日志类型】:普通日志;
【标题】:打开tcp失败！;
【内容】:;
【createtime】:2017-08-28 15:57:38.853;

【项目】:任务后台;
【大分组】:-1989961220;	【小分组】:1564930735;
【日志类型】:普通日志;
【标题】:正在关闭tcp！;
【内容】:;
【createtime】:2017-08-28 15:57:48.870;

【项目】:任务后台;
【大分组】:1240241913;	【小分组】:2083715443;
【日志类型】:普通日志;
【标题】:正在打开tcp...;
【内容】:;
【createtime】:2017-08-28 15:57:48.870;

【项目】:任务后台;
【大分组】:2130653117;	【小分组】:-1500099299;
【日志类型】:普通日志;
【标题】:打开tcp失败！;
【内容】:;
【createtime】:2017-08-28 15:57:49.887;

【项目】:任务后台;
【大分组】:-1989961220;	【小分组】:-22819233;
【日志类型】:普通日志;
【标题】:正在关闭tcp！;
【内容】:;
【createtime】:2017-08-28 15:57:59.911;

【项目】:任务后台;
【大分组】:1240241913;	【小分组】:785723701;
【日志类型】:普通日志;
【标题】:正在打开tcp...;
【内容】:;
【createtime】:2017-08-28 15:57:59.911;

【项目】:任务后台;
【大分组】:2130653117;	【小分组】:-1511484563;
【日志类型】:普通日志;
【标题】:打开tcp失败！;
【内容】:;
【createtime】:2017-08-28 15:58:00.945;

【项目】:任务后台;
【大分组】:-1989961220;	【小分组】:-1281956969;
【日志类型】:普通日志;
【标题】:正在关闭tcp！;
【内容】:;
【createtime】:2017-08-28 15:58:10.970;

【项目】:任务后台;
【大分组】:1240241913;	【小分组】:638341471;
【日志类型】:普通日志;
【标题】:正在打开tcp...;
【内容】:;
【createtime】:2017-08-28 15:58:10.970;

【项目】:任务后台;
【大分组】:2130653117;	【小分组】:49247944;
【日志类型】:普通日志;
【标题】:打开tcp失败！;
【内容】:;
【createtime】:2017-08-28 15:58:11.988;

【项目】:任务后台;
【大分组】:-1989961220;	【小分组】:-458978274;
【日志类型】:普通日志;
【标题】:正在关闭tcp！;
【内容】:;
【createtime】:2017-08-28 15:58:22.000;

【项目】:任务后台;
【大分组】:1240241913;	【小分组】:1675074333;
【日志类型】:普通日志;
【标题】:正在打开tcp...;
【内容】:;
【createtime】:2017-08-28 15:58:22.000;

【项目】:任务后台;
【大分组】:2130653117;	【小分组】:1082523904;
【日志类型】:普通日志;
【标题】:打开tcp失败！;
【内容】:;
【createtime】:2017-08-28 15:58:23.040;

【项目】:任务后台;
【大分组】:-1989961220;	【小分组】:1968086071;
【日志类型】:普通日志;
【标题】:正在关闭tcp！;
【内容】:;
【createtime】:2017-08-28 15:58:33.055;

【项目】:任务后台;
【大分组】:1240241913;	【小分组】:-491490417;
【日志类型】:普通日志;
【标题】:正在打开tcp...;
【内容】:;
【createtime】:2017-08-28 15:58:33.055;

【项目】:任务后台;
【大分组】:2130653117;	【小分组】:76316059;
【日志类型】:普通日志;
【标题】:打开tcp失败！;
【内容】:;
【createtime】:2017-08-28 15:58:34.100;

【项目】:任务后台;
【大分组】:-1989961220;	【小分组】:-439898776;
【日志类型】:普通日志;
【标题】:正在关闭tcp！;
【内容】:;
【createtime】:2017-08-28 15:58:44.129;

【项目】:任务后台;
【大分组】:1240241913;	【小分组】:1417871145;
【日志类型】:普通日志;
【标题】:正在打开tcp...;
【内容】:;
【createtime】:2017-08-28 15:58:44.129;

【项目】:任务后台;
【大分组】:2130653117;	【小分组】:-336152306;
【日志类型】:普通日志;
【标题】:打开tcp失败！;
【内容】:;
【createtime】:2017-08-28 15:58:45.169;

【项目】:任务后台;
【大分组】:-1989961220;	【小分组】:-67625901;
【日志类型】:普通日志;
【标题】:正在关闭tcp！;
【内容】:;
【createtime】:2017-08-28 15:58:55.195;

【项目】:任务后台;
【大分组】:1240241913;	【小分组】:1531851597;
【日志类型】:普通日志;
【标题】:正在打开tcp...;
【内容】:;
【createtime】:2017-08-28 15:58:55.195;

【项目】:任务后台;
【大分组】:2130653117;	【小分组】:-418249615;
【日志类型】:普通日志;
【标题】:打开tcp失败！;
【内容】:;
【createtime】:2017-08-28 15:58:56.248;

【项目】:任务后台;
【大分组】:-1989961220;	【小分组】:-954903432;
【日志类型】:普通日志;
【标题】:正在关闭tcp！;
【内容】:;
【createtime】:2017-08-28 15:59:06.273;

【项目】:任务后台;
【大分组】:1240241913;	【小分组】:-145219987;
【日志类型】:普通日志;
【标题】:正在打开tcp...;
【内容】:;
【createtime】:2017-08-28 15:59:06.273;

【项目】:任务后台;
【大分组】:2130653117;	【小分组】:-1764705153;
【日志类型】:普通日志;
【标题】:打开tcp失败！;
【内容】:;
【createtime】:2017-08-28 15:59:07.324;

【项目】:任务后台;
【大分组】:-1989961220;	【小分组】:502347387;
【日志类型】:普通日志;
【标题】:正在关闭tcp！;
【内容】:;
【createtime】:2017-08-28 15:59:17.332;

【项目】:任务后台;
【大分组】:1240241913;	【小分组】:590896053;
【日志类型】:普通日志;
【标题】:正在打开tcp...;
【内容】:;
【createtime】:2017-08-28 15:59:17.332;

【项目】:任务后台;
【大分组】:2130653117;	【小分组】:-467319811;
【日志类型】:普通日志;
【标题】:打开tcp失败！;
【内容】:;
【createtime】:2017-08-28 15:59:18.363;

【项目】:任务后台;
【大分组】:-1989961220;	【小分组】:-399906845;
【日志类型】:普通日志;
【标题】:正在关闭tcp！;
【内容】:;
【createtime】:2017-08-28 15:59:28.390;

【项目】:任务后台;
【大分组】:1240241913;	【小分组】:-2066394715;
【日志类型】:普通日志;
【标题】:正在打开tcp...;
【内容】:;
【createtime】:2017-08-28 15:59:28.390;

【项目】:任务后台;
【大分组】:2130653117;	【小分组】:-162191400;
【日志类型】:普通日志;
【标题】:打开tcp失败！;
【内容】:;
【createtime】:2017-08-28 15:59:29.440;

【项目】:任务后台;
【大分组】:-1989961220;	【小分组】:-1723541157;
【日志类型】:普通日志;
【标题】:正在关闭tcp！;
【内容】:;
【createtime】:2017-08-28 15:59:39.464;

【项目】:任务后台;
【大分组】:1240241913;	【小分组】:1688848268;
【日志类型】:普通日志;
【标题】:正在打开tcp...;
【内容】:;
【createtime】:2017-08-28 15:59:39.464;

【项目】:任务后台;
【大分组】:2130653117;	【小分组】:-357542004;
【日志类型】:普通日志;
【标题】:打开tcp失败！;
【内容】:;
【createtime】:2017-08-28 15:59:40.512;

【项目】:任务后台;
【大分组】:-1989961220;	【小分组】:-1267820378;
【日志类型】:普通日志;
【标题】:正在关闭tcp！;
【内容】:;
【createtime】:2017-08-28 15:59:50.532;

【项目】:任务后台;
【大分组】:1240241913;	【小分组】:-1703337821;
【日志类型】:普通日志;
【标题】:正在打开tcp...;
【内容】:;
【createtime】:2017-08-28 15:59:50.532;

【项目】:任务后台;
【大分组】:2130653117;	【小分组】:-688602105;
【日志类型】:普通日志;
【标题】:打开tcp失败！;
【内容】:;
【createtime】:2017-08-28 15:59:51.580;

【项目】:任务后台;
【大分组】:-1989961220;	【小分组】:482776431;
【日志类型】:普通日志;
【标题】:正在关闭tcp！;
【内容】:;
【createtime】:2017-08-28 16:00:01.602;

【项目】:任务后台;
【大分组】:1240241913;	【小分组】:357544891;
【日志类型】:普通日志;
【标题】:正在打开tcp...;
【内容】:;
【createtime】:2017-08-28 16:00:01.602;

【项目】:任务后台;
【大分组】:2130653117;	【小分组】:551541542;
【日志类型】:普通日志;
【标题】:打开tcp失败！;
【内容】:;
【createtime】:2017-08-28 16:00:02.621;

【项目】:任务后台;
【大分组】:-1989961220;	【小分组】:1486950739;
【日志类型】:普通日志;
【标题】:正在关闭tcp！;
【内容】:;
【createtime】:2017-08-28 16:00:12.634;

【项目】:任务后台;
【大分组】:1240241913;	【小分组】:-1184858953;
【日志类型】:普通日志;
【标题】:正在打开tcp...;
【内容】:;
【createtime】:2017-08-28 16:00:12.634;

【项目】:任务后台;
【大分组】:2130653117;	【小分组】:-918039174;
【日志类型】:普通日志;
【标题】:打开tcp失败！;
【内容】:;
【createtime】:2017-08-28 16:00:13.662;

【项目】:任务后台;
【大分组】:-1989961220;	【小分组】:-1199135148;
【日志类型】:普通日志;
【标题】:正在关闭tcp！;
【内容】:;
【createtime】:2017-08-28 16:00:23.681;

【项目】:任务后台;
【大分组】:1240241913;	【小分组】:1382088246;
【日志类型】:普通日志;
【标题】:正在打开tcp...;
【内容】:;
【createtime】:2017-08-28 16:00:23.681;

【项目】:任务后台;
【大分组】:2130653117;	【小分组】:1191045654;
【日志类型】:普通日志;
【标题】:打开tcp失败！;
【内容】:;
【createtime】:2017-08-28 16:00:24.731;

【项目】:任务后台;
【大分组】:-1989961220;	【小分组】:-1822763669;
【日志类型】:普通日志;
【标题】:正在关闭tcp！;
【内容】:;
【createtime】:2017-08-28 16:00:34.765;

【项目】:任务后台;
【大分组】:1240241913;	【小分组】:1466767277;
【日志类型】:普通日志;
【标题】:正在打开tcp...;
【内容】:;
【createtime】:2017-08-28 16:00:34.765;

【项目】:任务后台;
【大分组】:2130653117;	【小分组】:-1052138444;
【日志类型】:普通日志;
【标题】:打开tcp失败！;
【内容】:;
【createtime】:2017-08-28 16:00:35.819;

【项目】:任务后台;
【大分组】:-1989961220;	【小分组】:665456183;
【日志类型】:普通日志;
【标题】:正在关闭tcp！;
【内容】:;
【createtime】:2017-08-28 16:00:45.850;

【项目】:任务后台;
【大分组】:1240241913;	【小分组】:1805865366;
【日志类型】:普通日志;
【标题】:正在打开tcp...;
【内容】:;
【createtime】:2017-08-28 16:00:45.850;

【项目】:任务后台;
【大分组】:2130653117;	【小分组】:1374552559;
【日志类型】:普通日志;
【标题】:打开tcp失败！;
【内容】:;
【createtime】:2017-08-28 16:00:46.904;

【项目】:任务后台;
【大分组】:-1989961220;	【小分组】:-217061037;
【日志类型】:普通日志;
【标题】:正在关闭tcp！;
【内容】:;
【createtime】:2017-08-28 16:00:56.930;

【项目】:任务后台;
【大分组】:1240241913;	【小分组】:1529273296;
【日志类型】:普通日志;
【标题】:正在打开tcp...;
【内容】:;
【createtime】:2017-08-28 16:00:56.930;

【项目】:任务后台;
【大分组】:2130653117;	【小分组】:-1445158777;
【日志类型】:普通日志;
【标题】:打开tcp失败！;
【内容】:;
【createtime】:2017-08-28 16:00:57.980;

【项目】:任务后台;
【大分组】:-1989961220;	【小分组】:-68751717;
【日志类型】:普通日志;
【标题】:正在关闭tcp！;
【内容】:;
【createtime】:2017-08-28 16:01:08.007;

【项目】:任务后台;
【大分组】:1240241913;	【小分组】:-901762751;
【日志类型】:普通日志;
【标题】:正在打开tcp...;
【内容】:;
【createtime】:2017-08-28 16:01:08.007;

【项目】:任务后台;
【大分组】:2130653117;	【小分组】:480033916;
【日志类型】:普通日志;
【标题】:打开tcp失败！;
【内容】:;
【createtime】:2017-08-28 16:01:09.051;

【项目】:任务后台;
【大分组】:-1989961220;	【小分组】:-824247888;
【日志类型】:普通日志;
【标题】:正在关闭tcp！;
【内容】:;
【createtime】:2017-08-28 16:01:19.076;

【项目】:任务后台;
【大分组】:1240241913;	【小分组】:-732199684;
【日志类型】:普通日志;
【标题】:正在打开tcp...;
【内容】:;
【createtime】:2017-08-28 16:01:19.076;

【项目】:任务后台;
【大分组】:2130653117;	【小分组】:477945897;
【日志类型】:普通日志;
【标题】:打开tcp失败！;
【内容】:;
【createtime】:2017-08-28 16:01:20.130;

【项目】:任务后台;
【大分组】:-1989961220;	【小分组】:314949512;
【日志类型】:普通日志;
【标题】:正在关闭tcp！;
【内容】:;
【createtime】:2017-08-28 16:01:30.155;

【项目】:任务后台;
【大分组】:1240241913;	【小分组】:-1175183742;
【日志类型】:普通日志;
【标题】:正在打开tcp...;
【内容】:;
【createtime】:2017-08-28 16:01:30.155;

【项目】:任务后台;
【大分组】:2130653117;	【小分组】:-1080319165;
【日志类型】:普通日志;
【标题】:打开tcp失败！;
【内容】:;
【createtime】:2017-08-28 16:01:31.208;

【项目】:任务后台;
【大分组】:-1989961220;	【小分组】:1282610560;
【日志类型】:普通日志;
【标题】:正在关闭tcp！;
【内容】:;
【createtime】:2017-08-28 16:01:41.234;

【项目】:任务后台;
【大分组】:1240241913;	【小分组】:-907407388;
【日志类型】:普通日志;
【标题】:正在打开tcp...;
【内容】:;
【createtime】:2017-08-28 16:01:41.234;

【项目】:任务后台;
【大分组】:2130653117;	【小分组】:-1152664502;
【日志类型】:普通日志;
【标题】:打开tcp失败！;
【内容】:;
【createtime】:2017-08-28 16:01:42.288;

【项目】:任务后台;
【大分组】:-1989961220;	【小分组】:18665367;
【日志类型】:普通日志;
【标题】:正在关闭tcp！;
【内容】:;
【createtime】:2017-08-28 16:01:52.311;

【项目】:任务后台;
【大分组】:1240241913;	【小分组】:-1655630251;
【日志类型】:普通日志;
【标题】:正在打开tcp...;
【内容】:;
【createtime】:2017-08-28 16:01:52.311;

【项目】:任务后台;
【大分组】:2130653117;	【小分组】:-1820950932;
【日志类型】:普通日志;
【标题】:打开tcp失败！;
【内容】:;
【createtime】:2017-08-28 16:01:53.374;

【项目】:任务后台;
【大分组】:-1989961220;	【小分组】:-467806395;
【日志类型】:普通日志;
【标题】:正在关闭tcp！;
【内容】:;
【createtime】:2017-08-28 16:02:03.399;

【项目】:任务后台;
【大分组】:1240241913;	【小分组】:-911706876;
【日志类型】:普通日志;
【标题】:正在打开tcp...;
【内容】:;
【createtime】:2017-08-28 16:02:03.399;

【项目】:任务后台;
【大分组】:2130653117;	【小分组】:393623153;
【日志类型】:普通日志;
【标题】:打开tcp失败！;
【内容】:;
【createtime】:2017-08-28 16:02:04.436;

【项目】:任务后台;
【大分组】:-1989961220;	【小分组】:1502023988;
【日志类型】:普通日志;
【标题】:正在关闭tcp！;
【内容】:;
【createtime】:2017-08-28 16:02:14.463;

【项目】:任务后台;
【大分组】:1240241913;	【小分组】:-1268485242;
【日志类型】:普通日志;
【标题】:正在打开tcp...;
【内容】:;
【createtime】:2017-08-28 16:02:14.463;

【项目】:任务后台;
【大分组】:2130653117;	【小分组】:2134064456;
【日志类型】:普通日志;
【标题】:打开tcp失败！;
【内容】:;
【createtime】:2017-08-28 16:02:15.494;

【项目】:任务后台;
【大分组】:-1989961220;	【小分组】:-858234813;
【日志类型】:普通日志;
【标题】:正在关闭tcp！;
【内容】:;
【createtime】:2017-08-28 16:02:25.519;

【项目】:任务后台;
【大分组】:1240241913;	【小分组】:-1429422043;
【日志类型】:普通日志;
【标题】:正在打开tcp...;
【内容】:;
【createtime】:2017-08-28 16:02:25.519;

【项目】:任务后台;
【大分组】:2130653117;	【小分组】:-735940648;
【日志类型】:普通日志;
【标题】:打开tcp失败！;
【内容】:;
【createtime】:2017-08-28 16:02:26.571;

【项目】:任务后台;
【大分组】:-1989961220;	【小分组】:-962916970;
【日志类型】:普通日志;
【标题】:正在关闭tcp！;
【内容】:;
【createtime】:2017-08-28 16:02:36.597;

【项目】:任务后台;
【大分组】:1240241913;	【小分组】:-668903468;
【日志类型】:普通日志;
【标题】:正在打开tcp...;
【内容】:;
【createtime】:2017-08-28 16:02:36.597;

【项目】:任务后台;
【大分组】:2130653117;	【小分组】:684917261;
【日志类型】:普通日志;
【标题】:打开tcp失败！;
【内容】:;
【createtime】:2017-08-28 16:02:37.651;

【项目】:任务后台;
【大分组】:-1989961220;	【小分组】:1596796535;
【日志类型】:普通日志;
【标题】:正在关闭tcp！;
【内容】:;
【createtime】:2017-08-28 16:02:47.677;

【项目】:任务后台;
【大分组】:1240241913;	【小分组】:-1262581886;
【日志类型】:普通日志;
【标题】:正在打开tcp...;
【内容】:;
【createtime】:2017-08-28 16:02:47.677;

【项目】:任务后台;
【大分组】:2130653117;	【小分组】:-2025386922;
【日志类型】:普通日志;
【标题】:打开tcp失败！;
【内容】:;
【createtime】:2017-08-28 16:02:48.731;

【项目】:任务后台;
【大分组】:-1989961220;	【小分组】:424979463;
【日志类型】:普通日志;
【标题】:正在关闭tcp！;
【内容】:;
【createtime】:2017-08-28 16:02:58.756;

【项目】:任务后台;
【大分组】:1240241913;	【小分组】:-386669523;
【日志类型】:普通日志;
【标题】:正在打开tcp...;
【内容】:;
【createtime】:2017-08-28 16:02:58.756;

【项目】:任务后台;
【大分组】:2130653117;	【小分组】:-1459966790;
【日志类型】:普通日志;
【标题】:打开tcp失败！;
【内容】:;
【createtime】:2017-08-28 16:02:59.809;

【项目】:任务后台;
【大分组】:-1989961220;	【小分组】:792713437;
【日志类型】:普通日志;
【标题】:正在关闭tcp！;
【内容】:;
【createtime】:2017-08-28 16:03:09.835;

【项目】:任务后台;
【大分组】:1240241913;	【小分组】:-1457015540;
【日志类型】:普通日志;
【标题】:正在打开tcp...;
【内容】:;
【createtime】:2017-08-28 16:03:09.835;

【项目】:任务后台;
【大分组】:2130653117;	【小分组】:153173590;
【日志类型】:普通日志;
【标题】:打开tcp失败！;
【内容】:;
【createtime】:2017-08-28 16:03:10.885;

【项目】:任务后台;
【大分组】:-1989961220;	【小分组】:1688319404;
【日志类型】:普通日志;
【标题】:正在关闭tcp！;
【内容】:;
【createtime】:2017-08-28 16:03:20.910;

【项目】:任务后台;
【大分组】:1240241913;	【小分组】:840085843;
【日志类型】:普通日志;
【标题】:正在打开tcp...;
【内容】:;
【createtime】:2017-08-28 16:03:20.910;

【项目】:任务后台;
【大分组】:2130653117;	【小分组】:1867112413;
【日志类型】:普通日志;
【标题】:打开tcp失败！;
【内容】:;
【createtime】:2017-08-28 16:03:21.963;

【项目】:任务后台;
【大分组】:-1989961220;	【小分组】:952046928;
【日志类型】:普通日志;
【标题】:正在关闭tcp！;
【内容】:;
【createtime】:2017-08-28 16:03:31.988;

【项目】:任务后台;
【大分组】:1240241913;	【小分组】:-389446141;
【日志类型】:普通日志;
【标题】:正在打开tcp...;
【内容】:;
【createtime】:2017-08-28 16:03:31.988;

【项目】:任务后台;
【大分组】:2130653117;	【小分组】:-1891614522;
【日志类型】:普通日志;
【标题】:打开tcp失败！;
【内容】:;
【createtime】:2017-08-28 16:03:33.038;

【项目】:任务后台;
【大分组】:-1989961220;	【小分组】:-1482252917;
【日志类型】:普通日志;
【标题】:正在关闭tcp！;
【内容】:;
【createtime】:2017-08-28 16:03:43.055;

【项目】:任务后台;
【大分组】:1240241913;	【小分组】:-1928073987;
【日志类型】:普通日志;
【标题】:正在打开tcp...;
【内容】:;
【createtime】:2017-08-28 16:03:43.055;

【项目】:任务后台;
【大分组】:2130653117;	【小分组】:-217773551;
【日志类型】:普通日志;
【标题】:打开tcp失败！;
【内容】:;
【createtime】:2017-08-28 16:03:44.110;

【项目】:任务后台;
【大分组】:-1989961220;	【小分组】:242995427;
【日志类型】:普通日志;
【标题】:正在关闭tcp！;
【内容】:;
【createtime】:2017-08-28 16:03:54.135;

【项目】:任务后台;
【大分组】:1240241913;	【小分组】:524612144;
【日志类型】:普通日志;
【标题】:正在打开tcp...;
【内容】:;
【createtime】:2017-08-28 16:03:54.135;

【项目】:任务后台;
【大分组】:2130653117;	【小分组】:-573723036;
【日志类型】:普通日志;
【标题】:打开tcp失败！;
【内容】:;
【createtime】:2017-08-28 16:03:55.180;

【项目】:任务后台;
【大分组】:-1989961220;	【小分组】:-1779285785;
【日志类型】:普通日志;
【标题】:正在关闭tcp！;
【内容】:;
【createtime】:2017-08-28 16:04:05.207;

【项目】:任务后台;
【大分组】:1240241913;	【小分组】:1364122081;
【日志类型】:普通日志;
【标题】:正在打开tcp...;
【内容】:;
【createtime】:2017-08-28 16:04:05.207;

【项目】:任务后台;
【大分组】:2130653117;	【小分组】:188268095;
【日志类型】:普通日志;
【标题】:打开tcp失败！;
【内容】:;
【createtime】:2017-08-28 16:04:06.273;

【项目】:任务后台;
【大分组】:-1989961220;	【小分组】:-825794158;
【日志类型】:普通日志;
【标题】:正在关闭tcp！;
【内容】:;
【createtime】:2017-08-28 16:04:16.298;

【项目】:任务后台;
【大分组】:1240241913;	【小分组】:1514667132;
【日志类型】:普通日志;
【标题】:正在打开tcp...;
【内容】:;
【createtime】:2017-08-28 16:04:16.298;

【项目】:任务后台;
【大分组】:2130653117;	【小分组】:-1975088598;
【日志类型】:普通日志;
【标题】:打开tcp失败！;
【内容】:;
【createtime】:2017-08-28 16:04:17.352;

【项目】:任务后台;
【大分组】:-1989961220;	【小分组】:-896425336;
【日志类型】:普通日志;
【标题】:正在关闭tcp！;
【内容】:;
【createtime】:2017-08-28 16:04:27.377;

【项目】:任务后台;
【大分组】:1240241913;	【小分组】:-1290206329;
【日志类型】:普通日志;
【标题】:正在打开tcp...;
【内容】:;
【createtime】:2017-08-28 16:04:27.377;

【项目】:任务后台;
【大分组】:2130653117;	【小分组】:157768160;
【日志类型】:普通日志;
【标题】:打开tcp失败！;
【内容】:;
【createtime】:2017-08-28 16:04:28.432;

【项目】:任务后台;
【大分组】:-1989961220;	【小分组】:1186670492;
【日志类型】:普通日志;
【标题】:正在关闭tcp！;
【内容】:;
【createtime】:2017-08-28 16:04:38.456;

【项目】:任务后台;
【大分组】:1240241913;	【小分组】:-248266619;
【日志类型】:普通日志;
【标题】:正在打开tcp...;
【内容】:;
【createtime】:2017-08-28 16:04:38.456;

【项目】:任务后台;
【大分组】:2130653117;	【小分组】:-1025782797;
【日志类型】:普通日志;
【标题】:打开tcp失败！;
【内容】:;
【createtime】:2017-08-28 16:04:39.515;

【项目】:任务后台;
【大分组】:-1989961220;	【小分组】:911349586;
【日志类型】:普通日志;
【标题】:正在关闭tcp！;
【内容】:;
【createtime】:2017-08-28 16:04:49.542;

【项目】:任务后台;
【大分组】:1240241913;	【小分组】:-1691743646;
【日志类型】:普通日志;
【标题】:正在打开tcp...;
【内容】:;
【createtime】:2017-08-28 16:04:49.542;

【项目】:任务后台;
【大分组】:2130653117;	【小分组】:1759739085;
【日志类型】:普通日志;
【标题】:打开tcp失败！;
【内容】:;
【createtime】:2017-08-28 16:04:50.591;

【项目】:任务后台;
【大分组】:-1989961220;	【小分组】:-1712312499;
【日志类型】:普通日志;
【标题】:正在关闭tcp！;
【内容】:;
【createtime】:2017-08-28 16:05:00.617;

【项目】:任务后台;
【大分组】:1240241913;	【小分组】:369733533;
【日志类型】:普通日志;
【标题】:正在打开tcp...;
【内容】:;
【createtime】:2017-08-28 16:05:00.617;

【项目】:任务后台;
【大分组】:2130653117;	【小分组】:-1959646004;
【日志类型】:普通日志;
【标题】:打开tcp失败！;
【内容】:;
【createtime】:2017-08-28 16:05:01.665;

【项目】:任务后台;
【大分组】:-1989961220;	【小分组】:-1044702547;
【日志类型】:普通日志;
【标题】:正在关闭tcp！;
【内容】:;
【createtime】:2017-08-28 16:05:11.690;

【项目】:任务后台;
【大分组】:1240241913;	【小分组】:957806598;
【日志类型】:普通日志;
【标题】:正在打开tcp...;
【内容】:;
【createtime】:2017-08-28 16:05:11.690;

【项目】:任务后台;
【大分组】:2130653117;	【小分组】:-397455331;
【日志类型】:普通日志;
【标题】:打开tcp失败！;
【内容】:;
【createtime】:2017-08-28 16:05:12.735;

【项目】:任务后台;
【大分组】:-1989961220;	【小分组】:-264762986;
【日志类型】:普通日志;
【标题】:正在关闭tcp！;
【内容】:;
【createtime】:2017-08-28 16:05:22.762;

【项目】:任务后台;
【大分组】:1240241913;	【小分组】:-756141155;
【日志类型】:普通日志;
【标题】:正在打开tcp...;
【内容】:;
【createtime】:2017-08-28 16:05:22.762;

【项目】:任务后台;
【大分组】:2130653117;	【小分组】:-77914143;
【日志类型】:普通日志;
【标题】:打开tcp失败！;
【内容】:;
【createtime】:2017-08-28 16:05:23.818;

【项目】:任务后台;
【大分组】:-1989961220;	【小分组】:-471155939;
【日志类型】:普通日志;
【标题】:正在关闭tcp！;
【内容】:;
【createtime】:2017-08-28 16:05:33.842;

【项目】:任务后台;
【大分组】:1240241913;	【小分组】:-302647814;
【日志类型】:普通日志;
【标题】:正在打开tcp...;
【内容】:;
【createtime】:2017-08-28 16:05:33.842;

【项目】:任务后台;
【大分组】:2130653117;	【小分组】:-1305779816;
【日志类型】:普通日志;
【标题】:打开tcp失败！;
【内容】:;
【createtime】:2017-08-28 16:05:34.896;

【项目】:任务后台;
【大分组】:-1989961220;	【小分组】:472929178;
【日志类型】:普通日志;
【标题】:正在关闭tcp！;
【内容】:;
【createtime】:2017-08-28 16:05:44.922;

【项目】:任务后台;
【大分组】:1240241913;	【小分组】:-857537193;
【日志类型】:普通日志;
【标题】:正在打开tcp...;
【内容】:;
【createtime】:2017-08-28 16:05:44.922;

【项目】:任务后台;
【大分组】:2130653117;	【小分组】:737463590;
【日志类型】:普通日志;
【标题】:打开tcp失败！;
【内容】:;
【createtime】:2017-08-28 16:05:45.973;

【项目】:任务后台;
【大分组】:-1989961220;	【小分组】:62254599;
【日志类型】:普通日志;
【标题】:正在关闭tcp！;
【内容】:;
【createtime】:2017-08-28 16:05:55.998;

【项目】:任务后台;
【大分组】:1240241913;	【小分组】:350957151;
【日志类型】:普通日志;
【标题】:正在打开tcp...;
【内容】:;
【createtime】:2017-08-28 16:05:55.998;

【项目】:任务后台;
【大分组】:2130653117;	【小分组】:949574837;
【日志类型】:普通日志;
【标题】:打开tcp失败！;
【内容】:;
【createtime】:2017-08-28 16:05:57.053;

【项目】:任务后台;
【大分组】:-1989961220;	【小分组】:1870227384;
【日志类型】:普通日志;
【标题】:正在关闭tcp！;
【内容】:;
【createtime】:2017-08-28 16:06:07.078;

【项目】:任务后台;
【大分组】:1240241913;	【小分组】:76211565;
【日志类型】:普通日志;
【标题】:正在打开tcp...;
【内容】:;
【createtime】:2017-08-28 16:06:07.078;

【项目】:任务后台;
【大分组】:2130653117;	【小分组】:423532088;
【日志类型】:普通日志;
【标题】:打开tcp失败！;
【内容】:;
【createtime】:2017-08-28 16:06:08.139;

【项目】:任务后台;
【大分组】:-1989961220;	【小分组】:-1832490079;
【日志类型】:普通日志;
【标题】:正在关闭tcp！;
【内容】:;
【createtime】:2017-08-28 16:06:18.148;

【项目】:任务后台;
【大分组】:1240241913;	【小分组】:1998534741;
【日志类型】:普通日志;
【标题】:正在打开tcp...;
【内容】:;
【createtime】:2017-08-28 16:06:18.148;

【项目】:任务后台;
【大分组】:2130653117;	【小分组】:566653136;
【日志类型】:普通日志;
【标题】:打开tcp失败！;
【内容】:;
【createtime】:2017-08-28 16:06:19.200;

【项目】:任务后台;
【大分组】:-1989961220;	【小分组】:-1034285954;
【日志类型】:普通日志;
【标题】:正在关闭tcp！;
【内容】:;
【createtime】:2017-08-28 16:06:29.225;

【项目】:任务后台;
【大分组】:1240241913;	【小分组】:-1889933022;
【日志类型】:普通日志;
【标题】:正在打开tcp...;
【内容】:;
【createtime】:2017-08-28 16:06:29.225;

【项目】:任务后台;
【大分组】:2130653117;	【小分组】:1329453153;
【日志类型】:普通日志;
【标题】:打开tcp失败！;
【内容】:;
【createtime】:2017-08-28 16:06:30.265;

【项目】:任务后台;
【大分组】:-1989961220;	【小分组】:-98882830;
【日志类型】:普通日志;
【标题】:正在关闭tcp！;
【内容】:;
【createtime】:2017-08-28 16:06:40.293;

【项目】:任务后台;
【大分组】:1240241913;	【小分组】:-1247086399;
【日志类型】:普通日志;
【标题】:正在打开tcp...;
【内容】:;
【createtime】:2017-08-28 16:06:40.293;

【项目】:任务后台;
【大分组】:2130653117;	【小分组】:-1745491241;
【日志类型】:普通日志;
【标题】:打开tcp失败！;
【内容】:;
【createtime】:2017-08-28 16:06:41.350;

【项目】:任务后台;
【大分组】:-1989961220;	【小分组】:-3566017;
【日志类型】:普通日志;
【标题】:正在关闭tcp！;
【内容】:;
【createtime】:2017-08-28 16:06:51.373;

【项目】:任务后台;
【大分组】:1240241913;	【小分组】:-12364500;
【日志类型】:普通日志;
【标题】:正在打开tcp...;
【内容】:;
【createtime】:2017-08-28 16:06:51.373;

【项目】:任务后台;
【大分组】:2130653117;	【小分组】:1828186089;
【日志类型】:普通日志;
【标题】:打开tcp失败！;
【内容】:;
【createtime】:2017-08-28 16:06:52.422;

【项目】:任务后台;
【大分组】:-1989961220;	【小分组】:1978500205;
【日志类型】:普通日志;
【标题】:正在关闭tcp！;
【内容】:;
【createtime】:2017-08-28 16:07:02.447;

【项目】:任务后台;
【大分组】:1240241913;	【小分组】:-2122876229;
【日志类型】:普通日志;
【标题】:正在打开tcp...;
【内容】:;
【createtime】:2017-08-28 16:07:02.447;

【项目】:任务后台;
【大分组】:2130653117;	【小分组】:-139663795;
【日志类型】:普通日志;
【标题】:打开tcp失败！;
【内容】:;
【createtime】:2017-08-28 16:07:03.501;

【项目】:任务后台;
【大分组】:-1989961220;	【小分组】:-260008204;
【日志类型】:普通日志;
【标题】:正在关闭tcp！;
【内容】:;
【createtime】:2017-08-28 16:07:13.526;

【项目】:任务后台;
【大分组】:1240241913;	【小分组】:70277007;
【日志类型】:普通日志;
【标题】:正在打开tcp...;
【内容】:;
【createtime】:2017-08-28 16:07:13.526;

【项目】:任务后台;
【大分组】:2130653117;	【小分组】:1824684446;
【日志类型】:普通日志;
【标题】:打开tcp失败！;
【内容】:;
【createtime】:2017-08-28 16:07:14.578;

【项目】:任务后台;
【大分组】:-1989961220;	【小分组】:1137595589;
【日志类型】:普通日志;
【标题】:正在关闭tcp！;
【内容】:;
【createtime】:2017-08-28 16:07:24.603;

【项目】:任务后台;
【大分组】:1240241913;	【小分组】:1606655740;
【日志类型】:普通日志;
【标题】:正在打开tcp...;
【内容】:;
【createtime】:2017-08-28 16:07:24.603;

【项目】:任务后台;
【大分组】:2130653117;	【小分组】:1753361467;
【日志类型】:普通日志;
【标题】:打开tcp失败！;
【内容】:;
【createtime】:2017-08-28 16:07:25.659;

【项目】:任务后台;
【大分组】:-1989961220;	【小分组】:1566124122;
【日志类型】:普通日志;
【标题】:正在关闭tcp！;
【内容】:;
【createtime】:2017-08-28 16:07:35.683;

【项目】:任务后台;
【大分组】:1240241913;	【小分组】:841566668;
【日志类型】:普通日志;
【标题】:正在打开tcp...;
【内容】:;
【createtime】:2017-08-28 16:07:35.683;

【项目】:任务后台;
【大分组】:2130653117;	【小分组】:1594040332;
【日志类型】:普通日志;
【标题】:打开tcp失败！;
【内容】:;
【createtime】:2017-08-28 16:07:36.731;

【项目】:任务后台;
【大分组】:-1989961220;	【小分组】:-1920971723;
【日志类型】:普通日志;
【标题】:正在关闭tcp！;
【内容】:;
【createtime】:2017-08-28 16:07:46.757;

【项目】:任务后台;
【大分组】:1240241913;	【小分组】:-1078384205;
【日志类型】:普通日志;
【标题】:正在打开tcp...;
【内容】:;
【createtime】:2017-08-28 16:07:46.757;

【项目】:任务后台;
【大分组】:2130653117;	【小分组】:-207324857;
【日志类型】:普通日志;
【标题】:打开tcp失败！;
【内容】:;
【createtime】:2017-08-28 16:07:47.811;

【项目】:任务后台;
【大分组】:-1989961220;	【小分组】:-657544486;
【日志类型】:普通日志;
【标题】:正在关闭tcp！;
【内容】:;
【createtime】:2017-08-28 16:07:57.837;

【项目】:任务后台;
【大分组】:1240241913;	【小分组】:1765693957;
【日志类型】:普通日志;
【标题】:正在打开tcp...;
【内容】:;
【createtime】:2017-08-28 16:07:57.837;

【项目】:任务后台;
【大分组】:2130653117;	【小分组】:-2074234628;
【日志类型】:普通日志;
【标题】:打开tcp失败！;
【内容】:;
【createtime】:2017-08-28 16:07:58.892;

【项目】:任务后台;
【大分组】:-1989961220;	【小分组】:-1221419648;
【日志类型】:普通日志;
【标题】:正在关闭tcp！;
【内容】:;
【createtime】:2017-08-28 16:08:08.923;

【项目】:任务后台;
【大分组】:1240241913;	【小分组】:978391757;
【日志类型】:普通日志;
【标题】:正在打开tcp...;
【内容】:;
【createtime】:2017-08-28 16:08:08.923;

【项目】:任务后台;
【大分组】:2130653117;	【小分组】:842884133;
【日志类型】:普通日志;
【标题】:打开tcp失败！;
【内容】:;
【createtime】:2017-08-28 16:08:09.972;

【项目】:任务后台;
【大分组】:-1989961220;	【小分组】:1837154587;
【日志类型】:普通日志;
【标题】:正在关闭tcp！;
【内容】:;
【createtime】:2017-08-28 16:08:19.997;

【项目】:任务后台;
【大分组】:1240241913;	【小分组】:1503878400;
【日志类型】:普通日志;
【标题】:正在打开tcp...;
【内容】:;
【createtime】:2017-08-28 16:08:19.997;

【项目】:任务后台;
【大分组】:2130653117;	【小分组】:-437132530;
【日志类型】:普通日志;
【标题】:打开tcp失败！;
【内容】:;
【createtime】:2017-08-28 16:08:21.044;

【项目】:任务后台;
【大分组】:-1989961220;	【小分组】:-829749505;
【日志类型】:普通日志;
【标题】:正在关闭tcp！;
【内容】:;
【createtime】:2017-08-28 16:08:31.069;

【项目】:任务后台;
【大分组】:1240241913;	【小分组】:-446258877;
【日志类型】:普通日志;
【标题】:正在打开tcp...;
【内容】:;
【createtime】:2017-08-28 16:08:31.069;

【项目】:任务后台;
【大分组】:2130653117;	【小分组】:-575047591;
【日志类型】:普通日志;
【标题】:打开tcp失败！;
【内容】:;
【createtime】:2017-08-28 16:08:32.116;

【项目】:任务后台;
【大分组】:-1989961220;	【小分组】:-369089069;
【日志类型】:普通日志;
【标题】:正在关闭tcp！;
【内容】:;
【createtime】:2017-08-28 16:08:42.140;

【项目】:任务后台;
【大分组】:1240241913;	【小分组】:606769417;
【日志类型】:普通日志;
【标题】:正在打开tcp...;
【内容】:;
【createtime】:2017-08-28 16:08:42.140;

【项目】:任务后台;
【大分组】:2130653117;	【小分组】:156748200;
【日志类型】:普通日志;
【标题】:打开tcp失败！;
【内容】:;
【createtime】:2017-08-28 16:08:43.188;

【项目】:任务后台;
【大分组】:-1989961220;	【小分组】:-1697151434;
【日志类型】:普通日志;
【标题】:正在关闭tcp！;
【内容】:;
【createtime】:2017-08-28 16:08:53.212;

【项目】:任务后台;
【大分组】:1240241913;	【小分组】:-310125379;
【日志类型】:普通日志;
【标题】:正在打开tcp...;
【内容】:;
【createtime】:2017-08-28 16:08:53.212;

【项目】:任务后台;
【大分组】:2130653117;	【小分组】:1831519679;
【日志类型】:普通日志;
【标题】:打开tcp失败！;
【内容】:;
【createtime】:2017-08-28 16:08:54.257;

【项目】:任务后台;
【大分组】:-1989961220;	【小分组】:1583690129;
【日志类型】:普通日志;
【标题】:正在关闭tcp！;
【内容】:;
【createtime】:2017-08-28 16:09:04.281;

【项目】:任务后台;
【大分组】:1240241913;	【小分组】:-1010368608;
【日志类型】:普通日志;
【标题】:正在打开tcp...;
【内容】:;
【createtime】:2017-08-28 16:09:04.281;

【项目】:任务后台;
【大分组】:2130653117;	【小分组】:1578457076;
【日志类型】:普通日志;
【标题】:打开tcp失败！;
【内容】:;
【createtime】:2017-08-28 16:09:05.336;

【项目】:任务后台;
【大分组】:-1989961220;	【小分组】:-1307671916;
【日志类型】:普通日志;
【标题】:正在关闭tcp！;
【内容】:;
【createtime】:2017-08-28 16:09:15.361;

【项目】:任务后台;
【大分组】:1240241913;	【小分组】:-711723054;
【日志类型】:普通日志;
【标题】:正在打开tcp...;
【内容】:;
【createtime】:2017-08-28 16:09:15.361;

【项目】:任务后台;
【大分组】:2130653117;	【小分组】:1555363505;
【日志类型】:普通日志;
【标题】:打开tcp失败！;
【内容】:;
【createtime】:2017-08-28 16:09:16.414;

【项目】:任务后台;
【大分组】:-1989961220;	【小分组】:39951255;
【日志类型】:普通日志;
【标题】:正在关闭tcp！;
【内容】:;
【createtime】:2017-08-28 16:09:26.438;

【项目】:任务后台;
【大分组】:1240241913;	【小分组】:-1116590518;
【日志类型】:普通日志;
【标题】:正在打开tcp...;
【内容】:;
【createtime】:2017-08-28 16:09:26.438;

【项目】:任务后台;
【大分组】:2130653117;	【小分组】:371219252;
【日志类型】:普通日志;
【标题】:打开tcp失败！;
【内容】:;
【createtime】:2017-08-28 16:09:27.499;

【项目】:任务后台;
【大分组】:-1989961220;	【小分组】:837765466;
【日志类型】:普通日志;
【标题】:正在关闭tcp！;
【内容】:;
【createtime】:2017-08-28 16:09:37.524;

【项目】:任务后台;
【大分组】:1240241913;	【小分组】:2126403016;
【日志类型】:普通日志;
【标题】:正在打开tcp...;
【内容】:;
【createtime】:2017-08-28 16:09:37.524;

【项目】:任务后台;
【大分组】:2130653117;	【小分组】:-1380034323;
【日志类型】:普通日志;
【标题】:打开tcp失败！;
【内容】:;
【createtime】:2017-08-28 16:09:38.541;

【项目】:任务后台;
【大分组】:-1989961220;	【小分组】:-326521212;
【日志类型】:普通日志;
【标题】:正在关闭tcp！;
【内容】:;
【createtime】:2017-08-28 16:09:48.566;

【项目】:任务后台;
【大分组】:1240241913;	【小分组】:358049272;
【日志类型】:普通日志;
【标题】:正在打开tcp...;
【内容】:;
【createtime】:2017-08-28 16:09:48.566;

【项目】:任务后台;
【大分组】:2130653117;	【小分组】:2117064199;
【日志类型】:普通日志;
【标题】:打开tcp失败！;
【内容】:;
【createtime】:2017-08-28 16:09:49.606;

【项目】:任务后台;
【大分组】:-1989961220;	【小分组】:-1771616304;
【日志类型】:普通日志;
【标题】:正在关闭tcp！;
【内容】:;
【createtime】:2017-08-28 16:09:59.632;

【项目】:任务后台;
【大分组】:1240241913;	【小分组】:-1717528309;
【日志类型】:普通日志;
【标题】:正在打开tcp...;
【内容】:;
【createtime】:2017-08-28 16:09:59.632;

【项目】:任务后台;
【大分组】:2130653117;	【小分组】:1359442679;
【日志类型】:普通日志;
【标题】:打开tcp失败！;
【内容】:;
【createtime】:2017-08-28 16:10:00.676;

【项目】:任务后台;
【大分组】:-1989961220;	【小分组】:-1899114413;
【日志类型】:普通日志;
【标题】:正在关闭tcp！;
【内容】:;
【createtime】:2017-08-28 16:10:10.699;

【项目】:任务后台;
【大分组】:1240241913;	【小分组】:1148866470;
【日志类型】:普通日志;
【标题】:正在打开tcp...;
【内容】:;
【createtime】:2017-08-28 16:10:10.699;

【项目】:任务后台;
【大分组】:2130653117;	【小分组】:1122012281;
【日志类型】:普通日志;
【标题】:打开tcp失败！;
【内容】:;
【createtime】:2017-08-28 16:10:11.760;

【项目】:任务后台;
【大分组】:-1989961220;	【小分组】:-1072712354;
【日志类型】:普通日志;
【标题】:正在关闭tcp！;
【内容】:;
【createtime】:2017-08-28 16:10:21.785;

【项目】:任务后台;
【大分组】:1240241913;	【小分组】:-1367584112;
【日志类型】:普通日志;
【标题】:正在打开tcp...;
【内容】:;
【createtime】:2017-08-28 16:10:21.785;

【项目】:任务后台;
【大分组】:2130653117;	【小分组】:730448953;
【日志类型】:普通日志;
【标题】:打开tcp失败！;
【内容】:;
【createtime】:2017-08-28 16:10:22.837;

【项目】:任务后台;
【大分组】:-1989961220;	【小分组】:1006597976;
【日志类型】:普通日志;
【标题】:正在关闭tcp！;
【内容】:;
【createtime】:2017-08-28 16:10:32.861;

【项目】:任务后台;
【大分组】:1240241913;	【小分组】:670640963;
【日志类型】:普通日志;
【标题】:正在打开tcp...;
【内容】:;
【createtime】:2017-08-28 16:10:32.861;

【项目】:任务后台;
【大分组】:2130653117;	【小分组】:226987707;
【日志类型】:普通日志;
【标题】:打开tcp失败！;
【内容】:;
【createtime】:2017-08-28 16:10:33.917;

【项目】:任务后台;
【大分组】:-1989961220;	【小分组】:1314547021;
【日志类型】:普通日志;
【标题】:正在关闭tcp！;
【内容】:;
【createtime】:2017-08-28 16:10:43.943;

【项目】:任务后台;
【大分组】:1240241913;	【小分组】:-262282133;
【日志类型】:普通日志;
【标题】:正在打开tcp...;
【内容】:;
【createtime】:2017-08-28 16:10:43.943;

【项目】:任务后台;
【大分组】:2130653117;	【小分组】:2027887191;
【日志类型】:普通日志;
【标题】:打开tcp失败！;
【内容】:;
【createtime】:2017-08-28 16:10:44.959;

【项目】:任务后台;
【大分组】:-1989961220;	【小分组】:168852045;
【日志类型】:普通日志;
【标题】:正在关闭tcp！;
【内容】:;
【createtime】:2017-08-28 16:10:54.982;

【项目】:任务后台;
【大分组】:1240241913;	【小分组】:318913241;
【日志类型】:普通日志;
【标题】:正在打开tcp...;
【内容】:;
【createtime】:2017-08-28 16:10:54.982;

【项目】:任务后台;
【大分组】:2130653117;	【小分组】:-773887142;
【日志类型】:普通日志;
【标题】:打开tcp失败！;
【内容】:;
【createtime】:2017-08-28 16:10:56.014;

【项目】:任务后台;
【大分组】:-1989961220;	【小分组】:-1245080731;
【日志类型】:普通日志;
【标题】:正在关闭tcp！;
【内容】:;
【createtime】:2017-08-28 16:11:06.036;

【项目】:任务后台;
【大分组】:1240241913;	【小分组】:-969548322;
【日志类型】:普通日志;
【标题】:正在打开tcp...;
【内容】:;
【createtime】:2017-08-28 16:11:06.036;

【项目】:任务后台;
【大分组】:2130653117;	【小分组】:-1168390107;
【日志类型】:普通日志;
【标题】:打开tcp失败！;
【内容】:;
【createtime】:2017-08-28 16:11:07.067;

【项目】:任务后台;
【大分组】:-1989961220;	【小分组】:762024431;
【日志类型】:普通日志;
【标题】:正在关闭tcp！;
【内容】:;
【createtime】:2017-08-28 16:11:17.094;

【项目】:任务后台;
【大分组】:1240241913;	【小分组】:151103873;
【日志类型】:普通日志;
【标题】:正在打开tcp...;
【内容】:;
【createtime】:2017-08-28 16:11:17.094;

【项目】:任务后台;
【大分组】:2130653117;	【小分组】:-1799744117;
【日志类型】:普通日志;
【标题】:打开tcp失败！;
【内容】:;
【createtime】:2017-08-28 16:11:18.126;

【项目】:任务后台;
【大分组】:-1989961220;	【小分组】:1221264720;
【日志类型】:普通日志;
【标题】:正在关闭tcp！;
【内容】:;
【createtime】:2017-08-28 16:11:28.150;

【项目】:任务后台;
【大分组】:1240241913;	【小分组】:-1468434781;
【日志类型】:普通日志;
【标题】:正在打开tcp...;
【内容】:;
【createtime】:2017-08-28 16:11:28.150;

【项目】:任务后台;
【大分组】:2130653117;	【小分组】:873588766;
【日志类型】:普通日志;
【标题】:打开tcp失败！;
【内容】:;
【createtime】:2017-08-28 16:11:29.205;

【项目】:任务后台;
【大分组】:-1989961220;	【小分组】:-174381003;
【日志类型】:普通日志;
【标题】:正在关闭tcp！;
【内容】:;
【createtime】:2017-08-28 16:11:39.233;

【项目】:任务后台;
【大分组】:1240241913;	【小分组】:1202705027;
【日志类型】:普通日志;
【标题】:正在打开tcp...;
【内容】:;
【createtime】:2017-08-28 16:11:39.233;

【项目】:任务后台;
【大分组】:2130653117;	【小分组】:968102932;
【日志类型】:普通日志;
【标题】:打开tcp失败！;
【内容】:;
【createtime】:2017-08-28 16:11:40.292;

【项目】:任务后台;
【大分组】:-1989961220;	【小分组】:-1633468082;
【日志类型】:普通日志;
【标题】:正在关闭tcp！;
【内容】:;
【createtime】:2017-08-28 16:11:50.302;

【项目】:任务后台;
【大分组】:1240241913;	【小分组】:656797821;
【日志类型】:普通日志;
【标题】:正在打开tcp...;
【内容】:;
【createtime】:2017-08-28 16:11:50.302;

【项目】:任务后台;
【大分组】:2130653117;	【小分组】:-1092163012;
【日志类型】:普通日志;
【标题】:打开tcp失败！;
【内容】:;
【createtime】:2017-08-28 16:11:51.345;

【项目】:任务后台;
【大分组】:-1989961220;	【小分组】:-3733362;
【日志类型】:普通日志;
【标题】:正在关闭tcp！;
【内容】:;
【createtime】:2017-08-28 16:12:01.370;

【项目】:任务后台;
【大分组】:1240241913;	【小分组】:-47882792;
【日志类型】:普通日志;
【标题】:正在打开tcp...;
【内容】:;
【createtime】:2017-08-28 16:12:01.370;

【项目】:任务后台;
【大分组】:2130653117;	【小分组】:-267149421;
【日志类型】:普通日志;
【标题】:打开tcp失败！;
【内容】:;
【createtime】:2017-08-28 16:12:02.384;

【项目】:任务后台;
【大分组】:-1989961220;	【小分组】:306443256;
【日志类型】:普通日志;
【标题】:正在关闭tcp！;
【内容】:;
【createtime】:2017-08-28 16:12:12.412;

【项目】:任务后台;
【大分组】:1240241913;	【小分组】:1397154778;
【日志类型】:普通日志;
【标题】:正在打开tcp...;
【内容】:;
【createtime】:2017-08-28 16:12:12.412;

【项目】:任务后台;
【大分组】:2130653117;	【小分组】:1841409342;
【日志类型】:普通日志;
【标题】:打开tcp失败！;
【内容】:;
【createtime】:2017-08-28 16:12:13.427;

【项目】:任务后台;
【大分组】:-1989961220;	【小分组】:-141956101;
【日志类型】:普通日志;
【标题】:正在关闭tcp！;
【内容】:;
【createtime】:2017-08-28 16:12:23.440;

【项目】:任务后台;
【大分组】:1240241913;	【小分组】:362101933;
【日志类型】:普通日志;
【标题】:正在打开tcp...;
【内容】:;
【createtime】:2017-08-28 16:12:23.440;

【项目】:任务后台;
【大分组】:2130653117;	【小分组】:1821009611;
【日志类型】:普通日志;
【标题】:打开tcp失败！;
【内容】:;
【createtime】:2017-08-28 16:12:24.493;

【项目】:任务后台;
【大分组】:-1989961220;	【小分组】:-966644058;
【日志类型】:普通日志;
【标题】:正在关闭tcp！;
【内容】:;
【createtime】:2017-08-28 16:12:34.501;

【项目】:任务后台;
【大分组】:1240241913;	【小分组】:2122058068;
【日志类型】:普通日志;
【标题】:正在打开tcp...;
【内容】:;
【createtime】:2017-08-28 16:12:34.501;

【项目】:任务后台;
【大分组】:2130653117;	【小分组】:-808184331;
【日志类型】:普通日志;
【标题】:打开tcp失败！;
【内容】:;
【createtime】:2017-08-28 16:12:35.554;

【项目】:任务后台;
【大分组】:-1989961220;	【小分组】:1020847214;
【日志类型】:普通日志;
【标题】:正在关闭tcp！;
【内容】:;
【createtime】:2017-08-28 16:12:45.578;

【项目】:任务后台;
【大分组】:1240241913;	【小分组】:-514830444;
【日志类型】:普通日志;
【标题】:正在打开tcp...;
【内容】:;
【createtime】:2017-08-28 16:12:45.578;

【项目】:任务后台;
【大分组】:2130653117;	【小分组】:-1466583272;
【日志类型】:普通日志;
【标题】:打开tcp失败！;
【内容】:;
【createtime】:2017-08-28 16:12:46.613;

【项目】:任务后台;
【大分组】:-1989961220;	【小分组】:-1233694540;
【日志类型】:普通日志;
【标题】:正在关闭tcp！;
【内容】:;
【createtime】:2017-08-28 16:12:56.639;

【项目】:任务后台;
【大分组】:1240241913;	【小分组】:1275221191;
【日志类型】:普通日志;
【标题】:正在打开tcp...;
【内容】:;
【createtime】:2017-08-28 16:12:56.639;

【项目】:任务后台;
【大分组】:2130653117;	【小分组】:1034601048;
【日志类型】:普通日志;
【标题】:打开tcp失败！;
【内容】:;
【createtime】:2017-08-28 16:12:57.691;

【项目】:任务后台;
【大分组】:-1989961220;	【小分组】:1936335477;
【日志类型】:普通日志;
【标题】:正在关闭tcp！;
【内容】:;
【createtime】:2017-08-28 16:13:07.729;

【项目】:任务后台;
【大分组】:1240241913;	【小分组】:-1952457013;
【日志类型】:普通日志;
【标题】:正在打开tcp...;
【内容】:;
【createtime】:2017-08-28 16:13:07.729;

【项目】:任务后台;
【大分组】:2130653117;	【小分组】:-212099353;
【日志类型】:普通日志;
【标题】:打开tcp失败！;
【内容】:;
【createtime】:2017-08-28 16:13:08.751;

【项目】:任务后台;
【大分组】:-1989961220;	【小分组】:-1957816189;
【日志类型】:普通日志;
【标题】:正在关闭tcp！;
【内容】:;
【createtime】:2017-08-28 16:13:18.777;

【项目】:任务后台;
【大分组】:1240241913;	【小分组】:-1087983765;
【日志类型】:普通日志;
【标题】:正在打开tcp...;
【内容】:;
【createtime】:2017-08-28 16:13:18.777;

【项目】:任务后台;
【大分组】:2130653117;	【小分组】:-668431717;
【日志类型】:普通日志;
【标题】:打开tcp失败！;
【内容】:;
【createtime】:2017-08-28 16:13:19.808;

【项目】:任务后台;
【大分组】:-1989961220;	【小分组】:-1234860541;
【日志类型】:普通日志;
【标题】:正在关闭tcp！;
【内容】:;
【createtime】:2017-08-28 16:13:29.833;

【项目】:任务后台;
【大分组】:1240241913;	【小分组】:2092356665;
【日志类型】:普通日志;
【标题】:正在打开tcp...;
【内容】:;
【createtime】:2017-08-28 16:13:29.833;

【项目】:任务后台;
【大分组】:2130653117;	【小分组】:1366159846;
【日志类型】:普通日志;
【标题】:打开tcp失败！;
【内容】:;
【createtime】:2017-08-28 16:13:30.882;

【项目】:任务后台;
【大分组】:-1989961220;	【小分组】:25505153;
【日志类型】:普通日志;
【标题】:正在关闭tcp！;
【内容】:;
【createtime】:2017-08-28 16:13:40.908;

【项目】:任务后台;
【大分组】:1240241913;	【小分组】:-317861804;
【日志类型】:普通日志;
【标题】:正在打开tcp...;
【内容】:;
【createtime】:2017-08-28 16:13:40.908;

【项目】:任务后台;
【大分组】:2130653117;	【小分组】:-984351524;
【日志类型】:普通日志;
【标题】:打开tcp失败！;
【内容】:;
【createtime】:2017-08-28 16:13:41.953;

【项目】:任务后台;
【大分组】:-1989961220;	【小分组】:-2059991519;
【日志类型】:普通日志;
【标题】:正在关闭tcp！;
【内容】:;
【createtime】:2017-08-28 16:13:51.970;

【项目】:任务后台;
【大分组】:1240241913;	【小分组】:-133077172;
【日志类型】:普通日志;
【标题】:正在打开tcp...;
【内容】:;
【createtime】:2017-08-28 16:13:51.970;

【项目】:任务后台;
【大分组】:2130653117;	【小分组】:2031633242;
【日志类型】:普通日志;
【标题】:打开tcp失败！;
【内容】:;
【createtime】:2017-08-28 16:13:52.993;

【项目】:任务后台;
【大分组】:-1989961220;	【小分组】:-135693638;
【日志类型】:普通日志;
【标题】:正在关闭tcp！;
【内容】:;
【createtime】:2017-08-28 16:14:03.004;

【项目】:任务后台;
【大分组】:1240241913;	【小分组】:-551433099;
【日志类型】:普通日志;
【标题】:正在打开tcp...;
【内容】:;
【createtime】:2017-08-28 16:14:03.004;

【项目】:任务后台;
【大分组】:2130653117;	【小分组】:-231080211;
【日志类型】:普通日志;
【标题】:打开tcp失败！;
【内容】:;
【createtime】:2017-08-28 16:14:04.050;

【项目】:任务后台;
【大分组】:-1989961220;	【小分组】:-1788273652;
【日志类型】:普通日志;
【标题】:正在关闭tcp！;
【内容】:;
【createtime】:2017-08-28 16:14:14.076;

【项目】:任务后台;
【大分组】:1240241913;	【小分组】:238851111;
【日志类型】:普通日志;
【标题】:正在打开tcp...;
【内容】:;
【createtime】:2017-08-28 16:14:14.076;

【项目】:任务后台;
【大分组】:2130653117;	【小分组】:-1376264599;
【日志类型】:普通日志;
【标题】:打开tcp失败！;
【内容】:;
【createtime】:2017-08-28 16:14:15.090;

【项目】:任务后台;
【大分组】:-1989961220;	【小分组】:15330322;
【日志类型】:普通日志;
【标题】:正在关闭tcp！;
【内容】:;
【createtime】:2017-08-28 16:14:25.116;

【项目】:任务后台;
【大分组】:1240241913;	【小分组】:1489934617;
【日志类型】:普通日志;
【标题】:正在打开tcp...;
【内容】:;
【createtime】:2017-08-28 16:14:25.116;

【项目】:任务后台;
【大分组】:2130653117;	【小分组】:189940698;
【日志类型】:普通日志;
【标题】:打开tcp失败！;
【内容】:;
【createtime】:2017-08-28 16:14:26.158;

【项目】:任务后台;
【大分组】:-1989961220;	【小分组】:-2143661119;
【日志类型】:普通日志;
【标题】:正在关闭tcp！;
【内容】:;
【createtime】:2017-08-28 16:14:36.185;

【项目】:任务后台;
【大分组】:1240241913;	【小分组】:1848730329;
【日志类型】:普通日志;
【标题】:正在打开tcp...;
【内容】:;
【createtime】:2017-08-28 16:14:36.185;

【项目】:任务后台;
【大分组】:2130653117;	【小分组】:-471723285;
【日志类型】:普通日志;
【标题】:打开tcp失败！;
【内容】:;
【createtime】:2017-08-28 16:14:37.240;

【项目】:任务后台;
【大分组】:-1989961220;	【小分组】:375486113;
【日志类型】:普通日志;
【标题】:正在关闭tcp！;
【内容】:;
【createtime】:2017-08-28 16:14:47.265;

【项目】:任务后台;
【大分组】:1240241913;	【小分组】:1580799753;
【日志类型】:普通日志;
【标题】:正在打开tcp...;
【内容】:;
【createtime】:2017-08-28 16:14:47.265;

【项目】:任务后台;
【大分组】:2130653117;	【小分组】:-1846649974;
【日志类型】:普通日志;
【标题】:打开tcp失败！;
【内容】:;
【createtime】:2017-08-28 16:14:48.314;

【项目】:任务后台;
【大分组】:-1989961220;	【小分组】:-1448108630;
【日志类型】:普通日志;
【标题】:正在关闭tcp！;
【内容】:;
【createtime】:2017-08-28 16:14:58.339;

【项目】:任务后台;
【大分组】:1240241913;	【小分组】:434958960;
【日志类型】:普通日志;
【标题】:正在打开tcp...;
【内容】:;
【createtime】:2017-08-28 16:14:58.339;

【项目】:任务后台;
【大分组】:2130653117;	【小分组】:464742233;
【日志类型】:普通日志;
【标题】:打开tcp失败！;
【内容】:;
【createtime】:2017-08-28 16:14:59.386;

【项目】:任务后台;
【大分组】:-1989961220;	【小分组】:-711567421;
【日志类型】:普通日志;
【标题】:正在关闭tcp！;
【内容】:;
【createtime】:2017-08-28 16:15:09.410;

【项目】:任务后台;
【大分组】:1240241913;	【小分组】:-1822367079;
【日志类型】:普通日志;
【标题】:正在打开tcp...;
【内容】:;
【createtime】:2017-08-28 16:15:09.410;

【项目】:任务后台;
【大分组】:2130653117;	【小分组】:1260802121;
【日志类型】:普通日志;
【标题】:打开tcp失败！;
【内容】:;
【createtime】:2017-08-28 16:15:10.457;

【项目】:任务后台;
【大分组】:-1989961220;	【小分组】:1674736805;
【日志类型】:普通日志;
【标题】:正在关闭tcp！;
【内容】:;
【createtime】:2017-08-28 16:15:20.482;

【项目】:任务后台;
【大分组】:1240241913;	【小分组】:-1349124932;
【日志类型】:普通日志;
【标题】:正在打开tcp...;
【内容】:;
【createtime】:2017-08-28 16:15:20.482;

【项目】:任务后台;
【大分组】:2130653117;	【小分组】:707354702;
【日志类型】:普通日志;
【标题】:打开tcp失败！;
【内容】:;
【createtime】:2017-08-28 16:15:21.509;

【项目】:任务后台;
【大分组】:-1989961220;	【小分组】:373839558;
【日志类型】:普通日志;
【标题】:正在关闭tcp！;
【内容】:;
【createtime】:2017-08-28 16:15:31.534;

【项目】:任务后台;
【大分组】:1240241913;	【小分组】:-1680250896;
【日志类型】:普通日志;
【标题】:正在打开tcp...;
【内容】:;
【createtime】:2017-08-28 16:15:31.534;

【项目】:任务后台;
【大分组】:2130653117;	【小分组】:-1685449582;
【日志类型】:普通日志;
【标题】:打开tcp失败！;
【内容】:;
【createtime】:2017-08-28 16:15:32.567;

【项目】:任务后台;
【大分组】:-1989961220;	【小分组】:-1153581633;
【日志类型】:普通日志;
【标题】:正在关闭tcp！;
【内容】:;
【createtime】:2017-08-28 16:15:42.593;

【项目】:任务后台;
【大分组】:1240241913;	【小分组】:1627318680;
【日志类型】:普通日志;
【标题】:正在打开tcp...;
【内容】:;
【createtime】:2017-08-28 16:15:42.593;

【项目】:任务后台;
【大分组】:2130653117;	【小分组】:1991851572;
【日志类型】:普通日志;
【标题】:打开tcp失败！;
【内容】:;
【createtime】:2017-08-28 16:15:43.637;

【项目】:任务后台;
【大分组】:-1989961220;	【小分组】:464071503;
【日志类型】:普通日志;
【标题】:正在关闭tcp！;
【内容】:;
【createtime】:2017-08-28 16:15:53.665;

【项目】:任务后台;
【大分组】:1240241913;	【小分组】:-463015111;
【日志类型】:普通日志;
【标题】:正在打开tcp...;
【内容】:;
【createtime】:2017-08-28 16:15:53.665;

【项目】:任务后台;
【大分组】:2130653117;	【小分组】:169871104;
【日志类型】:普通日志;
【标题】:打开tcp失败！;
【内容】:;
【createtime】:2017-08-28 16:15:54.694;

【项目】:任务后台;
【大分组】:-1989961220;	【小分组】:2110562536;
【日志类型】:普通日志;
【标题】:正在关闭tcp！;
【内容】:;
【createtime】:2017-08-28 16:16:04.718;

【项目】:任务后台;
【大分组】:1240241913;	【小分组】:509779534;
【日志类型】:普通日志;
【标题】:正在打开tcp...;
【内容】:;
【createtime】:2017-08-28 16:16:04.718;

【项目】:任务后台;
【大分组】:2130653117;	【小分组】:2022252;
【日志类型】:普通日志;
【标题】:打开tcp失败！;
【内容】:;
【createtime】:2017-08-28 16:16:05.773;

【项目】:任务后台;
【大分组】:-1989961220;	【小分组】:-1297132615;
【日志类型】:普通日志;
【标题】:正在关闭tcp！;
【内容】:;
【createtime】:2017-08-28 16:16:15.798;

【项目】:任务后台;
【大分组】:1240241913;	【小分组】:962195664;
【日志类型】:普通日志;
【标题】:正在打开tcp...;
【内容】:;
【createtime】:2017-08-28 16:16:15.798;

【项目】:任务后台;
【大分组】:2130653117;	【小分组】:739065546;
【日志类型】:普通日志;
【标题】:打开tcp失败！;
【内容】:;
【createtime】:2017-08-28 16:16:16.815;

【项目】:任务后台;
【大分组】:-1989961220;	【小分组】:350898229;
【日志类型】:普通日志;
【标题】:正在关闭tcp！;
【内容】:;
【createtime】:2017-08-28 16:16:26.848;

【项目】:任务后台;
【大分组】:1240241913;	【小分组】:-1331493255;
【日志类型】:普通日志;
【标题】:正在打开tcp...;
【内容】:;
【createtime】:2017-08-28 16:16:26.848;

【项目】:任务后台;
【大分组】:2130653117;	【小分组】:277449049;
【日志类型】:普通日志;
【标题】:打开tcp失败！;
【内容】:;
【createtime】:2017-08-28 16:16:27.901;

【项目】:任务后台;
【大分组】:-1989961220;	【小分组】:1478766990;
【日志类型】:普通日志;
【标题】:正在关闭tcp！;
【内容】:;
【createtime】:2017-08-28 16:16:37.925;

【项目】:任务后台;
【大分组】:1240241913;	【小分组】:-111696874;
【日志类型】:普通日志;
【标题】:正在打开tcp...;
【内容】:;
【createtime】:2017-08-28 16:16:37.925;

【项目】:任务后台;
【大分组】:2130653117;	【小分组】:-1564469400;
【日志类型】:普通日志;
【标题】:打开tcp失败！;
【内容】:;
【createtime】:2017-08-28 16:16:38.984;

【项目】:任务后台;
【大分组】:-1989961220;	【小分组】:1909112311;
【日志类型】:普通日志;
【标题】:正在关闭tcp！;
【内容】:;
【createtime】:2017-08-28 16:16:48.995;

【项目】:任务后台;
【大分组】:1240241913;	【小分组】:-6174770;
【日志类型】:普通日志;
【标题】:正在打开tcp...;
【内容】:;
【createtime】:2017-08-28 16:16:48.995;

【项目】:任务后台;
【大分组】:2130653117;	【小分组】:-1753137535;
【日志类型】:普通日志;
【标题】:打开tcp失败！;
【内容】:;
【createtime】:2017-08-28 16:16:50.037;

【项目】:任务后台;
【大分组】:-1989961220;	【小分组】:653527059;
【日志类型】:普通日志;
【标题】:正在关闭tcp！;
【内容】:;
【createtime】:2017-08-28 16:17:00.053;

【项目】:任务后台;
【大分组】:1240241913;	【小分组】:1018126422;
【日志类型】:普通日志;
【标题】:正在打开tcp...;
【内容】:;
【createtime】:2017-08-28 16:17:00.053;

【项目】:任务后台;
【大分组】:2130653117;	【小分组】:-309171842;
【日志类型】:普通日志;
【标题】:打开tcp失败！;
【内容】:;
【createtime】:2017-08-28 16:17:01.108;

【项目】:任务后台;
【大分组】:-1989961220;	【小分组】:1908388626;
【日志类型】:普通日志;
【标题】:正在关闭tcp！;
【内容】:;
【createtime】:2017-08-28 16:17:11.133;

【项目】:任务后台;
【大分组】:1240241913;	【小分组】:1371645595;
【日志类型】:普通日志;
【标题】:正在打开tcp...;
【内容】:;
【createtime】:2017-08-28 16:17:11.133;

【项目】:任务后台;
【大分组】:2130653117;	【小分组】:1662843622;
【日志类型】:普通日志;
【标题】:打开tcp失败！;
【内容】:;
【createtime】:2017-08-28 16:17:12.188;

【项目】:任务后台;
【大分组】:-1989961220;	【小分组】:1170422490;
【日志类型】:普通日志;
【标题】:正在关闭tcp！;
【内容】:;
【createtime】:2017-08-28 16:17:22.214;

【项目】:任务后台;
【大分组】:1240241913;	【小分组】:-1205408320;
【日志类型】:普通日志;
【标题】:正在打开tcp...;
【内容】:;
【createtime】:2017-08-28 16:17:22.214;

【项目】:任务后台;
【大分组】:2130653117;	【小分组】:941140639;
【日志类型】:普通日志;
【标题】:打开tcp失败！;
【内容】:;
【createtime】:2017-08-28 16:17:23.261;

【项目】:任务后台;
【大分组】:-1989961220;	【小分组】:-760632432;
【日志类型】:普通日志;
【标题】:正在关闭tcp！;
【内容】:;
【createtime】:2017-08-28 16:17:33.288;

【项目】:任务后台;
【大分组】:1240241913;	【小分组】:1378294554;
【日志类型】:普通日志;
【标题】:正在打开tcp...;
【内容】:;
【createtime】:2017-08-28 16:17:33.288;

【项目】:任务后台;
【大分组】:2130653117;	【小分组】:11702009;
【日志类型】:普通日志;
【标题】:打开tcp失败！;
【内容】:;
【createtime】:2017-08-28 16:17:34.333;

【项目】:任务后台;
【大分组】:-1989961220;	【小分组】:877824567;
【日志类型】:普通日志;
【标题】:正在关闭tcp！;
【内容】:;
【createtime】:2017-08-28 16:17:44.358;

【项目】:任务后台;
【大分组】:1240241913;	【小分组】:386696562;
【日志类型】:普通日志;
【标题】:正在打开tcp...;
【内容】:;
【createtime】:2017-08-28 16:17:44.358;

【项目】:任务后台;
【大分组】:2130653117;	【小分组】:-1509779785;
【日志类型】:普通日志;
【标题】:打开tcp失败！;
【内容】:;
【createtime】:2017-08-28 16:17:45.413;

【项目】:任务后台;
【大分组】:-1989961220;	【小分组】:-192925492;
【日志类型】:普通日志;
【标题】:正在关闭tcp！;
【内容】:;
【createtime】:2017-08-28 16:17:55.439;

【项目】:任务后台;
【大分组】:1240241913;	【小分组】:-1885153297;
【日志类型】:普通日志;
【标题】:正在打开tcp...;
【内容】:;
【createtime】:2017-08-28 16:17:55.439;

【项目】:任务后台;
【大分组】:2130653117;	【小分组】:673217323;
【日志类型】:普通日志;
【标题】:打开tcp失败！;
【内容】:;
【createtime】:2017-08-28 16:17:56.491;

【项目】:任务后台;
【大分组】:-1989961220;	【小分组】:-1384818284;
【日志类型】:普通日志;
【标题】:正在关闭tcp！;
【内容】:;
【createtime】:2017-08-28 16:18:06.516;

【项目】:任务后台;
【大分组】:1240241913;	【小分组】:-1960542720;
【日志类型】:普通日志;
【标题】:正在打开tcp...;
【内容】:;
【createtime】:2017-08-28 16:18:06.516;

【项目】:任务后台;
【大分组】:2130653117;	【小分组】:-933593181;
【日志类型】:普通日志;
【标题】:打开tcp失败！;
【内容】:;
【createtime】:2017-08-28 16:18:07.570;

【项目】:任务后台;
【大分组】:-1989961220;	【小分组】:1778223430;
【日志类型】:普通日志;
【标题】:正在关闭tcp！;
【内容】:;
【createtime】:2017-08-28 16:18:17.594;

【项目】:任务后台;
【大分组】:1240241913;	【小分组】:-16948811;
【日志类型】:普通日志;
【标题】:正在打开tcp...;
【内容】:;
【createtime】:2017-08-28 16:18:17.594;

【项目】:任务后台;
【大分组】:2130653117;	【小分组】:419267429;
【日志类型】:普通日志;
【标题】:打开tcp失败！;
【内容】:;
【createtime】:2017-08-28 16:18:18.658;

【项目】:任务后台;
【大分组】:-1989961220;	【小分组】:109869172;
【日志类型】:普通日志;
【标题】:正在关闭tcp！;
【内容】:;
【createtime】:2017-08-28 16:18:28.674;

【项目】:任务后台;
【大分组】:1240241913;	【小分组】:1570039950;
【日志类型】:普通日志;
【标题】:正在打开tcp...;
【内容】:;
【createtime】:2017-08-28 16:18:28.674;

【项目】:任务后台;
【大分组】:2130653117;	【小分组】:1538113198;
【日志类型】:普通日志;
【标题】:打开tcp失败！;
【内容】:;
【createtime】:2017-08-28 16:18:29.703;

【项目】:任务后台;
【大分组】:-1989961220;	【小分组】:1241976509;
【日志类型】:普通日志;
【标题】:正在关闭tcp！;
【内容】:;
【createtime】:2017-08-28 16:18:39.727;

【项目】:任务后台;
【大分组】:1240241913;	【小分组】:-1846650810;
【日志类型】:普通日志;
【标题】:正在打开tcp...;
【内容】:;
【createtime】:2017-08-28 16:18:39.727;

【项目】:任务后台;
【大分组】:2130653117;	【小分组】:-1140340247;
【日志类型】:普通日志;
【标题】:打开tcp失败！;
【内容】:;
【createtime】:2017-08-28 16:18:40.783;

【项目】:任务后台;
【大分组】:-1989961220;	【小分组】:-2002862440;
【日志类型】:普通日志;
【标题】:正在关闭tcp！;
【内容】:;
【createtime】:2017-08-28 16:18:50.809;

【项目】:任务后台;
【大分组】:1240241913;	【小分组】:-575928929;
【日志类型】:普通日志;
【标题】:正在打开tcp...;
【内容】:;
【createtime】:2017-08-28 16:18:50.809;

【项目】:任务后台;
【大分组】:2130653117;	【小分组】:1165016547;
【日志类型】:普通日志;
【标题】:打开tcp失败！;
【内容】:;
【createtime】:2017-08-28 16:18:51.866;

【项目】:任务后台;
【大分组】:-1989961220;	【小分组】:-1139345808;
【日志类型】:普通日志;
【标题】:正在关闭tcp！;
【内容】:;
【createtime】:2017-08-28 16:19:01.891;

【项目】:任务后台;
【大分组】:1240241913;	【小分组】:729937662;
【日志类型】:普通日志;
【标题】:正在打开tcp...;
【内容】:;
【createtime】:2017-08-28 16:19:01.891;

【项目】:任务后台;
【大分组】:2130653117;	【小分组】:-1467356278;
【日志类型】:普通日志;
【标题】:打开tcp失败！;
【内容】:;
【createtime】:2017-08-28 16:19:02.946;

【项目】:任务后台;
【大分组】:-1989961220;	【小分组】:-207598275;
【日志类型】:普通日志;
【标题】:正在关闭tcp！;
【内容】:;
【createtime】:2017-08-28 16:19:12.972;

【项目】:任务后台;
【大分组】:1240241913;	【小分组】:1251339883;
【日志类型】:普通日志;
【标题】:正在打开tcp...;
【内容】:;
【createtime】:2017-08-28 16:19:12.972;

【项目】:任务后台;
【大分组】:2130653117;	【小分组】:938867244;
【日志类型】:普通日志;
【标题】:打开tcp失败！;
【内容】:;
【createtime】:2017-08-28 16:19:14.005;

【项目】:任务后台;
【大分组】:-1989961220;	【小分组】:-1715291291;
【日志类型】:普通日志;
【标题】:正在关闭tcp！;
【内容】:;
【createtime】:2017-08-28 16:19:24.031;

【项目】:任务后台;
【大分组】:1240241913;	【小分组】:-2050538241;
【日志类型】:普通日志;
【标题】:正在打开tcp...;
【内容】:;
【createtime】:2017-08-28 16:19:24.031;

【项目】:任务后台;
【大分组】:2130653117;	【小分组】:7831065;
【日志类型】:普通日志;
【标题】:打开tcp失败！;
【内容】:;
【createtime】:2017-08-28 16:19:25.084;

【项目】:任务后台;
【大分组】:-1989961220;	【小分组】:835328033;
【日志类型】:普通日志;
【标题】:正在关闭tcp！;
【内容】:;
【createtime】:2017-08-28 16:19:35.101;

【项目】:任务后台;
【大分组】:1240241913;	【小分组】:1715366453;
【日志类型】:普通日志;
【标题】:正在打开tcp...;
【内容】:;
【createtime】:2017-08-28 16:19:35.101;

【项目】:任务后台;
【大分组】:2130653117;	【小分组】:-1729267574;
【日志类型】:普通日志;
【标题】:打开tcp失败！;
【内容】:;
【createtime】:2017-08-28 16:19:36.157;

【项目】:任务后台;
【大分组】:-1989961220;	【小分组】:-1047433792;
【日志类型】:普通日志;
【标题】:正在关闭tcp！;
【内容】:;
【createtime】:2017-08-28 16:19:46.183;

【项目】:任务后台;
【大分组】:1240241913;	【小分组】:1591887130;
【日志类型】:普通日志;
【标题】:正在打开tcp...;
【内容】:;
【createtime】:2017-08-28 16:19:46.183;

【项目】:任务后台;
【大分组】:2130653117;	【小分组】:-120547453;
【日志类型】:普通日志;
【标题】:打开tcp失败！;
【内容】:;
【createtime】:2017-08-28 16:19:47.230;

【项目】:任务后台;
【大分组】:-1989961220;	【小分组】:690385995;
【日志类型】:普通日志;
【标题】:正在关闭tcp！;
【内容】:;
【createtime】:2017-08-28 16:19:57.256;

【项目】:任务后台;
【大分组】:1240241913;	【小分组】:1471549281;
【日志类型】:普通日志;
【标题】:正在打开tcp...;
【内容】:;
【createtime】:2017-08-28 16:19:57.256;

【项目】:任务后台;
【大分组】:2130653117;	【小分组】:-1405603140;
【日志类型】:普通日志;
【标题】:打开tcp失败！;
【内容】:;
【createtime】:2017-08-28 16:19:58.309;

【项目】:任务后台;
【大分组】:-1989961220;	【小分组】:-682906808;
【日志类型】:普通日志;
【标题】:正在关闭tcp！;
【内容】:;
【createtime】:2017-08-28 16:20:08.334;

【项目】:任务后台;
【大分组】:1240241913;	【小分组】:136609612;
【日志类型】:普通日志;
【标题】:正在打开tcp...;
【内容】:;
【createtime】:2017-08-28 16:20:08.334;

【项目】:任务后台;
【大分组】:2130653117;	【小分组】:391038384;
【日志类型】:普通日志;
【标题】:打开tcp失败！;
【内容】:;
【createtime】:2017-08-28 16:20:09.365;

【项目】:任务后台;
【大分组】:-1989961220;	【小分组】:-1099521492;
【日志类型】:普通日志;
【标题】:正在关闭tcp！;
【内容】:;
【createtime】:2017-08-28 16:20:19.389;

【项目】:任务后台;
【大分组】:1240241913;	【小分组】:-1715614269;
【日志类型】:普通日志;
【标题】:正在打开tcp...;
【内容】:;
【createtime】:2017-08-28 16:20:19.389;

【项目】:任务后台;
【大分组】:2130653117;	【小分组】:-2034220766;
【日志类型】:普通日志;
【标题】:打开tcp失败！;
【内容】:;
【createtime】:2017-08-28 16:20:20.439;

【项目】:任务后台;
【大分组】:-1989961220;	【小分组】:-1107980935;
【日志类型】:普通日志;
【标题】:正在关闭tcp！;
【内容】:;
【createtime】:2017-08-28 16:20:30.456;

【项目】:任务后台;
【大分组】:1240241913;	【小分组】:-238275412;
【日志类型】:普通日志;
【标题】:正在打开tcp...;
【内容】:;
【createtime】:2017-08-28 16:20:30.456;

【项目】:任务后台;
【大分组】:2130653117;	【小分组】:-250553803;
【日志类型】:普通日志;
【标题】:打开tcp失败！;
【内容】:;
【createtime】:2017-08-28 16:20:31.508;

【项目】:任务后台;
【大分组】:-1989961220;	【小分组】:889917996;
【日志类型】:普通日志;
【标题】:正在关闭tcp！;
【内容】:;
【createtime】:2017-08-28 16:20:41.535;

【项目】:任务后台;
【大分组】:1240241913;	【小分组】:2011689909;
【日志类型】:普通日志;
【标题】:正在打开tcp...;
【内容】:;
【createtime】:2017-08-28 16:20:41.535;

【项目】:任务后台;
【大分组】:2130653117;	【小分组】:1675290909;
【日志类型】:普通日志;
【标题】:打开tcp失败！;
【内容】:;
【createtime】:2017-08-28 16:20:42.589;

【项目】:任务后台;
【大分组】:-1989961220;	【小分组】:-1927504447;
【日志类型】:普通日志;
【标题】:正在关闭tcp！;
【内容】:;
【createtime】:2017-08-28 16:20:52.614;

【项目】:任务后台;
【大分组】:1240241913;	【小分组】:310717842;
【日志类型】:普通日志;
【标题】:正在打开tcp...;
【内容】:;
【createtime】:2017-08-28 16:20:52.614;

【项目】:任务后台;
【大分组】:2130653117;	【小分组】:-257914430;
【日志类型】:普通日志;
【标题】:打开tcp失败！;
【内容】:;
【createtime】:2017-08-28 16:20:53.667;

【项目】:任务后台;
【大分组】:-1989961220;	【小分组】:1087234533;
【日志类型】:普通日志;
【标题】:正在关闭tcp！;
【内容】:;
【createtime】:2017-08-28 16:21:03.692;

【项目】:任务后台;
【大分组】:1240241913;	【小分组】:654393019;
【日志类型】:普通日志;
【标题】:正在打开tcp...;
【内容】:;
【createtime】:2017-08-28 16:21:03.692;

【项目】:任务后台;
【大分组】:2130653117;	【小分组】:1211033675;
【日志类型】:普通日志;
【标题】:打开tcp失败！;
【内容】:;
【createtime】:2017-08-28 16:21:04.747;

【项目】:任务后台;
【大分组】:-1989961220;	【小分组】:2079190987;
【日志类型】:普通日志;
【标题】:正在关闭tcp！;
【内容】:;
【createtime】:2017-08-28 16:21:14.771;

【项目】:任务后台;
【大分组】:1240241913;	【小分组】:83240171;
【日志类型】:普通日志;
【标题】:正在打开tcp...;
【内容】:;
【createtime】:2017-08-28 16:21:14.771;

【项目】:任务后台;
【大分组】:2130653117;	【小分组】:-1888290095;
【日志类型】:普通日志;
【标题】:打开tcp失败！;
【内容】:;
【createtime】:2017-08-28 16:21:15.827;

【项目】:任务后台;
【大分组】:-1989961220;	【小分组】:-1481204869;
【日志类型】:普通日志;
【标题】:正在关闭tcp！;
【内容】:;
【createtime】:2017-08-28 16:21:25.853;

【项目】:任务后台;
【大分组】:1240241913;	【小分组】:-1763622305;
【日志类型】:普通日志;
【标题】:正在打开tcp...;
【内容】:;
【createtime】:2017-08-28 16:21:25.853;

【项目】:任务后台;
【大分组】:2130653117;	【小分组】:1231553455;
【日志类型】:普通日志;
【标题】:打开tcp失败！;
【内容】:;
【createtime】:2017-08-28 16:21:26.907;

【项目】:任务后台;
【大分组】:-1989961220;	【小分组】:-416980945;
【日志类型】:普通日志;
【标题】:正在关闭tcp！;
【内容】:;
【createtime】:2017-08-28 16:21:36.931;

【项目】:任务后台;
【大分组】:1240241913;	【小分组】:1805704680;
【日志类型】:普通日志;
【标题】:正在打开tcp...;
【内容】:;
【createtime】:2017-08-28 16:21:36.931;

【项目】:任务后台;
【大分组】:2130653117;	【小分组】:23792089;
【日志类型】:普通日志;
【标题】:打开tcp失败！;
【内容】:;
【createtime】:2017-08-28 16:21:37.984;

