【项目】:任务后台;
【大分组】:1240241913;	【小分组】:37368736;
【日志类型】:普通日志;
【标题】:正在打开tcp...;
【内容】:;
【createtime】:2017-08-30 16:10:30.946;

【项目】:任务后台;
【大分组】:2130653117;	【小分组】:37368736;
【日志类型】:普通日志;
【标题】:打开tcp失败！;
【内容】:;
【createtime】:2017-08-30 16:10:32.054;

【项目】:任务后台;
【大分组】:-1989961220;	【小分组】:-442799837;
【日志类型】:普通日志;
【标题】:正在关闭tcp！;
【内容】:;
【createtime】:2017-08-30 16:10:32.088;

【项目】:任务后台;
【大分组】:1240241913;	【小分组】:2123461940;
【日志类型】:普通日志;
【标题】:正在打开tcp...;
【内容】:;
【createtime】:2017-08-30 16:10:32.088;

【项目】:任务后台;
【大分组】:2130653117;	【小分组】:-452781332;
【日志类型】:普通日志;
【标题】:打开tcp失败！;
【内容】:;
【createtime】:2017-08-30 16:10:33.162;

【项目】:任务后台;
【大分组】:-1989961220;	【小分组】:-1737800241;
【日志类型】:普通日志;
【标题】:正在关闭tcp！;
【内容】:;
【createtime】:2017-08-30 16:10:43.181;

【项目】:任务后台;
【大分组】:1240241913;	【小分组】:-1805165914;
【日志类型】:普通日志;
【标题】:正在打开tcp...;
【内容】:;
【createtime】:2017-08-30 16:10:43.181;

【项目】:任务后台;
【大分组】:2130653117;	【小分组】:1282145993;
【日志类型】:普通日志;
【标题】:打开tcp失败！;
【内容】:;
【createtime】:2017-08-30 16:10:44.236;

【项目】:任务后台;
【大分组】:-1989961220;	【小分组】:2052234910;
【日志类型】:普通日志;
【标题】:正在关闭tcp！;
【内容】:;
【createtime】:2017-08-30 16:10:54.245;

【项目】:任务后台;
【大分组】:1240241913;	【小分组】:498605412;
【日志类型】:普通日志;
【标题】:正在打开tcp...;
【内容】:;
【createtime】:2017-08-30 16:10:54.245;

【项目】:任务后台;
【大分组】:2130653117;	【小分组】:-209487031;
【日志类型】:普通日志;
【标题】:打开tcp失败！;
【内容】:;
【createtime】:2017-08-30 16:10:55.267;

【项目】:任务后台;
【大分组】:-1989961220;	【小分组】:-2020210631;
【日志类型】:普通日志;
【标题】:正在关闭tcp！;
【内容】:;
【createtime】:2017-08-30 16:11:05.294;

【项目】:任务后台;
【大分组】:1240241913;	【小分组】:-122157448;
【日志类型】:普通日志;
【标题】:正在打开tcp...;
【内容】:;
【createtime】:2017-08-30 16:11:05.294;

【项目】:任务后台;
【大分组】:2130653117;	【小分组】:330035717;
【日志类型】:普通日志;
【标题】:打开tcp失败！;
【内容】:;
【createtime】:2017-08-30 16:11:06.317;

【项目】:任务后台;
【大分组】:-1989961220;	【小分组】:-1562532196;
【日志类型】:普通日志;
【标题】:正在关闭tcp！;
【内容】:;
【createtime】:2017-08-30 16:11:16.329;

【项目】:任务后台;
【大分组】:1240241913;	【小分组】:1651593182;
【日志类型】:普通日志;
【标题】:正在打开tcp...;
【内容】:;
【createtime】:2017-08-30 16:11:16.329;

【项目】:任务后台;
【大分组】:2130653117;	【小分组】:-485386690;
【日志类型】:普通日志;
【标题】:打开tcp失败！;
【内容】:;
【createtime】:2017-08-30 16:11:17.370;

【项目】:任务后台;
【大分组】:-1989961220;	【小分组】:1879684357;
【日志类型】:普通日志;
【标题】:正在关闭tcp！;
【内容】:;
【createtime】:2017-08-30 16:11:27.394;

【项目】:任务后台;
【大分组】:1240241913;	【小分组】:2026484530;
【日志类型】:普通日志;
【标题】:正在打开tcp...;
【内容】:;
【createtime】:2017-08-30 16:11:27.394;

【项目】:任务后台;
【大分组】:2130653117;	【小分组】:17910601;
【日志类型】:普通日志;
【标题】:打开tcp失败！;
【内容】:;
【createtime】:2017-08-30 16:11:28.431;

【项目】:任务后台;
【大分组】:-1989961220;	【小分组】:1085948003;
【日志类型】:普通日志;
【标题】:正在关闭tcp！;
【内容】:;
【createtime】:2017-08-30 16:11:38.459;

【项目】:任务后台;
【大分组】:1240241913;	【小分组】:-1973530648;
【日志类型】:普通日志;
【标题】:正在打开tcp...;
【内容】:;
【createtime】:2017-08-30 16:11:38.459;

【项目】:任务后台;
【大分组】:2130653117;	【小分组】:-1193098059;
【日志类型】:普通日志;
【标题】:打开tcp失败！;
【内容】:;
【createtime】:2017-08-30 16:11:39.506;

【项目】:任务后台;
【大分组】:-1989961220;	【小分组】:-241208512;
【日志类型】:普通日志;
【标题】:正在关闭tcp！;
【内容】:;
【createtime】:2017-08-30 16:11:49.529;

【项目】:任务后台;
【大分组】:1240241913;	【小分组】:362857573;
【日志类型】:普通日志;
【标题】:正在打开tcp...;
【内容】:;
【createtime】:2017-08-30 16:11:49.529;

【项目】:任务后台;
【大分组】:2130653117;	【小分组】:1528287463;
【日志类型】:普通日志;
【标题】:打开tcp失败！;
【内容】:;
【createtime】:2017-08-30 16:11:50.580;

【项目】:任务后台;
【大分组】:-1989961220;	【小分组】:1766000666;
【日志类型】:普通日志;
【标题】:正在关闭tcp！;
【内容】:;
【createtime】:2017-08-30 16:12:00.597;

【项目】:任务后台;
【大分组】:1240241913;	【小分组】:2062736007;
【日志类型】:普通日志;
【标题】:正在打开tcp...;
【内容】:;
【createtime】:2017-08-30 16:12:00.597;

【项目】:任务后台;
【大分组】:2130653117;	【小分组】:878125518;
【日志类型】:普通日志;
【标题】:打开tcp失败！;
【内容】:;
【createtime】:2017-08-30 16:12:01.675;

【项目】:任务后台;
【大分组】:-1989961220;	【小分组】:-22076098;
【日志类型】:普通日志;
【标题】:正在关闭tcp！;
【内容】:;
【createtime】:2017-08-30 16:12:11.698;

【项目】:任务后台;
【大分组】:1240241913;	【小分组】:1433912137;
【日志类型】:普通日志;
【标题】:正在打开tcp...;
【内容】:;
【createtime】:2017-08-30 16:12:11.698;

【项目】:任务后台;
【大分组】:2130653117;	【小分组】:1178506915;
【日志类型】:普通日志;
【标题】:打开tcp失败！;
【内容】:;
【createtime】:2017-08-30 16:12:12.757;

【项目】:任务后台;
【大分组】:-1989961220;	【小分组】:1095098675;
【日志类型】:普通日志;
【标题】:正在关闭tcp！;
【内容】:;
【createtime】:2017-08-30 16:12:22.784;

【项目】:任务后台;
【大分组】:1240241913;	【小分组】:-346520296;
【日志类型】:普通日志;
【标题】:正在打开tcp...;
【内容】:;
【createtime】:2017-08-30 16:12:22.784;

【项目】:任务后台;
【大分组】:2130653117;	【小分组】:-932442940;
【日志类型】:普通日志;
【标题】:打开tcp失败！;
【内容】:;
【createtime】:2017-08-30 16:12:23.840;

【项目】:任务后台;
【大分组】:-1989961220;	【小分组】:-1707710296;
【日志类型】:普通日志;
【标题】:正在关闭tcp！;
【内容】:;
【createtime】:2017-08-30 16:12:33.866;

【项目】:任务后台;
【大分组】:1240241913;	【小分组】:-1201159832;
【日志类型】:普通日志;
【标题】:正在打开tcp...;
【内容】:;
【createtime】:2017-08-30 16:12:33.866;

【项目】:任务后台;
【大分组】:2130653117;	【小分组】:-930506353;
【日志类型】:普通日志;
【标题】:打开tcp失败！;
【内容】:;
【createtime】:2017-08-30 16:12:34.923;

【项目】:任务后台;
【大分组】:-1989961220;	【小分组】:-397438165;
【日志类型】:普通日志;
【标题】:正在关闭tcp！;
【内容】:;
【createtime】:2017-08-30 16:12:44.949;

【项目】:任务后台;
【大分组】:1240241913;	【小分组】:-1359976279;
【日志类型】:普通日志;
【标题】:正在打开tcp...;
【内容】:;
【createtime】:2017-08-30 16:12:44.949;

【项目】:任务后台;
【大分组】:2130653117;	【小分组】:430500285;
【日志类型】:普通日志;
【标题】:打开tcp失败！;
【内容】:;
【createtime】:2017-08-30 16:12:46.006;

【项目】:任务后台;
【大分组】:-1989961220;	【小分组】:-1181231121;
【日志类型】:普通日志;
【标题】:正在关闭tcp！;
【内容】:;
【createtime】:2017-08-30 16:12:56.035;

【项目】:任务后台;
【大分组】:1240241913;	【小分组】:-1538689783;
【日志类型】:普通日志;
【标题】:正在打开tcp...;
【内容】:;
【createtime】:2017-08-30 16:12:56.035;

【项目】:任务后台;
【大分组】:-1280615985;	【小分组】:845697882;
【日志类型】:普通日志;
【标题】:打开tcp成功！;
【内容】:;
【createtime】:2017-08-30 16:12:56.036;

【项目】:任务后台;
【大分组】:1240241913;	【小分组】:35104124;
【日志类型】:普通日志;
【标题】:正在打开tcp...;
【内容】:;
【createtime】:2017-08-30 16:13:45.378;

【项目】:任务后台;
【大分组】:2130653117;	【小分组】:35104124;
【日志类型】:普通日志;
【标题】:打开tcp失败！;
【内容】:;
【createtime】:2017-08-30 16:13:46.419;

【项目】:任务后台;
【大分组】:-1989961220;	【小分组】:1869984251;
【日志类型】:普通日志;
【标题】:正在关闭tcp！;
【内容】:;
【createtime】:2017-08-30 16:13:46.436;

【项目】:任务后台;
【大分组】:1240241913;	【小分组】:-593497398;
【日志类型】:普通日志;
【标题】:正在打开tcp...;
【内容】:;
【createtime】:2017-08-30 16:13:46.436;

【项目】:任务后台;
【大分组】:2130653117;	【小分组】:-2128549198;
【日志类型】:普通日志;
【标题】:打开tcp失败！;
【内容】:;
【createtime】:2017-08-30 16:13:47.477;

【项目】:任务后台;
【大分组】:-1989961220;	【小分组】:122338410;
【日志类型】:普通日志;
【标题】:正在关闭tcp！;
【内容】:;
【createtime】:2017-08-30 16:13:57.505;

【项目】:任务后台;
【大分组】:1240241913;	【小分组】:-403096579;
【日志类型】:普通日志;
【标题】:正在打开tcp...;
【内容】:;
【createtime】:2017-08-30 16:13:57.505;

【项目】:任务后台;
【大分组】:-1280615985;	【小分组】:812861467;
【日志类型】:普通日志;
【标题】:打开tcp成功！;
【内容】:;
【createtime】:2017-08-30 16:13:57.506;

【项目】:任务后台;
【大分组】:1240241913;	【小分组】:35104124;
【日志类型】:普通日志;
【标题】:正在打开tcp...;
【内容】:;
【createtime】:2017-08-30 16:14:29.632;

【项目】:任务后台;
【大分组】:2130653117;	【小分组】:35104124;
【日志类型】:普通日志;
【标题】:打开tcp失败！;
【内容】:;
【createtime】:2017-08-30 16:14:30.696;

【项目】:任务后台;
【大分组】:-1989961220;	【小分组】:1354184119;
【日志类型】:普通日志;
【标题】:正在关闭tcp！;
【内容】:;
【createtime】:2017-08-30 16:14:30.715;

【项目】:任务后台;
【大分组】:1240241913;	【小分组】:-2092579357;
【日志类型】:普通日志;
【标题】:正在打开tcp...;
【内容】:;
【createtime】:2017-08-30 16:14:30.715;

【项目】:任务后台;
【大分组】:2130653117;	【小分组】:835847279;
【日志类型】:普通日志;
【标题】:打开tcp失败！;
【内容】:;
【createtime】:2017-08-30 16:14:31.730;

【项目】:任务后台;
【大分组】:-1989961220;	【小分组】:403594929;
【日志类型】:普通日志;
【标题】:正在关闭tcp！;
【内容】:;
【createtime】:2017-08-30 16:14:41.754;

【项目】:任务后台;
【大分组】:1240241913;	【小分组】:-1789543983;
【日志类型】:普通日志;
【标题】:正在打开tcp...;
【内容】:;
【createtime】:2017-08-30 16:14:41.754;

【项目】:任务后台;
【大分组】:-1280615985;	【小分组】:1375467114;
【日志类型】:普通日志;
【标题】:打开tcp成功！;
【内容】:;
【createtime】:2017-08-30 16:14:41.755;

【项目】:任务后台;
【大分组】:1240241913;	【小分组】:35104124;
【日志类型】:普通日志;
【标题】:正在打开tcp...;
【内容】:;
【createtime】:2017-08-30 16:15:58.812;

【项目】:任务后台;
【大分组】:2130653117;	【小分组】:35104124;
【日志类型】:普通日志;
【标题】:打开tcp失败！;
【内容】:;
【createtime】:2017-08-30 16:15:59.884;

【项目】:任务后台;
【大分组】:-1989961220;	【小分组】:136731598;
【日志类型】:普通日志;
【标题】:正在关闭tcp！;
【内容】:;
【createtime】:2017-08-30 16:15:59.901;

【项目】:任务后台;
【大分组】:1240241913;	【小分组】:-2100736336;
【日志类型】:普通日志;
【标题】:正在打开tcp...;
【内容】:;
【createtime】:2017-08-30 16:15:59.901;

【项目】:任务后台;
【大分组】:2130653117;	【小分组】:1029624208;
【日志类型】:普通日志;
【标题】:打开tcp失败！;
【内容】:;
【createtime】:2017-08-30 16:16:00.923;

【项目】:任务后台;
【大分组】:-1989961220;	【小分组】:1369138359;
【日志类型】:普通日志;
【标题】:正在关闭tcp！;
【内容】:;
【createtime】:2017-08-30 16:16:10.965;

【项目】:任务后台;
【大分组】:1240241913;	【小分组】:238825187;
【日志类型】:普通日志;
【标题】:正在打开tcp...;
【内容】:;
【createtime】:2017-08-30 16:16:10.965;

【项目】:任务后台;
【大分组】:-1280615985;	【小分组】:1771098402;
【日志类型】:普通日志;
【标题】:打开tcp成功！;
【内容】:;
【createtime】:2017-08-30 16:16:10.966;

