【项目】:任务后台;
【大分组】:1240241913;	【小分组】:37368736;
【日志类型】:普通日志;
【标题】:正在打开tcp...;
【内容】:;
【createtime】:2017-09-21 14:55:46.398;

【项目】:任务后台;
【大分组】:2130653117;	【小分组】:37368736;
【日志类型】:普通日志;
【标题】:打开tcp失败！;
【内容】:;
【createtime】:2017-09-21 14:55:47.493;

【项目】:任务后台;
【大分组】:-1989961220;	【小分组】:659088543;
【日志类型】:普通日志;
【标题】:正在关闭tcp！;
【内容】:;
【createtime】:2017-09-21 14:55:47.522;

【项目】:任务后台;
【大分组】:1240241913;	【小分组】:1082305479;
【日志类型】:普通日志;
【标题】:正在打开tcp...;
【内容】:;
【createtime】:2017-09-21 14:55:47.522;

【项目】:任务后台;
【大分组】:2130653117;	【小分组】:146261989;
【日志类型】:普通日志;
【标题】:打开tcp失败！;
【内容】:;
【createtime】:2017-09-21 14:55:48.549;

【项目】:任务后台;
【大分组】:-1989961220;	【小分组】:1988729241;
【日志类型】:普通日志;
【标题】:正在关闭tcp！;
【内容】:;
【createtime】:2017-09-21 14:55:58.564;

【项目】:任务后台;
【大分组】:1240241913;	【小分组】:168235070;
【日志类型】:普通日志;
【标题】:正在打开tcp...;
【内容】:;
【createtime】:2017-09-21 14:55:58.564;

【项目】:任务后台;
【大分组】:2130653117;	【小分组】:-1872671134;
【日志类型】:普通日志;
【标题】:打开tcp失败！;
【内容】:;
【createtime】:2017-09-21 14:55:59.629;

【项目】:任务后台;
【大分组】:-1989961220;	【小分组】:1870484416;
【日志类型】:普通日志;
【标题】:正在关闭tcp！;
【内容】:;
【createtime】:2017-09-21 14:56:09.664;

【项目】:任务后台;
【大分组】:1240241913;	【小分组】:1251542294;
【日志类型】:普通日志;
【标题】:正在打开tcp...;
【内容】:;
【createtime】:2017-09-21 14:56:09.664;

【项目】:任务后台;
【大分组】:2130653117;	【小分组】:-151019210;
【日志类型】:普通日志;
【标题】:打开tcp失败！;
【内容】:;
【createtime】:2017-09-21 14:56:10.727;

【项目】:任务后台;
【大分组】:-1989961220;	【小分组】:104137965;
【日志类型】:普通日志;
【标题】:正在关闭tcp！;
【内容】:;
【createtime】:2017-09-21 14:56:20.754;

【项目】:任务后台;
【大分组】:1240241913;	【小分组】:-1597517882;
【日志类型】:普通日志;
【标题】:正在打开tcp...;
【内容】:;
【createtime】:2017-09-21 14:56:20.755;

【项目】:任务后台;
【大分组】:2130653117;	【小分组】:-1509948410;
【日志类型】:普通日志;
【标题】:打开tcp失败！;
【内容】:;
【createtime】:2017-09-21 14:56:21.812;

【项目】:任务后台;
【大分组】:-1989961220;	【小分组】:-424466408;
【日志类型】:普通日志;
【标题】:正在关闭tcp！;
【内容】:;
【createtime】:2017-09-21 14:56:31.832;

【项目】:任务后台;
【大分组】:1240241913;	【小分组】:-1842054189;
【日志类型】:普通日志;
【标题】:正在打开tcp...;
【内容】:;
【createtime】:2017-09-21 14:56:31.832;

【项目】:任务后台;
【大分组】:2130653117;	【小分组】:894170357;
【日志类型】:普通日志;
【标题】:打开tcp失败！;
【内容】:;
【createtime】:2017-09-21 14:56:32.889;

【项目】:任务后台;
【大分组】:-1989961220;	【小分组】:-1098349739;
【日志类型】:普通日志;
【标题】:正在关闭tcp！;
【内容】:;
【createtime】:2017-09-21 14:56:42.919;

【项目】:任务后台;
【大分组】:1240241913;	【小分组】:1911817378;
【日志类型】:普通日志;
【标题】:正在打开tcp...;
【内容】:;
【createtime】:2017-09-21 14:56:42.919;

【项目】:任务后台;
【大分组】:2130653117;	【小分组】:1460282518;
【日志类型】:普通日志;
【标题】:打开tcp失败！;
【内容】:;
【createtime】:2017-09-21 14:56:43.966;

【项目】:任务后台;
【大分组】:-1989961220;	【小分组】:285403068;
【日志类型】:普通日志;
【标题】:正在关闭tcp！;
【内容】:;
【createtime】:2017-09-21 14:56:54.002;

【项目】:任务后台;
【大分组】:1240241913;	【小分组】:427752119;
【日志类型】:普通日志;
【标题】:正在打开tcp...;
【内容】:;
【createtime】:2017-09-21 14:56:54.002;

【项目】:任务后台;
【大分组】:2130653117;	【小分组】:130462470;
【日志类型】:普通日志;
【标题】:打开tcp失败！;
【内容】:;
【createtime】:2017-09-21 14:56:55.055;

【项目】:任务后台;
【大分组】:-1989961220;	【小分组】:37604618;
【日志类型】:普通日志;
【标题】:正在关闭tcp！;
【内容】:;
【createtime】:2017-09-21 14:57:05.083;

【项目】:任务后台;
【大分组】:1240241913;	【小分组】:314818139;
【日志类型】:普通日志;
【标题】:正在打开tcp...;
【内容】:;
【createtime】:2017-09-21 14:57:05.083;

【项目】:任务后台;
【大分组】:2130653117;	【小分组】:-27380950;
【日志类型】:普通日志;
【标题】:打开tcp失败！;
【内容】:;
【createtime】:2017-09-21 14:57:06.164;

【项目】:任务后台;
【大分组】:-1989961220;	【小分组】:-488385163;
【日志类型】:普通日志;
【标题】:正在关闭tcp！;
【内容】:;
【createtime】:2017-09-21 14:57:16.180;

【项目】:任务后台;
【大分组】:1240241913;	【小分组】:113477213;
【日志类型】:普通日志;
【标题】:正在打开tcp...;
【内容】:;
【createtime】:2017-09-21 14:57:16.180;

【项目】:任务后台;
【大分组】:2130653117;	【小分组】:1475833818;
【日志类型】:普通日志;
【标题】:打开tcp失败！;
【内容】:;
【createtime】:2017-09-21 14:57:17.238;

【项目】:任务后台;
【大分组】:-1989961220;	【小分组】:1779553941;
【日志类型】:普通日志;
【标题】:正在关闭tcp！;
【内容】:;
【createtime】:2017-09-21 14:57:27.272;

【项目】:任务后台;
【大分组】:1240241913;	【小分组】:2067985487;
【日志类型】:普通日志;
【标题】:正在打开tcp...;
【内容】:;
【createtime】:2017-09-21 14:57:27.272;

【项目】:任务后台;
【大分组】:2130653117;	【小分组】:607540746;
【日志类型】:普通日志;
【标题】:打开tcp失败！;
【内容】:;
【createtime】:2017-09-21 14:57:28.337;

【项目】:任务后台;
【大分组】:-1989961220;	【小分组】:-1437835121;
【日志类型】:普通日志;
【标题】:正在关闭tcp！;
【内容】:;
【createtime】:2017-09-21 14:57:38.373;

【项目】:任务后台;
【大分组】:1240241913;	【小分组】:-1638278733;
【日志类型】:普通日志;
【标题】:正在打开tcp...;
【内容】:;
【createtime】:2017-09-21 14:57:38.373;

【项目】:任务后台;
【大分组】:2130653117;	【小分组】:1338740773;
【日志类型】:普通日志;
【标题】:打开tcp失败！;
【内容】:;
【createtime】:2017-09-21 14:57:39.435;

【项目】:任务后台;
【大分组】:-1989961220;	【小分组】:1774893284;
【日志类型】:普通日志;
【标题】:正在关闭tcp！;
【内容】:;
【createtime】:2017-09-21 14:57:49.467;

【项目】:任务后台;
【大分组】:1240241913;	【小分组】:1351002037;
【日志类型】:普通日志;
【标题】:正在打开tcp...;
【内容】:;
【createtime】:2017-09-21 14:57:49.467;

【项目】:任务后台;
【大分组】:2130653117;	【小分组】:30819807;
【日志类型】:普通日志;
【标题】:打开tcp失败！;
【内容】:;
【createtime】:2017-09-21 14:57:50.535;

【项目】:任务后台;
【大分组】:-1989961220;	【小分组】:573298133;
【日志类型】:普通日志;
【标题】:正在关闭tcp！;
【内容】:;
【createtime】:2017-09-21 14:58:00.575;

【项目】:任务后台;
【大分组】:1240241913;	【小分组】:-1627204797;
【日志类型】:普通日志;
【标题】:正在打开tcp...;
【内容】:;
【createtime】:2017-09-21 14:58:00.575;

【项目】:任务后台;
【大分组】:2130653117;	【小分组】:-1176152632;
【日志类型】:普通日志;
【标题】:打开tcp失败！;
【内容】:;
【createtime】:2017-09-21 14:58:01.638;

【项目】:任务后台;
【大分组】:-1989961220;	【小分组】:899578288;
【日志类型】:普通日志;
【标题】:正在关闭tcp！;
【内容】:;
【createtime】:2017-09-21 14:58:11.662;

【项目】:任务后台;
【大分组】:1240241913;	【小分组】:1800415547;
【日志类型】:普通日志;
【标题】:正在打开tcp...;
【内容】:;
【createtime】:2017-09-21 14:58:11.662;

【项目】:任务后台;
【大分组】:2130653117;	【小分组】:1973550432;
【日志类型】:普通日志;
【标题】:打开tcp失败！;
【内容】:;
【createtime】:2017-09-21 14:58:12.709;

【项目】:任务后台;
【大分组】:-1989961220;	【小分组】:1589512590;
【日志类型】:普通日志;
【标题】:正在关闭tcp！;
【内容】:;
【createtime】:2017-09-21 14:58:22.744;

【项目】:任务后台;
【大分组】:1240241913;	【小分组】:-1298021529;
【日志类型】:普通日志;
【标题】:正在打开tcp...;
【内容】:;
【createtime】:2017-09-21 14:58:22.744;

【项目】:任务后台;
【大分组】:2130653117;	【小分组】:-1519905980;
【日志类型】:普通日志;
【标题】:打开tcp失败！;
【内容】:;
【createtime】:2017-09-21 14:58:23.818;

【项目】:任务后台;
【大分组】:-1989961220;	【小分组】:708489183;
【日志类型】:普通日志;
【标题】:正在关闭tcp！;
【内容】:;
【createtime】:2017-09-21 14:58:33.831;

【项目】:任务后台;
【大分组】:1240241913;	【小分组】:-1532053379;
【日志类型】:普通日志;
【标题】:正在打开tcp...;
【内容】:;
【createtime】:2017-09-21 14:58:33.831;

【项目】:任务后台;
【大分组】:2130653117;	【小分组】:-955557372;
【日志类型】:普通日志;
【标题】:打开tcp失败！;
【内容】:;
【createtime】:2017-09-21 14:58:34.898;

【项目】:任务后台;
【大分组】:-1989961220;	【小分组】:2017874811;
【日志类型】:普通日志;
【标题】:正在关闭tcp！;
【内容】:;
【createtime】:2017-09-21 14:58:44.927;

【项目】:任务后台;
【大分组】:1240241913;	【小分组】:-909568210;
【日志类型】:普通日志;
【标题】:正在打开tcp...;
【内容】:;
【createtime】:2017-09-21 14:58:44.927;

【项目】:任务后台;
【大分组】:2130653117;	【小分组】:-1563527090;
【日志类型】:普通日志;
【标题】:打开tcp失败！;
【内容】:;
【createtime】:2017-09-21 14:58:45.995;

【项目】:任务后台;
【大分组】:-1989961220;	【小分组】:242843879;
【日志类型】:普通日志;
【标题】:正在关闭tcp！;
【内容】:;
【createtime】:2017-09-21 14:58:56.034;

【项目】:任务后台;
【大分组】:1240241913;	【小分组】:-1498982589;
【日志类型】:普通日志;
【标题】:正在打开tcp...;
【内容】:;
【createtime】:2017-09-21 14:58:56.034;

【项目】:任务后台;
【大分组】:2130653117;	【小分组】:2101251344;
【日志类型】:普通日志;
【标题】:打开tcp失败！;
【内容】:;
【createtime】:2017-09-21 14:58:57.090;

【项目】:任务后台;
【大分组】:-1989961220;	【小分组】:-81373840;
【日志类型】:普通日志;
【标题】:正在关闭tcp！;
【内容】:;
【createtime】:2017-09-21 14:59:07.107;

【项目】:任务后台;
【大分组】:1240241913;	【小分组】:1689023886;
【日志类型】:普通日志;
【标题】:正在打开tcp...;
【内容】:;
【createtime】:2017-09-21 14:59:07.107;

【项目】:任务后台;
【大分组】:2130653117;	【小分组】:1642567674;
【日志类型】:普通日志;
【标题】:打开tcp失败！;
【内容】:;
【createtime】:2017-09-21 14:59:08.173;

【项目】:任务后台;
【大分组】:-1989961220;	【小分组】:1134951111;
【日志类型】:普通日志;
【标题】:正在关闭tcp！;
【内容】:;
【createtime】:2017-09-21 14:59:18.201;

【项目】:任务后台;
【大分组】:1240241913;	【小分组】:299348555;
【日志类型】:普通日志;
【标题】:正在打开tcp...;
【内容】:;
【createtime】:2017-09-21 14:59:18.201;

【项目】:任务后台;
【大分组】:2130653117;	【小分组】:826557690;
【日志类型】:普通日志;
【标题】:打开tcp失败！;
【内容】:;
【createtime】:2017-09-21 14:59:19.248;

【项目】:任务后台;
【大分组】:-1989961220;	【小分组】:316673067;
【日志类型】:普通日志;
【标题】:正在关闭tcp！;
【内容】:;
【createtime】:2017-09-21 14:59:29.281;

【项目】:任务后台;
【大分组】:1240241913;	【小分组】:26340442;
【日志类型】:普通日志;
【标题】:正在打开tcp...;
【内容】:;
【createtime】:2017-09-21 14:59:29.281;

【项目】:任务后台;
【大分组】:2130653117;	【小分组】:-2045459957;
【日志类型】:普通日志;
【标题】:打开tcp失败！;
【内容】:;
【createtime】:2017-09-21 14:59:30.331;

【项目】:任务后台;
【大分组】:-1989961220;	【小分组】:196127987;
【日志类型】:普通日志;
【标题】:正在关闭tcp！;
【内容】:;
【createtime】:2017-09-21 14:59:40.367;

【项目】:任务后台;
【大分组】:1240241913;	【小分组】:55414080;
【日志类型】:普通日志;
【标题】:正在打开tcp...;
【内容】:;
【createtime】:2017-09-21 14:59:40.367;

【项目】:任务后台;
【大分组】:2130653117;	【小分组】:-1425108685;
【日志类型】:普通日志;
【标题】:打开tcp失败！;
【内容】:;
【createtime】:2017-09-21 14:59:41.431;

【项目】:任务后台;
【大分组】:-1989961220;	【小分组】:1792734901;
【日志类型】:普通日志;
【标题】:正在关闭tcp！;
【内容】:;
【createtime】:2017-09-21 14:59:51.457;

【项目】:任务后台;
【大分组】:1240241913;	【小分组】:-699428392;
【日志类型】:普通日志;
【标题】:正在打开tcp...;
【内容】:;
【createtime】:2017-09-21 14:59:51.457;

【项目】:任务后台;
【大分组】:2130653117;	【小分组】:452708231;
【日志类型】:普通日志;
【标题】:打开tcp失败！;
【内容】:;
【createtime】:2017-09-21 14:59:52.512;

【项目】:任务后台;
【大分组】:-1989961220;	【小分组】:-1510345797;
【日志类型】:普通日志;
【标题】:正在关闭tcp！;
【内容】:;
【createtime】:2017-09-21 15:00:02.533;

【项目】:任务后台;
【大分组】:1240241913;	【小分组】:-1257008224;
【日志类型】:普通日志;
【标题】:正在打开tcp...;
【内容】:;
【createtime】:2017-09-21 15:00:02.533;

【项目】:任务后台;
【大分组】:2130653117;	【小分组】:1773676929;
【日志类型】:普通日志;
【标题】:打开tcp失败！;
【内容】:;
【createtime】:2017-09-21 15:00:03.573;

【项目】:任务后台;
【大分组】:-1989961220;	【小分组】:1107787992;
【日志类型】:普通日志;
【标题】:正在关闭tcp！;
【内容】:;
【createtime】:2017-09-21 15:00:13.605;

【项目】:任务后台;
【大分组】:1240241913;	【小分组】:-475593170;
【日志类型】:普通日志;
【标题】:正在打开tcp...;
【内容】:;
【createtime】:2017-09-21 15:00:13.605;

【项目】:任务后台;
【大分组】:2130653117;	【小分组】:1212157522;
【日志类型】:普通日志;
【标题】:打开tcp失败！;
【内容】:;
【createtime】:2017-09-21 15:00:14.645;

【项目】:任务后台;
【大分组】:-1989961220;	【小分组】:-2073690811;
【日志类型】:普通日志;
【标题】:正在关闭tcp！;
【内容】:;
【createtime】:2017-09-21 15:00:24.684;

【项目】:任务后台;
【大分组】:1240241913;	【小分组】:1889778309;
【日志类型】:普通日志;
【标题】:正在打开tcp...;
【内容】:;
【createtime】:2017-09-21 15:00:24.684;

【项目】:任务后台;
【大分组】:2130653117;	【小分组】:1528403296;
【日志类型】:普通日志;
【标题】:打开tcp失败！;
【内容】:;
【createtime】:2017-09-21 15:00:25.747;

【项目】:任务后台;
【大分组】:-1989961220;	【小分组】:134629831;
【日志类型】:普通日志;
【标题】:正在关闭tcp！;
【内容】:;
【createtime】:2017-09-21 15:00:35.774;

【项目】:任务后台;
【大分组】:1240241913;	【小分组】:-163753071;
【日志类型】:普通日志;
【标题】:正在打开tcp...;
【内容】:;
【createtime】:2017-09-21 15:00:35.774;

【项目】:任务后台;
【大分组】:2130653117;	【小分组】:639073384;
【日志类型】:普通日志;
【标题】:打开tcp失败！;
【内容】:;
【createtime】:2017-09-21 15:00:36.821;

【项目】:任务后台;
【大分组】:-1989961220;	【小分组】:220460860;
【日志类型】:普通日志;
【标题】:正在关闭tcp！;
【内容】:;
【createtime】:2017-09-21 15:00:46.854;

【项目】:任务后台;
【大分组】:1240241913;	【小分组】:1383621017;
【日志类型】:普通日志;
【标题】:正在打开tcp...;
【内容】:;
【createtime】:2017-09-21 15:00:46.854;

【项目】:任务后台;
【大分组】:2130653117;	【小分组】:746130749;
【日志类型】:普通日志;
【标题】:打开tcp失败！;
【内容】:;
【createtime】:2017-09-21 15:00:47.918;

【项目】:任务后台;
【大分组】:-1989961220;	【小分组】:-1523280438;
【日志类型】:普通日志;
【标题】:正在关闭tcp！;
【内容】:;
【createtime】:2017-09-21 15:00:57.932;

【项目】:任务后台;
【大分组】:1240241913;	【小分组】:-1237225742;
【日志类型】:普通日志;
【标题】:正在打开tcp...;
【内容】:;
【createtime】:2017-09-21 15:00:57.932;

【项目】:任务后台;
【大分组】:2130653117;	【小分组】:-399727418;
【日志类型】:普通日志;
【标题】:打开tcp失败！;
【内容】:;
【createtime】:2017-09-21 15:00:59.005;

【项目】:任务后台;
【大分组】:-1989961220;	【小分组】:-1138859399;
【日志类型】:普通日志;
【标题】:正在关闭tcp！;
【内容】:;
【createtime】:2017-09-21 15:01:09.036;

【项目】:任务后台;
【大分组】:1240241913;	【小分组】:-1283808004;
【日志类型】:普通日志;
【标题】:正在打开tcp...;
【内容】:;
【createtime】:2017-09-21 15:01:09.036;

【项目】:任务后台;
【大分组】:2130653117;	【小分组】:1546186118;
【日志类型】:普通日志;
【标题】:打开tcp失败！;
【内容】:;
【createtime】:2017-09-21 15:01:10.070;

【项目】:任务后台;
【大分组】:-1989961220;	【小分组】:1539457797;
【日志类型】:普通日志;
【标题】:正在关闭tcp！;
【内容】:;
【createtime】:2017-09-21 15:01:20.088;

【项目】:任务后台;
【大分组】:1240241913;	【小分组】:1110574805;
【日志类型】:普通日志;
【标题】:正在打开tcp...;
【内容】:;
【createtime】:2017-09-21 15:01:20.088;

【项目】:任务后台;
【大分组】:2130653117;	【小分组】:-1531124646;
【日志类型】:普通日志;
【标题】:打开tcp失败！;
【内容】:;
【createtime】:2017-09-21 15:01:21.158;

【项目】:任务后台;
【大分组】:-1989961220;	【小分组】:1832875157;
【日志类型】:普通日志;
【标题】:正在关闭tcp！;
【内容】:;
【createtime】:2017-09-21 15:01:31.176;

【项目】:任务后台;
【大分组】:1240241913;	【小分组】:251122036;
【日志类型】:普通日志;
【标题】:正在打开tcp...;
【内容】:;
【createtime】:2017-09-21 15:01:31.176;

【项目】:任务后台;
【大分组】:2130653117;	【小分组】:-1717831753;
【日志类型】:普通日志;
【标题】:打开tcp失败！;
【内容】:;
【createtime】:2017-09-21 15:01:32.226;

【项目】:任务后台;
【大分组】:-1989961220;	【小分组】:-760105552;
【日志类型】:普通日志;
【标题】:正在关闭tcp！;
【内容】:;
【createtime】:2017-09-21 15:01:42.268;

【项目】:任务后台;
【大分组】:1240241913;	【小分组】:1906288123;
【日志类型】:普通日志;
【标题】:正在打开tcp...;
【内容】:;
【createtime】:2017-09-21 15:01:42.268;

【项目】:任务后台;
【大分组】:2130653117;	【小分组】:370198352;
【日志类型】:普通日志;
【标题】:打开tcp失败！;
【内容】:;
【createtime】:2017-09-21 15:01:43.326;

【项目】:任务后台;
【大分组】:-1989961220;	【小分组】:382950580;
【日志类型】:普通日志;
【标题】:正在关闭tcp！;
【内容】:;
【createtime】:2017-09-21 15:01:53.350;

【项目】:任务后台;
【大分组】:1240241913;	【小分组】:1796016402;
【日志类型】:普通日志;
【标题】:正在打开tcp...;
【内容】:;
【createtime】:2017-09-21 15:01:53.350;

【项目】:任务后台;
【大分组】:2130653117;	【小分组】:-1068351376;
【日志类型】:普通日志;
【标题】:打开tcp失败！;
【内容】:;
【createtime】:2017-09-21 15:01:54.433;

【项目】:任务后台;
【大分组】:-1989961220;	【小分组】:-1871186548;
【日志类型】:普通日志;
【标题】:正在关闭tcp！;
【内容】:;
【createtime】:2017-09-21 15:02:04.463;

【项目】:任务后台;
【大分组】:1240241913;	【小分组】:244840748;
【日志类型】:普通日志;
【标题】:正在打开tcp...;
【内容】:;
【createtime】:2017-09-21 15:02:04.463;

【项目】:任务后台;
【大分组】:2130653117;	【小分组】:-932283850;
【日志类型】:普通日志;
【标题】:打开tcp失败！;
【内容】:;
【createtime】:2017-09-21 15:02:05.508;

【项目】:任务后台;
【大分组】:-1989961220;	【小分组】:1645312138;
【日志类型】:普通日志;
【标题】:正在关闭tcp！;
【内容】:;
【createtime】:2017-09-21 15:02:15.532;

【项目】:任务后台;
【大分组】:1240241913;	【小分组】:1136752644;
【日志类型】:普通日志;
【标题】:正在打开tcp...;
【内容】:;
【createtime】:2017-09-21 15:02:15.532;

【项目】:任务后台;
【大分组】:2130653117;	【小分组】:1454183081;
【日志类型】:普通日志;
【标题】:打开tcp失败！;
【内容】:;
【createtime】:2017-09-21 15:02:16.590;

【项目】:任务后台;
【大分组】:-1989961220;	【小分组】:2059374572;
【日志类型】:普通日志;
【标题】:正在关闭tcp！;
【内容】:;
【createtime】:2017-09-21 15:02:26.614;

【项目】:任务后台;
【大分组】:1240241913;	【小分组】:1761134255;
【日志类型】:普通日志;
【标题】:正在打开tcp...;
【内容】:;
【createtime】:2017-09-21 15:02:26.614;

【项目】:任务后台;
【大分组】:2130653117;	【小分组】:1253634056;
【日志类型】:普通日志;
【标题】:打开tcp失败！;
【内容】:;
【createtime】:2017-09-21 15:02:27.637;

【项目】:任务后台;
【大分组】:-1989961220;	【小分组】:-905569625;
【日志类型】:普通日志;
【标题】:正在关闭tcp！;
【内容】:;
【createtime】:2017-09-21 15:02:37.647;

【项目】:任务后台;
【大分组】:1240241913;	【小分组】:-1599141120;
【日志类型】:普通日志;
【标题】:正在打开tcp...;
【内容】:;
【createtime】:2017-09-21 15:02:37.647;

【项目】:任务后台;
【大分组】:2130653117;	【小分组】:-537406023;
【日志类型】:普通日志;
【标题】:打开tcp失败！;
【内容】:;
【createtime】:2017-09-21 15:02:38.681;

【项目】:任务后台;
【大分组】:-1989961220;	【小分组】:-1486302497;
【日志类型】:普通日志;
【标题】:正在关闭tcp！;
【内容】:;
【createtime】:2017-09-21 15:02:48.691;

【项目】:任务后台;
【大分组】:1240241913;	【小分组】:1373531494;
【日志类型】:普通日志;
【标题】:正在打开tcp...;
【内容】:;
【createtime】:2017-09-21 15:02:48.691;

【项目】:任务后台;
【大分组】:2130653117;	【小分组】:278974693;
【日志类型】:普通日志;
【标题】:打开tcp失败！;
【内容】:;
【createtime】:2017-09-21 15:02:49.743;

【项目】:任务后台;
【大分组】:-1989961220;	【小分组】:-1908492522;
【日志类型】:普通日志;
【标题】:正在关闭tcp！;
【内容】:;
【createtime】:2017-09-21 15:02:59.768;

【项目】:任务后台;
【大分组】:1240241913;	【小分组】:2107547255;
【日志类型】:普通日志;
【标题】:正在打开tcp...;
【内容】:;
【createtime】:2017-09-21 15:02:59.768;

【项目】:任务后台;
【大分组】:2130653117;	【小分组】:-348390005;
【日志类型】:普通日志;
【标题】:打开tcp失败！;
【内容】:;
【createtime】:2017-09-21 15:03:00.827;

【项目】:任务后台;
【大分组】:-1989961220;	【小分组】:-1579395103;
【日志类型】:普通日志;
【标题】:正在关闭tcp！;
【内容】:;
【createtime】:2017-09-21 15:03:10.839;

【项目】:任务后台;
【大分组】:1240241913;	【小分组】:-1588667368;
【日志类型】:普通日志;
【标题】:正在打开tcp...;
【内容】:;
【createtime】:2017-09-21 15:03:10.839;

【项目】:任务后台;
【大分组】:2130653117;	【小分组】:721352143;
【日志类型】:普通日志;
【标题】:打开tcp失败！;
【内容】:;
【createtime】:2017-09-21 15:03:11.856;

【项目】:任务后台;
【大分组】:-1989961220;	【小分组】:-1600485855;
【日志类型】:普通日志;
【标题】:正在关闭tcp！;
【内容】:;
【createtime】:2017-09-21 15:03:21.957;

【项目】:任务后台;
【大分组】:1240241913;	【小分组】:-1845399650;
【日志类型】:普通日志;
【标题】:正在打开tcp...;
【内容】:;
【createtime】:2017-09-21 15:03:21.957;

【项目】:任务后台;
【大分组】:2130653117;	【小分组】:-1755396809;
【日志类型】:普通日志;
【标题】:打开tcp失败！;
【内容】:;
【createtime】:2017-09-21 15:03:22.985;

【项目】:任务后台;
【大分组】:-1989961220;	【小分组】:2123931947;
【日志类型】:普通日志;
【标题】:正在关闭tcp！;
【内容】:;
【createtime】:2017-09-21 15:03:32.991;

【项目】:任务后台;
【大分组】:1240241913;	【小分组】:27659393;
【日志类型】:普通日志;
【标题】:正在打开tcp...;
【内容】:;
【createtime】:2017-09-21 15:03:32.991;

【项目】:任务后台;
【大分组】:2130653117;	【小分组】:-634983589;
【日志类型】:普通日志;
【标题】:打开tcp失败！;
【内容】:;
【createtime】:2017-09-21 15:03:34.018;

【项目】:任务后台;
【大分组】:-1989961220;	【小分组】:1671977796;
【日志类型】:普通日志;
【标题】:正在关闭tcp！;
【内容】:;
【createtime】:2017-09-21 15:03:44.030;

【项目】:任务后台;
【大分组】:1240241913;	【小分组】:-376506204;
【日志类型】:普通日志;
【标题】:正在打开tcp...;
【内容】:;
【createtime】:2017-09-21 15:03:44.030;

【项目】:任务后台;
【大分组】:2130653117;	【小分组】:1352378574;
【日志类型】:普通日志;
【标题】:打开tcp失败！;
【内容】:;
【createtime】:2017-09-21 15:03:45.104;

【项目】:任务后台;
【大分组】:-1989961220;	【小分组】:-1641813018;
【日志类型】:普通日志;
【标题】:正在关闭tcp！;
【内容】:;
【createtime】:2017-09-21 15:03:55.113;

【项目】:任务后台;
【大分组】:1240241913;	【小分组】:736589068;
【日志类型】:普通日志;
【标题】:正在打开tcp...;
【内容】:;
【createtime】:2017-09-21 15:03:55.113;

【项目】:任务后台;
【大分组】:2130653117;	【小分组】:598183742;
【日志类型】:普通日志;
【标题】:打开tcp失败！;
【内容】:;
【createtime】:2017-09-21 15:03:56.130;

【项目】:任务后台;
【大分组】:-1989961220;	【小分组】:994483600;
【日志类型】:普通日志;
【标题】:正在关闭tcp！;
【内容】:;
【createtime】:2017-09-21 15:04:06.163;

【项目】:任务后台;
【大分组】:1240241913;	【小分组】:988275099;
【日志类型】:普通日志;
【标题】:正在打开tcp...;
【内容】:;
【createtime】:2017-09-21 15:04:06.163;

【项目】:任务后台;
【大分组】:2130653117;	【小分组】:972118182;
【日志类型】:普通日志;
【标题】:打开tcp失败！;
【内容】:;
【createtime】:2017-09-21 15:04:07.185;

【项目】:任务后台;
【大分组】:-1989961220;	【小分组】:725196786;
【日志类型】:普通日志;
【标题】:正在关闭tcp！;
【内容】:;
【createtime】:2017-09-21 15:04:17.188;

【项目】:任务后台;
【大分组】:1240241913;	【小分组】:-2100515017;
【日志类型】:普通日志;
【标题】:正在打开tcp...;
【内容】:;
【createtime】:2017-09-21 15:04:17.188;

【项目】:任务后台;
【大分组】:2130653117;	【小分组】:-40538608;
【日志类型】:普通日志;
【标题】:打开tcp失败！;
【内容】:;
【createtime】:2017-09-21 15:04:18.363;

【项目】:任务后台;
【大分组】:-1989961220;	【小分组】:703456653;
【日志类型】:普通日志;
【标题】:正在关闭tcp！;
【内容】:;
【createtime】:2017-09-21 15:04:28.374;

【项目】:任务后台;
【大分组】:1240241913;	【小分组】:-107480923;
【日志类型】:普通日志;
【标题】:正在打开tcp...;
【内容】:;
【createtime】:2017-09-21 15:04:28.374;

【项目】:任务后台;
【大分组】:2130653117;	【小分组】:-572255958;
【日志类型】:普通日志;
【标题】:打开tcp失败！;
【内容】:;
【createtime】:2017-09-21 15:04:29.430;

【项目】:任务后台;
【大分组】:-1989961220;	【小分组】:1274292995;
【日志类型】:普通日志;
【标题】:正在关闭tcp！;
【内容】:;
【createtime】:2017-09-21 15:04:39.430;

【项目】:任务后台;
【大分组】:1240241913;	【小分组】:1240711308;
【日志类型】:普通日志;
【标题】:正在打开tcp...;
【内容】:;
【createtime】:2017-09-21 15:04:39.430;

【项目】:任务后台;
【大分组】:2130653117;	【小分组】:-303323838;
【日志类型】:普通日志;
【标题】:打开tcp失败！;
【内容】:;
【createtime】:2017-09-21 15:04:40.474;

【项目】:任务后台;
【大分组】:-1989961220;	【小分组】:-710962007;
【日志类型】:普通日志;
【标题】:正在关闭tcp！;
【内容】:;
【createtime】:2017-09-21 15:04:50.490;

【项目】:任务后台;
【大分组】:1240241913;	【小分组】:104633452;
【日志类型】:普通日志;
【标题】:正在打开tcp...;
【内容】:;
【createtime】:2017-09-21 15:04:50.490;

【项目】:任务后台;
【大分组】:2130653117;	【小分组】:-1751627833;
【日志类型】:普通日志;
【标题】:打开tcp失败！;
【内容】:;
【createtime】:2017-09-21 15:04:51.554;

【项目】:任务后台;
【大分组】:-1989961220;	【小分组】:-217740879;
【日志类型】:普通日志;
【标题】:正在关闭tcp！;
【内容】:;
【createtime】:2017-09-21 15:05:01.563;

【项目】:任务后台;
【大分组】:1240241913;	【小分组】:-1748530958;
【日志类型】:普通日志;
【标题】:正在打开tcp...;
【内容】:;
【createtime】:2017-09-21 15:05:01.563;

【项目】:任务后台;
【大分组】:2130653117;	【小分组】:-577786000;
【日志类型】:普通日志;
【标题】:打开tcp失败！;
【内容】:;
【createtime】:2017-09-21 15:05:02.580;

【项目】:任务后台;
【大分组】:-1989961220;	【小分组】:-810330383;
【日志类型】:普通日志;
【标题】:正在关闭tcp！;
【内容】:;
【createtime】:2017-09-21 15:05:12.616;

【项目】:任务后台;
【大分组】:1240241913;	【小分组】:51259681;
【日志类型】:普通日志;
【标题】:正在打开tcp...;
【内容】:;
【createtime】:2017-09-21 15:05:12.616;

【项目】:任务后台;
【大分组】:2130653117;	【小分组】:-1874030321;
【日志类型】:普通日志;
【标题】:打开tcp失败！;
【内容】:;
【createtime】:2017-09-21 15:05:13.657;

【项目】:任务后台;
【大分组】:-1989961220;	【小分组】:1379861775;
【日志类型】:普通日志;
【标题】:正在关闭tcp！;
【内容】:;
【createtime】:2017-09-21 15:05:23.675;

【项目】:任务后台;
【大分组】:1240241913;	【小分组】:178894455;
【日志类型】:普通日志;
【标题】:正在打开tcp...;
【内容】:;
【createtime】:2017-09-21 15:05:23.675;

【项目】:任务后台;
【大分组】:2130653117;	【小分组】:-1152725105;
【日志类型】:普通日志;
【标题】:打开tcp失败！;
【内容】:;
【createtime】:2017-09-21 15:05:24.698;

【项目】:任务后台;
【大分组】:-1989961220;	【小分组】:-515424890;
【日志类型】:普通日志;
【标题】:正在关闭tcp！;
【内容】:;
【createtime】:2017-09-21 15:05:34.719;

【项目】:任务后台;
【大分组】:1240241913;	【小分组】:-305254245;
【日志类型】:普通日志;
【标题】:正在打开tcp...;
【内容】:;
【createtime】:2017-09-21 15:05:34.719;

【项目】:任务后台;
【大分组】:2130653117;	【小分组】:-1961481961;
【日志类型】:普通日志;
【标题】:打开tcp失败！;
【内容】:;
【createtime】:2017-09-21 15:05:35.758;

【项目】:任务后台;
【大分组】:-1989961220;	【小分组】:-1256369421;
【日志类型】:普通日志;
【标题】:正在关闭tcp！;
【内容】:;
【createtime】:2017-09-21 15:05:45.801;

【项目】:任务后台;
【大分组】:1240241913;	【小分组】:-739438610;
【日志类型】:普通日志;
【标题】:正在打开tcp...;
【内容】:;
【createtime】:2017-09-21 15:05:45.801;

【项目】:任务后台;
【大分组】:2130653117;	【小分组】:1353664627;
【日志类型】:普通日志;
【标题】:打开tcp失败！;
【内容】:;
【createtime】:2017-09-21 15:05:46.840;

【项目】:任务后台;
【大分组】:-1989961220;	【小分组】:363141540;
【日志类型】:普通日志;
【标题】:正在关闭tcp！;
【内容】:;
【createtime】:2017-09-21 15:05:56.860;

【项目】:任务后台;
【大分组】:1240241913;	【小分组】:-1363052570;
【日志类型】:普通日志;
【标题】:正在打开tcp...;
【内容】:;
【createtime】:2017-09-21 15:05:56.860;

【项目】:任务后台;
【大分组】:2130653117;	【小分组】:1922363461;
【日志类型】:普通日志;
【标题】:打开tcp失败！;
【内容】:;
【createtime】:2017-09-21 15:05:57.972;

【项目】:任务后台;
【大分组】:-1989961220;	【小分组】:-650110889;
【日志类型】:普通日志;
【标题】:正在关闭tcp！;
【内容】:;
【createtime】:2017-09-21 15:06:08.011;

【项目】:任务后台;
【大分组】:1240241913;	【小分组】:-50162859;
【日志类型】:普通日志;
【标题】:正在打开tcp...;
【内容】:;
【createtime】:2017-09-21 15:06:08.011;

【项目】:任务后台;
【大分组】:2130653117;	【小分组】:-1801093684;
【日志类型】:普通日志;
【标题】:打开tcp失败！;
【内容】:;
【createtime】:2017-09-21 15:06:09.065;

【项目】:任务后台;
【大分组】:-1989961220;	【小分组】:-1153310604;
【日志类型】:普通日志;
【标题】:正在关闭tcp！;
【内容】:;
【createtime】:2017-09-21 15:06:19.093;

【项目】:任务后台;
【大分组】:1240241913;	【小分组】:-2031924517;
【日志类型】:普通日志;
【标题】:正在打开tcp...;
【内容】:;
【createtime】:2017-09-21 15:06:19.093;

【项目】:任务后台;
【大分组】:2130653117;	【小分组】:-1584032515;
【日志类型】:普通日志;
【标题】:打开tcp失败！;
【内容】:;
【createtime】:2017-09-21 15:06:20.152;

【项目】:任务后台;
【大分组】:-1989961220;	【小分组】:1235293681;
【日志类型】:普通日志;
【标题】:正在关闭tcp！;
【内容】:;
【createtime】:2017-09-21 15:06:30.166;

【项目】:任务后台;
【大分组】:1240241913;	【小分组】:-2109943186;
【日志类型】:普通日志;
【标题】:正在打开tcp...;
【内容】:;
【createtime】:2017-09-21 15:06:30.166;

【项目】:任务后台;
【大分组】:2130653117;	【小分组】:-1867610145;
【日志类型】:普通日志;
【标题】:打开tcp失败！;
【内容】:;
【createtime】:2017-09-21 15:06:31.231;

【项目】:任务后台;
【大分组】:-1989961220;	【小分组】:-1670925176;
【日志类型】:普通日志;
【标题】:正在关闭tcp！;
【内容】:;
【createtime】:2017-09-21 15:06:41.265;

【项目】:任务后台;
【大分组】:1240241913;	【小分组】:-1675506316;
【日志类型】:普通日志;
【标题】:正在打开tcp...;
【内容】:;
【createtime】:2017-09-21 15:06:41.265;

【项目】:任务后台;
【大分组】:2130653117;	【小分组】:1164773642;
【日志类型】:普通日志;
【标题】:打开tcp失败！;
【内容】:;
【createtime】:2017-09-21 15:06:42.339;

【项目】:任务后台;
【大分组】:-1989961220;	【小分组】:303165536;
【日志类型】:普通日志;
【标题】:正在关闭tcp！;
【内容】:;
【createtime】:2017-09-21 15:06:52.363;

【项目】:任务后台;
【大分组】:1240241913;	【小分组】:1627369349;
【日志类型】:普通日志;
【标题】:正在打开tcp...;
【内容】:;
【createtime】:2017-09-21 15:06:52.363;

【项目】:任务后台;
【大分组】:2130653117;	【小分组】:123763593;
【日志类型】:普通日志;
【标题】:打开tcp失败！;
【内容】:;
【createtime】:2017-09-21 15:06:53.426;

【项目】:任务后台;
【大分组】:-1989961220;	【小分组】:766873206;
【日志类型】:普通日志;
【标题】:正在关闭tcp！;
【内容】:;
【createtime】:2017-09-21 15:07:03.427;

【项目】:任务后台;
【大分组】:1240241913;	【小分组】:-1713731170;
【日志类型】:普通日志;
【标题】:正在打开tcp...;
【内容】:;
【createtime】:2017-09-21 15:07:03.427;

【项目】:任务后台;
【大分组】:2130653117;	【小分组】:-55235671;
【日志类型】:普通日志;
【标题】:打开tcp失败！;
【内容】:;
【createtime】:2017-09-21 15:07:04.474;

【项目】:任务后台;
【大分组】:-1989961220;	【小分组】:253358830;
【日志类型】:普通日志;
【标题】:正在关闭tcp！;
【内容】:;
【createtime】:2017-09-21 15:07:14.493;

【项目】:任务后台;
【大分组】:1240241913;	【小分组】:-199561848;
【日志类型】:普通日志;
【标题】:正在打开tcp...;
【内容】:;
【createtime】:2017-09-21 15:07:14.493;

【项目】:任务后台;
【大分组】:2130653117;	【小分组】:652157127;
【日志类型】:普通日志;
【标题】:打开tcp失败！;
【内容】:;
【createtime】:2017-09-21 15:07:15.555;

【项目】:任务后台;
【大分组】:-1989961220;	【小分组】:1181875118;
【日志类型】:普通日志;
【标题】:正在关闭tcp！;
【内容】:;
【createtime】:2017-09-21 15:07:25.582;

【项目】:任务后台;
【大分组】:1240241913;	【小分组】:-458421281;
【日志类型】:普通日志;
【标题】:正在打开tcp...;
【内容】:;
【createtime】:2017-09-21 15:07:25.582;

【项目】:任务后台;
【大分组】:2130653117;	【小分组】:1915828013;
【日志类型】:普通日志;
【标题】:打开tcp失败！;
【内容】:;
【createtime】:2017-09-21 15:07:26.645;

【项目】:任务后台;
【大分组】:-1989961220;	【小分组】:50143857;
【日志类型】:普通日志;
【标题】:正在关闭tcp！;
【内容】:;
【createtime】:2017-09-21 15:07:36.677;

【项目】:任务后台;
【大分组】:1240241913;	【小分组】:445038154;
【日志类型】:普通日志;
【标题】:正在打开tcp...;
【内容】:;
【createtime】:2017-09-21 15:07:36.677;

【项目】:任务后台;
【大分组】:2130653117;	【小分组】:301572428;
【日志类型】:普通日志;
【标题】:打开tcp失败！;
【内容】:;
【createtime】:2017-09-21 15:07:37.756;

【项目】:任务后台;
【大分组】:-1989961220;	【小分组】:1701069891;
【日志类型】:普通日志;
【标题】:正在关闭tcp！;
【内容】:;
【createtime】:2017-09-21 15:07:47.774;

【项目】:任务后台;
【大分组】:1240241913;	【小分组】:-1886191352;
【日志类型】:普通日志;
【标题】:正在打开tcp...;
【内容】:;
【createtime】:2017-09-21 15:07:47.774;

【项目】:任务后台;
【大分组】:2130653117;	【小分组】:-539395946;
【日志类型】:普通日志;
【标题】:打开tcp失败！;
【内容】:;
【createtime】:2017-09-21 15:07:48.810;

【项目】:任务后台;
【大分组】:-1989961220;	【小分组】:-623503570;
【日志类型】:普通日志;
【标题】:正在关闭tcp！;
【内容】:;
【createtime】:2017-09-21 15:07:58.840;

【项目】:任务后台;
【大分组】:1240241913;	【小分组】:-1073133534;
【日志类型】:普通日志;
【标题】:正在打开tcp...;
【内容】:;
【createtime】:2017-09-21 15:07:58.840;

【项目】:任务后台;
【大分组】:2130653117;	【小分组】:2109986164;
【日志类型】:普通日志;
【标题】:打开tcp失败！;
【内容】:;
【createtime】:2017-09-21 15:07:59.887;

【项目】:任务后台;
【大分组】:-1989961220;	【小分组】:-547115810;
【日志类型】:普通日志;
【标题】:正在关闭tcp！;
【内容】:;
【createtime】:2017-09-21 15:08:09.918;

【项目】:任务后台;
【大分组】:1240241913;	【小分组】:2115723895;
【日志类型】:普通日志;
【标题】:正在打开tcp...;
【内容】:;
【createtime】:2017-09-21 15:08:09.918;

【项目】:任务后台;
【大分组】:2130653117;	【小分组】:1093679844;
【日志类型】:普通日志;
【标题】:打开tcp失败！;
【内容】:;
【createtime】:2017-09-21 15:08:10.996;

【项目】:任务后台;
【大分组】:-1989961220;	【小分组】:-701291985;
【日志类型】:普通日志;
【标题】:正在关闭tcp！;
【内容】:;
【createtime】:2017-09-21 15:08:21.017;

【项目】:任务后台;
【大分组】:1240241913;	【小分组】:-304855863;
【日志类型】:普通日志;
【标题】:正在打开tcp...;
【内容】:;
【createtime】:2017-09-21 15:08:21.017;

【项目】:任务后台;
【大分组】:2130653117;	【小分组】:-1446501313;
【日志类型】:普通日志;
【标题】:打开tcp失败！;
【内容】:;
【createtime】:2017-09-21 15:08:22.084;

【项目】:任务后台;
【大分组】:-1989961220;	【小分组】:-995100083;
【日志类型】:普通日志;
【标题】:正在关闭tcp！;
【内容】:;
【createtime】:2017-09-21 15:08:32.116;

【项目】:任务后台;
【大分组】:1240241913;	【小分组】:2004153040;
【日志类型】:普通日志;
【标题】:正在打开tcp...;
【内容】:;
【createtime】:2017-09-21 15:08:32.116;

【项目】:任务后台;
【大分组】:2130653117;	【小分组】:149868075;
【日志类型】:普通日志;
【标题】:打开tcp失败！;
【内容】:;
【createtime】:2017-09-21 15:08:33.163;

【项目】:任务后台;
【大分组】:-1989961220;	【小分组】:-1552754866;
【日志类型】:普通日志;
【标题】:正在关闭tcp！;
【内容】:;
【createtime】:2017-09-21 15:08:43.166;

【项目】:任务后台;
【大分组】:1240241913;	【小分组】:-1148606020;
【日志类型】:普通日志;
【标题】:正在打开tcp...;
【内容】:;
【createtime】:2017-09-21 15:08:43.166;

【项目】:任务后台;
【大分组】:2130653117;	【小分组】:-2000409910;
【日志类型】:普通日志;
【标题】:打开tcp失败！;
【内容】:;
【createtime】:2017-09-21 15:08:44.221;

【项目】:任务后台;
【大分组】:-1989961220;	【小分组】:523469080;
【日志类型】:普通日志;
【标题】:正在关闭tcp！;
【内容】:;
【createtime】:2017-09-21 15:08:54.252;

【项目】:任务后台;
【大分组】:1240241913;	【小分组】:-298367485;
【日志类型】:普通日志;
【标题】:正在打开tcp...;
【内容】:;
【createtime】:2017-09-21 15:08:54.252;

【项目】:任务后台;
【大分组】:2130653117;	【小分组】:-1664193507;
【日志类型】:普通日志;
【标题】:打开tcp失败！;
【内容】:;
【createtime】:2017-09-21 15:08:55.303;

【项目】:任务后台;
【大分组】:-1989961220;	【小分组】:-1387237710;
【日志类型】:普通日志;
【标题】:正在关闭tcp！;
【内容】:;
【createtime】:2017-09-21 15:09:05.329;

【项目】:任务后台;
【大分组】:1240241913;	【小分组】:1848534209;
【日志类型】:普通日志;
【标题】:正在打开tcp...;
【内容】:;
【createtime】:2017-09-21 15:09:05.329;

【项目】:任务后台;
【大分组】:2130653117;	【小分组】:-464496802;
【日志类型】:普通日志;
【标题】:打开tcp失败！;
【内容】:;
【createtime】:2017-09-21 15:09:06.356;

【项目】:任务后台;
【大分组】:-1989961220;	【小分组】:1990998202;
【日志类型】:普通日志;
【标题】:正在关闭tcp！;
【内容】:;
【createtime】:2017-09-21 15:09:16.386;

【项目】:任务后台;
【大分组】:1240241913;	【小分组】:606288195;
【日志类型】:普通日志;
【标题】:正在打开tcp...;
【内容】:;
【createtime】:2017-09-21 15:09:16.386;

【项目】:任务后台;
【大分组】:2130653117;	【小分组】:1189146582;
【日志类型】:普通日志;
【标题】:打开tcp失败！;
【内容】:;
【createtime】:2017-09-21 15:09:17.404;

【项目】:任务后台;
【大分组】:-1989961220;	【小分组】:365462230;
【日志类型】:普通日志;
【标题】:正在关闭tcp！;
【内容】:;
【createtime】:2017-09-21 15:09:27.438;

【项目】:任务后台;
【大分组】:1240241913;	【小分组】:398011764;
【日志类型】:普通日志;
【标题】:正在打开tcp...;
【内容】:;
【createtime】:2017-09-21 15:09:27.438;

【项目】:任务后台;
【大分组】:2130653117;	【小分组】:-1394042340;
【日志类型】:普通日志;
【标题】:打开tcp失败！;
【内容】:;
【createtime】:2017-09-21 15:09:28.516;

【项目】:任务后台;
【大分组】:-1989961220;	【小分组】:397404567;
【日志类型】:普通日志;
【标题】:正在关闭tcp！;
【内容】:;
【createtime】:2017-09-21 15:09:38.542;

【项目】:任务后台;
【大分组】:1240241913;	【小分组】:1762883936;
【日志类型】:普通日志;
【标题】:正在打开tcp...;
【内容】:;
【createtime】:2017-09-21 15:09:38.542;

【项目】:任务后台;
【大分组】:2130653117;	【小分组】:-2131307784;
【日志类型】:普通日志;
【标题】:打开tcp失败！;
【内容】:;
【createtime】:2017-09-21 15:09:39.612;

【项目】:任务后台;
【大分组】:-1989961220;	【小分组】:-336433069;
【日志类型】:普通日志;
【标题】:正在关闭tcp！;
【内容】:;
【createtime】:2017-09-21 15:09:49.618;

【项目】:任务后台;
【大分组】:1240241913;	【小分组】:1900872647;
【日志类型】:普通日志;
【标题】:正在打开tcp...;
【内容】:;
【createtime】:2017-09-21 15:09:49.618;

【项目】:任务后台;
【大分组】:2130653117;	【小分组】:-114421649;
【日志类型】:普通日志;
【标题】:打开tcp失败！;
【内容】:;
【createtime】:2017-09-21 15:09:50.653;

【项目】:任务后台;
【大分组】:-1989961220;	【小分组】:1433593256;
【日志类型】:普通日志;
【标题】:正在关闭tcp！;
【内容】:;
【createtime】:2017-09-21 15:10:00.670;

【项目】:任务后台;
【大分组】:1240241913;	【小分组】:891439984;
【日志类型】:普通日志;
【标题】:正在打开tcp...;
【内容】:;
【createtime】:2017-09-21 15:10:00.670;

【项目】:任务后台;
【大分组】:2130653117;	【小分组】:-521748826;
【日志类型】:普通日志;
【标题】:打开tcp失败！;
【内容】:;
【createtime】:2017-09-21 15:10:01.717;

【项目】:任务后台;
【大分组】:-1989961220;	【小分组】:-620501116;
【日志类型】:普通日志;
【标题】:正在关闭tcp！;
【内容】:;
【createtime】:2017-09-21 15:10:11.727;

【项目】:任务后台;
【大分组】:1240241913;	【小分组】:2044276423;
【日志类型】:普通日志;
【标题】:正在打开tcp...;
【内容】:;
【createtime】:2017-09-21 15:10:11.727;

【项目】:任务后台;
【大分组】:2130653117;	【小分组】:-1920362073;
【日志类型】:普通日志;
【标题】:打开tcp失败！;
【内容】:;
【createtime】:2017-09-21 15:10:12.765;

【项目】:任务后台;
【大分组】:-1989961220;	【小分组】:378065587;
【日志类型】:普通日志;
【标题】:正在关闭tcp！;
【内容】:;
【createtime】:2017-09-21 15:10:22.794;

【项目】:任务后台;
【大分组】:1240241913;	【小分组】:700652359;
【日志类型】:普通日志;
【标题】:正在打开tcp...;
【内容】:;
【createtime】:2017-09-21 15:10:22.794;

【项目】:任务后台;
【大分组】:2130653117;	【小分组】:1899371349;
【日志类型】:普通日志;
【标题】:打开tcp失败！;
【内容】:;
【createtime】:2017-09-21 15:10:23.846;

【项目】:任务后台;
【大分组】:-1989961220;	【小分组】:58575290;
【日志类型】:普通日志;
【标题】:正在关闭tcp！;
【内容】:;
【createtime】:2017-09-21 15:10:33.867;

【项目】:任务后台;
【大分组】:1240241913;	【小分组】:-115397809;
【日志类型】:普通日志;
【标题】:正在打开tcp...;
【内容】:;
【createtime】:2017-09-21 15:10:33.867;

【项目】:任务后台;
【大分组】:2130653117;	【小分组】:-54233628;
【日志类型】:普通日志;
【标题】:打开tcp失败！;
【内容】:;
【createtime】:2017-09-21 15:10:34.890;

【项目】:任务后台;
【大分组】:-1989961220;	【小分组】:-2083217568;
【日志类型】:普通日志;
【标题】:正在关闭tcp！;
【内容】:;
【createtime】:2017-09-21 15:10:44.947;

【项目】:任务后台;
【大分组】:1240241913;	【小分组】:551756669;
【日志类型】:普通日志;
【标题】:正在打开tcp...;
【内容】:;
【createtime】:2017-09-21 15:10:44.947;

【项目】:任务后台;
【大分组】:2130653117;	【小分组】:-1620660112;
【日志类型】:普通日志;
【标题】:打开tcp失败！;
【内容】:;
【createtime】:2017-09-21 15:10:46.002;

【项目】:任务后台;
【大分组】:-1989961220;	【小分组】:902258519;
【日志类型】:普通日志;
【标题】:正在关闭tcp！;
【内容】:;
【createtime】:2017-09-21 15:10:56.041;

【项目】:任务后台;
【大分组】:1240241913;	【小分组】:137908441;
【日志类型】:普通日志;
【标题】:正在打开tcp...;
【内容】:;
【createtime】:2017-09-21 15:10:56.041;

【项目】:任务后台;
【大分组】:2130653117;	【小分组】:-673984635;
【日志类型】:普通日志;
【标题】:打开tcp失败！;
【内容】:;
【createtime】:2017-09-21 15:10:57.102;

【项目】:任务后台;
【大分组】:-1989961220;	【小分组】:1669834245;
【日志类型】:普通日志;
【标题】:正在关闭tcp！;
【内容】:;
【createtime】:2017-09-21 15:11:07.138;

【项目】:任务后台;
【大分组】:1240241913;	【小分组】:-1899404284;
【日志类型】:普通日志;
【标题】:正在打开tcp...;
【内容】:;
【createtime】:2017-09-21 15:11:07.138;

【项目】:任务后台;
【大分组】:2130653117;	【小分组】:-998774602;
【日志类型】:普通日志;
【标题】:打开tcp失败！;
【内容】:;
【createtime】:2017-09-21 15:11:08.204;

【项目】:任务后台;
【大分组】:-1989961220;	【小分组】:725289394;
【日志类型】:普通日志;
【标题】:正在关闭tcp！;
【内容】:;
【createtime】:2017-09-21 15:11:18.234;

【项目】:任务后台;
【大分组】:1240241913;	【小分组】:-199066518;
【日志类型】:普通日志;
【标题】:正在打开tcp...;
【内容】:;
【createtime】:2017-09-21 15:11:18.234;

【项目】:任务后台;
【大分组】:2130653117;	【小分组】:1739431964;
【日志类型】:普通日志;
【标题】:打开tcp失败！;
【内容】:;
【createtime】:2017-09-21 15:11:19.290;

【项目】:任务后台;
【大分组】:-1989961220;	【小分组】:314144317;
【日志类型】:普通日志;
【标题】:正在关闭tcp！;
【内容】:;
【createtime】:2017-09-21 15:11:29.323;

【项目】:任务后台;
【大分组】:1240241913;	【小分组】:1682062964;
【日志类型】:普通日志;
【标题】:正在打开tcp...;
【内容】:;
【createtime】:2017-09-21 15:11:29.323;

【项目】:任务后台;
【大分组】:2130653117;	【小分组】:-406256076;
【日志类型】:普通日志;
【标题】:打开tcp失败！;
【内容】:;
【createtime】:2017-09-21 15:11:30.357;

【项目】:任务后台;
【大分组】:-1989961220;	【小分组】:94692830;
【日志类型】:普通日志;
【标题】:正在关闭tcp！;
【内容】:;
【createtime】:2017-09-21 15:11:40.373;

【项目】:任务后台;
【大分组】:1240241913;	【小分组】:-2047565888;
【日志类型】:普通日志;
【标题】:正在打开tcp...;
【内容】:;
【createtime】:2017-09-21 15:11:40.373;

【项目】:任务后台;
【大分组】:2130653117;	【小分组】:2056545019;
【日志类型】:普通日志;
【标题】:打开tcp失败！;
【内容】:;
【createtime】:2017-09-21 15:11:41.440;

【项目】:任务后台;
【大分组】:-1989961220;	【小分组】:942538534;
【日志类型】:普通日志;
【标题】:正在关闭tcp！;
【内容】:;
【createtime】:2017-09-21 15:11:51.455;

【项目】:任务后台;
【大分组】:1240241913;	【小分组】:913640254;
【日志类型】:普通日志;
【标题】:正在打开tcp...;
【内容】:;
【createtime】:2017-09-21 15:11:51.455;

【项目】:任务后台;
【大分组】:2130653117;	【小分组】:-1440445351;
【日志类型】:普通日志;
【标题】:打开tcp失败！;
【内容】:;
【createtime】:2017-09-21 15:11:52.522;

【项目】:任务后台;
【大分组】:-1989961220;	【小分组】:-244989079;
【日志类型】:普通日志;
【标题】:正在关闭tcp！;
【内容】:;
【createtime】:2017-09-21 15:12:02.551;

【项目】:任务后台;
【大分组】:1240241913;	【小分组】:-1290930143;
【日志类型】:普通日志;
【标题】:正在打开tcp...;
【内容】:;
【createtime】:2017-09-21 15:12:02.551;

【项目】:任务后台;
【大分组】:2130653117;	【小分组】:1991862382;
【日志类型】:普通日志;
【标题】:打开tcp失败！;
【内容】:;
【createtime】:2017-09-21 15:12:03.608;

【项目】:任务后台;
【大分组】:-1989961220;	【小分组】:-163220685;
【日志类型】:普通日志;
【标题】:正在关闭tcp！;
【内容】:;
【createtime】:2017-09-21 15:12:13.649;

【项目】:任务后台;
【大分组】:1240241913;	【小分组】:-372538458;
【日志类型】:普通日志;
【标题】:正在打开tcp...;
【内容】:;
【createtime】:2017-09-21 15:12:13.649;

【项目】:任务后台;
【大分组】:2130653117;	【小分组】:459924901;
【日志类型】:普通日志;
【标题】:打开tcp失败！;
【内容】:;
【createtime】:2017-09-21 15:12:14.710;

【项目】:任务后台;
【大分组】:-1989961220;	【小分组】:1653876788;
【日志类型】:普通日志;
【标题】:正在关闭tcp！;
【内容】:;
【createtime】:2017-09-21 15:12:24.749;

【项目】:任务后台;
【大分组】:1240241913;	【小分组】:2081765015;
【日志类型】:普通日志;
【标题】:正在打开tcp...;
【内容】:;
【createtime】:2017-09-21 15:12:24.749;

【项目】:任务后台;
【大分组】:2130653117;	【小分组】:151947319;
【日志类型】:普通日志;
【标题】:打开tcp失败！;
【内容】:;
【createtime】:2017-09-21 15:12:25.780;

【项目】:任务后台;
【大分组】:-1989961220;	【小分组】:810544969;
【日志类型】:普通日志;
【标题】:正在关闭tcp！;
【内容】:;
【createtime】:2017-09-21 15:12:35.812;

【项目】:任务后台;
【大分组】:1240241913;	【小分组】:1207173573;
【日志类型】:普通日志;
【标题】:正在打开tcp...;
【内容】:;
【createtime】:2017-09-21 15:12:35.812;

【项目】:任务后台;
【大分组】:2130653117;	【小分组】:1044960527;
【日志类型】:普通日志;
【标题】:打开tcp失败！;
【内容】:;
【createtime】:2017-09-21 15:12:36.867;

【项目】:任务后台;
【大分组】:1240241913;	【小分组】:37368736;
【日志类型】:普通日志;
【标题】:正在打开tcp...;
【内容】:;
【createtime】:2017-09-21 15:26:24.508;

【项目】:任务后台;
【大分组】:2130653117;	【小分组】:37368736;
【日志类型】:普通日志;
【标题】:打开tcp失败！;
【内容】:;
【createtime】:2017-09-21 15:26:25.571;

【项目】:任务后台;
【大分组】:-1989961220;	【小分组】:1172950653;
【日志类型】:普通日志;
【标题】:正在关闭tcp！;
【内容】:;
【createtime】:2017-09-21 15:26:25.588;

【项目】:任务后台;
【大分组】:1240241913;	【小分组】:1972902247;
【日志类型】:普通日志;
【标题】:正在打开tcp...;
【内容】:;
【createtime】:2017-09-21 15:26:25.588;

【项目】:任务后台;
【大分组】:2130653117;	【小分组】:-139260353;
【日志类型】:普通日志;
【标题】:打开tcp失败！;
【内容】:;
【createtime】:2017-09-21 15:26:26.612;

【项目】:任务后台;
【大分组】:-1989961220;	【小分组】:-256655330;
【日志类型】:普通日志;
【标题】:正在关闭tcp！;
【内容】:;
【createtime】:2017-09-21 15:26:36.622;

【项目】:任务后台;
【大分组】:1240241913;	【小分组】:-756864995;
【日志类型】:普通日志;
【标题】:正在打开tcp...;
【内容】:;
【createtime】:2017-09-21 15:26:36.622;

【项目】:任务后台;
【大分组】:2130653117;	【小分组】:-1664879880;
【日志类型】:普通日志;
【标题】:打开tcp失败！;
【内容】:;
【createtime】:2017-09-21 15:26:37.640;

【项目】:任务后台;
【大分组】:-1989961220;	【小分组】:-1556492162;
【日志类型】:普通日志;
【标题】:正在关闭tcp！;
【内容】:;
【createtime】:2017-09-21 15:26:47.648;

【项目】:任务后台;
【大分组】:1240241913;	【小分组】:749833128;
【日志类型】:普通日志;
【标题】:正在打开tcp...;
【内容】:;
【createtime】:2017-09-21 15:26:47.648;

【项目】:任务后台;
【大分组】:2130653117;	【小分组】:985795514;
【日志类型】:普通日志;
【标题】:打开tcp失败！;
【内容】:;
【createtime】:2017-09-21 15:26:48.663;

【项目】:任务后台;
【大分组】:1240241913;	【小分组】:35104124;
【日志类型】:普通日志;
【标题】:正在打开tcp...;
【内容】:;
【createtime】:2017-09-21 15:28:38.503;

【项目】:任务后台;
【大分组】:2130653117;	【小分组】:35104124;
【日志类型】:普通日志;
【标题】:打开tcp失败！;
【内容】:;
【createtime】:2017-09-21 15:28:39.573;

【项目】:任务后台;
【大分组】:-1989961220;	【小分组】:1805139173;
【日志类型】:普通日志;
【标题】:正在关闭tcp！;
【内容】:;
【createtime】:2017-09-21 15:28:39.621;

【项目】:任务后台;
【大分组】:1240241913;	【小分组】:610089703;
【日志类型】:普通日志;
【标题】:正在打开tcp...;
【内容】:;
【createtime】:2017-09-21 15:28:39.621;

【项目】:任务后台;
【大分组】:2130653117;	【小分组】:-1213691404;
【日志类型】:普通日志;
【标题】:打开tcp失败！;
【内容】:;
【createtime】:2017-09-21 15:28:40.638;

【项目】:任务后台;
【大分组】:-1989961220;	【小分组】:525506731;
【日志类型】:普通日志;
【标题】:正在关闭tcp！;
【内容】:;
【createtime】:2017-09-21 15:28:50.654;

【项目】:任务后台;
【大分组】:1240241913;	【小分组】:-689738357;
【日志类型】:普通日志;
【标题】:正在打开tcp...;
【内容】:;
【createtime】:2017-09-21 15:28:50.654;

【项目】:任务后台;
【大分组】:2130653117;	【小分组】:-1042747785;
【日志类型】:普通日志;
【标题】:打开tcp失败！;
【内容】:;
【createtime】:2017-09-21 15:28:51.707;

【项目】:任务后台;
【大分组】:-1989961220;	【小分组】:-417737796;
【日志类型】:普通日志;
【标题】:正在关闭tcp！;
【内容】:;
【createtime】:2017-09-21 15:29:01.734;

【项目】:任务后台;
【大分组】:1240241913;	【小分组】:1140677623;
【日志类型】:普通日志;
【标题】:正在打开tcp...;
【内容】:;
【createtime】:2017-09-21 15:29:01.734;

【项目】:任务后台;
【大分组】:2130653117;	【小分组】:2054932601;
【日志类型】:普通日志;
【标题】:打开tcp失败！;
【内容】:;
【createtime】:2017-09-21 15:29:02.790;

【项目】:任务后台;
【大分组】:-1989961220;	【小分组】:-1829337152;
【日志类型】:普通日志;
【标题】:正在关闭tcp！;
【内容】:;
【createtime】:2017-09-21 15:29:12.814;

【项目】:任务后台;
【大分组】:1240241913;	【小分组】:1949703439;
【日志类型】:普通日志;
【标题】:正在打开tcp...;
【内容】:;
【createtime】:2017-09-21 15:29:12.814;

【项目】:任务后台;
【大分组】:2130653117;	【小分组】:-888886472;
【日志类型】:普通日志;
【标题】:打开tcp失败！;
【内容】:;
【createtime】:2017-09-21 15:29:13.890;

【项目】:任务后台;
【大分组】:-1989961220;	【小分组】:-509409631;
【日志类型】:普通日志;
【标题】:正在关闭tcp！;
【内容】:;
【createtime】:2017-09-21 15:29:23.900;

【项目】:任务后台;
【大分组】:1240241913;	【小分组】:-330796398;
【日志类型】:普通日志;
【标题】:正在打开tcp...;
【内容】:;
【createtime】:2017-09-21 15:29:23.900;

【项目】:任务后台;
【大分组】:2130653117;	【小分组】:-84771775;
【日志类型】:普通日志;
【标题】:打开tcp失败！;
【内容】:;
【createtime】:2017-09-21 15:29:24.983;

【项目】:任务后台;
【大分组】:-1989961220;	【小分组】:1561374858;
【日志类型】:普通日志;
【标题】:正在关闭tcp！;
【内容】:;
【createtime】:2017-09-21 15:29:34.999;

【项目】:任务后台;
【大分组】:1240241913;	【小分组】:776065474;
【日志类型】:普通日志;
【标题】:正在打开tcp...;
【内容】:;
【createtime】:2017-09-21 15:29:34.999;

【项目】:任务后台;
【大分组】:2130653117;	【小分组】:776535688;
【日志类型】:普通日志;
【标题】:打开tcp失败！;
【内容】:;
【createtime】:2017-09-21 15:29:36.109;

【项目】:任务后台;
【大分组】:-1989961220;	【小分组】:402857715;
【日志类型】:普通日志;
【标题】:正在关闭tcp！;
【内容】:;
【createtime】:2017-09-21 15:29:46.124;

【项目】:任务后台;
【大分组】:1240241913;	【小分组】:776637094;
【日志类型】:普通日志;
【标题】:正在打开tcp...;
【内容】:;
【createtime】:2017-09-21 15:29:46.124;

【项目】:任务后台;
【大分组】:2130653117;	【小分组】:-774493075;
【日志类型】:普通日志;
【标题】:打开tcp失败！;
【内容】:;
【createtime】:2017-09-21 15:29:47.173;

【项目】:任务后台;
【大分组】:-1989961220;	【小分组】:-218523815;
【日志类型】:普通日志;
【标题】:正在关闭tcp！;
【内容】:;
【createtime】:2017-09-21 15:29:57.182;

【项目】:任务后台;
【大分组】:1240241913;	【小分组】:-1870260396;
【日志类型】:普通日志;
【标题】:正在打开tcp...;
【内容】:;
【createtime】:2017-09-21 15:29:57.182;

【项目】:任务后台;
【大分组】:2130653117;	【小分组】:-872397880;
【日志类型】:普通日志;
【标题】:打开tcp失败！;
【内容】:;
【createtime】:2017-09-21 15:29:58.196;

【项目】:任务后台;
【大分组】:-1989961220;	【小分组】:-364462279;
【日志类型】:普通日志;
【标题】:正在关闭tcp！;
【内容】:;
【createtime】:2017-09-21 15:30:08.223;

【项目】:任务后台;
【大分组】:1240241913;	【小分组】:1943281242;
【日志类型】:普通日志;
【标题】:正在打开tcp...;
【内容】:;
【createtime】:2017-09-21 15:30:08.223;

【项目】:任务后台;
【大分组】:2130653117;	【小分组】:959227540;
【日志类型】:普通日志;
【标题】:打开tcp失败！;
【内容】:;
【createtime】:2017-09-21 15:30:09.390;

【项目】:任务后台;
【大分组】:-1989961220;	【小分组】:137875241;
【日志类型】:普通日志;
【标题】:正在关闭tcp！;
【内容】:;
【createtime】:2017-09-21 15:30:19.397;

【项目】:任务后台;
【大分组】:1240241913;	【小分组】:915654049;
【日志类型】:普通日志;
【标题】:正在打开tcp...;
【内容】:;
【createtime】:2017-09-21 15:30:19.397;

【项目】:任务后台;
【大分组】:2130653117;	【小分组】:2011154818;
【日志类型】:普通日志;
【标题】:打开tcp失败！;
【内容】:;
【createtime】:2017-09-21 15:30:20.445;

【项目】:任务后台;
【大分组】:-1989961220;	【小分组】:1234292358;
【日志类型】:普通日志;
【标题】:正在关闭tcp！;
【内容】:;
【createtime】:2017-09-21 15:30:30.473;

【项目】:任务后台;
【大分组】:1240241913;	【小分组】:742554357;
【日志类型】:普通日志;
【标题】:正在打开tcp...;
【内容】:;
【createtime】:2017-09-21 15:30:30.473;

【项目】:任务后台;
【大分组】:2130653117;	【小分组】:-45884185;
【日志类型】:普通日志;
【标题】:打开tcp失败！;
【内容】:;
【createtime】:2017-09-21 15:30:31.500;

【项目】:任务后台;
【大分组】:1240241913;	【小分组】:35104124;
【日志类型】:普通日志;
【标题】:正在打开tcp...;
【内容】:;
【createtime】:2017-09-21 15:30:55.094;

【项目】:任务后台;
【大分组】:2130653117;	【小分组】:35104124;
【日志类型】:普通日志;
【标题】:打开tcp失败！;
【内容】:;
【createtime】:2017-09-21 15:30:56.173;

【项目】:任务后台;
【大分组】:-1989961220;	【小分组】:1638227207;
【日志类型】:普通日志;
【标题】:正在关闭tcp！;
【内容】:;
【createtime】:2017-09-21 15:30:56.208;

【项目】:任务后台;
【大分组】:1240241913;	【小分组】:-1380372610;
【日志类型】:普通日志;
【标题】:正在打开tcp...;
【内容】:;
【createtime】:2017-09-21 15:30:56.208;

【项目】:任务后台;
【大分组】:2130653117;	【小分组】:-5098078;
【日志类型】:普通日志;
【标题】:打开tcp失败！;
【内容】:;
【createtime】:2017-09-21 15:30:57.255;

【项目】:任务后台;
【大分组】:-1989961220;	【小分组】:1043268773;
【日志类型】:普通日志;
【标题】:正在关闭tcp！;
【内容】:;
【createtime】:2017-09-21 15:31:07.289;

【项目】:任务后台;
【大分组】:1240241913;	【小分组】:347292647;
【日志类型】:普通日志;
【标题】:正在打开tcp...;
【内容】:;
【createtime】:2017-09-21 15:31:07.289;

【项目】:任务后台;
【大分组】:2130653117;	【小分组】:686054338;
【日志类型】:普通日志;
【标题】:打开tcp失败！;
【内容】:;
【createtime】:2017-09-21 15:31:08.308;

【项目】:任务后台;
【大分组】:-1989961220;	【小分组】:-1944777703;
【日志类型】:普通日志;
【标题】:正在关闭tcp！;
【内容】:;
【createtime】:2017-09-21 15:31:18.328;

【项目】:任务后台;
【大分组】:1240241913;	【小分组】:-447434224;
【日志类型】:普通日志;
【标题】:正在打开tcp...;
【内容】:;
【createtime】:2017-09-21 15:31:18.328;

【项目】:任务后台;
【大分组】:2130653117;	【小分组】:505046502;
【日志类型】:普通日志;
【标题】:打开tcp失败！;
【内容】:;
【createtime】:2017-09-21 15:31:19.345;

【项目】:任务后台;
【大分组】:-1989961220;	【小分组】:1415758078;
【日志类型】:普通日志;
【标题】:正在关闭tcp！;
【内容】:;
【createtime】:2017-09-21 15:31:29.356;

【项目】:任务后台;
【大分组】:1240241913;	【小分组】:-1399880554;
【日志类型】:普通日志;
【标题】:正在打开tcp...;
【内容】:;
【createtime】:2017-09-21 15:31:29.356;

【项目】:任务后台;
【大分组】:2130653117;	【小分组】:-409219452;
【日志类型】:普通日志;
【标题】:打开tcp失败！;
【内容】:;
【createtime】:2017-09-21 15:31:30.384;

【项目】:任务后台;
【大分组】:-1989961220;	【小分组】:507615096;
【日志类型】:普通日志;
【标题】:正在关闭tcp！;
【内容】:;
【createtime】:2017-09-21 15:31:40.410;

【项目】:任务后台;
【大分组】:1240241913;	【小分组】:-1616665520;
【日志类型】:普通日志;
【标题】:正在打开tcp...;
【内容】:;
【createtime】:2017-09-21 15:31:40.410;

【项目】:任务后台;
【大分组】:2130653117;	【小分组】:768590083;
【日志类型】:普通日志;
【标题】:打开tcp失败！;
【内容】:;
【createtime】:2017-09-21 15:31:41.484;

【项目】:任务后台;
【大分组】:-1989961220;	【小分组】:1314888023;
【日志类型】:普通日志;
【标题】:正在关闭tcp！;
【内容】:;
【createtime】:2017-09-21 15:31:51.486;

【项目】:任务后台;
【大分组】:1240241913;	【小分组】:912060075;
【日志类型】:普通日志;
【标题】:正在打开tcp...;
【内容】:;
【createtime】:2017-09-21 15:31:51.486;

【项目】:任务后台;
【大分组】:2130653117;	【小分组】:-1669479974;
【日志类型】:普通日志;
【标题】:打开tcp失败！;
【内容】:;
【createtime】:2017-09-21 15:31:52.545;

【项目】:任务后台;
【大分组】:-1989961220;	【小分组】:-1667278484;
【日志类型】:普通日志;
【标题】:正在关闭tcp！;
【内容】:;
【createtime】:2017-09-21 15:32:02.578;

【项目】:任务后台;
【大分组】:1240241913;	【小分组】:-2072154851;
【日志类型】:普通日志;
【标题】:正在打开tcp...;
【内容】:;
【createtime】:2017-09-21 15:32:02.578;

【项目】:任务后台;
【大分组】:2130653117;	【小分组】:-1833296966;
【日志类型】:普通日志;
【标题】:打开tcp失败！;
【内容】:;
【createtime】:2017-09-21 15:32:03.604;

【项目】:任务后台;
【大分组】:-1989961220;	【小分组】:837233296;
【日志类型】:普通日志;
【标题】:正在关闭tcp！;
【内容】:;
【createtime】:2017-09-21 15:32:13.614;

【项目】:任务后台;
【大分组】:1240241913;	【小分组】:-1631670536;
【日志类型】:普通日志;
【标题】:正在打开tcp...;
【内容】:;
【createtime】:2017-09-21 15:32:13.614;

【项目】:任务后台;
【大分组】:2130653117;	【小分组】:-48011794;
【日志类型】:普通日志;
【标题】:打开tcp失败！;
【内容】:;
【createtime】:2017-09-21 15:32:14.639;

【项目】:任务后台;
【大分组】:-1989961220;	【小分组】:715021671;
【日志类型】:普通日志;
【标题】:正在关闭tcp！;
【内容】:;
【createtime】:2017-09-21 15:32:24.652;

【项目】:任务后台;
【大分组】:1240241913;	【小分组】:-433296778;
【日志类型】:普通日志;
【标题】:正在打开tcp...;
【内容】:;
【createtime】:2017-09-21 15:32:24.652;

【项目】:任务后台;
【大分组】:2130653117;	【小分组】:-239638706;
【日志类型】:普通日志;
【标题】:打开tcp失败！;
【内容】:;
【createtime】:2017-09-21 15:32:25.718;

【项目】:任务后台;
【大分组】:-1989961220;	【小分组】:-1403136123;
【日志类型】:普通日志;
【标题】:正在关闭tcp！;
【内容】:;
【createtime】:2017-09-21 15:32:35.732;

【项目】:任务后台;
【大分组】:1240241913;	【小分组】:-627293968;
【日志类型】:普通日志;
【标题】:正在打开tcp...;
【内容】:;
【createtime】:2017-09-21 15:32:35.732;

【项目】:任务后台;
【大分组】:2130653117;	【小分组】:-379244363;
【日志类型】:普通日志;
【标题】:打开tcp失败！;
【内容】:;
【createtime】:2017-09-21 15:32:36.766;

【项目】:任务后台;
【大分组】:-1989961220;	【小分组】:1472287418;
【日志类型】:普通日志;
【标题】:正在关闭tcp！;
【内容】:;
【createtime】:2017-09-21 15:32:46.794;

【项目】:任务后台;
【大分组】:1240241913;	【小分组】:1874928863;
【日志类型】:普通日志;
【标题】:正在打开tcp...;
【内容】:;
【createtime】:2017-09-21 15:32:46.794;

【项目】:任务后台;
【大分组】:2130653117;	【小分组】:-259297445;
【日志类型】:普通日志;
【标题】:打开tcp失败！;
【内容】:;
【createtime】:2017-09-21 15:32:47.833;

【项目】:任务后台;
【大分组】:-1989961220;	【小分组】:-51850933;
【日志类型】:普通日志;
【标题】:正在关闭tcp！;
【内容】:;
【createtime】:2017-09-21 15:32:57.843;

【项目】:任务后台;
【大分组】:1240241913;	【小分组】:-1749230887;
【日志类型】:普通日志;
【标题】:正在打开tcp...;
【内容】:;
【createtime】:2017-09-21 15:32:57.843;

【项目】:任务后台;
【大分组】:2130653117;	【小分组】:920052423;
【日志类型】:普通日志;
【标题】:打开tcp失败！;
【内容】:;
【createtime】:2017-09-21 15:32:58.876;

【项目】:任务后台;
【大分组】:-1989961220;	【小分组】:811237364;
【日志类型】:普通日志;
【标题】:正在关闭tcp！;
【内容】:;
【createtime】:2017-09-21 15:33:08.903;

【项目】:任务后台;
【大分组】:1240241913;	【小分组】:783935558;
【日志类型】:普通日志;
【标题】:正在打开tcp...;
【内容】:;
【createtime】:2017-09-21 15:33:08.903;

【项目】:任务后台;
【大分组】:2130653117;	【小分组】:-819765095;
【日志类型】:普通日志;
【标题】:打开tcp失败！;
【内容】:;
【createtime】:2017-09-21 15:33:09.952;

【项目】:任务后台;
【大分组】:-1989961220;	【小分组】:-1031060597;
【日志类型】:普通日志;
【标题】:正在关闭tcp！;
【内容】:;
【createtime】:2017-09-21 15:33:19.979;

【项目】:任务后台;
【大分组】:1240241913;	【小分组】:958000118;
【日志类型】:普通日志;
【标题】:正在打开tcp...;
【内容】:;
【createtime】:2017-09-21 15:33:19.979;

【项目】:任务后台;
【大分组】:2130653117;	【小分组】:-1909693762;
【日志类型】:普通日志;
【标题】:打开tcp失败！;
【内容】:;
【createtime】:2017-09-21 15:33:21.042;

【项目】:任务后台;
【大分组】:-1989961220;	【小分组】:73827067;
【日志类型】:普通日志;
【标题】:正在关闭tcp！;
【内容】:;
【createtime】:2017-09-21 15:33:31.058;

【项目】:任务后台;
【大分组】:1240241913;	【小分组】:834071765;
【日志类型】:普通日志;
【标题】:正在打开tcp...;
【内容】:;
【createtime】:2017-09-21 15:33:31.058;

【项目】:任务后台;
【大分组】:2130653117;	【小分组】:1238918357;
【日志类型】:普通日志;
【标题】:打开tcp失败！;
【内容】:;
【createtime】:2017-09-21 15:33:32.090;

【项目】:任务后台;
【大分组】:-1989961220;	【小分组】:-1291151943;
【日志类型】:普通日志;
【标题】:正在关闭tcp！;
【内容】:;
【createtime】:2017-09-21 15:33:42.117;

【项目】:任务后台;
【大分组】:1240241913;	【小分组】:902380345;
【日志类型】:普通日志;
【标题】:正在打开tcp...;
【内容】:;
【createtime】:2017-09-21 15:33:42.117;

【项目】:任务后台;
【大分组】:2130653117;	【小分组】:564328824;
【日志类型】:普通日志;
【标题】:打开tcp失败！;
【内容】:;
【createtime】:2017-09-21 15:33:43.137;

【项目】:任务后台;
【大分组】:-1989961220;	【小分组】:-1177142509;
【日志类型】:普通日志;
【标题】:正在关闭tcp！;
【内容】:;
【createtime】:2017-09-21 15:33:57.645;

【项目】:任务后台;
【大分组】:1240241913;	【小分组】:-483077509;
【日志类型】:普通日志;
【标题】:正在打开tcp...;
【内容】:;
【createtime】:2017-09-21 15:33:57.645;

【项目】:任务后台;
【大分组】:2130653117;	【小分组】:358430960;
【日志类型】:普通日志;
【标题】:打开tcp失败！;
【内容】:;
【createtime】:2017-09-21 15:33:59.705;

【项目】:任务后台;
【大分组】:-1989961220;	【小分组】:1417445738;
【日志类型】:普通日志;
【标题】:正在关闭tcp！;
【内容】:;
【createtime】:2017-09-21 15:34:09.714;

【项目】:任务后台;
【大分组】:1240241913;	【小分组】:2060267646;
【日志类型】:普通日志;
【标题】:正在打开tcp...;
【内容】:;
【createtime】:2017-09-21 15:34:09.714;

【项目】:任务后台;
【大分组】:2130653117;	【小分组】:-1089611412;
【日志类型】:普通日志;
【标题】:打开tcp失败！;
【内容】:;
【createtime】:2017-09-21 15:34:10.747;

【项目】:任务后台;
【大分组】:-1989961220;	【小分组】:1470971426;
【日志类型】:普通日志;
【标题】:正在关闭tcp！;
【内容】:;
【createtime】:2017-09-21 15:34:20.754;

【项目】:任务后台;
【大分组】:1240241913;	【小分组】:-676129905;
【日志类型】:普通日志;
【标题】:正在打开tcp...;
【内容】:;
【createtime】:2017-09-21 15:34:20.754;

【项目】:任务后台;
【大分组】:2130653117;	【小分组】:-372688930;
【日志类型】:普通日志;
【标题】:打开tcp失败！;
【内容】:;
【createtime】:2017-09-21 15:34:21.815;

【项目】:任务后台;
【大分组】:-1989961220;	【小分组】:-296322234;
【日志类型】:普通日志;
【标题】:正在关闭tcp！;
【内容】:;
【createtime】:2017-09-21 15:34:31.832;

【项目】:任务后台;
【大分组】:1240241913;	【小分组】:-1827913224;
【日志类型】:普通日志;
【标题】:正在打开tcp...;
【内容】:;
【createtime】:2017-09-21 15:34:31.832;

【项目】:任务后台;
【大分组】:2130653117;	【小分组】:1503061363;
【日志类型】:普通日志;
【标题】:打开tcp失败！;
【内容】:;
【createtime】:2017-09-21 15:34:32.889;

【项目】:任务后台;
【大分组】:-1989961220;	【小分组】:-1862488201;
【日志类型】:普通日志;
【标题】:正在关闭tcp！;
【内容】:;
【createtime】:2017-09-21 15:34:42.927;

【项目】:任务后台;
【大分组】:1240241913;	【小分组】:688619246;
【日志类型】:普通日志;
【标题】:正在打开tcp...;
【内容】:;
【createtime】:2017-09-21 15:34:42.927;

【项目】:任务后台;
【大分组】:2130653117;	【小分组】:-1487129507;
【日志类型】:普通日志;
【标题】:打开tcp失败！;
【内容】:;
【createtime】:2017-09-21 15:34:43.948;

【项目】:任务后台;
【大分组】:-1989961220;	【小分组】:1626078964;
【日志类型】:普通日志;
【标题】:正在关闭tcp！;
【内容】:;
【createtime】:2017-09-21 15:34:53.981;

【项目】:任务后台;
【大分组】:1240241913;	【小分组】:1597978115;
【日志类型】:普通日志;
【标题】:正在打开tcp...;
【内容】:;
【createtime】:2017-09-21 15:34:53.981;

【项目】:任务后台;
【大分组】:2130653117;	【小分组】:1432340661;
【日志类型】:普通日志;
【标题】:打开tcp失败！;
【内容】:;
【createtime】:2017-09-21 15:34:55.036;

【项目】:任务后台;
【大分组】:-1989961220;	【小分组】:1000664063;
【日志类型】:普通日志;
【标题】:正在关闭tcp！;
【内容】:;
【createtime】:2017-09-21 15:35:05.044;

【项目】:任务后台;
【大分组】:1240241913;	【小分组】:-982900221;
【日志类型】:普通日志;
【标题】:正在打开tcp...;
【内容】:;
【createtime】:2017-09-21 15:35:05.044;

【项目】:任务后台;
【大分组】:2130653117;	【小分组】:-1577024972;
【日志类型】:普通日志;
【标题】:打开tcp失败！;
【内容】:;
【createtime】:2017-09-21 15:35:06.099;

【项目】:任务后台;
【大分组】:-1989961220;	【小分组】:-1187908402;
【日志类型】:普通日志;
【标题】:正在关闭tcp！;
【内容】:;
【createtime】:2017-09-21 15:35:16.165;

【项目】:任务后台;
【大分组】:1240241913;	【小分组】:-1330959164;
【日志类型】:普通日志;
【标题】:正在打开tcp...;
【内容】:;
【createtime】:2017-09-21 15:35:16.165;

【项目】:任务后台;
【大分组】:2130653117;	【小分组】:820193107;
【日志类型】:普通日志;
【标题】:打开tcp失败！;
【内容】:;
【createtime】:2017-09-21 15:35:17.206;

【项目】:任务后台;
【大分组】:-1989961220;	【小分组】:717971569;
【日志类型】:普通日志;
【标题】:正在关闭tcp！;
【内容】:;
【createtime】:2017-09-21 15:35:27.216;

【项目】:任务后台;
【大分组】:1240241913;	【小分组】:-1904711653;
【日志类型】:普通日志;
【标题】:正在打开tcp...;
【内容】:;
【createtime】:2017-09-21 15:35:27.216;

【项目】:任务后台;
【大分组】:2130653117;	【小分组】:-2128885101;
【日志类型】:普通日志;
【标题】:打开tcp失败！;
【内容】:;
【createtime】:2017-09-21 15:35:28.270;

【项目】:任务后台;
【大分组】:-1989961220;	【小分组】:1766910325;
【日志类型】:普通日志;
【标题】:正在关闭tcp！;
【内容】:;
【createtime】:2017-09-21 15:35:38.282;

【项目】:任务后台;
【大分组】:1240241913;	【小分组】:-1289968631;
【日志类型】:普通日志;
【标题】:正在打开tcp...;
【内容】:;
【createtime】:2017-09-21 15:35:38.282;

【项目】:任务后台;
【大分组】:2130653117;	【小分组】:-1626486467;
【日志类型】:普通日志;
【标题】:打开tcp失败！;
【内容】:;
【createtime】:2017-09-21 15:35:39.330;

【项目】:任务后台;
【大分组】:-1989961220;	【小分组】:-795374670;
【日志类型】:普通日志;
【标题】:正在关闭tcp！;
【内容】:;
【createtime】:2017-09-21 15:35:49.342;

【项目】:任务后台;
【大分组】:1240241913;	【小分组】:-1601252162;
【日志类型】:普通日志;
【标题】:正在打开tcp...;
【内容】:;
【createtime】:2017-09-21 15:35:49.342;

【项目】:任务后台;
【大分组】:2130653117;	【小分组】:-649922509;
【日志类型】:普通日志;
【标题】:打开tcp失败！;
【内容】:;
【createtime】:2017-09-21 15:35:50.373;

【项目】:任务后台;
【大分组】:-1989961220;	【小分组】:-809488924;
【日志类型】:普通日志;
【标题】:正在关闭tcp！;
【内容】:;
【createtime】:2017-09-21 15:36:00.397;

【项目】:任务后台;
【大分组】:1240241913;	【小分组】:-1168286471;
【日志类型】:普通日志;
【标题】:正在打开tcp...;
【内容】:;
【createtime】:2017-09-21 15:36:00.397;

【项目】:任务后台;
【大分组】:2130653117;	【小分组】:-887675334;
【日志类型】:普通日志;
【标题】:打开tcp失败！;
【内容】:;
【createtime】:2017-09-21 15:36:01.452;

【项目】:任务后台;
【大分组】:-1989961220;	【小分组】:292342353;
【日志类型】:普通日志;
【标题】:正在关闭tcp！;
【内容】:;
【createtime】:2017-09-21 15:36:11.478;

【项目】:任务后台;
【大分组】:1240241913;	【小分组】:978458221;
【日志类型】:普通日志;
【标题】:正在打开tcp...;
【内容】:;
【createtime】:2017-09-21 15:36:11.478;

【项目】:任务后台;
【大分组】:2130653117;	【小分组】:646165660;
【日志类型】:普通日志;
【标题】:打开tcp失败！;
【内容】:;
【createtime】:2017-09-21 15:36:12.534;

【项目】:任务后台;
【大分组】:-1989961220;	【小分组】:171710600;
【日志类型】:普通日志;
【标题】:正在关闭tcp！;
【内容】:;
【createtime】:2017-09-21 15:36:22.558;

【项目】:任务后台;
【大分组】:1240241913;	【小分组】:-1861058220;
【日志类型】:普通日志;
【标题】:正在打开tcp...;
【内容】:;
【createtime】:2017-09-21 15:36:22.558;

【项目】:任务后台;
【大分组】:2130653117;	【小分组】:445220075;
【日志类型】:普通日志;
【标题】:打开tcp失败！;
【内容】:;
【createtime】:2017-09-21 15:36:23.583;

【项目】:任务后台;
【大分组】:-1989961220;	【小分组】:-648046019;
【日志类型】:普通日志;
【标题】:正在关闭tcp！;
【内容】:;
【createtime】:2017-09-21 15:36:33.595;

【项目】:任务后台;
【大分组】:1240241913;	【小分组】:-307248914;
【日志类型】:普通日志;
【标题】:正在打开tcp...;
【内容】:;
【createtime】:2017-09-21 15:36:33.595;

【项目】:任务后台;
【大分组】:2130653117;	【小分组】:-1728844724;
【日志类型】:普通日志;
【标题】:打开tcp失败！;
【内容】:;
【createtime】:2017-09-21 15:36:34.650;

【项目】:任务后台;
【大分组】:-1989961220;	【小分组】:1831987873;
【日志类型】:普通日志;
【标题】:正在关闭tcp！;
【内容】:;
【createtime】:2017-09-21 15:36:44.675;

【项目】:任务后台;
【大分组】:1240241913;	【小分组】:-1792144394;
【日志类型】:普通日志;
【标题】:正在打开tcp...;
【内容】:;
【createtime】:2017-09-21 15:36:44.675;

【项目】:任务后台;
【大分组】:2130653117;	【小分组】:1327294798;
【日志类型】:普通日志;
【标题】:打开tcp失败！;
【内容】:;
【createtime】:2017-09-21 15:36:45.731;

【项目】:任务后台;
【大分组】:-1989961220;	【小分组】:-1914856022;
【日志类型】:普通日志;
【标题】:正在关闭tcp！;
【内容】:;
【createtime】:2017-09-21 15:37:03.416;

【项目】:任务后台;
【大分组】:1240241913;	【小分组】:-1958065023;
【日志类型】:普通日志;
【标题】:正在打开tcp...;
【内容】:;
【createtime】:2017-09-21 15:37:03.416;

【项目】:任务后台;
【大分组】:2130653117;	【小分组】:1665390552;
【日志类型】:普通日志;
【标题】:打开tcp失败！;
【内容】:;
【createtime】:2017-09-21 15:37:04.573;

【项目】:任务后台;
【大分组】:-1989961220;	【小分组】:2000455088;
【日志类型】:普通日志;
【标题】:正在关闭tcp！;
【内容】:;
【createtime】:2017-09-21 15:37:14.621;

【项目】:任务后台;
【大分组】:1240241913;	【小分组】:-1037562793;
【日志类型】:普通日志;
【标题】:正在打开tcp...;
【内容】:;
【createtime】:2017-09-21 15:37:14.621;

【项目】:任务后台;
【大分组】:2130653117;	【小分组】:2140431723;
【日志类型】:普通日志;
【标题】:打开tcp失败！;
【内容】:;
【createtime】:2017-09-21 15:37:15.641;

【项目】:任务后台;
【大分组】:-1989961220;	【小分组】:1950288556;
【日志类型】:普通日志;
【标题】:正在关闭tcp！;
【内容】:;
【createtime】:2017-09-21 15:37:25.667;

【项目】:任务后台;
【大分组】:1240241913;	【小分组】:507478306;
【日志类型】:普通日志;
【标题】:正在打开tcp...;
【内容】:;
【createtime】:2017-09-21 15:37:25.667;

【项目】:任务后台;
【大分组】:2130653117;	【小分组】:-452290382;
【日志类型】:普通日志;
【标题】:打开tcp失败！;
【内容】:;
【createtime】:2017-09-21 15:37:26.690;

【项目】:任务后台;
【大分组】:-1989961220;	【小分组】:-397787251;
【日志类型】:普通日志;
【标题】:正在关闭tcp！;
【内容】:;
【createtime】:2017-09-21 15:37:36.707;

【项目】:任务后台;
【大分组】:1240241913;	【小分组】:-364169041;
【日志类型】:普通日志;
【标题】:正在打开tcp...;
【内容】:;
【createtime】:2017-09-21 15:37:36.707;

【项目】:任务后台;
【大分组】:2130653117;	【小分组】:-1910275011;
【日志类型】:普通日志;
【标题】:打开tcp失败！;
【内容】:;
【createtime】:2017-09-21 15:37:37.755;

【项目】:任务后台;
【大分组】:-1989961220;	【小分组】:-1593900394;
【日志类型】:普通日志;
【标题】:正在关闭tcp！;
【内容】:;
【createtime】:2017-09-21 15:37:48.697;

【项目】:任务后台;
【大分组】:1240241913;	【小分组】:-637890411;
【日志类型】:普通日志;
【标题】:正在打开tcp...;
【内容】:;
【createtime】:2017-09-21 15:37:48.697;

【项目】:任务后台;
【大分组】:2130653117;	【小分组】:-501071649;
【日志类型】:普通日志;
【标题】:打开tcp失败！;
【内容】:;
【createtime】:2017-09-21 15:37:50.322;

【项目】:任务后台;
【大分组】:-1989961220;	【小分组】:1271265183;
【日志类型】:普通日志;
【标题】:正在关闭tcp！;
【内容】:;
【createtime】:2017-09-21 15:38:24.232;

【项目】:任务后台;
【大分组】:1240241913;	【小分组】:-1279563793;
【日志类型】:普通日志;
【标题】:正在打开tcp...;
【内容】:;
【createtime】:2017-09-21 15:38:24.232;

【项目】:任务后台;
【大分组】:2130653117;	【小分组】:1681098039;
【日志类型】:普通日志;
【标题】:打开tcp失败！;
【内容】:;
【createtime】:2017-09-21 15:38:25.672;

【项目】:任务后台;
【大分组】:-1989961220;	【小分组】:-2103540643;
【日志类型】:普通日志;
【标题】:正在关闭tcp！;
【内容】:;
【createtime】:2017-09-21 15:38:36.209;

【项目】:任务后台;
【大分组】:1240241913;	【小分组】:-1726438952;
【日志类型】:普通日志;
【标题】:正在打开tcp...;
【内容】:;
【createtime】:2017-09-21 15:38:36.209;

【项目】:任务后台;
【大分组】:2130653117;	【小分组】:252716176;
【日志类型】:普通日志;
【标题】:打开tcp失败！;
【内容】:;
【createtime】:2017-09-21 15:38:37.756;

【项目】:任务后台;
【大分组】:-1989961220;	【小分组】:1188728612;
【日志类型】:普通日志;
【标题】:正在关闭tcp！;
【内容】:;
【createtime】:2017-09-21 15:38:47.777;

【项目】:任务后台;
【大分组】:1240241913;	【小分组】:783541553;
【日志类型】:普通日志;
【标题】:正在打开tcp...;
【内容】:;
【createtime】:2017-09-21 15:38:47.777;

【项目】:任务后台;
【大分组】:2130653117;	【小分组】:1899759673;
【日志类型】:普通日志;
【标题】:打开tcp失败！;
【内容】:;
【createtime】:2017-09-21 15:38:49.484;

【项目】:任务后台;
【大分组】:-1989961220;	【小分组】:-536939330;
【日志类型】:普通日志;
【标题】:正在关闭tcp！;
【内容】:;
【createtime】:2017-09-21 15:38:59.500;

【项目】:任务后台;
【大分组】:1240241913;	【小分组】:-1819038338;
【日志类型】:普通日志;
【标题】:正在打开tcp...;
【内容】:;
【createtime】:2017-09-21 15:38:59.500;

【项目】:任务后台;
【大分组】:2130653117;	【小分组】:1816684382;
【日志类型】:普通日志;
【标题】:打开tcp失败！;
【内容】:;
【createtime】:2017-09-21 15:39:00.524;

【项目】:任务后台;
【大分组】:1240241913;	【小分组】:35104124;
【日志类型】:普通日志;
【标题】:正在打开tcp...;
【内容】:;
【createtime】:2017-09-21 15:41:58.163;

【项目】:任务后台;
【大分组】:2130653117;	【小分组】:35104124;
【日志类型】:普通日志;
【标题】:打开tcp失败！;
【内容】:;
【createtime】:2017-09-21 15:41:59.248;

【项目】:任务后台;
【大分组】:-1989961220;	【小分组】:33937382;
【日志类型】:普通日志;
【标题】:正在关闭tcp！;
【内容】:;
【createtime】:2017-09-21 15:41:59.271;

【项目】:任务后台;
【大分组】:1240241913;	【小分组】:557767942;
【日志类型】:普通日志;
【标题】:正在打开tcp...;
【内容】:;
【createtime】:2017-09-21 15:41:59.271;

【项目】:任务后台;
【大分组】:2130653117;	【小分组】:-1039967344;
【日志类型】:普通日志;
【标题】:打开tcp失败！;
【内容】:;
【createtime】:2017-09-21 15:42:00.330;

【项目】:任务后台;
【大分组】:-1989961220;	【小分组】:921175477;
【日志类型】:普通日志;
【标题】:正在关闭tcp！;
【内容】:;
【createtime】:2017-09-21 15:42:10.355;

【项目】:任务后台;
【大分组】:1240241913;	【小分组】:1450576899;
【日志类型】:普通日志;
【标题】:正在打开tcp...;
【内容】:;
【createtime】:2017-09-21 15:42:10.355;

【项目】:任务后台;
【大分组】:2130653117;	【小分组】:-1652219219;
【日志类型】:普通日志;
【标题】:打开tcp失败！;
【内容】:;
【createtime】:2017-09-21 15:42:11.402;

【项目】:任务后台;
【大分组】:-1989961220;	【小分组】:859238027;
【日志类型】:普通日志;
【标题】:正在关闭tcp！;
【内容】:;
【createtime】:2017-09-21 15:42:21.409;

【项目】:任务后台;
【大分组】:1240241913;	【小分组】:1796206213;
【日志类型】:普通日志;
【标题】:正在打开tcp...;
【内容】:;
【createtime】:2017-09-21 15:42:21.409;

【项目】:任务后台;
【大分组】:2130653117;	【小分组】:-1502696971;
【日志类型】:普通日志;
【标题】:打开tcp失败！;
【内容】:;
【createtime】:2017-09-21 15:42:22.462;

【项目】:任务后台;
【大分组】:-1989961220;	【小分组】:-2017034108;
【日志类型】:普通日志;
【标题】:正在关闭tcp！;
【内容】:;
【createtime】:2017-09-21 15:42:32.488;

【项目】:任务后台;
【大分组】:1240241913;	【小分组】:-1128798678;
【日志类型】:普通日志;
【标题】:正在打开tcp...;
【内容】:;
【createtime】:2017-09-21 15:42:32.488;

【项目】:任务后台;
【大分组】:2130653117;	【小分组】:-461955442;
【日志类型】:普通日志;
【标题】:打开tcp失败！;
【内容】:;
【createtime】:2017-09-21 15:42:33.538;

【项目】:任务后台;
【大分组】:-1989961220;	【小分组】:-812752399;
【日志类型】:普通日志;
【标题】:正在关闭tcp！;
【内容】:;
【createtime】:2017-09-21 15:42:43.564;

【项目】:任务后台;
【大分组】:1240241913;	【小分组】:-367534502;
【日志类型】:普通日志;
【标题】:正在打开tcp...;
【内容】:;
【createtime】:2017-09-21 15:42:43.564;

【项目】:任务后台;
【大分组】:2130653117;	【小分组】:369530637;
【日志类型】:普通日志;
【标题】:打开tcp失败！;
【内容】:;
【createtime】:2017-09-21 15:42:44.621;

【项目】:任务后台;
【大分组】:-1989961220;	【小分组】:-1820736275;
【日志类型】:普通日志;
【标题】:正在关闭tcp！;
【内容】:;
【createtime】:2017-09-21 15:42:54.645;

【项目】:任务后台;
【大分组】:1240241913;	【小分组】:679274686;
【日志类型】:普通日志;
【标题】:正在打开tcp...;
【内容】:;
【createtime】:2017-09-21 15:42:54.645;

【项目】:任务后台;
【大分组】:2130653117;	【小分组】:1270736295;
【日志类型】:普通日志;
【标题】:打开tcp失败！;
【内容】:;
【createtime】:2017-09-21 15:42:55.678;

【项目】:任务后台;
【大分组】:-1989961220;	【小分组】:742372200;
【日志类型】:普通日志;
【标题】:正在关闭tcp！;
【内容】:;
【createtime】:2017-09-21 15:43:05.685;

【项目】:任务后台;
【大分组】:1240241913;	【小分组】:1150649904;
【日志类型】:普通日志;
【标题】:正在打开tcp...;
【内容】:;
【createtime】:2017-09-21 15:43:05.685;

【项目】:任务后台;
【大分组】:2130653117;	【小分组】:1187297882;
【日志类型】:普通日志;
【标题】:打开tcp失败！;
【内容】:;
【createtime】:2017-09-21 15:43:06.702;

【项目】:任务后台;
【大分组】:-1989961220;	【小分组】:-545667820;
【日志类型】:普通日志;
【标题】:正在关闭tcp！;
【内容】:;
【createtime】:2017-09-21 15:43:16.710;

【项目】:任务后台;
【大分组】:1240241913;	【小分组】:1582666517;
【日志类型】:普通日志;
【标题】:正在打开tcp...;
【内容】:;
【createtime】:2017-09-21 15:43:16.710;

【项目】:任务后台;
【大分组】:2130653117;	【小分组】:-1455278299;
【日志类型】:普通日志;
【标题】:打开tcp失败！;
【内容】:;
【createtime】:2017-09-21 15:43:17.762;

【项目】:任务后台;
【大分组】:-1989961220;	【小分组】:-90348427;
【日志类型】:普通日志;
【标题】:正在关闭tcp！;
【内容】:;
【createtime】:2017-09-21 15:43:27.779;

【项目】:任务后台;
【大分组】:1240241913;	【小分组】:-998195174;
【日志类型】:普通日志;
【标题】:正在打开tcp...;
【内容】:;
【createtime】:2017-09-21 15:43:27.779;

【项目】:任务后台;
【大分组】:2130653117;	【小分组】:-214568515;
【日志类型】:普通日志;
【标题】:打开tcp失败！;
【内容】:;
【createtime】:2017-09-21 15:43:28.807;

【项目】:任务后台;
【大分组】:-1989961220;	【小分组】:-1049720686;
【日志类型】:普通日志;
【标题】:正在关闭tcp！;
【内容】:;
【createtime】:2017-09-21 15:43:38.833;

【项目】:任务后台;
【大分组】:1240241913;	【小分组】:-618988423;
【日志类型】:普通日志;
【标题】:正在打开tcp...;
【内容】:;
【createtime】:2017-09-21 15:43:38.833;

【项目】:任务后台;
【大分组】:2130653117;	【小分组】:-1885441547;
【日志类型】:普通日志;
【标题】:打开tcp失败！;
【内容】:;
【createtime】:2017-09-21 15:43:39.852;

【项目】:任务后台;
【大分组】:-1989961220;	【小分组】:-2122621308;
【日志类型】:普通日志;
【标题】:正在关闭tcp！;
【内容】:;
【createtime】:2017-09-21 15:43:49.877;

【项目】:任务后台;
【大分组】:1240241913;	【小分组】:1340248585;
【日志类型】:普通日志;
【标题】:正在打开tcp...;
【内容】:;
【createtime】:2017-09-21 15:43:49.877;

【项目】:任务后台;
【大分组】:2130653117;	【小分组】:1491310594;
【日志类型】:普通日志;
【标题】:打开tcp失败！;
【内容】:;
【createtime】:2017-09-21 15:43:50.901;

【项目】:任务后台;
【大分组】:-1989961220;	【小分组】:270420374;
【日志类型】:普通日志;
【标题】:正在关闭tcp！;
【内容】:;
【createtime】:2017-09-21 15:44:00.911;

【项目】:任务后台;
【大分组】:1240241913;	【小分组】:-75755489;
【日志类型】:普通日志;
【标题】:正在打开tcp...;
【内容】:;
【createtime】:2017-09-21 15:44:00.911;

【项目】:任务后台;
【大分组】:2130653117;	【小分组】:-61948212;
【日志类型】:普通日志;
【标题】:打开tcp失败！;
【内容】:;
【createtime】:2017-09-21 15:44:01.930;

【项目】:任务后台;
【大分组】:-1989961220;	【小分组】:-1571522910;
【日志类型】:普通日志;
【标题】:正在关闭tcp！;
【内容】:;
【createtime】:2017-09-21 15:44:11.937;

【项目】:任务后台;
【大分组】:1240241913;	【小分组】:58325858;
【日志类型】:普通日志;
【标题】:正在打开tcp...;
【内容】:;
【createtime】:2017-09-21 15:44:11.937;

【项目】:任务后台;
【大分组】:2130653117;	【小分组】:1925640325;
【日志类型】:普通日志;
【标题】:打开tcp失败！;
【内容】:;
【createtime】:2017-09-21 15:44:12.992;

【项目】:任务后台;
【大分组】:-1989961220;	【小分组】:1698361883;
【日志类型】:普通日志;
【标题】:正在关闭tcp！;
【内容】:;
【createtime】:2017-09-21 15:44:23.003;

【项目】:任务后台;
【大分组】:1240241913;	【小分组】:1001842585;
【日志类型】:普通日志;
【标题】:正在打开tcp...;
【内容】:;
【createtime】:2017-09-21 15:44:23.003;

【项目】:任务后台;
【大分组】:2130653117;	【小分组】:-1468956102;
【日志类型】:普通日志;
【标题】:打开tcp失败！;
【内容】:;
【createtime】:2017-09-21 15:44:24.058;

【项目】:任务后台;
【大分组】:-1989961220;	【小分组】:1410358615;
【日志类型】:普通日志;
【标题】:正在关闭tcp！;
【内容】:;
【createtime】:2017-09-21 15:44:34.103;

【项目】:任务后台;
【大分组】:1240241913;	【小分组】:-178694131;
【日志类型】:普通日志;
【标题】:正在打开tcp...;
【内容】:;
【createtime】:2017-09-21 15:44:34.103;

【项目】:任务后台;
【大分组】:2130653117;	【小分组】:-2013257902;
【日志类型】:普通日志;
【标题】:打开tcp失败！;
【内容】:;
【createtime】:2017-09-21 15:44:35.153;

【项目】:任务后台;
【大分组】:-1989961220;	【小分组】:1462780753;
【日志类型】:普通日志;
【标题】:正在关闭tcp！;
【内容】:;
【createtime】:2017-09-21 15:44:45.232;

【项目】:任务后台;
【大分组】:1240241913;	【小分组】:1388244051;
【日志类型】:普通日志;
【标题】:正在打开tcp...;
【内容】:;
【createtime】:2017-09-21 15:44:45.232;

【项目】:任务后台;
【大分组】:2130653117;	【小分组】:-2137148600;
【日志类型】:普通日志;
【标题】:打开tcp失败！;
【内容】:;
【createtime】:2017-09-21 15:44:46.454;

【项目】:任务后台;
【大分组】:-1989961220;	【小分组】:-1098792568;
【日志类型】:普通日志;
【标题】:正在关闭tcp！;
【内容】:;
【createtime】:2017-09-21 15:44:56.567;

【项目】:任务后台;
【大分组】:1240241913;	【小分组】:-424640556;
【日志类型】:普通日志;
【标题】:正在打开tcp...;
【内容】:;
【createtime】:2017-09-21 15:44:56.567;

【项目】:任务后台;
【大分组】:2130653117;	【小分组】:16099528;
【日志类型】:普通日志;
【标题】:打开tcp失败！;
【内容】:;
【createtime】:2017-09-21 15:44:58.689;

【项目】:任务后台;
【大分组】:-1989961220;	【小分组】:1831167053;
【日志类型】:普通日志;
【标题】:正在关闭tcp！;
【内容】:;
【createtime】:2017-09-21 15:45:08.824;

【项目】:任务后台;
【大分组】:1240241913;	【小分组】:1740029760;
【日志类型】:普通日志;
【标题】:正在打开tcp...;
【内容】:;
【createtime】:2017-09-21 15:45:08.824;

【项目】:任务后台;
【大分组】:2130653117;	【小分组】:-1025230346;
【日志类型】:普通日志;
【标题】:打开tcp失败！;
【内容】:;
【createtime】:2017-09-21 15:45:10.272;

【项目】:任务后台;
【大分组】:1240241913;	【小分组】:35104124;
【日志类型】:普通日志;
【标题】:正在打开tcp...;
【内容】:;
【createtime】:2017-09-21 15:45:34.980;

【项目】:任务后台;
【大分组】:2130653117;	【小分组】:35104124;
【日志类型】:普通日志;
【标题】:打开tcp失败！;
【内容】:;
【createtime】:2017-09-21 15:45:36.042;

【项目】:任务后台;
【大分组】:-1989961220;	【小分组】:-170898013;
【日志类型】:普通日志;
【标题】:正在关闭tcp！;
【内容】:;
【createtime】:2017-09-21 15:45:36.059;

【项目】:任务后台;
【大分组】:1240241913;	【小分组】:-1237691640;
【日志类型】:普通日志;
【标题】:正在打开tcp...;
【内容】:;
【createtime】:2017-09-21 15:45:36.059;

【项目】:任务后台;
【大分组】:2130653117;	【小分组】:233730348;
【日志类型】:普通日志;
【标题】:打开tcp失败！;
【内容】:;
【createtime】:2017-09-21 15:45:37.107;

【项目】:任务后台;
【大分组】:-1989961220;	【小分组】:465359237;
【日志类型】:普通日志;
【标题】:正在关闭tcp！;
【内容】:;
【createtime】:2017-09-21 15:45:47.192;

【项目】:任务后台;
【大分组】:1240241913;	【小分组】:2120217673;
【日志类型】:普通日志;
【标题】:正在打开tcp...;
【内容】:;
【createtime】:2017-09-21 15:45:47.192;

【项目】:任务后台;
【大分组】:-1280615985;	【小分组】:-1120501582;
【日志类型】:普通日志;
【标题】:打开tcp成功！;
【内容】:;
【createtime】:2017-09-21 15:45:47.193;

【项目】:任务后台;
【大分组】:1240241913;	【小分组】:35104124;
【日志类型】:普通日志;
【标题】:正在打开tcp...;
【内容】:;
【createtime】:2017-09-21 15:54:17.847;

【项目】:任务后台;
【大分组】:2130653117;	【小分组】:35104124;
【日志类型】:普通日志;
【标题】:打开tcp失败！;
【内容】:;
【createtime】:2017-09-21 15:54:18.932;

【项目】:任务后台;
【大分组】:-1989961220;	【小分组】:24277748;
【日志类型】:普通日志;
【标题】:正在关闭tcp！;
【内容】:;
【createtime】:2017-09-21 15:54:18.954;

【项目】:任务后台;
【大分组】:1240241913;	【小分组】:937933017;
【日志类型】:普通日志;
【标题】:正在打开tcp...;
【内容】:;
【createtime】:2017-09-21 15:54:18.954;

【项目】:任务后台;
【大分组】:2130653117;	【小分组】:2079877415;
【日志类型】:普通日志;
【标题】:打开tcp失败！;
【内容】:;
【createtime】:2017-09-21 15:54:19.976;

【项目】:任务后台;
【大分组】:-1989961220;	【小分组】:-1217813507;
【日志类型】:普通日志;
【标题】:正在关闭tcp！;
【内容】:;
【createtime】:2017-09-21 15:54:30.000;

【项目】:任务后台;
【大分组】:1240241913;	【小分组】:544802589;
【日志类型】:普通日志;
【标题】:正在打开tcp...;
【内容】:;
【createtime】:2017-09-21 15:54:30.000;

【项目】:任务后台;
【大分组】:2130653117;	【小分组】:-1826601533;
【日志类型】:普通日志;
【标题】:打开tcp失败！;
【内容】:;
【createtime】:2017-09-21 15:54:31.052;

【项目】:任务后台;
【大分组】:-1989961220;	【小分组】:-681418781;
【日志类型】:普通日志;
【标题】:正在关闭tcp！;
【内容】:;
【createtime】:2017-09-21 15:54:41.078;

【项目】:任务后台;
【大分组】:1240241913;	【小分组】:-421948395;
【日志类型】:普通日志;
【标题】:正在打开tcp...;
【内容】:;
【createtime】:2017-09-21 15:54:41.078;

【项目】:任务后台;
【大分组】:2130653117;	【小分组】:1955419788;
【日志类型】:普通日志;
【标题】:打开tcp失败！;
【内容】:;
【createtime】:2017-09-21 15:54:42.135;

【项目】:任务后台;
【大分组】:-1989961220;	【小分组】:-1904074212;
【日志类型】:普通日志;
【标题】:正在关闭tcp！;
【内容】:;
【createtime】:2017-09-21 15:54:52.160;

【项目】:任务后台;
【大分组】:1240241913;	【小分组】:1198810330;
【日志类型】:普通日志;
【标题】:正在打开tcp...;
【内容】:;
【createtime】:2017-09-21 15:54:52.160;

【项目】:任务后台;
【大分组】:-1280615985;	【小分组】:199529996;
【日志类型】:普通日志;
【标题】:打开tcp成功！;
【内容】:;
【createtime】:2017-09-21 15:54:52.162;

【项目】:任务后台;
【大分组】:1240241913;	【小分组】:37368736;
【日志类型】:普通日志;
【标题】:正在打开tcp...;
【内容】:;
【createtime】:2017-09-21 15:59:15.262;

【项目】:任务后台;
【大分组】:2130653117;	【小分组】:37368736;
【日志类型】:普通日志;
【标题】:打开tcp失败！;
【内容】:;
【createtime】:2017-09-21 15:59:16.333;

【项目】:任务后台;
【大分组】:-1989961220;	【小分组】:-1817018808;
【日志类型】:普通日志;
【标题】:正在关闭tcp！;
【内容】:;
【createtime】:2017-09-21 15:59:16.356;

【项目】:任务后台;
【大分组】:1240241913;	【小分组】:-400534766;
【日志类型】:普通日志;
【标题】:正在打开tcp...;
【内容】:;
【createtime】:2017-09-21 15:59:16.356;

【项目】:任务后台;
【大分组】:2130653117;	【小分组】:-745777415;
【日志类型】:普通日志;
【标题】:打开tcp失败！;
【内容】:;
【createtime】:2017-09-21 15:59:17.376;

【项目】:任务后台;
【大分组】:-1989961220;	【小分组】:2081719828;
【日志类型】:普通日志;
【标题】:正在关闭tcp！;
【内容】:;
【createtime】:2017-09-21 15:59:27.396;

【项目】:任务后台;
【大分组】:1240241913;	【小分组】:-734795081;
【日志类型】:普通日志;
【标题】:正在打开tcp...;
【内容】:;
【createtime】:2017-09-21 15:59:27.396;

【项目】:任务后台;
【大分组】:-1280615985;	【小分组】:436290609;
【日志类型】:普通日志;
【标题】:打开tcp成功！;
【内容】:;
【createtime】:2017-09-21 15:59:27.397;

【项目】:任务后台;
【大分组】:1240241913;	【小分组】:37368736;
【日志类型】:普通日志;
【标题】:正在打开tcp...;
【内容】:;
【createtime】:2017-09-21 16:02:27.299;

【项目】:任务后台;
【大分组】:2130653117;	【小分组】:37368736;
【日志类型】:普通日志;
【标题】:打开tcp失败！;
【内容】:;
【createtime】:2017-09-21 16:02:28.384;

【项目】:任务后台;
【大分组】:-1989961220;	【小分组】:1421439267;
【日志类型】:普通日志;
【标题】:正在关闭tcp！;
【内容】:;
【createtime】:2017-09-21 16:02:28.447;

【项目】:任务后台;
【大分组】:1240241913;	【小分组】:1890166328;
【日志类型】:普通日志;
【标题】:正在打开tcp...;
【内容】:;
【createtime】:2017-09-21 16:02:28.447;

【项目】:任务后台;
【大分组】:2130653117;	【小分组】:-534063691;
【日志类型】:普通日志;
【标题】:打开tcp失败！;
【内容】:;
【createtime】:2017-09-21 16:02:29.470;

【项目】:任务后台;
【大分组】:-1989961220;	【小分组】:-426645981;
【日志类型】:普通日志;
【标题】:正在关闭tcp！;
【内容】:;
【createtime】:2017-09-21 16:02:39.486;

【项目】:任务后台;
【大分组】:1240241913;	【小分组】:49528482;
【日志类型】:普通日志;
【标题】:正在打开tcp...;
【内容】:;
【createtime】:2017-09-21 16:02:39.486;

【项目】:任务后台;
【大分组】:-1280615985;	【小分组】:1855181249;
【日志类型】:普通日志;
【标题】:打开tcp成功！;
【内容】:;
【createtime】:2017-09-21 16:02:39.486;

【项目】:任务后台;
【大分组】:1240241913;	【小分组】:37368736;
【日志类型】:普通日志;
【标题】:正在打开tcp...;
【内容】:;
【createtime】:2017-09-21 16:06:53.831;

【项目】:任务后台;
【大分组】:2130653117;	【小分组】:37368736;
【日志类型】:普通日志;
【标题】:打开tcp失败！;
【内容】:;
【createtime】:2017-09-21 16:06:54.907;

【项目】:任务后台;
【大分组】:-1989961220;	【小分组】:-1110886300;
【日志类型】:普通日志;
【标题】:正在关闭tcp！;
【内容】:;
【createtime】:2017-09-21 16:06:54.935;

【项目】:任务后台;
【大分组】:1240241913;	【小分组】:-605469395;
【日志类型】:普通日志;
【标题】:正在打开tcp...;
【内容】:;
【createtime】:2017-09-21 16:06:54.935;

【项目】:任务后台;
【大分组】:2130653117;	【小分组】:420729048;
【日志类型】:普通日志;
【标题】:打开tcp失败！;
【内容】:;
【createtime】:2017-09-21 16:06:55.955;

【项目】:任务后台;
【大分组】:-1989961220;	【小分组】:1254091935;
【日志类型】:普通日志;
【标题】:正在关闭tcp！;
【内容】:;
【createtime】:2017-09-21 16:07:05.983;

【项目】:任务后台;
【大分组】:1240241913;	【小分组】:-398191735;
【日志类型】:普通日志;
【标题】:正在打开tcp...;
【内容】:;
【createtime】:2017-09-21 16:07:05.983;

【项目】:任务后台;
【大分组】:-1280615985;	【小分组】:-179088767;
【日志类型】:普通日志;
【标题】:打开tcp成功！;
【内容】:;
【createtime】:2017-09-21 16:07:05.983;

【项目】:任务后台;
【大分组】:1240241913;	【小分组】:35104124;
【日志类型】:普通日志;
【标题】:正在打开tcp...;
【内容】:;
【createtime】:2017-09-21 16:11:58.018;

【项目】:任务后台;
【大分组】:2130653117;	【小分组】:35104124;
【日志类型】:普通日志;
【标题】:打开tcp失败！;
【内容】:;
【createtime】:2017-09-21 16:11:59.090;

【项目】:任务后台;
【大分组】:-1989961220;	【小分组】:-344161440;
【日志类型】:普通日志;
【标题】:正在关闭tcp！;
【内容】:;
【createtime】:2017-09-21 16:11:59.115;

【项目】:任务后台;
【大分组】:1240241913;	【小分组】:2068777337;
【日志类型】:普通日志;
【标题】:正在打开tcp...;
【内容】:;
【createtime】:2017-09-21 16:11:59.115;

【项目】:任务后台;
【大分组】:2130653117;	【小分组】:-1647926736;
【日志类型】:普通日志;
【标题】:打开tcp失败！;
【内容】:;
【createtime】:2017-09-21 16:12:00.163;

【项目】:任务后台;
【大分组】:-1989961220;	【小分组】:1022138645;
【日志类型】:普通日志;
【标题】:正在关闭tcp！;
【内容】:;
【createtime】:2017-09-21 16:12:10.195;

【项目】:任务后台;
【大分组】:1240241913;	【小分组】:1624507629;
【日志类型】:普通日志;
【标题】:正在打开tcp...;
【内容】:;
【createtime】:2017-09-21 16:12:10.195;

【项目】:任务后台;
【大分组】:2130653117;	【小分组】:-1467465585;
【日志类型】:普通日志;
【标题】:打开tcp失败！;
【内容】:;
【createtime】:2017-09-21 16:12:11.227;

【项目】:任务后台;
【大分组】:-1989961220;	【小分组】:2042012020;
【日志类型】:普通日志;
【标题】:正在关闭tcp！;
【内容】:;
【createtime】:2017-09-21 16:12:21.255;

【项目】:任务后台;
【大分组】:1240241913;	【小分组】:603883286;
【日志类型】:普通日志;
【标题】:正在打开tcp...;
【内容】:;
【createtime】:2017-09-21 16:12:21.255;

【项目】:任务后台;
【大分组】:-1280615985;	【小分组】:-1266289168;
【日志类型】:普通日志;
【标题】:打开tcp成功！;
【内容】:;
【createtime】:2017-09-21 16:12:21.255;

【项目】:任务后台;
【大分组】:1240241913;	【小分组】:35104124;
【日志类型】:普通日志;
【标题】:正在打开tcp...;
【内容】:;
【createtime】:2017-09-21 23:13:13.653;

【项目】:任务后台;
【大分组】:2130653117;	【小分组】:35104124;
【日志类型】:普通日志;
【标题】:打开tcp失败！;
【内容】:;
【createtime】:2017-09-21 23:13:14.729;

【项目】:任务后台;
【大分组】:-1989961220;	【小分组】:-1054921726;
【日志类型】:普通日志;
【标题】:正在关闭tcp！;
【内容】:;
【createtime】:2017-09-21 23:13:14.781;

【项目】:任务后台;
【大分组】:1240241913;	【小分组】:-1683556392;
【日志类型】:普通日志;
【标题】:正在打开tcp...;
【内容】:;
【createtime】:2017-09-21 23:13:14.781;

【项目】:任务后台;
【大分组】:2130653117;	【小分组】:-1930657741;
【日志类型】:普通日志;
【标题】:打开tcp失败！;
【内容】:;
【createtime】:2017-09-21 23:13:15.825;

【项目】:任务后台;
【大分组】:-1989961220;	【小分组】:-1257702486;
【日志类型】:普通日志;
【标题】:正在关闭tcp！;
【内容】:;
【createtime】:2017-09-21 23:13:25.849;

【项目】:任务后台;
【大分组】:1240241913;	【小分组】:-2038924571;
【日志类型】:普通日志;
【标题】:正在打开tcp...;
【内容】:;
【createtime】:2017-09-21 23:13:25.849;

【项目】:任务后台;
【大分组】:2130653117;	【小分组】:1543587647;
【日志类型】:普通日志;
【标题】:打开tcp失败！;
【内容】:;
【createtime】:2017-09-21 23:13:26.906;

【项目】:任务后台;
【大分组】:-1989961220;	【小分组】:2065063887;
【日志类型】:普通日志;
【标题】:正在关闭tcp！;
【内容】:;
【createtime】:2017-09-21 23:13:36.917;

【项目】:任务后台;
【大分组】:1240241913;	【小分组】:-183580270;
【日志类型】:普通日志;
【标题】:正在打开tcp...;
【内容】:;
【createtime】:2017-09-21 23:13:36.917;

【项目】:任务后台;
【大分组】:2130653117;	【小分组】:516916710;
【日志类型】:普通日志;
【标题】:打开tcp失败！;
【内容】:;
【createtime】:2017-09-21 23:13:37.959;

【项目】:任务后台;
【大分组】:-1989961220;	【小分组】:1480853663;
【日志类型】:普通日志;
【标题】:正在关闭tcp！;
【内容】:;
【createtime】:2017-09-21 23:13:47.987;

【项目】:任务后台;
【大分组】:1240241913;	【小分组】:-1953166763;
【日志类型】:普通日志;
【标题】:正在打开tcp...;
【内容】:;
【createtime】:2017-09-21 23:13:47.987;

【项目】:任务后台;
【大分组】:2130653117;	【小分组】:-334215818;
【日志类型】:普通日志;
【标题】:打开tcp失败！;
【内容】:;
【createtime】:2017-09-21 23:13:49.019;

【项目】:任务后台;
【大分组】:-1989961220;	【小分组】:-578083386;
【日志类型】:普通日志;
【标题】:正在关闭tcp！;
【内容】:;
【createtime】:2017-09-21 23:13:59.050;

【项目】:任务后台;
【大分组】:1240241913;	【小分组】:889831881;
【日志类型】:普通日志;
【标题】:正在打开tcp...;
【内容】:;
【createtime】:2017-09-21 23:13:59.050;

【项目】:任务后台;
【大分组】:2130653117;	【小分组】:-1282302063;
【日志类型】:普通日志;
【标题】:打开tcp失败！;
【内容】:;
【createtime】:2017-09-21 23:14:00.109;

【项目】:任务后台;
【大分组】:-1989961220;	【小分组】:-511334647;
【日志类型】:普通日志;
【标题】:正在关闭tcp！;
【内容】:;
【createtime】:2017-09-21 23:14:10.126;

【项目】:任务后台;
【大分组】:1240241913;	【小分组】:-1400507799;
【日志类型】:普通日志;
【标题】:正在打开tcp...;
【内容】:;
【createtime】:2017-09-21 23:14:10.126;

【项目】:任务后台;
【大分组】:2130653117;	【小分组】:-1244385281;
【日志类型】:普通日志;
【标题】:打开tcp失败！;
【内容】:;
【createtime】:2017-09-21 23:14:11.186;

【项目】:任务后台;
【大分组】:-1989961220;	【小分组】:123518769;
【日志类型】:普通日志;
【标题】:正在关闭tcp！;
【内容】:;
【createtime】:2017-09-21 23:14:21.207;

【项目】:任务后台;
【大分组】:1240241913;	【小分组】:1557794613;
【日志类型】:普通日志;
【标题】:正在打开tcp...;
【内容】:;
【createtime】:2017-09-21 23:14:21.207;

【项目】:任务后台;
【大分组】:2130653117;	【小分组】:1679919582;
【日志类型】:普通日志;
【标题】:打开tcp失败！;
【内容】:;
【createtime】:2017-09-21 23:14:22.274;

【项目】:任务后台;
【大分组】:-1989961220;	【小分组】:-1258130134;
【日志类型】:普通日志;
【标题】:正在关闭tcp！;
【内容】:;
【createtime】:2017-09-21 23:14:32.306;

【项目】:任务后台;
【大分组】:1240241913;	【小分组】:-720186059;
【日志类型】:普通日志;
【标题】:正在打开tcp...;
【内容】:;
【createtime】:2017-09-21 23:14:32.306;

【项目】:任务后台;
【大分组】:2130653117;	【小分组】:1017021549;
【日志类型】:普通日志;
【标题】:打开tcp失败！;
【内容】:;
【createtime】:2017-09-21 23:14:33.377;

【项目】:任务后台;
【大分组】:-1989961220;	【小分组】:-1759890197;
【日志类型】:普通日志;
【标题】:正在关闭tcp！;
【内容】:;
【createtime】:2017-09-21 23:14:43.406;

【项目】:任务后台;
【大分组】:1240241913;	【小分组】:1432922941;
【日志类型】:普通日志;
【标题】:正在打开tcp...;
【内容】:;
【createtime】:2017-09-21 23:14:43.406;

【项目】:任务后台;
【大分组】:2130653117;	【小分组】:1788556822;
【日志类型】:普通日志;
【标题】:打开tcp失败！;
【内容】:;
【createtime】:2017-09-21 23:14:44.491;

【项目】:任务后台;
【大分组】:-1989961220;	【小分组】:1584024795;
【日志类型】:普通日志;
【标题】:正在关闭tcp！;
【内容】:;
【createtime】:2017-09-21 23:14:54.523;

【项目】:任务后台;
【大分组】:1240241913;	【小分组】:-1986406462;
【日志类型】:普通日志;
【标题】:正在打开tcp...;
【内容】:;
【createtime】:2017-09-21 23:14:54.523;

【项目】:任务后台;
【大分组】:2130653117;	【小分组】:-493555461;
【日志类型】:普通日志;
【标题】:打开tcp失败！;
【内容】:;
【createtime】:2017-09-21 23:14:55.589;

【项目】:任务后台;
【大分组】:-1989961220;	【小分组】:1950251250;
【日志类型】:普通日志;
【标题】:正在关闭tcp！;
【内容】:;
【createtime】:2017-09-21 23:15:05.622;

【项目】:任务后台;
【大分组】:1240241913;	【小分组】:-44823591;
【日志类型】:普通日志;
【标题】:正在打开tcp...;
【内容】:;
【createtime】:2017-09-21 23:15:05.622;

【项目】:任务后台;
【大分组】:2130653117;	【小分组】:227960857;
【日志类型】:普通日志;
【标题】:打开tcp失败！;
【内容】:;
【createtime】:2017-09-21 23:15:06.694;

【项目】:任务后台;
【大分组】:-1989961220;	【小分组】:2016353327;
【日志类型】:普通日志;
【标题】:正在关闭tcp！;
【内容】:;
【createtime】:2017-09-21 23:15:16.717;

【项目】:任务后台;
【大分组】:1240241913;	【小分组】:-240888981;
【日志类型】:普通日志;
【标题】:正在打开tcp...;
【内容】:;
【createtime】:2017-09-21 23:15:16.717;

【项目】:任务后台;
【大分组】:2130653117;	【小分组】:2075648612;
【日志类型】:普通日志;
【标题】:打开tcp失败！;
【内容】:;
【createtime】:2017-09-21 23:15:17.795;

【项目】:任务后台;
【大分组】:-1989961220;	【小分组】:399457492;
【日志类型】:普通日志;
【标题】:正在关闭tcp！;
【内容】:;
【createtime】:2017-09-21 23:15:27.823;

【项目】:任务后台;
【大分组】:1240241913;	【小分组】:1796797614;
【日志类型】:普通日志;
【标题】:正在打开tcp...;
【内容】:;
【createtime】:2017-09-21 23:15:27.823;

【项目】:任务后台;
【大分组】:2130653117;	【小分组】:-502318187;
【日志类型】:普通日志;
【标题】:打开tcp失败！;
【内容】:;
【createtime】:2017-09-21 23:15:28.878;

【项目】:任务后台;
【大分组】:-1989961220;	【小分组】:981712382;
【日志类型】:普通日志;
【标题】:正在关闭tcp！;
【内容】:;
【createtime】:2017-09-21 23:15:38.902;

【项目】:任务后台;
【大分组】:1240241913;	【小分组】:-412966148;
【日志类型】:普通日志;
【标题】:正在打开tcp...;
【内容】:;
【createtime】:2017-09-21 23:15:38.902;

【项目】:任务后台;
【大分组】:2130653117;	【小分组】:-1394612538;
【日志类型】:普通日志;
【标题】:打开tcp失败！;
【内容】:;
【createtime】:2017-09-21 23:15:39.953;

【项目】:任务后台;
【大分组】:-1989961220;	【小分组】:-388863324;
【日志类型】:普通日志;
【标题】:正在关闭tcp！;
【内容】:;
【createtime】:2017-09-21 23:15:49.990;

【项目】:任务后台;
【大分组】:1240241913;	【小分组】:-1717331538;
【日志类型】:普通日志;
【标题】:正在打开tcp...;
【内容】:;
【createtime】:2017-09-21 23:15:49.990;

【项目】:任务后台;
【大分组】:2130653117;	【小分组】:-1300701451;
【日志类型】:普通日志;
【标题】:打开tcp失败！;
【内容】:;
【createtime】:2017-09-21 23:15:51.052;

【项目】:任务后台;
【大分组】:-1989961220;	【小分组】:1735146087;
【日志类型】:普通日志;
【标题】:正在关闭tcp！;
【内容】:;
【createtime】:2017-09-21 23:16:01.065;

【项目】:任务后台;
【大分组】:1240241913;	【小分组】:-1451659813;
【日志类型】:普通日志;
【标题】:正在打开tcp...;
【内容】:;
【createtime】:2017-09-21 23:16:01.065;

【项目】:任务后台;
【大分组】:2130653117;	【小分组】:-1786195912;
【日志类型】:普通日志;
【标题】:打开tcp失败！;
【内容】:;
【createtime】:2017-09-21 23:16:02.141;

【项目】:任务后台;
【大分组】:-1989961220;	【小分组】:-1300417906;
【日志类型】:普通日志;
【标题】:正在关闭tcp！;
【内容】:;
【createtime】:2017-09-21 23:16:12.171;

【项目】:任务后台;
【大分组】:1240241913;	【小分组】:-1081622054;
【日志类型】:普通日志;
【标题】:正在打开tcp...;
【内容】:;
【createtime】:2017-09-21 23:16:12.171;

【项目】:任务后台;
【大分组】:2130653117;	【小分组】:-375461194;
【日志类型】:普通日志;
【标题】:打开tcp失败！;
【内容】:;
【createtime】:2017-09-21 23:16:13.233;

【项目】:任务后台;
【大分组】:-1989961220;	【小分组】:-1647254948;
【日志类型】:普通日志;
【标题】:正在关闭tcp！;
【内容】:;
【createtime】:2017-09-21 23:16:23.260;

【项目】:任务后台;
【大分组】:1240241913;	【小分组】:1843286390;
【日志类型】:普通日志;
【标题】:正在打开tcp...;
【内容】:;
【createtime】:2017-09-21 23:16:23.260;

【项目】:任务后台;
【大分组】:2130653117;	【小分组】:1252006076;
【日志类型】:普通日志;
【标题】:打开tcp失败！;
【内容】:;
【createtime】:2017-09-21 23:16:24.348;

【项目】:任务后台;
【大分组】:-1989961220;	【小分组】:1160573566;
【日志类型】:普通日志;
【标题】:正在关闭tcp！;
【内容】:;
【createtime】:2017-09-21 23:16:34.387;

【项目】:任务后台;
【大分组】:1240241913;	【小分组】:-1677320384;
【日志类型】:普通日志;
【标题】:正在打开tcp...;
【内容】:;
【createtime】:2017-09-21 23:16:34.387;

【项目】:任务后台;
【大分组】:2130653117;	【小分组】:-1348736357;
【日志类型】:普通日志;
【标题】:打开tcp失败！;
【内容】:;
【createtime】:2017-09-21 23:16:35.417;

【项目】:任务后台;
【大分组】:-1989961220;	【小分组】:-320124708;
【日志类型】:普通日志;
【标题】:正在关闭tcp！;
【内容】:;
【createtime】:2017-09-21 23:16:45.444;

【项目】:任务后台;
【大分组】:1240241913;	【小分组】:-509810062;
【日志类型】:普通日志;
【标题】:正在打开tcp...;
【内容】:;
【createtime】:2017-09-21 23:16:45.444;

【项目】:任务后台;
【大分组】:2130653117;	【小分组】:1803881874;
【日志类型】:普通日志;
【标题】:打开tcp失败！;
【内容】:;
【createtime】:2017-09-21 23:16:46.515;

【项目】:任务后台;
【大分组】:-1989961220;	【小分组】:-1127678841;
【日志类型】:普通日志;
【标题】:正在关闭tcp！;
【内容】:;
【createtime】:2017-09-21 23:16:56.542;

【项目】:任务后台;
【大分组】:1240241913;	【小分组】:-155291759;
【日志类型】:普通日志;
【标题】:正在打开tcp...;
【内容】:;
【createtime】:2017-09-21 23:16:56.542;

【项目】:任务后台;
【大分组】:2130653117;	【小分组】:597840974;
【日志类型】:普通日志;
【标题】:打开tcp失败！;
【内容】:;
【createtime】:2017-09-21 23:16:57.609;

【项目】:任务后台;
【大分组】:-1989961220;	【小分组】:1727501859;
【日志类型】:普通日志;
【标题】:正在关闭tcp！;
【内容】:;
【createtime】:2017-09-21 23:17:07.643;

【项目】:任务后台;
【大分组】:1240241913;	【小分组】:-198169028;
【日志类型】:普通日志;
【标题】:正在打开tcp...;
【内容】:;
【createtime】:2017-09-21 23:17:07.643;

【项目】:任务后台;
【大分组】:2130653117;	【小分组】:-1106819437;
【日志类型】:普通日志;
【标题】:打开tcp失败！;
【内容】:;
【createtime】:2017-09-21 23:17:08.729;

【项目】:任务后台;
【大分组】:-1989961220;	【小分组】:-496939511;
【日志类型】:普通日志;
【标题】:正在关闭tcp！;
【内容】:;
【createtime】:2017-09-21 23:17:18.772;

【项目】:任务后台;
【大分组】:1240241913;	【小分组】:399088614;
【日志类型】:普通日志;
【标题】:正在打开tcp...;
【内容】:;
【createtime】:2017-09-21 23:17:18.772;

【项目】:任务后台;
【大分组】:2130653117;	【小分组】:19942437;
【日志类型】:普通日志;
【标题】:打开tcp失败！;
【内容】:;
【createtime】:2017-09-21 23:17:19.834;

【项目】:任务后台;
【大分组】:-1989961220;	【小分组】:1575654546;
【日志类型】:普通日志;
【标题】:正在关闭tcp！;
【内容】:;
【createtime】:2017-09-21 23:17:29.852;

【项目】:任务后台;
【大分组】:1240241913;	【小分组】:675080523;
【日志类型】:普通日志;
【标题】:正在打开tcp...;
【内容】:;
【createtime】:2017-09-21 23:17:29.852;

【项目】:任务后台;
【大分组】:2130653117;	【小分组】:345966679;
【日志类型】:普通日志;
【标题】:打开tcp失败！;
【内容】:;
【createtime】:2017-09-21 23:17:30.946;

【项目】:任务后台;
【大分组】:-1989961220;	【小分组】:-478744487;
【日志类型】:普通日志;
【标题】:正在关闭tcp！;
【内容】:;
【createtime】:2017-09-21 23:17:40.980;

【项目】:任务后台;
【大分组】:1240241913;	【小分组】:-1581188351;
【日志类型】:普通日志;
【标题】:正在打开tcp...;
【内容】:;
【createtime】:2017-09-21 23:17:40.980;

【项目】:任务后台;
【大分组】:2130653117;	【小分组】:-1844769414;
【日志类型】:普通日志;
【标题】:打开tcp失败！;
【内容】:;
【createtime】:2017-09-21 23:17:42.051;

【项目】:任务后台;
【大分组】:-1989961220;	【小分组】:984510899;
【日志类型】:普通日志;
【标题】:正在关闭tcp！;
【内容】:;
【createtime】:2017-09-21 23:17:52.089;

【项目】:任务后台;
【大分组】:1240241913;	【小分组】:-776418528;
【日志类型】:普通日志;
【标题】:正在打开tcp...;
【内容】:;
【createtime】:2017-09-21 23:17:52.089;

【项目】:任务后台;
【大分组】:2130653117;	【小分组】:-307986906;
【日志类型】:普通日志;
【标题】:打开tcp失败！;
【内容】:;
【createtime】:2017-09-21 23:17:53.154;

【项目】:任务后台;
【大分组】:-1989961220;	【小分组】:71289209;
【日志类型】:普通日志;
【标题】:正在关闭tcp！;
【内容】:;
【createtime】:2017-09-21 23:18:03.194;

【项目】:任务后台;
【大分组】:1240241913;	【小分组】:489700911;
【日志类型】:普通日志;
【标题】:正在打开tcp...;
【内容】:;
【createtime】:2017-09-21 23:18:03.194;

【项目】:任务后台;
【大分组】:2130653117;	【小分组】:-905619843;
【日志类型】:普通日志;
【标题】:打开tcp失败！;
【内容】:;
【createtime】:2017-09-21 23:18:04.276;

【项目】:任务后台;
【大分组】:-1989961220;	【小分组】:-184812204;
【日志类型】:普通日志;
【标题】:正在关闭tcp！;
【内容】:;
【createtime】:2017-09-21 23:18:14.300;

【项目】:任务后台;
【大分组】:1240241913;	【小分组】:1411926043;
【日志类型】:普通日志;
【标题】:正在打开tcp...;
【内容】:;
【createtime】:2017-09-21 23:18:14.300;

【项目】:任务后台;
【大分组】:2130653117;	【小分组】:-342482018;
【日志类型】:普通日志;
【标题】:打开tcp失败！;
【内容】:;
【createtime】:2017-09-21 23:18:15.376;

【项目】:任务后台;
【大分组】:-1989961220;	【小分组】:1562357686;
【日志类型】:普通日志;
【标题】:正在关闭tcp！;
【内容】:;
【createtime】:2017-09-21 23:18:25.399;

【项目】:任务后台;
【大分组】:1240241913;	【小分组】:-674100312;
【日志类型】:普通日志;
【标题】:正在打开tcp...;
【内容】:;
【createtime】:2017-09-21 23:18:25.399;

【项目】:任务后台;
【大分组】:2130653117;	【小分组】:-1294865741;
【日志类型】:普通日志;
【标题】:打开tcp失败！;
【内容】:;
【createtime】:2017-09-21 23:18:26.470;

【项目】:任务后台;
【大分组】:-1989961220;	【小分组】:-1764175260;
【日志类型】:普通日志;
【标题】:正在关闭tcp！;
【内容】:;
【createtime】:2017-09-21 23:18:36.499;

【项目】:任务后台;
【大分组】:1240241913;	【小分组】:-550908542;
【日志类型】:普通日志;
【标题】:正在打开tcp...;
【内容】:;
【createtime】:2017-09-21 23:18:36.499;

【项目】:任务后台;
【大分组】:2130653117;	【小分组】:1953467864;
【日志类型】:普通日志;
【标题】:打开tcp失败！;
【内容】:;
【createtime】:2017-09-21 23:18:37.553;

【项目】:任务后台;
【大分组】:-1989961220;	【小分组】:802339142;
【日志类型】:普通日志;
【标题】:正在关闭tcp！;
【内容】:;
【createtime】:2017-09-21 23:18:47.573;

【项目】:任务后台;
【大分组】:1240241913;	【小分组】:-853336293;
【日志类型】:普通日志;
【标题】:正在打开tcp...;
【内容】:;
【createtime】:2017-09-21 23:18:47.573;

【项目】:任务后台;
【大分组】:-1280615985;	【小分组】:628837184;
【日志类型】:普通日志;
【标题】:打开tcp成功！;
【内容】:;
【createtime】:2017-09-21 23:18:47.573;

