【项目】:任务后台;
【大分组】:1240241913;	【小分组】:6968762;
【日志类型】:普通日志;
【标题】:正在打开tcp...;
【内容】:;
【createtime】:2017-10-26 10:14:06.080;

【项目】:任务后台;
【大分组】:2130653117;	【小分组】:6968762;
【日志类型】:普通日志;
【标题】:打开tcp失败！;
【内容】:No connection could be made because the target machine actively refused it 192.168.7.104:8086;
【createtime】:2017-10-26 10:14:09.006;

【项目】:任务后台;
【大分组】:1240241913;	【小分组】:659600666;
【日志类型】:普通日志;
【标题】:正在打开tcp...;
【内容】:;
【createtime】:2017-10-26 10:14:09.006;

【项目】:任务后台;
【大分组】:2130653117;	【小分组】:-1985656585;
【日志类型】:普通日志;
【标题】:打开tcp失败！;
【内容】:No connection could be made because the target machine actively refused it 192.168.7.104:8086;
【createtime】:2017-10-26 10:14:10.200;

【项目】:任务后台;
【大分组】:1240241913;	【小分组】:37368736;
【日志类型】:普通日志;
【标题】:正在打开tcp...;
【内容】:;
【createtime】:2017-10-26 10:14:27.522;

【项目】:任务后台;
【大分组】:2130653117;	【小分组】:37368736;
【日志类型】:普通日志;
【标题】:打开tcp失败！;
【内容】:No connection could be made because the target machine actively refused it 192.168.7.104:8086;
【createtime】:2017-10-26 10:14:28.998;

【项目】:任务后台;
【大分组】:1240241913;	【小分组】:-2009973661;
【日志类型】:普通日志;
【标题】:正在打开tcp...;
【内容】:;
【createtime】:2017-10-26 10:14:29.024;

【项目】:任务后台;
【大分组】:2130653117;	【小分组】:1920122217;
【日志类型】:普通日志;
【标题】:打开tcp失败！;
【内容】:No connection could be made because the target machine actively refused it 192.168.7.104:8086;
【createtime】:2017-10-26 10:14:30.232;

【项目】:任务后台;
【大分组】:1240241913;	【小分组】:1784991339;
【日志类型】:普通日志;
【标题】:正在打开tcp...;
【内容】:;
【createtime】:2017-10-26 10:14:40.232;

【项目】:任务后台;
【大分组】:2130653117;	【小分组】:1965978014;
【日志类型】:普通日志;
【标题】:打开tcp失败！;
【内容】:No connection could be made because the target machine actively refused it 192.168.7.104:8086;
【createtime】:2017-10-26 10:14:41.678;

【项目】:任务后台;
【大分组】:1240241913;	【小分组】:-1483687928;
【日志类型】:普通日志;
【标题】:正在打开tcp...;
【内容】:;
【createtime】:2017-10-26 10:14:51.682;

【项目】:任务后台;
【大分组】:2130653117;	【小分组】:1918531977;
【日志类型】:普通日志;
【标题】:打开tcp失败！;
【内容】:No connection could be made because the target machine actively refused it 192.168.7.104:8086;
【createtime】:2017-10-26 10:14:52.918;

【项目】:任务后台;
【大分组】:1240241913;	【小分组】:-909953585;
【日志类型】:普通日志;
【标题】:正在打开tcp...;
【内容】:;
【createtime】:2017-10-26 10:15:02.928;

【项目】:任务后台;
【大分组】:2130653117;	【小分组】:-466872643;
【日志类型】:普通日志;
【标题】:打开tcp失败！;
【内容】:No connection could be made because the target machine actively refused it 192.168.7.104:8086;
【createtime】:2017-10-26 10:15:04.332;

【项目】:任务后台;
【大分组】:1240241913;	【小分组】:24861802;
【日志类型】:普通日志;
【标题】:正在打开tcp...;
【内容】:;
【createtime】:2017-10-26 10:16:39.007;

【项目】:任务后台;
【大分组】:-1280615985;	【小分组】:24861802;
【日志类型】:普通日志;
【标题】:打开tcp成功！;
【内容】:;
【createtime】:2017-10-26 10:16:39.007;

【项目】:任务后台;
【大分组】:1240241913;	【小分组】:6968762;
【日志类型】:普通日志;
【标题】:正在打开tcp...;
【内容】:;
【createtime】:2017-10-26 10:23:27.817;

【项目】:任务后台;
【大分组】:-1280615985;	【小分组】:6968762;
【日志类型】:普通日志;
【标题】:打开tcp成功！;
【内容】:;
【createtime】:2017-10-26 10:23:27.819;

【项目】:任务后台;
【大分组】:1240241913;	【小分组】:37368736;
【日志类型】:普通日志;
【标题】:正在打开tcp...;
【内容】:;
【createtime】:2017-10-26 10:24:00.205;

【项目】:任务后台;
【大分组】:-1280615985;	【小分组】:37368736;
【日志类型】:普通日志;
【标题】:打开tcp成功！;
【内容】:;
【createtime】:2017-10-26 10:24:00.207;

【项目】:任务后台;
【大分组】:-1989961220;	【小分组】:901823986;
【日志类型】:普通日志;
【标题】:正在关闭tcp！;
【内容】:;
【createtime】:2017-10-26 10:29:03.315;

【项目】:任务后台;
【大分组】:1240241913;	【小分组】:-700030509;
【日志类型】:普通日志;
【标题】:正在打开tcp...;
【内容】:;
【createtime】:2017-10-26 10:29:03.315;

【项目】:任务后台;
【大分组】:2130653117;	【小分组】:-1107182799;
【日志类型】:普通日志;
【标题】:打开tcp失败！;
【内容】:No connection could be made because the target machine actively refused it 192.168.7.105:8086;
【createtime】:2017-10-26 10:29:04.388;

【项目】:任务后台;
【大分组】:1240241913;	【小分组】:24861802;
【日志类型】:普通日志;
【标题】:正在打开tcp...;
【内容】:;
【createtime】:2017-10-26 10:29:18.136;

【项目】:任务后台;
【大分组】:2130653117;	【小分组】:24861802;
【日志类型】:普通日志;
【标题】:打开tcp失败！;
【内容】:No connection could be made because the target machine actively refused it 192.168.7.105:8086;
【createtime】:2017-10-26 10:29:19.139;

【项目】:任务后台;
【大分组】:1240241913;	【小分组】:-478769632;
【日志类型】:普通日志;
【标题】:正在打开tcp...;
【内容】:;
【createtime】:2017-10-26 10:29:19.143;

【项目】:任务后台;
【大分组】:-1280615985;	【小分组】:-1083123550;
【日志类型】:普通日志;
【标题】:打开tcp成功！;
【内容】:;
【createtime】:2017-10-26 10:29:19.645;

【项目】:任务后台;
【大分组】:1240241913;	【小分组】:24861802;
【日志类型】:普通日志;
【标题】:正在打开tcp...;
【内容】:;
【createtime】:2017-10-26 10:40:46.062;

【项目】:任务后台;
【大分组】:-1280615985;	【小分组】:24861802;
【日志类型】:普通日志;
【标题】:打开tcp成功！;
【内容】:;
【createtime】:2017-10-26 10:40:46.064;

【项目】:任务后台;
【大分组】:1240241913;	【小分组】:35104124;
【日志类型】:普通日志;
【标题】:正在打开tcp...;
【内容】:;
【createtime】:2017-10-26 10:43:47.304;

【项目】:任务后台;
【大分组】:-1280615985;	【小分组】:35104124;
【日志类型】:普通日志;
【标题】:打开tcp成功！;
【内容】:;
【createtime】:2017-10-26 10:43:47.306;

【项目】:任务后台;
【大分组】:1240241913;	【小分组】:35104124;
【日志类型】:普通日志;
【标题】:正在打开tcp...;
【内容】:;
【createtime】:2017-10-26 12:03:56.030;

【项目】:任务后台;
【大分组】:2130653117;	【小分组】:35104124;
【日志类型】:普通日志;
【标题】:打开tcp失败！;
【内容】:No connection could be made because the target machine actively refused it 192.168.7.105:8086;
【createtime】:2017-10-26 12:03:57.065;

【项目】:任务后台;
【大分组】:1240241913;	【小分组】:1539036885;
【日志类型】:普通日志;
【标题】:正在打开tcp...;
【内容】:;
【createtime】:2017-10-26 12:03:57.090;

【项目】:任务后台;
【大分组】:-1280615985;	【小分组】:562298796;
【日志类型】:普通日志;
【标题】:打开tcp成功！;
【内容】:;
【createtime】:2017-10-26 12:03:58.095;

【项目】:任务后台;
【大分组】:-1989961220;	【小分组】:-1301830018;
【日志类型】:普通日志;
【标题】:正在关闭tcp！;
【内容】:;
【createtime】:2017-10-26 12:04:03.123;

【项目】:任务后台;
【大分组】:1240241913;	【小分组】:1077425365;
【日志类型】:普通日志;
【标题】:正在打开tcp...;
【内容】:;
【createtime】:2017-10-26 12:04:03.124;

【项目】:任务后台;
【大分组】:-1280615985;	【小分组】:-195773081;
【日志类型】:普通日志;
【标题】:打开tcp成功！;
【内容】:;
【createtime】:2017-10-26 12:04:03.124;

【项目】:任务后台;
【大分组】:-1989961220;	【小分组】:-851498481;
【日志类型】:普通日志;
【标题】:正在关闭tcp！;
【内容】:;
【createtime】:2017-10-26 12:04:08.142;

【项目】:任务后台;
【大分组】:1240241913;	【小分组】:1585109534;
【日志类型】:普通日志;
【标题】:正在打开tcp...;
【内容】:;
【createtime】:2017-10-26 12:04:08.143;

【项目】:任务后台;
【大分组】:-1280615985;	【小分组】:1681809523;
【日志类型】:普通日志;
【标题】:打开tcp成功！;
【内容】:;
【createtime】:2017-10-26 12:04:08.144;

【项目】:任务后台;
【大分组】:-1989961220;	【小分组】:-640649889;
【日志类型】:普通日志;
【标题】:正在关闭tcp！;
【内容】:;
【createtime】:2017-10-26 12:04:13.171;

【项目】:任务后台;
【大分组】:1240241913;	【小分组】:419989882;
【日志类型】:普通日志;
【标题】:正在打开tcp...;
【内容】:;
【createtime】:2017-10-26 12:04:13.171;

【项目】:任务后台;
【大分组】:-1280615985;	【小分组】:154211563;
【日志类型】:普通日志;
【标题】:打开tcp成功！;
【内容】:;
【createtime】:2017-10-26 12:04:13.172;

【项目】:任务后台;
【大分组】:-1989961220;	【小分组】:-620279980;
【日志类型】:普通日志;
【标题】:正在关闭tcp！;
【内容】:;
【createtime】:2017-10-26 12:04:18.185;

【项目】:任务后台;
【大分组】:1240241913;	【小分组】:1098292888;
【日志类型】:普通日志;
【标题】:正在打开tcp...;
【内容】:;
【createtime】:2017-10-26 12:04:18.185;

【项目】:任务后台;
【大分组】:-1280615985;	【小分组】:-1424769244;
【日志类型】:普通日志;
【标题】:打开tcp成功！;
【内容】:;
【createtime】:2017-10-26 12:04:18.186;

【项目】:任务后台;
【大分组】:-1989961220;	【小分组】:1428101543;
【日志类型】:普通日志;
【标题】:正在关闭tcp！;
【内容】:;
【createtime】:2017-10-26 12:04:23.211;

【项目】:任务后台;
【大分组】:1240241913;	【小分组】:2031175060;
【日志类型】:普通日志;
【标题】:正在打开tcp...;
【内容】:;
【createtime】:2017-10-26 12:04:23.212;

【项目】:任务后台;
【大分组】:-1280615985;	【小分组】:1026569448;
【日志类型】:普通日志;
【标题】:打开tcp成功！;
【内容】:;
【createtime】:2017-10-26 12:04:23.213;

【项目】:任务后台;
【大分组】:-1989961220;	【小分组】:-240264625;
【日志类型】:普通日志;
【标题】:正在关闭tcp！;
【内容】:;
【createtime】:2017-10-26 12:04:28.238;

【项目】:任务后台;
【大分组】:1240241913;	【小分组】:-1486747147;
【日志类型】:普通日志;
【标题】:正在打开tcp...;
【内容】:;
【createtime】:2017-10-26 12:04:28.238;

【项目】:任务后台;
【大分组】:-1280615985;	【小分组】:1062551007;
【日志类型】:普通日志;
【标题】:打开tcp成功！;
【内容】:;
【createtime】:2017-10-26 12:04:28.240;

【项目】:任务后台;
【大分组】:-1989961220;	【小分组】:-1824673102;
【日志类型】:普通日志;
【标题】:正在关闭tcp！;
【内容】:;
【createtime】:2017-10-26 12:04:33.262;

【项目】:任务后台;
【大分组】:1240241913;	【小分组】:1497113775;
【日志类型】:普通日志;
【标题】:正在打开tcp...;
【内容】:;
【createtime】:2017-10-26 12:04:33.263;

【项目】:任务后台;
【大分组】:-1280615985;	【小分组】:708492680;
【日志类型】:普通日志;
【标题】:打开tcp成功！;
【内容】:;
【createtime】:2017-10-26 12:04:33.264;

【项目】:任务后台;
【大分组】:-1989961220;	【小分组】:639723769;
【日志类型】:普通日志;
【标题】:正在关闭tcp！;
【内容】:;
【createtime】:2017-10-26 12:04:38.289;

【项目】:任务后台;
【大分组】:1240241913;	【小分组】:-1494585658;
【日志类型】:普通日志;
【标题】:正在打开tcp...;
【内容】:;
【createtime】:2017-10-26 12:04:38.290;

【项目】:任务后台;
【大分组】:-1280615985;	【小分组】:55236900;
【日志类型】:普通日志;
【标题】:打开tcp成功！;
【内容】:;
【createtime】:2017-10-26 12:04:38.291;

【项目】:任务后台;
【大分组】:-1989961220;	【小分组】:-1126362832;
【日志类型】:普通日志;
【标题】:正在关闭tcp！;
【内容】:;
【createtime】:2017-10-26 12:04:43.317;

【项目】:任务后台;
【大分组】:1240241913;	【小分组】:-737252743;
【日志类型】:普通日志;
【标题】:正在打开tcp...;
【内容】:;
【createtime】:2017-10-26 12:04:43.318;

【项目】:任务后台;
【大分组】:-1280615985;	【小分组】:-416965262;
【日志类型】:普通日志;
【标题】:打开tcp成功！;
【内容】:;
【createtime】:2017-10-26 12:04:43.319;

【项目】:任务后台;
【大分组】:1240241913;	【小分组】:37368736;
【日志类型】:普通日志;
【标题】:正在打开tcp...;
【内容】:;
【createtime】:2017-10-26 12:11:28.679;

【项目】:任务后台;
【大分组】:2130653117;	【小分组】:37368736;
【日志类型】:普通日志;
【标题】:打开tcp失败！;
【内容】:No connection could be made because the target machine actively refused it 192.168.7.105:8086;
【createtime】:2017-10-26 12:11:29.761;

【项目】:任务后台;
【大分组】:1240241913;	【小分组】:827931027;
【日志类型】:普通日志;
【标题】:正在打开tcp...;
【内容】:;
【createtime】:2017-10-26 12:11:29.810;

【项目】:任务后台;
【大分组】:-1280615985;	【小分组】:-671780755;
【日志类型】:普通日志;
【标题】:打开tcp成功！;
【内容】:;
【createtime】:2017-10-26 12:11:30.312;

【项目】:任务后台;
【大分组】:1240241913;	【小分组】:38336904;
【日志类型】:普通日志;
【标题】:正在打开tcp...;
【内容】:;
【createtime】:2017-10-26 12:13:33.656;

【项目】:任务后台;
【大分组】:-1280615985;	【小分组】:38336904;
【日志类型】:普通日志;
【标题】:打开tcp成功！;
【内容】:;
【createtime】:2017-10-26 12:13:33.656;

【项目】:任务后台;
【大分组】:-1989961220;	【小分组】:23717864;
【日志类型】:普通日志;
【标题】:正在关闭tcp！;
【内容】:;
【createtime】:2017-10-26 12:14:03.722;

【项目】:任务后台;
【大分组】:1240241913;	【小分组】:657454503;
【日志类型】:普通日志;
【标题】:正在打开tcp...;
【内容】:;
【createtime】:2017-10-26 12:14:03.722;

【项目】:任务后台;
【大分组】:2130653117;	【小分组】:-1302712147;
【日志类型】:普通日志;
【标题】:打开tcp失败！;
【内容】:No connection could be made because the target machine actively refused it 192.168.7.105:8086;
【createtime】:2017-10-26 12:14:04.774;

【项目】:任务后台;
【大分组】:1240241913;	【小分组】:1585167950;
【日志类型】:普通日志;
【标题】:正在打开tcp...;
【内容】:;
【createtime】:2017-10-26 12:14:14.789;

【项目】:任务后台;
【大分组】:2130653117;	【小分组】:-961714147;
【日志类型】:普通日志;
【标题】:打开tcp失败！;
【内容】:No connection could be made because the target machine actively refused it 192.168.7.105:8086;
【createtime】:2017-10-26 12:14:15.815;

【项目】:任务后台;
【大分组】:1240241913;	【小分组】:37368736;
【日志类型】:普通日志;
【标题】:正在打开tcp...;
【内容】:;
【createtime】:2017-10-26 12:15:22.963;

【项目】:任务后台;
【大分组】:2130653117;	【小分组】:37368736;
【日志类型】:普通日志;
【标题】:打开tcp失败！;
【内容】:No connection could be made because the target machine actively refused it 192.168.7.105:8086;
【createtime】:2017-10-26 12:15:24.048;

【项目】:任务后台;
【大分组】:1240241913;	【小分组】:-823601796;
【日志类型】:普通日志;
【标题】:正在打开tcp...;
【内容】:;
【createtime】:2017-10-26 12:15:24.113;

【项目】:任务后台;
【大分组】:-1280615985;	【小分组】:-1449170965;
【日志类型】:普通日志;
【标题】:打开tcp成功！;
【内容】:;
【createtime】:2017-10-26 12:15:24.614;

【项目】:任务后台;
【大分组】:1240241913;	【小分组】:24861802;
【日志类型】:普通日志;
【标题】:正在打开tcp...;
【内容】:;
【createtime】:2017-10-26 12:15:38.857;

【项目】:任务后台;
【大分组】:-1280615985;	【小分组】:24861802;
【日志类型】:普通日志;
【标题】:打开tcp成功！;
【内容】:;
【createtime】:2017-10-26 12:15:38.859;

【项目】:任务后台;
【大分组】:-1989961220;	【小分组】:1516231040;
【日志类型】:普通日志;
【标题】:正在关闭tcp！;
【内容】:;
【createtime】:2017-10-26 12:17:08.868;

【项目】:任务后台;
【大分组】:1240241913;	【小分组】:-1567778566;
【日志类型】:普通日志;
【标题】:正在打开tcp...;
【内容】:;
【createtime】:2017-10-26 12:17:08.868;

【项目】:任务后台;
【大分组】:2130653117;	【小分组】:635715484;
【日志类型】:普通日志;
【标题】:打开tcp失败！;
【内容】:No connection could be made because the target machine actively refused it 192.168.7.105:8086;
【createtime】:2017-10-26 12:17:09.870;

【项目】:任务后台;
【大分组】:1240241913;	【小分组】:1666678938;
【日志类型】:普通日志;
【标题】:正在打开tcp...;
【内容】:;
【createtime】:2017-10-26 12:17:19.871;

【项目】:任务后台;
【大分组】:2130653117;	【小分组】:1281714259;
【日志类型】:普通日志;
【标题】:打开tcp失败！;
【内容】:No connection could be made because the target machine actively refused it 192.168.7.105:8086;
【createtime】:2017-10-26 12:17:20.872;

【项目】:任务后台;
【大分组】:1240241913;	【小分组】:35104124;
【日志类型】:普通日志;
【标题】:正在打开tcp...;
【内容】:;
【createtime】:2017-10-26 12:18:07.135;

【项目】:任务后台;
【大分组】:-1280615985;	【小分组】:35104124;
【日志类型】:普通日志;
【标题】:打开tcp成功！;
【内容】:;
【createtime】:2017-10-26 12:18:07.137;

【项目】:任务后台;
【大分组】:-1989961220;	【小分组】:1945265659;
【日志类型】:普通日志;
【标题】:正在关闭tcp！;
【内容】:;
【createtime】:2017-10-26 13:07:37.923;

【项目】:任务后台;
【大分组】:1240241913;	【小分组】:-1782434130;
【日志类型】:普通日志;
【标题】:正在打开tcp...;
【内容】:;
【createtime】:2017-10-26 13:07:37.923;

【项目】:任务后台;
【大分组】:1240241913;	【小分组】:6968762;
【日志类型】:普通日志;
【标题】:正在打开tcp...;
【内容】:;
【createtime】:2017-10-26 14:00:40.093;

【项目】:任务后台;
【大分组】:2130653117;	【小分组】:6968762;
【日志类型】:普通日志;
【标题】:打开tcp失败！;
【内容】:No connection could be made because the target machine actively refused it 192.168.7.105:8086;
【createtime】:2017-10-26 14:00:41.096;

【项目】:任务后台;
【大分组】:1240241913;	【小分组】:2105805315;
【日志类型】:普通日志;
【标题】:正在打开tcp...;
【内容】:;
【createtime】:2017-10-26 14:00:41.104;

【项目】:任务后台;
【大分组】:-1280615985;	【小分组】:1953877673;
【日志类型】:普通日志;
【标题】:打开tcp成功！;
【内容】:;
【createtime】:2017-10-26 14:00:41.607;

【项目】:任务后台;
【大分组】:1240241913;	【小分组】:6968762;
【日志类型】:普通日志;
【标题】:正在打开tcp...;
【内容】:;
【createtime】:2017-10-26 14:04:20.950;

【项目】:任务后台;
【大分组】:2130653117;	【小分组】:6968762;
【日志类型】:普通日志;
【标题】:打开tcp失败！;
【内容】:No connection could be made because the target machine actively refused it 192.168.7.105:8086;
【createtime】:2017-10-26 14:04:21.953;

【项目】:任务后台;
【大分组】:1240241913;	【小分组】:-1706593382;
【日志类型】:普通日志;
【标题】:正在打开tcp...;
【内容】:;
【createtime】:2017-10-26 14:04:21.961;

【项目】:任务后台;
【大分组】:-1280615985;	【小分组】:1132931141;
【日志类型】:普通日志;
【标题】:打开tcp成功！;
【内容】:;
【createtime】:2017-10-26 14:04:22.463;

【项目】:任务后台;
【大分组】:-1989961220;	【小分组】:-1860075143;
【日志类型】:普通日志;
【标题】:正在关闭tcp！;
【内容】:;
【createtime】:2017-10-26 14:08:57.523;

【项目】:任务后台;
【大分组】:1240241913;	【小分组】:-696456123;
【日志类型】:普通日志;
【标题】:正在打开tcp...;
【内容】:;
【createtime】:2017-10-26 14:08:57.523;

【项目】:任务后台;
【大分组】:2130653117;	【小分组】:-1006202650;
【日志类型】:普通日志;
【标题】:打开tcp失败！;
【内容】:No connection could be made because the target machine actively refused it 192.168.7.105:8086;
【createtime】:2017-10-26 14:08:58.527;

【项目】:任务后台;
【大分组】:1240241913;	【小分组】:-1748171344;
【日志类型】:普通日志;
【标题】:正在打开tcp...;
【内容】:;
【createtime】:2017-10-26 14:09:08.528;

【项目】:任务后台;
【大分组】:2130653117;	【小分组】:-2147026401;
【日志类型】:普通日志;
【标题】:打开tcp失败！;
【内容】:No connection could be made because the target machine actively refused it 192.168.7.105:8086;
【createtime】:2017-10-26 14:09:09.530;

【项目】:任务后台;
【大分组】:1240241913;	【小分组】:417265262;
【日志类型】:普通日志;
【标题】:正在打开tcp...;
【内容】:;
【createtime】:2017-10-26 14:09:19.530;

【项目】:任务后台;
【大分组】:2130653117;	【小分组】:459061279;
【日志类型】:普通日志;
【标题】:打开tcp失败！;
【内容】:No connection could be made because the target machine actively refused it 192.168.7.105:8086;
【createtime】:2017-10-26 14:09:20.534;

【项目】:任务后台;
【大分组】:1240241913;	【小分组】:1944107289;
【日志类型】:普通日志;
【标题】:正在打开tcp...;
【内容】:;
【createtime】:2017-10-26 14:09:30.535;

【项目】:任务后台;
【大分组】:2130653117;	【小分组】:-17939760;
【日志类型】:普通日志;
【标题】:打开tcp失败！;
【内容】:No connection could be made because the target machine actively refused it 192.168.7.105:8086;
【createtime】:2017-10-26 14:09:31.539;

【项目】:任务后台;
【大分组】:1240241913;	【小分组】:-660567774;
【日志类型】:普通日志;
【标题】:正在打开tcp...;
【内容】:;
【createtime】:2017-10-26 14:09:41.540;

【项目】:任务后台;
【大分组】:2130653117;	【小分组】:-1857805516;
【日志类型】:普通日志;
【标题】:打开tcp失败！;
【内容】:No connection could be made because the target machine actively refused it 192.168.7.105:8086;
【createtime】:2017-10-26 14:09:42.541;

【项目】:任务后台;
【大分组】:1240241913;	【小分组】:-840031433;
【日志类型】:普通日志;
【标题】:正在打开tcp...;
【内容】:;
【createtime】:2017-10-26 14:09:52.543;

【项目】:任务后台;
【大分组】:2130653117;	【小分组】:-1553123847;
【日志类型】:普通日志;
【标题】:打开tcp失败！;
【内容】:No connection could be made because the target machine actively refused it 192.168.7.105:8086;
【createtime】:2017-10-26 14:09:53.546;

【项目】:任务后台;
【大分组】:1240241913;	【小分组】:-2059606427;
【日志类型】:普通日志;
【标题】:正在打开tcp...;
【内容】:;
【createtime】:2017-10-26 14:10:03.547;

【项目】:任务后台;
【大分组】:2130653117;	【小分组】:690734544;
【日志类型】:普通日志;
【标题】:打开tcp失败！;
【内容】:No connection could be made because the target machine actively refused it 192.168.7.105:8086;
【createtime】:2017-10-26 14:10:04.549;

【项目】:任务后台;
【大分组】:1240241913;	【小分组】:1391979700;
【日志类型】:普通日志;
【标题】:正在打开tcp...;
【内容】:;
【createtime】:2017-10-26 14:10:14.551;

【项目】:任务后台;
【大分组】:2130653117;	【小分组】:-1976923080;
【日志类型】:普通日志;
【标题】:打开tcp失败！;
【内容】:No connection could be made because the target machine actively refused it 192.168.7.105:8086;
【createtime】:2017-10-26 14:10:15.553;

【项目】:任务后台;
【大分组】:1240241913;	【小分组】:562454971;
【日志类型】:普通日志;
【标题】:正在打开tcp...;
【内容】:;
【createtime】:2017-10-26 14:10:25.553;

【项目】:任务后台;
【大分组】:2130653117;	【小分组】:-810906540;
【日志类型】:普通日志;
【标题】:打开tcp失败！;
【内容】:No connection could be made because the target machine actively refused it 192.168.7.105:8086;
【createtime】:2017-10-26 14:10:26.556;

【项目】:任务后台;
【大分组】:1240241913;	【小分组】:-484466420;
【日志类型】:普通日志;
【标题】:正在打开tcp...;
【内容】:;
【createtime】:2017-10-26 14:10:36.557;

【项目】:任务后台;
【大分组】:2130653117;	【小分组】:-1659395127;
【日志类型】:普通日志;
【标题】:打开tcp失败！;
【内容】:No connection could be made because the target machine actively refused it 192.168.7.105:8086;
【createtime】:2017-10-26 14:10:37.558;

【项目】:任务后台;
【大分组】:1240241913;	【小分组】:1343648966;
【日志类型】:普通日志;
【标题】:正在打开tcp...;
【内容】:;
【createtime】:2017-10-26 14:10:47.559;

【项目】:任务后台;
【大分组】:2130653117;	【小分组】:367850466;
【日志类型】:普通日志;
【标题】:打开tcp失败！;
【内容】:No connection could be made because the target machine actively refused it 192.168.7.105:8086;
【createtime】:2017-10-26 14:10:48.560;

【项目】:任务后台;
【大分组】:1240241913;	【小分组】:-1351875932;
【日志类型】:普通日志;
【标题】:正在打开tcp...;
【内容】:;
【createtime】:2017-10-26 14:10:58.561;

【项目】:任务后台;
【大分组】:2130653117;	【小分组】:-1554797757;
【日志类型】:普通日志;
【标题】:打开tcp失败！;
【内容】:No connection could be made because the target machine actively refused it 192.168.7.105:8086;
【createtime】:2017-10-26 14:10:59.567;

【项目】:任务后台;
【大分组】:1240241913;	【小分组】:489827462;
【日志类型】:普通日志;
【标题】:正在打开tcp...;
【内容】:;
【createtime】:2017-10-26 14:11:09.568;

【项目】:任务后台;
【大分组】:2130653117;	【小分组】:1675762339;
【日志类型】:普通日志;
【标题】:打开tcp失败！;
【内容】:No connection could be made because the target machine actively refused it 192.168.7.105:8086;
【createtime】:2017-10-26 14:11:10.570;

【项目】:任务后台;
【大分组】:1240241913;	【小分组】:378335060;
【日志类型】:普通日志;
【标题】:正在打开tcp...;
【内容】:;
【createtime】:2017-10-26 14:11:20.571;

【项目】:任务后台;
【大分组】:2130653117;	【小分组】:-1174191697;
【日志类型】:普通日志;
【标题】:打开tcp失败！;
【内容】:No connection could be made because the target machine actively refused it 192.168.7.105:8086;
【createtime】:2017-10-26 14:11:21.573;

【项目】:任务后台;
【大分组】:1240241913;	【小分组】:326177395;
【日志类型】:普通日志;
【标题】:正在打开tcp...;
【内容】:;
【createtime】:2017-10-26 14:11:31.574;

【项目】:任务后台;
【大分组】:2130653117;	【小分组】:645978328;
【日志类型】:普通日志;
【标题】:打开tcp失败！;
【内容】:No connection could be made because the target machine actively refused it 192.168.7.105:8086;
【createtime】:2017-10-26 14:11:32.575;

【项目】:任务后台;
【大分组】:1240241913;	【小分组】:-1587510832;
【日志类型】:普通日志;
【标题】:正在打开tcp...;
【内容】:;
【createtime】:2017-10-26 14:11:42.576;

【项目】:任务后台;
【大分组】:2130653117;	【小分组】:26256536;
【日志类型】:普通日志;
【标题】:打开tcp失败！;
【内容】:No connection could be made because the target machine actively refused it 192.168.7.105:8086;
【createtime】:2017-10-26 14:11:43.578;

【项目】:任务后台;
【大分组】:1240241913;	【小分组】:-416550459;
【日志类型】:普通日志;
【标题】:正在打开tcp...;
【内容】:;
【createtime】:2017-10-26 14:11:53.578;

【项目】:任务后台;
【大分组】:2130653117;	【小分组】:1525783969;
【日志类型】:普通日志;
【标题】:打开tcp失败！;
【内容】:No connection could be made because the target machine actively refused it 192.168.7.105:8086;
【createtime】:2017-10-26 14:11:54.580;

【项目】:任务后台;
【大分组】:1240241913;	【小分组】:-1999059718;
【日志类型】:普通日志;
【标题】:正在打开tcp...;
【内容】:;
【createtime】:2017-10-26 14:12:04.581;

【项目】:任务后台;
【大分组】:2130653117;	【小分组】:-592788885;
【日志类型】:普通日志;
【标题】:打开tcp失败！;
【内容】:No connection could be made because the target machine actively refused it 192.168.7.105:8086;
【createtime】:2017-10-26 14:12:05.584;

【项目】:任务后台;
【大分组】:1240241913;	【小分组】:842209639;
【日志类型】:普通日志;
【标题】:正在打开tcp...;
【内容】:;
【createtime】:2017-10-26 14:12:15.584;

【项目】:任务后台;
【大分组】:2130653117;	【小分组】:1549122988;
【日志类型】:普通日志;
【标题】:打开tcp失败！;
【内容】:No connection could be made because the target machine actively refused it 192.168.7.105:8086;
【createtime】:2017-10-26 14:12:16.586;

【项目】:任务后台;
【大分组】:1240241913;	【小分组】:1787250363;
【日志类型】:普通日志;
【标题】:正在打开tcp...;
【内容】:;
【createtime】:2017-10-26 14:12:26.588;

【项目】:任务后台;
【大分组】:2130653117;	【小分组】:-1838883032;
【日志类型】:普通日志;
【标题】:打开tcp失败！;
【内容】:No connection could be made because the target machine actively refused it 192.168.7.105:8086;
【createtime】:2017-10-26 14:12:27.589;

【项目】:任务后台;
【大分组】:1240241913;	【小分组】:-309351210;
【日志类型】:普通日志;
【标题】:正在打开tcp...;
【内容】:;
【createtime】:2017-10-26 14:12:37.590;

【项目】:任务后台;
【大分组】:2130653117;	【小分组】:395457878;
【日志类型】:普通日志;
【标题】:打开tcp失败！;
【内容】:No connection could be made because the target machine actively refused it 192.168.7.105:8086;
【createtime】:2017-10-26 14:12:38.592;

【项目】:任务后台;
【大分组】:1240241913;	【小分组】:-2089229306;
【日志类型】:普通日志;
【标题】:正在打开tcp...;
【内容】:;
【createtime】:2017-10-26 14:12:48.592;

【项目】:任务后台;
【大分组】:2130653117;	【小分组】:1585698209;
【日志类型】:普通日志;
【标题】:打开tcp失败！;
【内容】:No connection could be made because the target machine actively refused it 192.168.7.105:8086;
【createtime】:2017-10-26 14:12:49.594;

【项目】:任务后台;
【大分组】:1240241913;	【小分组】:-1770985621;
【日志类型】:普通日志;
【标题】:正在打开tcp...;
【内容】:;
【createtime】:2017-10-26 14:12:59.595;

【项目】:任务后台;
【大分组】:2130653117;	【小分组】:283547946;
【日志类型】:普通日志;
【标题】:打开tcp失败！;
【内容】:No connection could be made because the target machine actively refused it 192.168.7.105:8086;
【createtime】:2017-10-26 14:13:00.597;

【项目】:任务后台;
【大分组】:1240241913;	【小分组】:432323286;
【日志类型】:普通日志;
【标题】:正在打开tcp...;
【内容】:;
【createtime】:2017-10-26 14:13:10.599;

【项目】:任务后台;
【大分组】:2130653117;	【小分组】:676177954;
【日志类型】:普通日志;
【标题】:打开tcp失败！;
【内容】:No connection could be made because the target machine actively refused it 192.168.7.105:8086;
【createtime】:2017-10-26 14:13:11.601;

【项目】:任务后台;
【大分组】:1240241913;	【小分组】:-291344176;
【日志类型】:普通日志;
【标题】:正在打开tcp...;
【内容】:;
【createtime】:2017-10-26 14:13:21.602;

【项目】:任务后台;
【大分组】:2130653117;	【小分组】:282224984;
【日志类型】:普通日志;
【标题】:打开tcp失败！;
【内容】:No connection could be made because the target machine actively refused it 192.168.7.105:8086;
【createtime】:2017-10-26 14:13:22.603;

【项目】:任务后台;
【大分组】:1240241913;	【小分组】:-213519005;
【日志类型】:普通日志;
【标题】:正在打开tcp...;
【内容】:;
【createtime】:2017-10-26 14:13:32.604;

【项目】:任务后台;
【大分组】:2130653117;	【小分组】:2133090003;
【日志类型】:普通日志;
【标题】:打开tcp失败！;
【内容】:No connection could be made because the target machine actively refused it 192.168.7.105:8086;
【createtime】:2017-10-26 14:13:33.606;

【项目】:任务后台;
【大分组】:1240241913;	【小分组】:25496434;
【日志类型】:普通日志;
【标题】:正在打开tcp...;
【内容】:;
【createtime】:2017-10-26 14:13:54.693;

【项目】:任务后台;
【大分组】:2130653117;	【小分组】:25496434;
【日志类型】:普通日志;
【标题】:打开tcp失败！;
【内容】:No connection could be made because the target machine actively refused it 192.168.7.105:8086;
【createtime】:2017-10-26 14:13:55.696;

【项目】:任务后台;
【大分组】:1240241913;	【小分组】:342095062;
【日志类型】:普通日志;
【标题】:正在打开tcp...;
【内容】:;
【createtime】:2017-10-26 14:13:55.703;

【项目】:任务后台;
【大分组】:-1280615985;	【小分组】:-1519288552;
【日志类型】:普通日志;
【标题】:打开tcp成功！;
【内容】:;
【createtime】:2017-10-26 14:13:56.204;

【项目】:任务后台;
【大分组】:1240241913;	【小分组】:30971651;
【日志类型】:普通日志;
【标题】:正在打开tcp...;
【内容】:;
【createtime】:2017-10-26 14:20:09.243;

【项目】:任务后台;
【大分组】:2130653117;	【小分组】:30971651;
【日志类型】:普通日志;
【标题】:打开tcp失败！;
【内容】:No connection could be made because the target machine actively refused it 192.168.7.105:8086;
【createtime】:2017-10-26 14:20:10.244;

【项目】:任务后台;
【大分组】:1240241913;	【小分组】:539060810;
【日志类型】:普通日志;
【标题】:正在打开tcp...;
【内容】:;
【createtime】:2017-10-26 14:20:10.252;

【项目】:任务后台;
【大分组】:-1280615985;	【小分组】:368014031;
【日志类型】:普通日志;
【标题】:打开tcp成功！;
【内容】:;
【createtime】:2017-10-26 14:20:10.756;

【项目】:任务后台;
【大分组】:1240241913;	【小分组】:37368736;
【日志类型】:普通日志;
【标题】:正在打开tcp...;
【内容】:;
【createtime】:2017-10-26 14:23:40.947;

【项目】:任务后台;
【大分组】:-1280615985;	【小分组】:37368736;
【日志类型】:普通日志;
【标题】:打开tcp成功！;
【内容】:;
【createtime】:2017-10-26 14:23:40.949;

【项目】:任务后台;
【大分组】:1240241913;	【小分组】:6968762;
【日志类型】:普通日志;
【标题】:正在打开tcp...;
【内容】:;
【createtime】:2017-10-26 14:28:22.973;

【项目】:任务后台;
【大分组】:2130653117;	【小分组】:6968762;
【日志类型】:普通日志;
【标题】:打开tcp失败！;
【内容】:No connection could be made because the target machine actively refused it 192.168.7.105:8086;
【createtime】:2017-10-26 14:28:23.975;

【项目】:任务后台;
【大分组】:1240241913;	【小分组】:2068174194;
【日志类型】:普通日志;
【标题】:正在打开tcp...;
【内容】:;
【createtime】:2017-10-26 14:28:23.983;

【项目】:任务后台;
【大分组】:-1280615985;	【小分组】:-327777701;
【日志类型】:普通日志;
【标题】:打开tcp成功！;
【内容】:;
【createtime】:2017-10-26 14:28:24.485;

【项目】:任务后台;
【大分组】:1240241913;	【小分组】:37368736;
【日志类型】:普通日志;
【标题】:正在打开tcp...;
【内容】:;
【createtime】:2017-10-26 14:29:54.823;

【项目】:任务后台;
【大分组】:-1280615985;	【小分组】:37368736;
【日志类型】:普通日志;
【标题】:打开tcp成功！;
【内容】:;
【createtime】:2017-10-26 14:29:54.826;

【项目】:任务后台;
【大分组】:-1989961220;	【小分组】:-757433976;
【日志类型】:普通日志;
【标题】:正在关闭tcp！;
【内容】:;
【createtime】:2017-10-26 14:37:30.312;

【项目】:任务后台;
【大分组】:1240241913;	【小分组】:-1322248139;
【日志类型】:普通日志;
【标题】:正在打开tcp...;
【内容】:;
【createtime】:2017-10-26 14:37:30.312;

【项目】:任务后台;
【大分组】:2130653117;	【小分组】:-3133816;
【日志类型】:普通日志;
【标题】:打开tcp失败！;
【内容】:No connection could be made because the target machine actively refused it 192.168.7.105:8086;
【createtime】:2017-10-26 14:37:31.330;

【项目】:任务后台;
【大分组】:1240241913;	【小分组】:24861802;
【日志类型】:普通日志;
【标题】:正在打开tcp...;
【内容】:;
【createtime】:2017-10-26 14:37:43.824;

【项目】:任务后台;
【大分组】:2130653117;	【小分组】:24861802;
【日志类型】:普通日志;
【标题】:打开tcp失败！;
【内容】:No connection could be made because the target machine actively refused it 192.168.7.105:8086;
【createtime】:2017-10-26 14:37:44.827;

【项目】:任务后台;
【大分组】:1240241913;	【小分组】:1207721564;
【日志类型】:普通日志;
【标题】:正在打开tcp...;
【内容】:;
【createtime】:2017-10-26 14:37:44.835;

【项目】:任务后台;
【大分组】:-1280615985;	【小分组】:887701788;
【日志类型】:普通日志;
【标题】:打开tcp成功！;
【内容】:;
【createtime】:2017-10-26 14:37:45.337;

【项目】:任务后台;
【大分组】:1240241913;	【小分组】:37368736;
【日志类型】:普通日志;
【标题】:正在打开tcp...;
【内容】:;
【createtime】:2017-10-26 14:46:40.327;

【项目】:任务后台;
【大分组】:2130653117;	【小分组】:37368736;
【日志类型】:普通日志;
【标题】:打开tcp失败！;
【内容】:No connection could be made because the target machine actively refused it 192.168.7.105:8086;
【createtime】:2017-10-26 14:46:41.356;

【项目】:任务后台;
【大分组】:1240241913;	【小分组】:51156475;
【日志类型】:普通日志;
【标题】:正在打开tcp...;
【内容】:;
【createtime】:2017-10-26 14:46:41.371;

【项目】:任务后台;
【大分组】:-1280615985;	【小分组】:138361304;
【日志类型】:普通日志;
【标题】:打开tcp成功！;
【内容】:;
【createtime】:2017-10-26 14:46:42.375;

【项目】:任务后台;
【大分组】:1240241913;	【小分组】:37368736;
【日志类型】:普通日志;
【标题】:正在打开tcp...;
【内容】:;
【createtime】:2017-10-26 14:48:12.509;

【项目】:任务后台;
【大分组】:2130653117;	【小分组】:37368736;
【日志类型】:普通日志;
【标题】:打开tcp失败！;
【内容】:No connection could be made because the target machine actively refused it 192.168.7.105:8086;
【createtime】:2017-10-26 14:48:13.585;

【项目】:任务后台;
【大分组】:1240241913;	【小分组】:-1935061589;
【日志类型】:普通日志;
【标题】:正在打开tcp...;
【内容】:;
【createtime】:2017-10-26 14:48:13.616;

【项目】:任务后台;
【大分组】:2130653117;	【小分组】:-473989240;
【日志类型】:普通日志;
【标题】:打开tcp失败！;
【内容】:No connection could be made because the target machine actively refused it 192.168.7.105:8086;
【createtime】:2017-10-26 14:48:14.635;

【项目】:任务后台;
【大分组】:1240241913;	【小分组】:-283521346;
【日志类型】:普通日志;
【标题】:正在打开tcp...;
【内容】:;
【createtime】:2017-10-26 14:48:24.636;

【项目】:任务后台;
【大分组】:-1280615985;	【小分组】:1007740332;
【日志类型】:普通日志;
【标题】:打开tcp成功！;
【内容】:;
【createtime】:2017-10-26 14:48:24.637;

