【项目】:任务后台;
【大分组】:1240241913;	【小分组】:37368736;
【日志类型】:普通日志;
【标题】:正在打开tcp...;
【内容】:;
【createtime】:2017-09-18 10:12:05.033;

【项目】:任务后台;
【大分组】:2130653117;	【小分组】:37368736;
【日志类型】:普通日志;
【标题】:打开tcp失败！;
【内容】:;
【createtime】:2017-09-18 10:12:06.133;

【项目】:任务后台;
【大分组】:-1989961220;	【小分组】:-1377885135;
【日志类型】:普通日志;
【标题】:正在关闭tcp！;
【内容】:;
【createtime】:2017-09-18 10:12:06.202;

【项目】:任务后台;
【大分组】:1240241913;	【小分组】:-202596885;
【日志类型】:普通日志;
【标题】:正在打开tcp...;
【内容】:;
【createtime】:2017-09-18 10:12:06.202;

【项目】:任务后台;
【大分组】:2130653117;	【小分组】:-1940094248;
【日志类型】:普通日志;
【标题】:打开tcp失败！;
【内容】:;
【createtime】:2017-09-18 10:12:07.226;

【项目】:任务后台;
【大分组】:-1989961220;	【小分组】:1084336451;
【日志类型】:普通日志;
【标题】:正在关闭tcp！;
【内容】:;
【createtime】:2017-09-18 10:12:17.270;

【项目】:任务后台;
【大分组】:1240241913;	【小分组】:-1059939287;
【日志类型】:普通日志;
【标题】:正在打开tcp...;
【内容】:;
【createtime】:2017-09-18 10:12:17.270;

【项目】:任务后台;
【大分组】:2130653117;	【小分组】:768237759;
【日志类型】:普通日志;
【标题】:打开tcp失败！;
【内容】:;
【createtime】:2017-09-18 10:12:18.324;

【项目】:任务后台;
【大分组】:-1989961220;	【小分组】:-1992619091;
【日志类型】:普通日志;
【标题】:正在关闭tcp！;
【内容】:;
【createtime】:2017-09-18 10:12:28.351;

【项目】:任务后台;
【大分组】:1240241913;	【小分组】:462094996;
【日志类型】:普通日志;
【标题】:正在打开tcp...;
【内容】:;
【createtime】:2017-09-18 10:12:28.351;

【项目】:任务后台;
【大分组】:2130653117;	【小分组】:1296267433;
【日志类型】:普通日志;
【标题】:打开tcp失败！;
【内容】:;
【createtime】:2017-09-18 10:12:29.406;

【项目】:任务后台;
【大分组】:-1989961220;	【小分组】:1639011925;
【日志类型】:普通日志;
【标题】:正在关闭tcp！;
【内容】:;
【createtime】:2017-09-18 10:12:39.431;

【项目】:任务后台;
【大分组】:1240241913;	【小分组】:-1555236765;
【日志类型】:普通日志;
【标题】:正在打开tcp...;
【内容】:;
【createtime】:2017-09-18 10:12:39.431;

【项目】:任务后台;
【大分组】:2130653117;	【小分组】:-720758774;
【日志类型】:普通日志;
【标题】:打开tcp失败！;
【内容】:;
【createtime】:2017-09-18 10:12:40.511;

【项目】:任务后台;
【大分组】:-1989961220;	【小分组】:1645779760;
【日志类型】:普通日志;
【标题】:正在关闭tcp！;
【内容】:;
【createtime】:2017-09-18 10:12:50.555;

【项目】:任务后台;
【大分组】:1240241913;	【小分组】:-1113167211;
【日志类型】:普通日志;
【标题】:正在打开tcp...;
【内容】:;
【createtime】:2017-09-18 10:12:50.555;

【项目】:任务后台;
【大分组】:2130653117;	【小分组】:-659458426;
【日志类型】:普通日志;
【标题】:打开tcp失败！;
【内容】:;
【createtime】:2017-09-18 10:12:51.611;

【项目】:任务后台;
【大分组】:-1989961220;	【小分组】:762697764;
【日志类型】:普通日志;
【标题】:正在关闭tcp！;
【内容】:;
【createtime】:2017-09-18 10:13:01.620;

【项目】:任务后台;
【大分组】:1240241913;	【小分组】:1104208489;
【日志类型】:普通日志;
【标题】:正在打开tcp...;
【内容】:;
【createtime】:2017-09-18 10:13:01.620;

【项目】:任务后台;
【大分组】:2130653117;	【小分组】:-1577842946;
【日志类型】:普通日志;
【标题】:打开tcp失败！;
【内容】:;
【createtime】:2017-09-18 10:13:02.648;

【项目】:任务后台;
【大分组】:-1989961220;	【小分组】:-21344084;
【日志类型】:普通日志;
【标题】:正在关闭tcp！;
【内容】:;
【createtime】:2017-09-18 10:13:12.659;

【项目】:任务后台;
【大分组】:1240241913;	【小分组】:1805822787;
【日志类型】:普通日志;
【标题】:正在打开tcp...;
【内容】:;
【createtime】:2017-09-18 10:13:12.659;

【项目】:任务后台;
【大分组】:2130653117;	【小分组】:1285679325;
【日志类型】:普通日志;
【标题】:打开tcp失败！;
【内容】:;
【createtime】:2017-09-18 10:13:13.688;

【项目】:任务后台;
【大分组】:-1989961220;	【小分组】:2094191392;
【日志类型】:普通日志;
【标题】:正在关闭tcp！;
【内容】:;
【createtime】:2017-09-18 10:13:23.728;

【项目】:任务后台;
【大分组】:1240241913;	【小分组】:1779867973;
【日志类型】:普通日志;
【标题】:正在打开tcp...;
【内容】:;
【createtime】:2017-09-18 10:13:23.728;

【项目】:任务后台;
【大分组】:2130653117;	【小分组】:1389154709;
【日志类型】:普通日志;
【标题】:打开tcp失败！;
【内容】:;
【createtime】:2017-09-18 10:13:24.785;

【项目】:任务后台;
【大分组】:-1989961220;	【小分组】:1104598508;
【日志类型】:普通日志;
【标题】:正在关闭tcp！;
【内容】:;
【createtime】:2017-09-18 10:13:34.819;

【项目】:任务后台;
【大分组】:1240241913;	【小分组】:241743833;
【日志类型】:普通日志;
【标题】:正在打开tcp...;
【内容】:;
【createtime】:2017-09-18 10:13:34.819;

【项目】:任务后台;
【大分组】:2130653117;	【小分组】:84043454;
【日志类型】:普通日志;
【标题】:打开tcp失败！;
【内容】:;
【createtime】:2017-09-18 10:13:35.843;

【项目】:任务后台;
【大分组】:-1989961220;	【小分组】:1733448289;
【日志类型】:普通日志;
【标题】:正在关闭tcp！;
【内容】:;
【createtime】:2017-09-18 10:13:45.866;

【项目】:任务后台;
【大分组】:1240241913;	【小分组】:260965011;
【日志类型】:普通日志;
【标题】:正在打开tcp...;
【内容】:;
【createtime】:2017-09-18 10:13:45.866;

【项目】:任务后台;
【大分组】:2130653117;	【小分组】:1047588018;
【日志类型】:普通日志;
【标题】:打开tcp失败！;
【内容】:;
【createtime】:2017-09-18 10:13:46.906;

【项目】:任务后台;
【大分组】:-1989961220;	【小分组】:-574597157;
【日志类型】:普通日志;
【标题】:正在关闭tcp！;
【内容】:;
【createtime】:2017-09-18 10:13:56.939;

【项目】:任务后台;
【大分组】:1240241913;	【小分组】:-1359079515;
【日志类型】:普通日志;
【标题】:正在打开tcp...;
【内容】:;
【createtime】:2017-09-18 10:13:56.939;

【项目】:任务后台;
【大分组】:2130653117;	【小分组】:1154134991;
【日志类型】:普通日志;
【标题】:打开tcp失败！;
【内容】:;
【createtime】:2017-09-18 10:13:57.986;

【项目】:任务后台;
【大分组】:-1989961220;	【小分组】:-1700045260;
【日志类型】:普通日志;
【标题】:正在关闭tcp！;
【内容】:;
【createtime】:2017-09-18 10:14:07.999;

【项目】:任务后台;
【大分组】:1240241913;	【小分组】:544719557;
【日志类型】:普通日志;
【标题】:正在打开tcp...;
【内容】:;
【createtime】:2017-09-18 10:14:07.999;

【项目】:任务后台;
【大分组】:2130653117;	【小分组】:-1436415641;
【日志类型】:普通日志;
【标题】:打开tcp失败！;
【内容】:;
【createtime】:2017-09-18 10:14:09.068;

【项目】:任务后台;
【大分组】:-1989961220;	【小分组】:-1175907487;
【日志类型】:普通日志;
【标题】:正在关闭tcp！;
【内容】:;
【createtime】:2017-09-18 10:14:19.106;

【项目】:任务后台;
【大分组】:1240241913;	【小分组】:852368654;
【日志类型】:普通日志;
【标题】:正在打开tcp...;
【内容】:;
【createtime】:2017-09-18 10:14:19.106;

【项目】:任务后台;
【大分组】:2130653117;	【小分组】:-1949014847;
【日志类型】:普通日志;
【标题】:打开tcp失败！;
【内容】:;
【createtime】:2017-09-18 10:14:20.126;

【项目】:任务后台;
【大分组】:-1989961220;	【小分组】:-1180623835;
【日志类型】:普通日志;
【标题】:正在关闭tcp！;
【内容】:;
【createtime】:2017-09-18 10:14:30.151;

【项目】:任务后台;
【大分组】:1240241913;	【小分组】:-88302572;
【日志类型】:普通日志;
【标题】:正在打开tcp...;
【内容】:;
【createtime】:2017-09-18 10:14:30.151;

【项目】:任务后台;
【大分组】:2130653117;	【小分组】:640077486;
【日志类型】:普通日志;
【标题】:打开tcp失败！;
【内容】:;
【createtime】:2017-09-18 10:14:31.192;

【项目】:任务后台;
【大分组】:-1989961220;	【小分组】:626580473;
【日志类型】:普通日志;
【标题】:正在关闭tcp！;
【内容】:;
【createtime】:2017-09-18 10:14:41.223;

【项目】:任务后台;
【大分组】:1240241913;	【小分组】:687340848;
【日志类型】:普通日志;
【标题】:正在打开tcp...;
【内容】:;
【createtime】:2017-09-18 10:14:41.223;

【项目】:任务后台;
【大分组】:2130653117;	【小分组】:-2144024607;
【日志类型】:普通日志;
【标题】:打开tcp失败！;
【内容】:;
【createtime】:2017-09-18 10:14:42.288;

【项目】:任务后台;
【大分组】:-1989961220;	【小分组】:1060167627;
【日志类型】:普通日志;
【标题】:正在关闭tcp！;
【内容】:;
【createtime】:2017-09-18 10:14:52.304;

【项目】:任务后台;
【大分组】:1240241913;	【小分组】:308456363;
【日志类型】:普通日志;
【标题】:正在打开tcp...;
【内容】:;
【createtime】:2017-09-18 10:14:52.304;

【项目】:任务后台;
【大分组】:2130653117;	【小分组】:620710174;
【日志类型】:普通日志;
【标题】:打开tcp失败！;
【内容】:;
【createtime】:2017-09-18 10:14:53.322;

【项目】:任务后台;
【大分组】:-1989961220;	【小分组】:2045374765;
【日志类型】:普通日志;
【标题】:正在关闭tcp！;
【内容】:;
【createtime】:2017-09-18 10:15:08.639;

【项目】:任务后台;
【大分组】:1240241913;	【小分组】:-404681590;
【日志类型】:普通日志;
【标题】:正在打开tcp...;
【内容】:;
【createtime】:2017-09-18 10:15:08.639;

【项目】:任务后台;
【大分组】:2130653117;	【小分组】:1125213559;
【日志类型】:普通日志;
【标题】:打开tcp失败！;
【内容】:;
【createtime】:2017-09-18 10:15:10.986;

【项目】:任务后台;
【大分组】:-1989961220;	【小分组】:17939393;
【日志类型】:普通日志;
【标题】:正在关闭tcp！;
【内容】:;
【createtime】:2017-09-18 10:15:25.800;

【项目】:任务后台;
【大分组】:1240241913;	【小分组】:-1457784831;
【日志类型】:普通日志;
【标题】:正在打开tcp...;
【内容】:;
【createtime】:2017-09-18 10:15:25.800;

【项目】:任务后台;
【大分组】:2130653117;	【小分组】:200098655;
【日志类型】:普通日志;
【标题】:打开tcp失败！;
【内容】:;
【createtime】:2017-09-18 10:15:27.554;

【项目】:任务后台;
【大分组】:-1989961220;	【小分组】:934335747;
【日志类型】:普通日志;
【标题】:正在关闭tcp！;
【内容】:;
【createtime】:2017-09-18 10:15:37.655;

【项目】:任务后台;
【大分组】:1240241913;	【小分组】:560763327;
【日志类型】:普通日志;
【标题】:正在打开tcp...;
【内容】:;
【createtime】:2017-09-18 10:15:37.655;

【项目】:任务后台;
【大分组】:1240241913;	【小分组】:35104124;
【日志类型】:普通日志;
【标题】:正在打开tcp...;
【内容】:;
【createtime】:2017-09-18 11:04:30.857;

【项目】:任务后台;
【大分组】:2130653117;	【小分组】:35104124;
【日志类型】:普通日志;
【标题】:打开tcp失败！;
【内容】:;
【createtime】:2017-09-18 11:04:31.945;

【项目】:任务后台;
【大分组】:-1989961220;	【小分组】:-1905008559;
【日志类型】:普通日志;
【标题】:正在关闭tcp！;
【内容】:;
【createtime】:2017-09-18 11:04:31.989;

【项目】:任务后台;
【大分组】:1240241913;	【小分组】:-1380807856;
【日志类型】:普通日志;
【标题】:正在打开tcp...;
【内容】:;
【createtime】:2017-09-18 11:04:31.989;

【项目】:任务后台;
【大分组】:2130653117;	【小分组】:1397192296;
【日志类型】:普通日志;
【标题】:打开tcp失败！;
【内容】:;
【createtime】:2017-09-18 11:04:33.012;

【项目】:任务后台;
【大分组】:-1989961220;	【小分组】:1427147085;
【日志类型】:普通日志;
【标题】:正在关闭tcp！;
【内容】:;
【createtime】:2017-09-18 11:04:43.036;

【项目】:任务后台;
【大分组】:1240241913;	【小分组】:644150175;
【日志类型】:普通日志;
【标题】:正在打开tcp...;
【内容】:;
【createtime】:2017-09-18 11:04:43.036;

【项目】:任务后台;
【大分组】:2130653117;	【小分组】:1549965176;
【日志类型】:普通日志;
【标题】:打开tcp失败！;
【内容】:;
【createtime】:2017-09-18 11:04:44.059;

【项目】:任务后台;
【大分组】:-1989961220;	【小分组】:-1111567486;
【日志类型】:普通日志;
【标题】:正在关闭tcp！;
【内容】:;
【createtime】:2017-09-18 11:04:54.072;

【项目】:任务后台;
【大分组】:1240241913;	【小分组】:948883255;
【日志类型】:普通日志;
【标题】:正在打开tcp...;
【内容】:;
【createtime】:2017-09-18 11:04:54.072;

【项目】:任务后台;
【大分组】:2130653117;	【小分组】:-1726620721;
【日志类型】:普通日志;
【标题】:打开tcp失败！;
【内容】:;
【createtime】:2017-09-18 11:04:55.141;

【项目】:任务后台;
【大分组】:-1989961220;	【小分组】:-1010163440;
【日志类型】:普通日志;
【标题】:正在关闭tcp！;
【内容】:;
【createtime】:2017-09-18 11:05:05.167;

【项目】:任务后台;
【大分组】:1240241913;	【小分组】:1281184032;
【日志类型】:普通日志;
【标题】:正在打开tcp...;
【内容】:;
【createtime】:2017-09-18 11:05:05.167;

【项目】:任务后台;
【大分组】:2130653117;	【小分组】:-4456043;
【日志类型】:普通日志;
【标题】:打开tcp失败！;
【内容】:;
【createtime】:2017-09-18 11:05:06.238;

【项目】:任务后台;
【大分组】:-1989961220;	【小分组】:-1268863216;
【日志类型】:普通日志;
【标题】:正在关闭tcp！;
【内容】:;
【createtime】:2017-09-18 11:05:16.276;

【项目】:任务后台;
【大分组】:1240241913;	【小分组】:-1778813298;
【日志类型】:普通日志;
【标题】:正在打开tcp...;
【内容】:;
【createtime】:2017-09-18 11:05:16.276;

【项目】:任务后台;
【大分组】:2130653117;	【小分组】:-1582798370;
【日志类型】:普通日志;
【标题】:打开tcp失败！;
【内容】:;
【createtime】:2017-09-18 11:05:17.331;

【项目】:任务后台;
【大分组】:-1989961220;	【小分组】:-664026563;
【日志类型】:普通日志;
【标题】:正在关闭tcp！;
【内容】:;
【createtime】:2017-09-18 11:05:27.368;

【项目】:任务后台;
【大分组】:1240241913;	【小分组】:816395917;
【日志类型】:普通日志;
【标题】:正在打开tcp...;
【内容】:;
【createtime】:2017-09-18 11:05:27.368;

【项目】:任务后台;
【大分组】:2130653117;	【小分组】:1049184452;
【日志类型】:普通日志;
【标题】:打开tcp失败！;
【内容】:;
【createtime】:2017-09-18 11:05:28.418;

【项目】:任务后台;
【大分组】:-1989961220;	【小分组】:1431627243;
【日志类型】:普通日志;
【标题】:正在关闭tcp！;
【内容】:;
【createtime】:2017-09-18 11:05:38.441;

【项目】:任务后台;
【大分组】:1240241913;	【小分组】:155986738;
【日志类型】:普通日志;
【标题】:正在打开tcp...;
【内容】:;
【createtime】:2017-09-18 11:05:38.441;

【项目】:任务后台;
【大分组】:2130653117;	【小分组】:1299419249;
【日志类型】:普通日志;
【标题】:打开tcp失败！;
【内容】:;
【createtime】:2017-09-18 11:05:39.504;

【项目】:任务后台;
【大分组】:-1989961220;	【小分组】:-910935116;
【日志类型】:普通日志;
【标题】:正在关闭tcp！;
【内容】:;
【createtime】:2017-09-18 11:05:49.535;

【项目】:任务后台;
【大分组】:1240241913;	【小分组】:914210686;
【日志类型】:普通日志;
【标题】:正在打开tcp...;
【内容】:;
【createtime】:2017-09-18 11:05:49.535;

【项目】:任务后台;
【大分组】:2130653117;	【小分组】:714024817;
【日志类型】:普通日志;
【标题】:打开tcp失败！;
【内容】:;
【createtime】:2017-09-18 11:05:50.577;

【项目】:任务后台;
【大分组】:-1989961220;	【小分组】:-649212116;
【日志类型】:普通日志;
【标题】:正在关闭tcp！;
【内容】:;
【createtime】:2017-09-18 11:06:00.610;

【项目】:任务后台;
【大分组】:1240241913;	【小分组】:-2096838483;
【日志类型】:普通日志;
【标题】:正在打开tcp...;
【内容】:;
【createtime】:2017-09-18 11:06:00.610;

【项目】:任务后台;
【大分组】:2130653117;	【小分组】:-1417594437;
【日志类型】:普通日志;
【标题】:打开tcp失败！;
【内容】:;
【createtime】:2017-09-18 11:06:01.676;

【项目】:任务后台;
【大分组】:-1989961220;	【小分组】:-1791724146;
【日志类型】:普通日志;
【标题】:正在关闭tcp！;
【内容】:;
【createtime】:2017-09-18 11:06:11.692;

【项目】:任务后台;
【大分组】:1240241913;	【小分组】:-293648482;
【日志类型】:普通日志;
【标题】:正在打开tcp...;
【内容】:;
【createtime】:2017-09-18 11:06:11.692;

【项目】:任务后台;
【大分组】:2130653117;	【小分组】:-668614736;
【日志类型】:普通日志;
【标题】:打开tcp失败！;
【内容】:;
【createtime】:2017-09-18 11:06:12.742;

【项目】:任务后台;
【大分组】:-1989961220;	【小分组】:706893276;
【日志类型】:普通日志;
【标题】:正在关闭tcp！;
【内容】:;
【createtime】:2017-09-18 11:06:22.775;

【项目】:任务后台;
【大分组】:1240241913;	【小分组】:81809167;
【日志类型】:普通日志;
【标题】:正在打开tcp...;
【内容】:;
【createtime】:2017-09-18 11:06:22.775;

【项目】:任务后台;
【大分组】:2130653117;	【小分组】:1804499105;
【日志类型】:普通日志;
【标题】:打开tcp失败！;
【内容】:;
【createtime】:2017-09-18 11:06:23.845;

【项目】:任务后台;
【大分组】:-1989961220;	【小分组】:1578050343;
【日志类型】:普通日志;
【标题】:正在关闭tcp！;
【内容】:;
【createtime】:2017-09-18 11:06:33.867;

【项目】:任务后台;
【大分组】:1240241913;	【小分组】:-1796419662;
【日志类型】:普通日志;
【标题】:正在打开tcp...;
【内容】:;
【createtime】:2017-09-18 11:06:33.867;

【项目】:任务后台;
【大分组】:2130653117;	【小分组】:895408348;
【日志类型】:普通日志;
【标题】:打开tcp失败！;
【内容】:;
【createtime】:2017-09-18 11:06:34.914;

【项目】:任务后台;
【大分组】:-1989961220;	【小分组】:431786781;
【日志类型】:普通日志;
【标题】:正在关闭tcp！;
【内容】:;
【createtime】:2017-09-18 11:06:44.925;

【项目】:任务后台;
【大分组】:1240241913;	【小分组】:230783865;
【日志类型】:普通日志;
【标题】:正在打开tcp...;
【内容】:;
【createtime】:2017-09-18 11:06:44.925;

【项目】:任务后台;
【大分组】:2130653117;	【小分组】:1122500622;
【日志类型】:普通日志;
【标题】:打开tcp失败！;
【内容】:;
【createtime】:2017-09-18 11:06:45.959;

【项目】:任务后台;
【大分组】:-1989961220;	【小分组】:-1016701213;
【日志类型】:普通日志;
【标题】:正在关闭tcp！;
【内容】:;
【createtime】:2017-09-18 11:06:55.971;

【项目】:任务后台;
【大分组】:1240241913;	【小分组】:-171305244;
【日志类型】:普通日志;
【标题】:正在打开tcp...;
【内容】:;
【createtime】:2017-09-18 11:06:55.971;

【项目】:任务后台;
【大分组】:2130653117;	【小分组】:-1645846451;
【日志类型】:普通日志;
【标题】:打开tcp失败！;
【内容】:;
【createtime】:2017-09-18 11:06:56.998;

【项目】:任务后台;
【大分组】:-1989961220;	【小分组】:320976477;
【日志类型】:普通日志;
【标题】:正在关闭tcp！;
【内容】:;
【createtime】:2017-09-18 11:07:07.028;

【项目】:任务后台;
【大分组】:1240241913;	【小分组】:149293479;
【日志类型】:普通日志;
【标题】:正在打开tcp...;
【内容】:;
【createtime】:2017-09-18 11:07:07.028;

【项目】:任务后台;
【大分组】:2130653117;	【小分组】:1209585935;
【日志类型】:普通日志;
【标题】:打开tcp失败！;
【内容】:;
【createtime】:2017-09-18 11:07:08.096;

【项目】:任务后台;
【大分组】:-1989961220;	【小分组】:-1649491370;
【日志类型】:普通日志;
【标题】:正在关闭tcp！;
【内容】:;
【createtime】:2017-09-18 11:07:18.122;

【项目】:任务后台;
【大分组】:1240241913;	【小分组】:-1157671090;
【日志类型】:普通日志;
【标题】:正在打开tcp...;
【内容】:;
【createtime】:2017-09-18 11:07:18.122;

【项目】:任务后台;
【大分组】:2130653117;	【小分组】:85769860;
【日志类型】:普通日志;
【标题】:打开tcp失败！;
【内容】:;
【createtime】:2017-09-18 11:07:19.200;

【项目】:任务后台;
【大分组】:-1989961220;	【小分组】:1407870879;
【日志类型】:普通日志;
【标题】:正在关闭tcp！;
【内容】:;
【createtime】:2017-09-18 11:07:29.223;

【项目】:任务后台;
【大分组】:1240241913;	【小分组】:2044679306;
【日志类型】:普通日志;
【标题】:正在打开tcp...;
【内容】:;
【createtime】:2017-09-18 11:07:29.223;

【项目】:任务后台;
【大分组】:2130653117;	【小分组】:345950657;
【日志类型】:普通日志;
【标题】:打开tcp失败！;
【内容】:;
【createtime】:2017-09-18 11:07:30.302;

【项目】:任务后台;
【大分组】:-1989961220;	【小分组】:-683059122;
【日志类型】:普通日志;
【标题】:正在关闭tcp！;
【内容】:;
【createtime】:2017-09-18 11:07:40.324;

【项目】:任务后台;
【大分组】:1240241913;	【小分组】:-1911861734;
【日志类型】:普通日志;
【标题】:正在打开tcp...;
【内容】:;
【createtime】:2017-09-18 11:07:40.324;

【项目】:任务后台;
【大分组】:2130653117;	【小分组】:-2083827486;
【日志类型】:普通日志;
【标题】:打开tcp失败！;
【内容】:;
【createtime】:2017-09-18 11:07:41.381;

【项目】:任务后台;
【大分组】:-1989961220;	【小分组】:-850510773;
【日志类型】:普通日志;
【标题】:正在关闭tcp！;
【内容】:;
【createtime】:2017-09-18 11:07:51.413;

【项目】:任务后台;
【大分组】:1240241913;	【小分组】:-718976737;
【日志类型】:普通日志;
【标题】:正在打开tcp...;
【内容】:;
【createtime】:2017-09-18 11:07:51.413;

【项目】:任务后台;
【大分组】:2130653117;	【小分组】:1857474204;
【日志类型】:普通日志;
【标题】:打开tcp失败！;
【内容】:;
【createtime】:2017-09-18 11:07:52.467;

【项目】:任务后台;
【大分组】:-1989961220;	【小分组】:2092931201;
【日志类型】:普通日志;
【标题】:正在关闭tcp！;
【内容】:;
【createtime】:2017-09-18 11:08:02.493;

【项目】:任务后台;
【大分组】:1240241913;	【小分组】:1963071084;
【日志类型】:普通日志;
【标题】:正在打开tcp...;
【内容】:;
【createtime】:2017-09-18 11:08:02.493;

【项目】:任务后台;
【大分组】:2130653117;	【小分组】:582482247;
【日志类型】:普通日志;
【标题】:打开tcp失败！;
【内容】:;
【createtime】:2017-09-18 11:08:03.530;

【项目】:任务后台;
【大分组】:-1989961220;	【小分组】:-2045811736;
【日志类型】:普通日志;
【标题】:正在关闭tcp！;
【内容】:;
【createtime】:2017-09-18 11:08:13.545;

【项目】:任务后台;
【大分组】:1240241913;	【小分组】:-1202064392;
【日志类型】:普通日志;
【标题】:正在打开tcp...;
【内容】:;
【createtime】:2017-09-18 11:08:13.545;

【项目】:任务后台;
【大分组】:2130653117;	【小分组】:-1928789519;
【日志类型】:普通日志;
【标题】:打开tcp失败！;
【内容】:;
【createtime】:2017-09-18 11:08:14.594;

【项目】:任务后台;
【大分组】:-1989961220;	【小分组】:-226979396;
【日志类型】:普通日志;
【标题】:正在关闭tcp！;
【内容】:;
【createtime】:2017-09-18 11:08:24.633;

【项目】:任务后台;
【大分组】:1240241913;	【小分组】:810413074;
【日志类型】:普通日志;
【标题】:正在打开tcp...;
【内容】:;
【createtime】:2017-09-18 11:08:24.633;

【项目】:任务后台;
【大分组】:2130653117;	【小分组】:1637329748;
【日志类型】:普通日志;
【标题】:打开tcp失败！;
【内容】:;
【createtime】:2017-09-18 11:08:25.693;

【项目】:任务后台;
【大分组】:-1989961220;	【小分组】:1896925224;
【日志类型】:普通日志;
【标题】:正在关闭tcp！;
【内容】:;
【createtime】:2017-09-18 11:08:35.724;

【项目】:任务后台;
【大分组】:1240241913;	【小分组】:-286381995;
【日志类型】:普通日志;
【标题】:正在打开tcp...;
【内容】:;
【createtime】:2017-09-18 11:08:35.724;

【项目】:任务后台;
【大分组】:2130653117;	【小分组】:566758047;
【日志类型】:普通日志;
【标题】:打开tcp失败！;
【内容】:;
【createtime】:2017-09-18 11:08:36.767;

【项目】:任务后台;
【大分组】:-1989961220;	【小分组】:1868620987;
【日志类型】:普通日志;
【标题】:正在关闭tcp！;
【内容】:;
【createtime】:2017-09-18 11:08:46.809;

【项目】:任务后台;
【大分组】:1240241913;	【小分组】:-1717438722;
【日志类型】:普通日志;
【标题】:正在打开tcp...;
【内容】:;
【createtime】:2017-09-18 11:08:46.809;

【项目】:任务后台;
【大分组】:2130653117;	【小分组】:2071361359;
【日志类型】:普通日志;
【标题】:打开tcp失败！;
【内容】:;
【createtime】:2017-09-18 11:08:47.814;

【项目】:任务后台;
【大分组】:-1989961220;	【小分组】:-37873515;
【日志类型】:普通日志;
【标题】:正在关闭tcp！;
【内容】:;
【createtime】:2017-09-18 11:08:57.838;

【项目】:任务后台;
【大分组】:1240241913;	【小分组】:354238647;
【日志类型】:普通日志;
【标题】:正在打开tcp...;
【内容】:;
【createtime】:2017-09-18 11:08:57.838;

【项目】:任务后台;
【大分组】:2130653117;	【小分组】:-2045122279;
【日志类型】:普通日志;
【标题】:打开tcp失败！;
【内容】:;
【createtime】:2017-09-18 11:08:58.886;

【项目】:任务后台;
【大分组】:-1989961220;	【小分组】:1367120082;
【日志类型】:普通日志;
【标题】:正在关闭tcp！;
【内容】:;
【createtime】:2017-09-18 11:09:08.927;

【项目】:任务后台;
【大分组】:1240241913;	【小分组】:795698933;
【日志类型】:普通日志;
【标题】:正在打开tcp...;
【内容】:;
【createtime】:2017-09-18 11:09:08.927;

【项目】:任务后台;
【大分组】:2130653117;	【小分组】:-1038356007;
【日志类型】:普通日志;
【标题】:打开tcp失败！;
【内容】:;
【createtime】:2017-09-18 11:09:09.983;

【项目】:任务后台;
【大分组】:-1989961220;	【小分组】:2129634460;
【日志类型】:普通日志;
【标题】:正在关闭tcp！;
【内容】:;
【createtime】:2017-09-18 11:09:20.010;

【项目】:任务后台;
【大分组】:1240241913;	【小分组】:-1728922890;
【日志类型】:普通日志;
【标题】:正在打开tcp...;
【内容】:;
【createtime】:2017-09-18 11:09:20.010;

【项目】:任务后台;
【大分组】:2130653117;	【小分组】:1368350631;
【日志类型】:普通日志;
【标题】:打开tcp失败！;
【内容】:;
【createtime】:2017-09-18 11:09:21.089;

【项目】:任务后台;
【大分组】:-1989961220;	【小分组】:2036677818;
【日志类型】:普通日志;
【标题】:正在关闭tcp！;
【内容】:;
【createtime】:2017-09-18 11:09:31.126;

【项目】:任务后台;
【大分组】:1240241913;	【小分组】:1416655210;
【日志类型】:普通日志;
【标题】:正在打开tcp...;
【内容】:;
【createtime】:2017-09-18 11:09:31.126;

【项目】:任务后台;
【大分组】:2130653117;	【小分组】:-811115617;
【日志类型】:普通日志;
【标题】:打开tcp失败！;
【内容】:;
【createtime】:2017-09-18 11:09:32.189;

【项目】:任务后台;
【大分组】:-1989961220;	【小分组】:722272749;
【日志类型】:普通日志;
【标题】:正在关闭tcp！;
【内容】:;
【createtime】:2017-09-18 11:09:42.216;

【项目】:任务后台;
【大分组】:1240241913;	【小分组】:1078878324;
【日志类型】:普通日志;
【标题】:正在打开tcp...;
【内容】:;
【createtime】:2017-09-18 11:09:42.216;

【项目】:任务后台;
【大分组】:2130653117;	【小分组】:-901358850;
【日志类型】:普通日志;
【标题】:打开tcp失败！;
【内容】:;
【createtime】:2017-09-18 11:09:43.264;

【项目】:任务后台;
【大分组】:1240241913;	【小分组】:35104124;
【日志类型】:普通日志;
【标题】:正在打开tcp...;
【内容】:;
【createtime】:2017-09-18 11:09:59.664;

【项目】:任务后台;
【大分组】:2130653117;	【小分组】:35104124;
【日志类型】:普通日志;
【标题】:打开tcp失败！;
【内容】:;
【createtime】:2017-09-18 11:10:00.739;

【项目】:任务后台;
【大分组】:-1989961220;	【小分组】:1854906312;
【日志类型】:普通日志;
【标题】:正在关闭tcp！;
【内容】:;
【createtime】:2017-09-18 11:10:00.765;

【项目】:任务后台;
【大分组】:1240241913;	【小分组】:-647967012;
【日志类型】:普通日志;
【标题】:正在打开tcp...;
【内容】:;
【createtime】:2017-09-18 11:10:00.765;

【项目】:任务后台;
【大分组】:2130653117;	【小分组】:527409536;
【日志类型】:普通日志;
【标题】:打开tcp失败！;
【内容】:;
【createtime】:2017-09-18 11:10:01.799;

【项目】:任务后台;
【大分组】:-1989961220;	【小分组】:1287183060;
【日志类型】:普通日志;
【标题】:正在关闭tcp！;
【内容】:;
【createtime】:2017-09-18 11:10:11.817;

【项目】:任务后台;
【大分组】:1240241913;	【小分组】:412969097;
【日志类型】:普通日志;
【标题】:正在打开tcp...;
【内容】:;
【createtime】:2017-09-18 11:10:11.817;

【项目】:任务后台;
【大分组】:2130653117;	【小分组】:1297486171;
【日志类型】:普通日志;
【标题】:打开tcp失败！;
【内容】:;
【createtime】:2017-09-18 11:10:12.896;

【项目】:任务后台;
【大分组】:-1989961220;	【小分组】:-79360732;
【日志类型】:普通日志;
【标题】:正在关闭tcp！;
【内容】:;
【createtime】:2017-09-18 11:10:22.927;

【项目】:任务后台;
【大分组】:1240241913;	【小分组】:1750382785;
【日志类型】:普通日志;
【标题】:正在打开tcp...;
【内容】:;
【createtime】:2017-09-18 11:10:22.927;

【项目】:任务后台;
【大分组】:2130653117;	【小分组】:2090434946;
【日志类型】:普通日志;
【标题】:打开tcp失败！;
【内容】:;
【createtime】:2017-09-18 11:10:23.997;

【项目】:任务后台;
【大分组】:-1989961220;	【小分组】:1803950832;
【日志类型】:普通日志;
【标题】:正在关闭tcp！;
【内容】:;
【createtime】:2017-09-18 11:10:33.999;

【项目】:任务后台;
【大分组】:1240241913;	【小分组】:-578936668;
【日志类型】:普通日志;
【标题】:正在打开tcp...;
【内容】:;
【createtime】:2017-09-18 11:10:33.999;

【项目】:任务后台;
【大分组】:2130653117;	【小分组】:-1904563797;
【日志类型】:普通日志;
【标题】:打开tcp失败！;
【内容】:;
【createtime】:2017-09-18 11:10:35.078;

【项目】:任务后台;
【大分组】:-1989961220;	【小分组】:535424489;
【日志类型】:普通日志;
【标题】:正在关闭tcp！;
【内容】:;
【createtime】:2017-09-18 11:10:45.090;

【项目】:任务后台;
【大分组】:1240241913;	【小分组】:-493289383;
【日志类型】:普通日志;
【标题】:正在打开tcp...;
【内容】:;
【createtime】:2017-09-18 11:10:45.090;

【项目】:任务后台;
【大分组】:2130653117;	【小分组】:-1182341107;
【日志类型】:普通日志;
【标题】:打开tcp失败！;
【内容】:;
【createtime】:2017-09-18 11:10:46.113;

【项目】:任务后台;
【大分组】:-1989961220;	【小分组】:-1957715911;
【日志类型】:普通日志;
【标题】:正在关闭tcp！;
【内容】:;
【createtime】:2017-09-18 11:10:56.137;

【项目】:任务后台;
【大分组】:1240241913;	【小分组】:-1299401826;
【日志类型】:普通日志;
【标题】:正在打开tcp...;
【内容】:;
【createtime】:2017-09-18 11:10:56.137;

【项目】:任务后台;
【大分组】:2130653117;	【小分组】:-709663137;
【日志类型】:普通日志;
【标题】:打开tcp失败！;
【内容】:;
【createtime】:2017-09-18 11:10:57.199;

【项目】:任务后台;
【大分组】:-1989961220;	【小分组】:197700177;
【日志类型】:普通日志;
【标题】:正在关闭tcp！;
【内容】:;
【createtime】:2017-09-18 11:11:07.233;

【项目】:任务后台;
【大分组】:1240241913;	【小分组】:600937734;
【日志类型】:普通日志;
【标题】:正在打开tcp...;
【内容】:;
【createtime】:2017-09-18 11:11:07.233;

【项目】:任务后台;
【大分组】:2130653117;	【小分组】:-260151859;
【日志类型】:普通日志;
【标题】:打开tcp失败！;
【内容】:;
【createtime】:2017-09-18 11:11:08.303;

【项目】:任务后台;
【大分组】:-1989961220;	【小分组】:1448907745;
【日志类型】:普通日志;
【标题】:正在关闭tcp！;
【内容】:;
【createtime】:2017-09-18 11:11:18.346;

【项目】:任务后台;
【大分组】:1240241913;	【小分组】:-1968861260;
【日志类型】:普通日志;
【标题】:正在打开tcp...;
【内容】:;
【createtime】:2017-09-18 11:11:18.346;

【项目】:任务后台;
【大分组】:2130653117;	【小分组】:581479160;
【日志类型】:普通日志;
【标题】:打开tcp失败！;
【内容】:;
【createtime】:2017-09-18 11:11:19.400;

【项目】:任务后台;
【大分组】:-1989961220;	【小分组】:-569137358;
【日志类型】:普通日志;
【标题】:正在关闭tcp！;
【内容】:;
【createtime】:2017-09-18 11:11:29.444;

【项目】:任务后台;
【大分组】:1240241913;	【小分组】:-1322103005;
【日志类型】:普通日志;
【标题】:正在打开tcp...;
【内容】:;
【createtime】:2017-09-18 11:11:29.444;

【项目】:任务后台;
【大分组】:2130653117;	【小分组】:175470222;
【日志类型】:普通日志;
【标题】:打开tcp失败！;
【内容】:;
【createtime】:2017-09-18 11:11:30.525;

【项目】:任务后台;
【大分组】:-1989961220;	【小分组】:-1567677536;
【日志类型】:普通日志;
【标题】:正在关闭tcp！;
【内容】:;
【createtime】:2017-09-18 11:11:40.555;

【项目】:任务后台;
【大分组】:1240241913;	【小分组】:1805319776;
【日志类型】:普通日志;
【标题】:正在打开tcp...;
【内容】:;
【createtime】:2017-09-18 11:11:40.555;

【项目】:任务后台;
【大分组】:2130653117;	【小分组】:-1193258708;
【日志类型】:普通日志;
【标题】:打开tcp失败！;
【内容】:;
【createtime】:2017-09-18 11:11:41.611;

【项目】:任务后台;
【大分组】:-1989961220;	【小分组】:-340117248;
【日志类型】:普通日志;
【标题】:正在关闭tcp！;
【内容】:;
【createtime】:2017-09-18 11:11:51.635;

【项目】:任务后台;
【大分组】:1240241913;	【小分组】:-1137916217;
【日志类型】:普通日志;
【标题】:正在打开tcp...;
【内容】:;
【createtime】:2017-09-18 11:11:51.635;

【项目】:任务后台;
【大分组】:2130653117;	【小分组】:2141625658;
【日志类型】:普通日志;
【标题】:打开tcp失败！;
【内容】:;
【createtime】:2017-09-18 11:11:52.706;

【项目】:任务后台;
【大分组】:-1989961220;	【小分组】:143131401;
【日志类型】:普通日志;
【标题】:正在关闭tcp！;
【内容】:;
【createtime】:2017-09-18 11:12:02.734;

【项目】:任务后台;
【大分组】:1240241913;	【小分组】:397250560;
【日志类型】:普通日志;
【标题】:正在打开tcp...;
【内容】:;
【createtime】:2017-09-18 11:12:02.734;

【项目】:任务后台;
【大分组】:2130653117;	【小分组】:-1057052564;
【日志类型】:普通日志;
【标题】:打开tcp失败！;
【内容】:;
【createtime】:2017-09-18 11:12:03.798;

【项目】:任务后台;
【大分组】:1240241913;	【小分组】:35104124;
【日志类型】:普通日志;
【标题】:正在打开tcp...;
【内容】:;
【createtime】:2017-09-18 11:12:16.652;

【项目】:任务后台;
【大分组】:2130653117;	【小分组】:35104124;
【日志类型】:普通日志;
【标题】:打开tcp失败！;
【内容】:;
【createtime】:2017-09-18 11:12:17.675;

【项目】:任务后台;
【大分组】:-1989961220;	【小分组】:-1954992750;
【日志类型】:普通日志;
【标题】:正在关闭tcp！;
【内容】:;
【createtime】:2017-09-18 11:12:17.687;

【项目】:任务后台;
【大分组】:1240241913;	【小分组】:-939484623;
【日志类型】:普通日志;
【标题】:正在打开tcp...;
【内容】:;
【createtime】:2017-09-18 11:12:17.687;

【项目】:任务后台;
【大分组】:2130653117;	【小分组】:-1291225011;
【日志类型】:普通日志;
【标题】:打开tcp失败！;
【内容】:;
【createtime】:2017-09-18 11:12:18.743;

【项目】:任务后台;
【大分组】:-1989961220;	【小分组】:-518954233;
【日志类型】:普通日志;
【标题】:正在关闭tcp！;
【内容】:;
【createtime】:2017-09-18 11:12:28.755;

【项目】:任务后台;
【大分组】:1240241913;	【小分组】:-121670597;
【日志类型】:普通日志;
【标题】:正在打开tcp...;
【内容】:;
【createtime】:2017-09-18 11:12:28.755;

【项目】:任务后台;
【大分组】:2130653117;	【小分组】:1492803729;
【日志类型】:普通日志;
【标题】:打开tcp失败！;
【内容】:;
【createtime】:2017-09-18 11:12:29.773;

【项目】:任务后台;
【大分组】:-1989961220;	【小分组】:2146960633;
【日志类型】:普通日志;
【标题】:正在关闭tcp！;
【内容】:;
【createtime】:2017-09-18 11:12:39.825;

【项目】:任务后台;
【大分组】:1240241913;	【小分组】:1279250887;
【日志类型】:普通日志;
【标题】:正在打开tcp...;
【内容】:;
【createtime】:2017-09-18 11:12:39.825;

【项目】:任务后台;
【大分组】:2130653117;	【小分组】:371853074;
【日志类型】:普通日志;
【标题】:打开tcp失败！;
【内容】:;
【createtime】:2017-09-18 11:12:40.880;

【项目】:任务后台;
【大分组】:-1989961220;	【小分组】:298001478;
【日志类型】:普通日志;
【标题】:正在关闭tcp！;
【内容】:;
【createtime】:2017-09-18 11:12:50.895;

【项目】:任务后台;
【大分组】:1240241913;	【小分组】:-290163685;
【日志类型】:普通日志;
【标题】:正在打开tcp...;
【内容】:;
【createtime】:2017-09-18 11:12:50.895;

【项目】:任务后台;
【大分组】:2130653117;	【小分组】:33579567;
【日志类型】:普通日志;
【标题】:打开tcp失败！;
【内容】:;
【createtime】:2017-09-18 11:12:51.957;

【项目】:任务后台;
【大分组】:-1989961220;	【小分组】:1583890443;
【日志类型】:普通日志;
【标题】:正在关闭tcp！;
【内容】:;
【createtime】:2017-09-18 11:13:01.992;

【项目】:任务后台;
【大分组】:1240241913;	【小分组】:827512543;
【日志类型】:普通日志;
【标题】:正在打开tcp...;
【内容】:;
【createtime】:2017-09-18 11:13:01.992;

【项目】:任务后台;
【大分组】:2130653117;	【小分组】:1040218327;
【日志类型】:普通日志;
【标题】:打开tcp失败！;
【内容】:;
【createtime】:2017-09-18 11:13:03.015;

【项目】:任务后台;
【大分组】:-1989961220;	【小分组】:1381435590;
【日志类型】:普通日志;
【标题】:正在关闭tcp！;
【内容】:;
【createtime】:2017-09-18 11:13:13.033;

【项目】:任务后台;
【大分组】:1240241913;	【小分组】:1663736328;
【日志类型】:普通日志;
【标题】:正在打开tcp...;
【内容】:;
【createtime】:2017-09-18 11:13:13.033;

【项目】:任务后台;
【大分组】:2130653117;	【小分组】:-1975603044;
【日志类型】:普通日志;
【标题】:打开tcp失败！;
【内容】:;
【createtime】:2017-09-18 11:13:14.062;

【项目】:任务后台;
【大分组】:-1989961220;	【小分组】:1981876395;
【日志类型】:普通日志;
【标题】:正在关闭tcp！;
【内容】:;
【createtime】:2017-09-18 11:13:24.079;

【项目】:任务后台;
【大分组】:1240241913;	【小分组】:-49468100;
【日志类型】:普通日志;
【标题】:正在打开tcp...;
【内容】:;
【createtime】:2017-09-18 11:13:24.079;

【项目】:任务后台;
【大分组】:2130653117;	【小分组】:460081433;
【日志类型】:普通日志;
【标题】:打开tcp失败！;
【内容】:;
【createtime】:2017-09-18 11:13:25.123;

【项目】:任务后台;
【大分组】:-1989961220;	【小分组】:1304959883;
【日志类型】:普通日志;
【标题】:正在关闭tcp！;
【内容】:;
【createtime】:2017-09-18 11:13:35.133;

【项目】:任务后台;
【大分组】:1240241913;	【小分组】:1135015839;
【日志类型】:普通日志;
【标题】:正在打开tcp...;
【内容】:;
【createtime】:2017-09-18 11:13:35.133;

【项目】:任务后台;
【大分组】:2130653117;	【小分组】:-1190998538;
【日志类型】:普通日志;
【标题】:打开tcp失败！;
【内容】:;
【createtime】:2017-09-18 11:13:36.173;

【项目】:任务后台;
【大分组】:-1989961220;	【小分组】:29317234;
【日志类型】:普通日志;
【标题】:正在关闭tcp！;
【内容】:;
【createtime】:2017-09-18 11:13:46.203;

【项目】:任务后台;
【大分组】:1240241913;	【小分组】:1843676601;
【日志类型】:普通日志;
【标题】:正在打开tcp...;
【内容】:;
【createtime】:2017-09-18 11:13:46.203;

【项目】:任务后台;
【大分组】:2130653117;	【小分组】:-1447759478;
【日志类型】:普通日志;
【标题】:打开tcp失败！;
【内容】:;
【createtime】:2017-09-18 11:13:47.280;

【项目】:任务后台;
【大分组】:-1989961220;	【小分组】:-1741087682;
【日志类型】:普通日志;
【标题】:正在关闭tcp！;
【内容】:;
【createtime】:2017-09-18 11:13:57.315;

【项目】:任务后台;
【大分组】:1240241913;	【小分组】:218185222;
【日志类型】:普通日志;
【标题】:正在打开tcp...;
【内容】:;
【createtime】:2017-09-18 11:13:57.315;

【项目】:任务后台;
【大分组】:2130653117;	【小分组】:929799569;
【日志类型】:普通日志;
【标题】:打开tcp失败！;
【内容】:;
【createtime】:2017-09-18 11:13:58.377;

【项目】:任务后台;
【大分组】:-1989961220;	【小分组】:702715135;
【日志类型】:普通日志;
【标题】:正在关闭tcp！;
【内容】:;
【createtime】:2017-09-18 11:14:08.393;

【项目】:任务后台;
【大分组】:1240241913;	【小分组】:42024912;
【日志类型】:普通日志;
【标题】:正在打开tcp...;
【内容】:;
【createtime】:2017-09-18 11:14:08.393;

【项目】:任务后台;
【大分组】:2130653117;	【小分组】:360654989;
【日志类型】:普通日志;
【标题】:打开tcp失败！;
【内容】:;
【createtime】:2017-09-18 11:14:09.463;

【项目】:任务后台;
【大分组】:-1989961220;	【小分组】:-1418883570;
【日志类型】:普通日志;
【标题】:正在关闭tcp！;
【内容】:;
【createtime】:2017-09-18 11:14:19.496;

【项目】:任务后台;
【大分组】:1240241913;	【小分组】:-127556818;
【日志类型】:普通日志;
【标题】:正在打开tcp...;
【内容】:;
【createtime】:2017-09-18 11:14:19.496;

【项目】:任务后台;
【大分组】:2130653117;	【小分组】:1000918482;
【日志类型】:普通日志;
【标题】:打开tcp失败！;
【内容】:;
【createtime】:2017-09-18 11:14:20.525;

【项目】:任务后台;
【大分组】:-1989961220;	【小分组】:-1377478093;
【日志类型】:普通日志;
【标题】:正在关闭tcp！;
【内容】:;
【createtime】:2017-09-18 11:14:30.547;

【项目】:任务后台;
【大分组】:1240241913;	【小分组】:717946126;
【日志类型】:普通日志;
【标题】:正在打开tcp...;
【内容】:;
【createtime】:2017-09-18 11:14:30.547;

【项目】:任务后台;
【大分组】:2130653117;	【小分组】:231536173;
【日志类型】:普通日志;
【标题】:打开tcp失败！;
【内容】:;
【createtime】:2017-09-18 11:14:31.586;

【项目】:任务后台;
【大分组】:-1989961220;	【小分组】:1032732553;
【日志类型】:普通日志;
【标题】:正在关闭tcp！;
【内容】:;
【createtime】:2017-09-18 11:14:41.616;

【项目】:任务后台;
【大分组】:1240241913;	【小分组】:-233428480;
【日志类型】:普通日志;
【标题】:正在打开tcp...;
【内容】:;
【createtime】:2017-09-18 11:14:41.616;

【项目】:任务后台;
【大分组】:2130653117;	【小分组】:-412157088;
【日志类型】:普通日志;
【标题】:打开tcp失败！;
【内容】:;
【createtime】:2017-09-18 11:14:42.683;

【项目】:任务后台;
【大分组】:-1989961220;	【小分组】:-1324348070;
【日志类型】:普通日志;
【标题】:正在关闭tcp！;
【内容】:;
【createtime】:2017-09-18 11:14:52.707;

【项目】:任务后台;
【大分组】:1240241913;	【小分组】:-1156985928;
【日志类型】:普通日志;
【标题】:正在打开tcp...;
【内容】:;
【createtime】:2017-09-18 11:14:52.707;

【项目】:任务后台;
【大分组】:2130653117;	【小分组】:-1857221859;
【日志类型】:普通日志;
【标题】:打开tcp失败！;
【内容】:;
【createtime】:2017-09-18 11:14:53.772;

【项目】:任务后台;
【大分组】:-1989961220;	【小分组】:744989772;
【日志类型】:普通日志;
【标题】:正在关闭tcp！;
【内容】:;
【createtime】:2017-09-18 11:15:03.794;

【项目】:任务后台;
【大分组】:1240241913;	【小分组】:-201093124;
【日志类型】:普通日志;
【标题】:正在打开tcp...;
【内容】:;
【createtime】:2017-09-18 11:15:03.794;

【项目】:任务后台;
【大分组】:2130653117;	【小分组】:776844788;
【日志类型】:普通日志;
【标题】:打开tcp失败！;
【内容】:;
【createtime】:2017-09-18 11:15:04.828;

【项目】:任务后台;
【大分组】:-1989961220;	【小分组】:364178654;
【日志类型】:普通日志;
【标题】:正在关闭tcp！;
【内容】:;
【createtime】:2017-09-18 11:15:14.868;

【项目】:任务后台;
【大分组】:1240241913;	【小分组】:30582801;
【日志类型】:普通日志;
【标题】:正在打开tcp...;
【内容】:;
【createtime】:2017-09-18 11:15:14.868;

【项目】:任务后台;
【大分组】:2130653117;	【小分组】:-1615795967;
【日志类型】:普通日志;
【标题】:打开tcp失败！;
【内容】:;
【createtime】:2017-09-18 11:15:15.941;

【项目】:任务后台;
【大分组】:-1989961220;	【小分组】:1499952881;
【日志类型】:普通日志;
【标题】:正在关闭tcp！;
【内容】:;
【createtime】:2017-09-18 11:15:25.973;

【项目】:任务后台;
【大分组】:1240241913;	【小分组】:3750734;
【日志类型】:普通日志;
【标题】:正在打开tcp...;
【内容】:;
【createtime】:2017-09-18 11:15:25.973;

【项目】:任务后台;
【大分组】:2130653117;	【小分组】:1184410682;
【日志类型】:普通日志;
【标题】:打开tcp失败！;
【内容】:;
【createtime】:2017-09-18 11:15:27.012;

【项目】:任务后台;
【大分组】:-1989961220;	【小分组】:2136517007;
【日志类型】:普通日志;
【标题】:正在关闭tcp！;
【内容】:;
【createtime】:2017-09-18 11:15:37.019;

【项目】:任务后台;
【大分组】:1240241913;	【小分组】:1245145055;
【日志类型】:普通日志;
【标题】:正在打开tcp...;
【内容】:;
【createtime】:2017-09-18 11:15:37.019;

【项目】:任务后台;
【大分组】:2130653117;	【小分组】:-792969101;
【日志类型】:普通日志;
【标题】:打开tcp失败！;
【内容】:;
【createtime】:2017-09-18 11:15:38.089;

【项目】:任务后台;
【大分组】:-1989961220;	【小分组】:-917486179;
【日志类型】:普通日志;
【标题】:正在关闭tcp！;
【内容】:;
【createtime】:2017-09-18 11:15:48.113;

【项目】:任务后台;
【大分组】:1240241913;	【小分组】:368864388;
【日志类型】:普通日志;
【标题】:正在打开tcp...;
【内容】:;
【createtime】:2017-09-18 11:15:48.113;

【项目】:任务后台;
【大分组】:2130653117;	【小分组】:940487603;
【日志类型】:普通日志;
【标题】:打开tcp失败！;
【内容】:;
【createtime】:2017-09-18 11:15:49.183;

【项目】:任务后台;
【大分组】:-1989961220;	【小分组】:-634472955;
【日志类型】:普通日志;
【标题】:正在关闭tcp！;
【内容】:;
【createtime】:2017-09-18 11:15:59.207;

【项目】:任务后台;
【大分组】:1240241913;	【小分组】:-1308069520;
【日志类型】:普通日志;
【标题】:正在打开tcp...;
【内容】:;
【createtime】:2017-09-18 11:15:59.207;

【项目】:任务后台;
【大分组】:2130653117;	【小分组】:1964164116;
【日志类型】:普通日志;
【标题】:打开tcp失败！;
【内容】:;
【createtime】:2017-09-18 11:16:00.241;

【项目】:任务后台;
【大分组】:-1989961220;	【小分组】:-1599551893;
【日志类型】:普通日志;
【标题】:正在关闭tcp！;
【内容】:;
【createtime】:2017-09-18 11:16:10.266;

【项目】:任务后台;
【大分组】:1240241913;	【小分组】:633114610;
【日志类型】:普通日志;
【标题】:正在打开tcp...;
【内容】:;
【createtime】:2017-09-18 11:16:10.266;

【项目】:任务后台;
【大分组】:2130653117;	【小分组】:1582813417;
【日志类型】:普通日志;
【标题】:打开tcp失败！;
【内容】:;
【createtime】:2017-09-18 11:16:11.329;

【项目】:任务后台;
【大分组】:-1989961220;	【小分组】:614705877;
【日志类型】:普通日志;
【标题】:正在关闭tcp！;
【内容】:;
【createtime】:2017-09-18 11:16:21.371;

【项目】:任务后台;
【大分组】:1240241913;	【小分组】:-998484072;
【日志类型】:普通日志;
【标题】:正在打开tcp...;
【内容】:;
【createtime】:2017-09-18 11:16:21.371;

【项目】:任务后台;
【大分组】:2130653117;	【小分组】:-170738490;
【日志类型】:普通日志;
【标题】:打开tcp失败！;
【内容】:;
【createtime】:2017-09-18 11:16:22.430;

【项目】:任务后台;
【大分组】:-1989961220;	【小分组】:1027101561;
【日志类型】:普通日志;
【标题】:正在关闭tcp！;
【内容】:;
【createtime】:2017-09-18 11:16:32.452;

【项目】:任务后台;
【大分组】:1240241913;	【小分组】:-271847666;
【日志类型】:普通日志;
【标题】:正在打开tcp...;
【内容】:;
【createtime】:2017-09-18 11:16:32.452;

【项目】:任务后台;
【大分组】:2130653117;	【小分组】:-1509355366;
【日志类型】:普通日志;
【标题】:打开tcp失败！;
【内容】:;
【createtime】:2017-09-18 11:16:33.522;

【项目】:任务后台;
【大分组】:-1989961220;	【小分组】:-554469372;
【日志类型】:普通日志;
【标题】:正在关闭tcp！;
【内容】:;
【createtime】:2017-09-18 11:16:43.523;

【项目】:任务后台;
【大分组】:1240241913;	【小分组】:-1771194862;
【日志类型】:普通日志;
【标题】:正在打开tcp...;
【内容】:;
【createtime】:2017-09-18 11:16:43.523;

【项目】:任务后台;
【大分组】:2130653117;	【小分组】:1094881590;
【日志类型】:普通日志;
【标题】:打开tcp失败！;
【内容】:;
【createtime】:2017-09-18 11:16:44.599;

【项目】:任务后台;
【大分组】:-1989961220;	【小分组】:1080162707;
【日志类型】:普通日志;
【标题】:正在关闭tcp！;
【内容】:;
【createtime】:2017-09-18 11:16:54.616;

【项目】:任务后台;
【大分组】:1240241913;	【小分组】:1571967451;
【日志类型】:普通日志;
【标题】:正在打开tcp...;
【内容】:;
【createtime】:2017-09-18 11:16:54.616;

【项目】:任务后台;
【大分组】:2130653117;	【小分组】:-168876259;
【日志类型】:普通日志;
【标题】:打开tcp失败！;
【内容】:;
【createtime】:2017-09-18 11:16:55.686;

【项目】:任务后台;
【大分组】:-1989961220;	【小分组】:-718479661;
【日志类型】:普通日志;
【标题】:正在关闭tcp！;
【内容】:;
【createtime】:2017-09-18 11:17:05.707;

【项目】:任务后台;
【大分组】:1240241913;	【小分组】:326805090;
【日志类型】:普通日志;
【标题】:正在打开tcp...;
【内容】:;
【createtime】:2017-09-18 11:17:05.707;

【项目】:任务后台;
【大分组】:2130653117;	【小分组】:-1820971298;
【日志类型】:普通日志;
【标题】:打开tcp失败！;
【内容】:;
【createtime】:2017-09-18 11:17:06.779;

【项目】:任务后台;
【大分组】:-1989961220;	【小分组】:400620552;
【日志类型】:普通日志;
【标题】:正在关闭tcp！;
【内容】:;
【createtime】:2017-09-18 11:17:16.804;

【项目】:任务后台;
【大分组】:1240241913;	【小分组】:-104117682;
【日志类型】:普通日志;
【标题】:正在打开tcp...;
【内容】:;
【createtime】:2017-09-18 11:17:16.804;

【项目】:任务后台;
【大分组】:2130653117;	【小分组】:978550695;
【日志类型】:普通日志;
【标题】:打开tcp失败！;
【内容】:;
【createtime】:2017-09-18 11:17:17.834;

【项目】:任务后台;
【大分组】:-1989961220;	【小分组】:-5261662;
【日志类型】:普通日志;
【标题】:正在关闭tcp！;
【内容】:;
【createtime】:2017-09-18 11:17:27.879;

【项目】:任务后台;
【大分组】:1240241913;	【小分组】:-1465250900;
【日志类型】:普通日志;
【标题】:正在打开tcp...;
【内容】:;
【createtime】:2017-09-18 11:17:27.879;

【项目】:任务后台;
【大分组】:2130653117;	【小分组】:-211162714;
【日志类型】:普通日志;
【标题】:打开tcp失败！;
【内容】:;
【createtime】:2017-09-18 11:17:28.950;

【项目】:任务后台;
【大分组】:-1989961220;	【小分组】:1094112107;
【日志类型】:普通日志;
【标题】:正在关闭tcp！;
【内容】:;
【createtime】:2017-09-18 11:17:38.975;

【项目】:任务后台;
【大分组】:1240241913;	【小分组】:921484087;
【日志类型】:普通日志;
【标题】:正在打开tcp...;
【内容】:;
【createtime】:2017-09-18 11:17:38.975;

【项目】:任务后台;
【大分组】:2130653117;	【小分组】:1614690903;
【日志类型】:普通日志;
【标题】:打开tcp失败！;
【内容】:;
【createtime】:2017-09-18 11:17:40.038;

【项目】:任务后台;
【大分组】:-1989961220;	【小分组】:-295099911;
【日志类型】:普通日志;
【标题】:正在关闭tcp！;
【内容】:;
【createtime】:2017-09-18 11:17:50.070;

【项目】:任务后台;
【大分组】:1240241913;	【小分组】:1210273170;
【日志类型】:普通日志;
【标题】:正在打开tcp...;
【内容】:;
【createtime】:2017-09-18 11:17:50.070;

【项目】:任务后台;
【大分组】:2130653117;	【小分组】:1459706803;
【日志类型】:普通日志;
【标题】:打开tcp失败！;
【内容】:;
【createtime】:2017-09-18 11:17:51.101;

【项目】:任务后台;
【大分组】:-1989961220;	【小分组】:1464598475;
【日志类型】:普通日志;
【标题】:正在关闭tcp！;
【内容】:;
【createtime】:2017-09-18 11:18:01.139;

【项目】:任务后台;
【大分组】:1240241913;	【小分组】:-612165146;
【日志类型】:普通日志;
【标题】:正在打开tcp...;
【内容】:;
【createtime】:2017-09-18 11:18:01.139;

【项目】:任务后台;
【大分组】:2130653117;	【小分组】:-578918754;
【日志类型】:普通日志;
【标题】:打开tcp失败！;
【内容】:;
【createtime】:2017-09-18 11:18:02.188;

【项目】:任务后台;
【大分组】:-1989961220;	【小分组】:1866877872;
【日志类型】:普通日志;
【标题】:正在关闭tcp！;
【内容】:;
【createtime】:2017-09-18 11:18:12.225;

【项目】:任务后台;
【大分组】:1240241913;	【小分组】:-490078118;
【日志类型】:普通日志;
【标题】:正在打开tcp...;
【内容】:;
【createtime】:2017-09-18 11:18:12.225;

【项目】:任务后台;
【大分组】:2130653117;	【小分组】:1009731669;
【日志类型】:普通日志;
【标题】:打开tcp失败！;
【内容】:;
【createtime】:2017-09-18 11:18:13.284;

【项目】:任务后台;
【大分组】:-1989961220;	【小分组】:-703037549;
【日志类型】:普通日志;
【标题】:正在关闭tcp！;
【内容】:;
【createtime】:2017-09-18 11:18:23.316;

【项目】:任务后台;
【大分组】:1240241913;	【小分组】:1703631989;
【日志类型】:普通日志;
【标题】:正在打开tcp...;
【内容】:;
【createtime】:2017-09-18 11:18:23.316;

【项目】:任务后台;
【大分组】:2130653117;	【小分组】:-738247837;
【日志类型】:普通日志;
【标题】:打开tcp失败！;
【内容】:;
【createtime】:2017-09-18 11:18:24.379;

【项目】:任务后台;
【大分组】:-1989961220;	【小分组】:100078352;
【日志类型】:普通日志;
【标题】:正在关闭tcp！;
【内容】:;
【createtime】:2017-09-18 11:18:34.419;

【项目】:任务后台;
【大分组】:1240241913;	【小分组】:117129826;
【日志类型】:普通日志;
【标题】:正在打开tcp...;
【内容】:;
【createtime】:2017-09-18 11:18:34.419;

【项目】:任务后台;
【大分组】:2130653117;	【小分组】:1451385439;
【日志类型】:普通日志;
【标题】:打开tcp失败！;
【内容】:;
【createtime】:2017-09-18 11:18:35.470;

【项目】:任务后台;
【大分组】:-1989961220;	【小分组】:-546710476;
【日志类型】:普通日志;
【标题】:正在关闭tcp！;
【内容】:;
【createtime】:2017-09-18 11:18:45.514;

【项目】:任务后台;
【大分组】:1240241913;	【小分组】:571979197;
【日志类型】:普通日志;
【标题】:正在打开tcp...;
【内容】:;
【createtime】:2017-09-18 11:18:45.514;

【项目】:任务后台;
【大分组】:2130653117;	【小分组】:-819662918;
【日志类型】:普通日志;
【标题】:打开tcp失败！;
【内容】:;
【createtime】:2017-09-18 11:18:46.591;

【项目】:任务后台;
【大分组】:-1989961220;	【小分组】:1523461163;
【日志类型】:普通日志;
【标题】:正在关闭tcp！;
【内容】:;
【createtime】:2017-09-18 11:18:56.618;

【项目】:任务后台;
【大分组】:1240241913;	【小分组】:-465982750;
【日志类型】:普通日志;
【标题】:正在打开tcp...;
【内容】:;
【createtime】:2017-09-18 11:18:56.618;

【项目】:任务后台;
【大分组】:2130653117;	【小分组】:526400662;
【日志类型】:普通日志;
【标题】:打开tcp失败！;
【内容】:;
【createtime】:2017-09-18 11:18:57.682;

【项目】:任务后台;
【大分组】:-1989961220;	【小分组】:1933636820;
【日志类型】:普通日志;
【标题】:正在关闭tcp！;
【内容】:;
【createtime】:2017-09-18 11:19:07.712;

【项目】:任务后台;
【大分组】:1240241913;	【小分组】:-1637615631;
【日志类型】:普通日志;
【标题】:正在打开tcp...;
【内容】:;
【createtime】:2017-09-18 11:19:07.712;

【项目】:任务后台;
【大分组】:2130653117;	【小分组】:1952889655;
【日志类型】:普通日志;
【标题】:打开tcp失败！;
【内容】:;
【createtime】:2017-09-18 11:19:08.774;

【项目】:任务后台;
【大分组】:-1989961220;	【小分组】:-1184710364;
【日志类型】:普通日志;
【标题】:正在关闭tcp！;
【内容】:;
【createtime】:2017-09-18 11:19:18.801;

【项目】:任务后台;
【大分组】:1240241913;	【小分组】:224107548;
【日志类型】:普通日志;
【标题】:正在打开tcp...;
【内容】:;
【createtime】:2017-09-18 11:19:18.801;

【项目】:任务后台;
【大分组】:2130653117;	【小分组】:1098681587;
【日志类型】:普通日志;
【标题】:打开tcp失败！;
【内容】:;
【createtime】:2017-09-18 11:19:19.866;

【项目】:任务后台;
【大分组】:-1989961220;	【小分组】:-1010736596;
【日志类型】:普通日志;
【标题】:正在关闭tcp！;
【内容】:;
【createtime】:2017-09-18 11:19:29.894;

【项目】:任务后台;
【大分组】:1240241913;	【小分组】:1480184668;
【日志类型】:普通日志;
【标题】:正在打开tcp...;
【内容】:;
【createtime】:2017-09-18 11:19:29.894;

【项目】:任务后台;
【大分组】:2130653117;	【小分组】:-1110510317;
【日志类型】:普通日志;
【标题】:打开tcp失败！;
【内容】:;
【createtime】:2017-09-18 11:19:30.957;

【项目】:任务后台;
【大分组】:-1989961220;	【小分组】:-1768360257;
【日志类型】:普通日志;
【标题】:正在关闭tcp！;
【内容】:;
【createtime】:2017-09-18 11:19:40.992;

【项目】:任务后台;
【大分组】:1240241913;	【小分组】:-1501268057;
【日志类型】:普通日志;
【标题】:正在打开tcp...;
【内容】:;
【createtime】:2017-09-18 11:19:40.992;

【项目】:任务后台;
【大分组】:2130653117;	【小分组】:-971402631;
【日志类型】:普通日志;
【标题】:打开tcp失败！;
【内容】:;
【createtime】:2017-09-18 11:19:42.057;

【项目】:任务后台;
【大分组】:-1989961220;	【小分组】:383650879;
【日志类型】:普通日志;
【标题】:正在关闭tcp！;
【内容】:;
【createtime】:2017-09-18 11:19:52.086;

【项目】:任务后台;
【大分组】:1240241913;	【小分组】:1142004478;
【日志类型】:普通日志;
【标题】:正在打开tcp...;
【内容】:;
【createtime】:2017-09-18 11:19:52.086;

【项目】:任务后台;
【大分组】:2130653117;	【小分组】:-1378098152;
【日志类型】:普通日志;
【标题】:打开tcp失败！;
【内容】:;
【createtime】:2017-09-18 11:19:53.137;

【项目】:任务后台;
【大分组】:-1989961220;	【小分组】:-1914420088;
【日志类型】:普通日志;
【标题】:正在关闭tcp！;
【内容】:;
【createtime】:2017-09-18 11:20:03.153;

【项目】:任务后台;
【大分组】:1240241913;	【小分组】:1684541055;
【日志类型】:普通日志;
【标题】:正在打开tcp...;
【内容】:;
【createtime】:2017-09-18 11:20:03.153;

【项目】:任务后台;
【大分组】:2130653117;	【小分组】:-824674336;
【日志类型】:普通日志;
【标题】:打开tcp失败！;
【内容】:;
【createtime】:2017-09-18 11:20:04.183;

【项目】:任务后台;
【大分组】:-1989961220;	【小分组】:1752040789;
【日志类型】:普通日志;
【标题】:正在关闭tcp！;
【内容】:;
【createtime】:2017-09-18 11:20:14.217;

【项目】:任务后台;
【大分组】:1240241913;	【小分组】:1134299113;
【日志类型】:普通日志;
【标题】:正在打开tcp...;
【内容】:;
【createtime】:2017-09-18 11:20:14.217;

【项目】:任务后台;
【大分组】:2130653117;	【小分组】:643439690;
【日志类型】:普通日志;
【标题】:打开tcp失败！;
【内容】:;
【createtime】:2017-09-18 11:20:15.280;

【项目】:任务后台;
【大分组】:-1989961220;	【小分组】:1006931297;
【日志类型】:普通日志;
【标题】:正在关闭tcp！;
【内容】:;
【createtime】:2017-09-18 11:20:25.319;

【项目】:任务后台;
【大分组】:1240241913;	【小分组】:-689009308;
【日志类型】:普通日志;
【标题】:正在打开tcp...;
【内容】:;
【createtime】:2017-09-18 11:20:25.319;

【项目】:任务后台;
【大分组】:2130653117;	【小分组】:-845556250;
【日志类型】:普通日志;
【标题】:打开tcp失败！;
【内容】:;
【createtime】:2017-09-18 11:20:26.374;

【项目】:任务后台;
【大分组】:-1989961220;	【小分组】:1732269599;
【日志类型】:普通日志;
【标题】:正在关闭tcp！;
【内容】:;
【createtime】:2017-09-18 11:20:36.409;

【项目】:任务后台;
【大分组】:1240241913;	【小分组】:2052009339;
【日志类型】:普通日志;
【标题】:正在打开tcp...;
【内容】:;
【createtime】:2017-09-18 11:20:36.409;

【项目】:任务后台;
【大分组】:2130653117;	【小分组】:894499217;
【日志类型】:普通日志;
【标题】:打开tcp失败！;
【内容】:;
【createtime】:2017-09-18 11:20:37.468;

【项目】:任务后台;
【大分组】:-1989961220;	【小分组】:-1399887292;
【日志类型】:普通日志;
【标题】:正在关闭tcp！;
【内容】:;
【createtime】:2017-09-18 11:20:47.479;

【项目】:任务后台;
【大分组】:1240241913;	【小分组】:154488712;
【日志类型】:普通日志;
【标题】:正在打开tcp...;
【内容】:;
【createtime】:2017-09-18 11:20:47.479;

【项目】:任务后台;
【大分组】:2130653117;	【小分组】:209976991;
【日志类型】:普通日志;
【标题】:打开tcp失败！;
【内容】:;
【createtime】:2017-09-18 11:20:48.549;

【项目】:任务后台;
【大分组】:-1989961220;	【小分组】:475144938;
【日志类型】:普通日志;
【标题】:正在关闭tcp！;
【内容】:;
【createtime】:2017-09-18 11:20:58.562;

【项目】:任务后台;
【大分组】:1240241913;	【小分组】:-1970922773;
【日志类型】:普通日志;
【标题】:正在打开tcp...;
【内容】:;
【createtime】:2017-09-18 11:20:58.562;

【项目】:任务后台;
【大分组】:2130653117;	【小分组】:1645341776;
【日志类型】:普通日志;
【标题】:打开tcp失败！;
【内容】:;
【createtime】:2017-09-18 11:20:59.611;

【项目】:任务后台;
【大分组】:-1989961220;	【小分组】:-919321591;
【日志类型】:普通日志;
【标题】:正在关闭tcp！;
【内容】:;
【createtime】:2017-09-18 11:21:09.648;

【项目】:任务后台;
【大分组】:1240241913;	【小分组】:832464217;
【日志类型】:普通日志;
【标题】:正在打开tcp...;
【内容】:;
【createtime】:2017-09-18 11:21:09.648;

【项目】:任务后台;
【大分组】:2130653117;	【小分组】:1764628872;
【日志类型】:普通日志;
【标题】:打开tcp失败！;
【内容】:;
【createtime】:2017-09-18 11:21:10.686;

【项目】:任务后台;
【大分组】:-1989961220;	【小分组】:-2095320064;
【日志类型】:普通日志;
【标题】:正在关闭tcp！;
【内容】:;
【createtime】:2017-09-18 11:21:20.729;

【项目】:任务后台;
【大分组】:1240241913;	【小分组】:459477887;
【日志类型】:普通日志;
【标题】:正在打开tcp...;
【内容】:;
【createtime】:2017-09-18 11:21:20.729;

【项目】:任务后台;
【大分组】:2130653117;	【小分组】:452228394;
【日志类型】:普通日志;
【标题】:打开tcp失败！;
【内容】:;
【createtime】:2017-09-18 11:21:21.811;

【项目】:任务后台;
【大分组】:-1989961220;	【小分组】:4243321;
【日志类型】:普通日志;
【标题】:正在关闭tcp！;
【内容】:;
【createtime】:2017-09-18 11:21:31.833;

【项目】:任务后台;
【大分组】:1240241913;	【小分组】:528979265;
【日志类型】:普通日志;
【标题】:正在打开tcp...;
【内容】:;
【createtime】:2017-09-18 11:21:31.833;

【项目】:任务后台;
【大分组】:2130653117;	【小分组】:1388579440;
【日志类型】:普通日志;
【标题】:打开tcp失败！;
【内容】:;
【createtime】:2017-09-18 11:21:32.884;

【项目】:任务后台;
【大分组】:-1989961220;	【小分组】:1387103978;
【日志类型】:普通日志;
【标题】:正在关闭tcp！;
【内容】:;
【createtime】:2017-09-18 11:21:42.914;

【项目】:任务后台;
【大分组】:1240241913;	【小分组】:-1124567512;
【日志类型】:普通日志;
【标题】:正在打开tcp...;
【内容】:;
【createtime】:2017-09-18 11:21:42.914;

【项目】:任务后台;
【大分组】:2130653117;	【小分组】:-475021669;
【日志类型】:普通日志;
【标题】:打开tcp失败！;
【内容】:;
【createtime】:2017-09-18 11:21:43.964;

【项目】:任务后台;
【大分组】:-1989961220;	【小分组】:1261199712;
【日志类型】:普通日志;
【标题】:正在关闭tcp！;
【内容】:;
【createtime】:2017-09-18 11:21:53.994;

【项目】:任务后台;
【大分组】:1240241913;	【小分组】:-716910194;
【日志类型】:普通日志;
【标题】:正在打开tcp...;
【内容】:;
【createtime】:2017-09-18 11:21:53.994;

【项目】:任务后台;
【大分组】:2130653117;	【小分组】:-260621267;
【日志类型】:普通日志;
【标题】:打开tcp失败！;
【内容】:;
【createtime】:2017-09-18 11:21:55.041;

【项目】:任务后台;
【大分组】:-1989961220;	【小分组】:1673204084;
【日志类型】:普通日志;
【标题】:正在关闭tcp！;
【内容】:;
【createtime】:2017-09-18 11:22:05.065;

【项目】:任务后台;
【大分组】:1240241913;	【小分组】:1157730212;
【日志类型】:普通日志;
【标题】:正在打开tcp...;
【内容】:;
【createtime】:2017-09-18 11:22:05.065;

【项目】:任务后台;
【大分组】:2130653117;	【小分组】:2139565696;
【日志类型】:普通日志;
【标题】:打开tcp失败！;
【内容】:;
【createtime】:2017-09-18 11:22:06.130;

【项目】:任务后台;
【大分组】:-1989961220;	【小分组】:1901843650;
【日志类型】:普通日志;
【标题】:正在关闭tcp！;
【内容】:;
【createtime】:2017-09-18 11:22:16.162;

【项目】:任务后台;
【大分组】:1240241913;	【小分组】:-1140130188;
【日志类型】:普通日志;
【标题】:正在打开tcp...;
【内容】:;
【createtime】:2017-09-18 11:22:16.162;

【项目】:任务后台;
【大分组】:2130653117;	【小分组】:-1804882971;
【日志类型】:普通日志;
【标题】:打开tcp失败！;
【内容】:;
【createtime】:2017-09-18 11:22:17.197;

【项目】:任务后台;
【大分组】:-1989961220;	【小分组】:-77266262;
【日志类型】:普通日志;
【标题】:正在关闭tcp！;
【内容】:;
【createtime】:2017-09-18 11:22:27.222;

【项目】:任务后台;
【大分组】:1240241913;	【小分组】:-1988836472;
【日志类型】:普通日志;
【标题】:正在打开tcp...;
【内容】:;
【createtime】:2017-09-18 11:22:27.222;

【项目】:任务后台;
【大分组】:2130653117;	【小分组】:-102063085;
【日志类型】:普通日志;
【标题】:打开tcp失败！;
【内容】:;
【createtime】:2017-09-18 11:22:28.285;

【项目】:任务后台;
【大分组】:-1989961220;	【小分组】:-1923533996;
【日志类型】:普通日志;
【标题】:正在关闭tcp！;
【内容】:;
【createtime】:2017-09-18 11:22:38.321;

【项目】:任务后台;
【大分组】:1240241913;	【小分组】:638017911;
【日志类型】:普通日志;
【标题】:正在打开tcp...;
【内容】:;
【createtime】:2017-09-18 11:22:38.321;

【项目】:任务后台;
【大分组】:2130653117;	【小分组】:1198547174;
【日志类型】:普通日志;
【标题】:打开tcp失败！;
【内容】:;
【createtime】:2017-09-18 11:22:39.379;

【项目】:任务后台;
【大分组】:-1989961220;	【小分组】:-1148865154;
【日志类型】:普通日志;
【标题】:正在关闭tcp！;
【内容】:;
【createtime】:2017-09-18 11:22:49.418;

【项目】:任务后台;
【大分组】:1240241913;	【小分组】:-431250304;
【日志类型】:普通日志;
【标题】:正在打开tcp...;
【内容】:;
【createtime】:2017-09-18 11:22:49.418;

【项目】:任务后台;
【大分组】:2130653117;	【小分组】:-1783224377;
【日志类型】:普通日志;
【标题】:打开tcp失败！;
【内容】:;
【createtime】:2017-09-18 11:22:50.465;

【项目】:任务后台;
【大分组】:-1989961220;	【小分组】:-1446249681;
【日志类型】:普通日志;
【标题】:正在关闭tcp！;
【内容】:;
【createtime】:2017-09-18 11:23:00.503;

【项目】:任务后台;
【大分组】:1240241913;	【小分组】:633889443;
【日志类型】:普通日志;
【标题】:正在打开tcp...;
【内容】:;
【createtime】:2017-09-18 11:23:00.503;

【项目】:任务后台;
【大分组】:2130653117;	【小分组】:-1506500129;
【日志类型】:普通日志;
【标题】:打开tcp失败！;
【内容】:;
【createtime】:2017-09-18 11:23:01.542;

【项目】:任务后台;
【大分组】:-1989961220;	【小分组】:-670399052;
【日志类型】:普通日志;
【标题】:正在关闭tcp！;
【内容】:;
【createtime】:2017-09-18 11:23:11.561;

【项目】:任务后台;
【大分组】:1240241913;	【小分组】:-864380020;
【日志类型】:普通日志;
【标题】:正在打开tcp...;
【内容】:;
【createtime】:2017-09-18 11:23:11.561;

【项目】:任务后台;
【大分组】:2130653117;	【小分组】:-1946352550;
【日志类型】:普通日志;
【标题】:打开tcp失败！;
【内容】:;
【createtime】:2017-09-18 11:23:12.610;

【项目】:任务后台;
【大分组】:-1989961220;	【小分组】:2031821112;
【日志类型】:普通日志;
【标题】:正在关闭tcp！;
【内容】:;
【createtime】:2017-09-18 11:23:22.640;

【项目】:任务后台;
【大分组】:1240241913;	【小分组】:1231004487;
【日志类型】:普通日志;
【标题】:正在打开tcp...;
【内容】:;
【createtime】:2017-09-18 11:23:22.640;

【项目】:任务后台;
【大分组】:2130653117;	【小分组】:2107729396;
【日志类型】:普通日志;
【标题】:打开tcp失败！;
【内容】:;
【createtime】:2017-09-18 11:23:23.686;

【项目】:任务后台;
【大分组】:-1989961220;	【小分组】:-108089147;
【日志类型】:普通日志;
【标题】:正在关闭tcp！;
【内容】:;
【createtime】:2017-09-18 11:23:33.726;

【项目】:任务后台;
【大分组】:1240241913;	【小分组】:197724466;
【日志类型】:普通日志;
【标题】:正在打开tcp...;
【内容】:;
【createtime】:2017-09-18 11:23:33.726;

【项目】:任务后台;
【大分组】:2130653117;	【小分组】:1576274276;
【日志类型】:普通日志;
【标题】:打开tcp失败！;
【内容】:;
【createtime】:2017-09-18 11:23:34.749;

【项目】:任务后台;
【大分组】:-1989961220;	【小分组】:-145860877;
【日志类型】:普通日志;
【标题】:正在关闭tcp！;
【内容】:;
【createtime】:2017-09-18 11:23:44.766;

【项目】:任务后台;
【大分组】:1240241913;	【小分组】:1047573520;
【日志类型】:普通日志;
【标题】:正在打开tcp...;
【内容】:;
【createtime】:2017-09-18 11:23:44.766;

【项目】:任务后台;
【大分组】:2130653117;	【小分组】:-872655996;
【日志类型】:普通日志;
【标题】:打开tcp失败！;
【内容】:;
【createtime】:2017-09-18 11:23:45.815;

【项目】:任务后台;
【大分组】:-1989961220;	【小分组】:121282023;
【日志类型】:普通日志;
【标题】:正在关闭tcp！;
【内容】:;
【createtime】:2017-09-18 11:23:55.844;

【项目】:任务后台;
【大分组】:1240241913;	【小分组】:-1328237737;
【日志类型】:普通日志;
【标题】:正在打开tcp...;
【内容】:;
【createtime】:2017-09-18 11:23:55.844;

【项目】:任务后台;
【大分组】:2130653117;	【小分组】:519001047;
【日志类型】:普通日志;
【标题】:打开tcp失败！;
【内容】:;
【createtime】:2017-09-18 11:23:56.909;

【项目】:任务后台;
【大分组】:-1989961220;	【小分组】:-1398103727;
【日志类型】:普通日志;
【标题】:正在关闭tcp！;
【内容】:;
【createtime】:2017-09-18 11:24:06.939;

【项目】:任务后台;
【大分组】:1240241913;	【小分组】:-839424776;
【日志类型】:普通日志;
【标题】:正在打开tcp...;
【内容】:;
【createtime】:2017-09-18 11:24:06.939;

【项目】:任务后台;
【大分组】:2130653117;	【小分组】:-2106859539;
【日志类型】:普通日志;
【标题】:打开tcp失败！;
【内容】:;
【createtime】:2017-09-18 11:24:08.005;

【项目】:任务后台;
【大分组】:-1989961220;	【小分组】:19390892;
【日志类型】:普通日志;
【标题】:正在关闭tcp！;
【内容】:;
【createtime】:2017-09-18 11:24:18.030;

【项目】:任务后台;
【大分组】:1240241913;	【小分组】:-746657858;
【日志类型】:普通日志;
【标题】:正在打开tcp...;
【内容】:;
【createtime】:2017-09-18 11:24:18.030;

【项目】:任务后台;
【大分组】:2130653117;	【小分组】:630073270;
【日志类型】:普通日志;
【标题】:打开tcp失败！;
【内容】:;
【createtime】:2017-09-18 11:24:19.098;

【项目】:任务后台;
【大分组】:-1989961220;	【小分组】:-1344192713;
【日志类型】:普通日志;
【标题】:正在关闭tcp！;
【内容】:;
【createtime】:2017-09-18 11:24:29.128;

【项目】:任务后台;
【大分组】:1240241913;	【小分组】:55475492;
【日志类型】:普通日志;
【标题】:正在打开tcp...;
【内容】:;
【createtime】:2017-09-18 11:24:29.128;

【项目】:任务后台;
【大分组】:2130653117;	【小分组】:1624703776;
【日志类型】:普通日志;
【标题】:打开tcp失败！;
【内容】:;
【createtime】:2017-09-18 11:24:30.143;

【项目】:任务后台;
【大分组】:-1989961220;	【小分组】:-2078030448;
【日志类型】:普通日志;
【标题】:正在关闭tcp！;
【内容】:;
【createtime】:2017-09-18 11:24:40.188;

【项目】:任务后台;
【大分组】:1240241913;	【小分组】:-1671525225;
【日志类型】:普通日志;
【标题】:正在打开tcp...;
【内容】:;
【createtime】:2017-09-18 11:24:40.188;

【项目】:任务后台;
【大分组】:2130653117;	【小分组】:-1317476655;
【日志类型】:普通日志;
【标题】:打开tcp失败！;
【内容】:;
【createtime】:2017-09-18 11:24:41.220;

【项目】:任务后台;
【大分组】:-1989961220;	【小分组】:-2047358161;
【日志类型】:普通日志;
【标题】:正在关闭tcp！;
【内容】:;
【createtime】:2017-09-18 11:24:51.247;

【项目】:任务后台;
【大分组】:1240241913;	【小分组】:1369965042;
【日志类型】:普通日志;
【标题】:正在打开tcp...;
【内容】:;
【createtime】:2017-09-18 11:24:51.247;

【项目】:任务后台;
【大分组】:2130653117;	【小分组】:385851526;
【日志类型】:普通日志;
【标题】:打开tcp失败！;
【内容】:;
【createtime】:2017-09-18 11:24:52.323;

【项目】:任务后台;
【大分组】:-1989961220;	【小分组】:1342760371;
【日志类型】:普通日志;
【标题】:正在关闭tcp！;
【内容】:;
【createtime】:2017-09-18 11:25:02.361;

【项目】:任务后台;
【大分组】:1240241913;	【小分组】:536948997;
【日志类型】:普通日志;
【标题】:正在打开tcp...;
【内容】:;
【createtime】:2017-09-18 11:25:02.361;

【项目】:任务后台;
【大分组】:2130653117;	【小分组】:388192829;
【日志类型】:普通日志;
【标题】:打开tcp失败！;
【内容】:;
【createtime】:2017-09-18 11:25:03.439;

【项目】:任务后台;
【大分组】:-1989961220;	【小分组】:1513320707;
【日志类型】:普通日志;
【标题】:正在关闭tcp！;
【内容】:;
【createtime】:2017-09-18 11:25:13.469;

【项目】:任务后台;
【大分组】:1240241913;	【小分组】:212872725;
【日志类型】:普通日志;
【标题】:正在打开tcp...;
【内容】:;
【createtime】:2017-09-18 11:25:13.469;

【项目】:任务后台;
【大分组】:2130653117;	【小分组】:-1435803447;
【日志类型】:普通日志;
【标题】:打开tcp失败！;
【内容】:;
【createtime】:2017-09-18 11:25:14.532;

【项目】:任务后台;
【大分组】:-1989961220;	【小分组】:1011321421;
【日志类型】:普通日志;
【标题】:正在关闭tcp！;
【内容】:;
【createtime】:2017-09-18 11:25:24.568;

【项目】:任务后台;
【大分组】:1240241913;	【小分组】:1779767100;
【日志类型】:普通日志;
【标题】:正在打开tcp...;
【内容】:;
【createtime】:2017-09-18 11:25:24.568;

【项目】:任务后台;
【大分组】:2130653117;	【小分组】:1201255855;
【日志类型】:普通日志;
【标题】:打开tcp失败！;
【内容】:;
【createtime】:2017-09-18 11:25:25.646;

【项目】:任务后台;
【大分组】:-1989961220;	【小分组】:278474563;
【日志类型】:普通日志;
【标题】:正在关闭tcp！;
【内容】:;
【createtime】:2017-09-18 11:25:35.692;

【项目】:任务后台;
【大分组】:1240241913;	【小分组】:1188256805;
【日志类型】:普通日志;
【标题】:正在打开tcp...;
【内容】:;
【createtime】:2017-09-18 11:25:35.692;

【项目】:任务后台;
【大分组】:2130653117;	【小分组】:-1393365925;
【日志类型】:普通日志;
【标题】:打开tcp失败！;
【内容】:;
【createtime】:2017-09-18 11:25:36.739;

【项目】:任务后台;
【大分组】:-1989961220;	【小分组】:478438511;
【日志类型】:普通日志;
【标题】:正在关闭tcp！;
【内容】:;
【createtime】:2017-09-18 11:25:46.769;

【项目】:任务后台;
【大分组】:1240241913;	【小分组】:1758245550;
【日志类型】:普通日志;
【标题】:正在打开tcp...;
【内容】:;
【createtime】:2017-09-18 11:25:46.769;

【项目】:任务后台;
【大分组】:2130653117;	【小分组】:-1277893080;
【日志类型】:普通日志;
【标题】:打开tcp失败！;
【内容】:;
【createtime】:2017-09-18 11:25:47.801;

【项目】:任务后台;
【大分组】:-1989961220;	【小分组】:604790209;
【日志类型】:普通日志;
【标题】:正在关闭tcp！;
【内容】:;
【createtime】:2017-09-18 11:25:57.831;

【项目】:任务后台;
【大分组】:1240241913;	【小分组】:852700276;
【日志类型】:普通日志;
【标题】:正在打开tcp...;
【内容】:;
【createtime】:2017-09-18 11:25:57.831;

【项目】:任务后台;
【大分组】:2130653117;	【小分组】:-789662679;
【日志类型】:普通日志;
【标题】:打开tcp失败！;
【内容】:;
【createtime】:2017-09-18 11:25:58.909;

【项目】:任务后台;
【大分组】:-1989961220;	【小分组】:411668803;
【日志类型】:普通日志;
【标题】:正在关闭tcp！;
【内容】:;
【createtime】:2017-09-18 11:26:08.950;

【项目】:任务后台;
【大分组】:1240241913;	【小分组】:1249480290;
【日志类型】:普通日志;
【标题】:正在打开tcp...;
【内容】:;
【createtime】:2017-09-18 11:26:08.950;

【项目】:任务后台;
【大分组】:2130653117;	【小分组】:-1057388784;
【日志类型】:普通日志;
【标题】:打开tcp失败！;
【内容】:;
【createtime】:2017-09-18 11:26:10.020;

【项目】:任务后台;
【大分组】:-1989961220;	【小分组】:1203965430;
【日志类型】:普通日志;
【标题】:正在关闭tcp！;
【内容】:;
【createtime】:2017-09-18 11:26:20.055;

【项目】:任务后台;
【大分组】:1240241913;	【小分组】:1502864030;
【日志类型】:普通日志;
【标题】:正在打开tcp...;
【内容】:;
【createtime】:2017-09-18 11:26:20.055;

【项目】:任务后台;
【大分组】:2130653117;	【小分组】:-108790544;
【日志类型】:普通日志;
【标题】:打开tcp失败！;
【内容】:;
【createtime】:2017-09-18 11:26:21.117;

【项目】:任务后台;
【大分组】:-1989961220;	【小分组】:-799397944;
【日志类型】:普通日志;
【标题】:正在关闭tcp！;
【内容】:;
【createtime】:2017-09-18 11:26:31.155;

【项目】:任务后台;
【大分组】:1240241913;	【小分组】:1039891882;
【日志类型】:普通日志;
【标题】:正在打开tcp...;
【内容】:;
【createtime】:2017-09-18 11:26:31.155;

【项目】:任务后台;
【大分组】:2130653117;	【小分组】:-937605440;
【日志类型】:普通日志;
【标题】:打开tcp失败！;
【内容】:;
【createtime】:2017-09-18 11:26:32.218;

【项目】:任务后台;
【大分组】:-1989961220;	【小分组】:-325613758;
【日志类型】:普通日志;
【标题】:正在关闭tcp！;
【内容】:;
【createtime】:2017-09-18 11:26:42.250;

【项目】:任务后台;
【大分组】:1240241913;	【小分组】:-327063428;
【日志类型】:普通日志;
【标题】:正在打开tcp...;
【内容】:;
【createtime】:2017-09-18 11:26:42.250;

【项目】:任务后台;
【大分组】:2130653117;	【小分组】:-1188588342;
【日志类型】:普通日志;
【标题】:打开tcp失败！;
【内容】:;
【createtime】:2017-09-18 11:26:43.313;

【项目】:任务后台;
【大分组】:-1989961220;	【小分组】:1537380557;
【日志类型】:普通日志;
【标题】:正在关闭tcp！;
【内容】:;
【createtime】:2017-09-18 11:26:53.334;

【项目】:任务后台;
【大分组】:1240241913;	【小分组】:121125147;
【日志类型】:普通日志;
【标题】:正在打开tcp...;
【内容】:;
【createtime】:2017-09-18 11:26:53.334;

【项目】:任务后台;
【大分组】:2130653117;	【小分组】:1365155202;
【日志类型】:普通日志;
【标题】:打开tcp失败！;
【内容】:;
【createtime】:2017-09-18 11:26:54.412;

【项目】:任务后台;
【大分组】:-1989961220;	【小分组】:1754645983;
【日志类型】:普通日志;
【标题】:正在关闭tcp！;
【内容】:;
【createtime】:2017-09-18 11:27:04.420;

【项目】:任务后台;
【大分组】:1240241913;	【小分组】:-331532935;
【日志类型】:普通日志;
【标题】:正在打开tcp...;
【内容】:;
【createtime】:2017-09-18 11:27:04.420;

【项目】:任务后台;
【大分组】:2130653117;	【小分组】:827283646;
【日志类型】:普通日志;
【标题】:打开tcp失败！;
【内容】:;
【createtime】:2017-09-18 11:27:05.498;

【项目】:任务后台;
【大分组】:-1989961220;	【小分组】:78180274;
【日志类型】:普通日志;
【标题】:正在关闭tcp！;
【内容】:;
【createtime】:2017-09-18 11:27:15.518;

【项目】:任务后台;
【大分组】:1240241913;	【小分组】:1440955386;
【日志类型】:普通日志;
【标题】:正在打开tcp...;
【内容】:;
【createtime】:2017-09-18 11:27:15.518;

【项目】:任务后台;
【大分组】:2130653117;	【小分组】:1723939153;
【日志类型】:普通日志;
【标题】:打开tcp失败！;
【内容】:;
【createtime】:2017-09-18 11:27:16.580;

【项目】:任务后台;
【大分组】:-1989961220;	【小分组】:762462880;
【日志类型】:普通日志;
【标题】:正在关闭tcp！;
【内容】:;
【createtime】:2017-09-18 11:27:26.590;

【项目】:任务后台;
【大分组】:1240241913;	【小分组】:-1383451343;
【日志类型】:普通日志;
【标题】:正在打开tcp...;
【内容】:;
【createtime】:2017-09-18 11:27:26.590;

【项目】:任务后台;
【大分组】:2130653117;	【小分组】:-1723068750;
【日志类型】:普通日志;
【标题】:打开tcp失败！;
【内容】:;
【createtime】:2017-09-18 11:27:27.656;

【项目】:任务后台;
【大分组】:-1989961220;	【小分组】:-590359538;
【日志类型】:普通日志;
【标题】:正在关闭tcp！;
【内容】:;
【createtime】:2017-09-18 11:27:37.678;

【项目】:任务后台;
【大分组】:1240241913;	【小分组】:1779390891;
【日志类型】:普通日志;
【标题】:正在打开tcp...;
【内容】:;
【createtime】:2017-09-18 11:27:37.678;

【项目】:任务后台;
【大分组】:2130653117;	【小分组】:-1869558326;
【日志类型】:普通日志;
【标题】:打开tcp失败！;
【内容】:;
【createtime】:2017-09-18 11:27:38.740;

【项目】:任务后台;
【大分组】:-1989961220;	【小分组】:-1158976449;
【日志类型】:普通日志;
【标题】:正在关闭tcp！;
【内容】:;
【createtime】:2017-09-18 11:27:48.771;

【项目】:任务后台;
【大分组】:1240241913;	【小分组】:-316082495;
【日志类型】:普通日志;
【标题】:正在打开tcp...;
【内容】:;
【createtime】:2017-09-18 11:27:48.771;

【项目】:任务后台;
【大分组】:2130653117;	【小分组】:404149773;
【日志类型】:普通日志;
【标题】:打开tcp失败！;
【内容】:;
【createtime】:2017-09-18 11:27:49.837;

【项目】:任务后台;
【大分组】:-1989961220;	【小分组】:1913142493;
【日志类型】:普通日志;
【标题】:正在关闭tcp！;
【内容】:;
【createtime】:2017-09-18 11:27:59.868;

【项目】:任务后台;
【大分组】:1240241913;	【小分组】:-1058608164;
【日志类型】:普通日志;
【标题】:正在打开tcp...;
【内容】:;
【createtime】:2017-09-18 11:27:59.868;

【项目】:任务后台;
【大分组】:2130653117;	【小分组】:470054203;
【日志类型】:普通日志;
【标题】:打开tcp失败！;
【内容】:;
【createtime】:2017-09-18 11:28:00.931;

【项目】:任务后台;
【大分组】:-1989961220;	【小分组】:-1332842234;
【日志类型】:普通日志;
【标题】:正在关闭tcp！;
【内容】:;
【createtime】:2017-09-18 11:28:10.960;

【项目】:任务后台;
【大分组】:1240241913;	【小分组】:-1675174938;
【日志类型】:普通日志;
【标题】:正在打开tcp...;
【内容】:;
【createtime】:2017-09-18 11:28:10.960;

【项目】:任务后台;
【大分组】:2130653117;	【小分组】:-279277837;
【日志类型】:普通日志;
【标题】:打开tcp失败！;
【内容】:;
【createtime】:2017-09-18 11:28:12.027;

【项目】:任务后台;
【大分组】:-1989961220;	【小分组】:1111749010;
【日志类型】:普通日志;
【标题】:正在关闭tcp！;
【内容】:;
【createtime】:2017-09-18 11:28:22.066;

【项目】:任务后台;
【大分组】:1240241913;	【小分组】:-640980807;
【日志类型】:普通日志;
【标题】:正在打开tcp...;
【内容】:;
【createtime】:2017-09-18 11:28:22.066;

【项目】:任务后台;
【大分组】:2130653117;	【小分组】:-1587966220;
【日志类型】:普通日志;
【标题】:打开tcp失败！;
【内容】:;
【createtime】:2017-09-18 11:28:23.144;

【项目】:任务后台;
【大分组】:-1989961220;	【小分组】:-124173874;
【日志类型】:普通日志;
【标题】:正在关闭tcp！;
【内容】:;
【createtime】:2017-09-18 11:28:33.168;

【项目】:任务后台;
【大分组】:1240241913;	【小分组】:1383658781;
【日志类型】:普通日志;
【标题】:正在打开tcp...;
【内容】:;
【createtime】:2017-09-18 11:28:33.168;

【项目】:任务后台;
【大分组】:2130653117;	【小分组】:-2087105570;
【日志类型】:普通日志;
【标题】:打开tcp失败！;
【内容】:;
【createtime】:2017-09-18 11:28:34.219;

【项目】:任务后台;
【大分组】:-1989961220;	【小分组】:507482848;
【日志类型】:普通日志;
【标题】:正在关闭tcp！;
【内容】:;
【createtime】:2017-09-18 11:28:44.255;

【项目】:任务后台;
【大分组】:1240241913;	【小分组】:149568360;
【日志类型】:普通日志;
【标题】:正在打开tcp...;
【内容】:;
【createtime】:2017-09-18 11:28:44.255;

【项目】:任务后台;
【大分组】:2130653117;	【小分组】:-50106061;
【日志类型】:普通日志;
【标题】:打开tcp失败！;
【内容】:;
【createtime】:2017-09-18 11:28:45.318;

【项目】:任务后台;
【大分组】:-1989961220;	【小分组】:-1616549498;
【日志类型】:普通日志;
【标题】:正在关闭tcp！;
【内容】:;
【createtime】:2017-09-18 11:28:55.341;

【项目】:任务后台;
【大分组】:1240241913;	【小分组】:-2121960117;
【日志类型】:普通日志;
【标题】:正在打开tcp...;
【内容】:;
【createtime】:2017-09-18 11:28:55.341;

【项目】:任务后台;
【大分组】:2130653117;	【小分组】:-2031161714;
【日志类型】:普通日志;
【标题】:打开tcp失败！;
【内容】:;
【createtime】:2017-09-18 11:28:56.404;

【项目】:任务后台;
【大分组】:-1989961220;	【小分组】:1864460689;
【日志类型】:普通日志;
【标题】:正在关闭tcp！;
【内容】:;
【createtime】:2017-09-18 11:29:06.439;

【项目】:任务后台;
【大分组】:1240241913;	【小分组】:17446347;
【日志类型】:普通日志;
【标题】:正在打开tcp...;
【内容】:;
【createtime】:2017-09-18 11:29:06.439;

【项目】:任务后台;
【大分组】:2130653117;	【小分组】:-1821203144;
【日志类型】:普通日志;
【标题】:打开tcp失败！;
【内容】:;
【createtime】:2017-09-18 11:29:07.486;

【项目】:任务后台;
【大分组】:-1989961220;	【小分组】:1416949971;
【日志类型】:普通日志;
【标题】:正在关闭tcp！;
【内容】:;
【createtime】:2017-09-18 11:29:17.500;

【项目】:任务后台;
【大分组】:1240241913;	【小分组】:225765310;
【日志类型】:普通日志;
【标题】:正在打开tcp...;
【内容】:;
【createtime】:2017-09-18 11:29:17.500;

【项目】:任务后台;
【大分组】:2130653117;	【小分组】:259117612;
【日志类型】:普通日志;
【标题】:打开tcp失败！;
【内容】:;
【createtime】:2017-09-18 11:29:18.562;

【项目】:任务后台;
【大分组】:-1989961220;	【小分组】:-2062310234;
【日志类型】:普通日志;
【标题】:正在关闭tcp！;
【内容】:;
【createtime】:2017-09-18 11:29:28.586;

【项目】:任务后台;
【大分组】:1240241913;	【小分组】:-277825887;
【日志类型】:普通日志;
【标题】:正在打开tcp...;
【内容】:;
【createtime】:2017-09-18 11:29:28.586;

【项目】:任务后台;
【大分组】:2130653117;	【小分组】:1436063378;
【日志类型】:普通日志;
【标题】:打开tcp失败！;
【内容】:;
【createtime】:2017-09-18 11:29:29.651;

【项目】:任务后台;
【大分组】:-1989961220;	【小分组】:1025830500;
【日志类型】:普通日志;
【标题】:正在关闭tcp！;
【内容】:;
【createtime】:2017-09-18 11:29:39.687;

【项目】:任务后台;
【大分组】:1240241913;	【小分组】:1217135742;
【日志类型】:普通日志;
【标题】:正在打开tcp...;
【内容】:;
【createtime】:2017-09-18 11:29:39.687;

【项目】:任务后台;
【大分组】:2130653117;	【小分组】:446050448;
【日志类型】:普通日志;
【标题】:打开tcp失败！;
【内容】:;
【createtime】:2017-09-18 11:29:40.746;

【项目】:任务后台;
【大分组】:-1989961220;	【小分组】:-680135950;
【日志类型】:普通日志;
【标题】:正在关闭tcp！;
【内容】:;
【createtime】:2017-09-18 11:29:50.781;

【项目】:任务后台;
【大分组】:1240241913;	【小分组】:-1417127243;
【日志类型】:普通日志;
【标题】:正在打开tcp...;
【内容】:;
【createtime】:2017-09-18 11:29:50.781;

【项目】:任务后台;
【大分组】:2130653117;	【小分组】:-455867511;
【日志类型】:普通日志;
【标题】:打开tcp失败！;
【内容】:;
【createtime】:2017-09-18 11:29:51.820;

【项目】:任务后台;
【大分组】:-1989961220;	【小分组】:-1011977869;
【日志类型】:普通日志;
【标题】:正在关闭tcp！;
【内容】:;
【createtime】:2017-09-18 11:30:01.838;

【项目】:任务后台;
【大分组】:1240241913;	【小分组】:-1462357838;
【日志类型】:普通日志;
【标题】:正在打开tcp...;
【内容】:;
【createtime】:2017-09-18 11:30:01.838;

【项目】:任务后台;
【大分组】:2130653117;	【小分组】:-1820264509;
【日志类型】:普通日志;
【标题】:打开tcp失败！;
【内容】:;
【createtime】:2017-09-18 11:30:02.917;

【项目】:任务后台;
【大分组】:-1989961220;	【小分组】:-314555022;
【日志类型】:普通日志;
【标题】:正在关闭tcp！;
【内容】:;
【createtime】:2017-09-18 11:30:12.941;

【项目】:任务后台;
【大分组】:1240241913;	【小分组】:-1423565528;
【日志类型】:普通日志;
【标题】:正在打开tcp...;
【内容】:;
【createtime】:2017-09-18 11:30:12.941;

【项目】:任务后台;
【大分组】:2130653117;	【小分组】:999394;
【日志类型】:普通日志;
【标题】:打开tcp失败！;
【内容】:;
【createtime】:2017-09-18 11:30:14.019;

【项目】:任务后台;
【大分组】:-1989961220;	【小分组】:386847443;
【日志类型】:普通日志;
【标题】:正在关闭tcp！;
【内容】:;
【createtime】:2017-09-18 11:30:24.025;

【项目】:任务后台;
【大分组】:1240241913;	【小分组】:931635583;
【日志类型】:普通日志;
【标题】:正在打开tcp...;
【内容】:;
【createtime】:2017-09-18 11:30:24.025;

【项目】:任务后台;
【大分组】:2130653117;	【小分组】:-2120948204;
【日志类型】:普通日志;
【标题】:打开tcp失败！;
【内容】:;
【createtime】:2017-09-18 11:30:25.089;

【项目】:任务后台;
【大分组】:-1989961220;	【小分组】:-299650644;
【日志类型】:普通日志;
【标题】:正在关闭tcp！;
【内容】:;
【createtime】:2017-09-18 11:30:35.122;

【项目】:任务后台;
【大分组】:1240241913;	【小分组】:1234077725;
【日志类型】:普通日志;
【标题】:正在打开tcp...;
【内容】:;
【createtime】:2017-09-18 11:30:35.122;

【项目】:任务后台;
【大分组】:2130653117;	【小分组】:-1959623486;
【日志类型】:普通日志;
【标题】:打开tcp失败！;
【内容】:;
【createtime】:2017-09-18 11:30:36.169;

【项目】:任务后台;
【大分组】:-1989961220;	【小分组】:-1804375066;
【日志类型】:普通日志;
【标题】:正在关闭tcp！;
【内容】:;
【createtime】:2017-09-18 11:30:46.196;

【项目】:任务后台;
【大分组】:1240241913;	【小分组】:-991470149;
【日志类型】:普通日志;
【标题】:正在打开tcp...;
【内容】:;
【createtime】:2017-09-18 11:30:46.196;

【项目】:任务后台;
【大分组】:2130653117;	【小分组】:-1146701517;
【日志类型】:普通日志;
【标题】:打开tcp失败！;
【内容】:;
【createtime】:2017-09-18 11:30:47.259;

【项目】:任务后台;
【大分组】:-1989961220;	【小分组】:-200525390;
【日志类型】:普通日志;
【标题】:正在关闭tcp！;
【内容】:;
【createtime】:2017-09-18 11:30:57.282;

【项目】:任务后台;
【大分组】:1240241913;	【小分组】:-630457351;
【日志类型】:普通日志;
【标题】:正在打开tcp...;
【内容】:;
【createtime】:2017-09-18 11:30:57.282;

【项目】:任务后台;
【大分组】:2130653117;	【小分组】:-1974059388;
【日志类型】:普通日志;
【标题】:打开tcp失败！;
【内容】:;
【createtime】:2017-09-18 11:30:58.297;

【项目】:任务后台;
【大分组】:-1989961220;	【小分组】:305256570;
【日志类型】:普通日志;
【标题】:正在关闭tcp！;
【内容】:;
【createtime】:2017-09-18 11:31:08.337;

【项目】:任务后台;
【大分组】:1240241913;	【小分组】:-4393979;
【日志类型】:普通日志;
【标题】:正在打开tcp...;
【内容】:;
【createtime】:2017-09-18 11:31:08.337;

【项目】:任务后台;
【大分组】:2130653117;	【小分组】:-440270138;
【日志类型】:普通日志;
【标题】:打开tcp失败！;
【内容】:;
【createtime】:2017-09-18 11:31:09.415;

【项目】:任务后台;
【大分组】:-1989961220;	【小分组】:1902344226;
【日志类型】:普通日志;
【标题】:正在关闭tcp！;
【内容】:;
【createtime】:2017-09-18 11:31:19.438;

【项目】:任务后台;
【大分组】:1240241913;	【小分组】:-1084257300;
【日志类型】:普通日志;
【标题】:正在打开tcp...;
【内容】:;
【createtime】:2017-09-18 11:31:19.438;

【项目】:任务后台;
【大分组】:2130653117;	【小分组】:122583289;
【日志类型】:普通日志;
【标题】:打开tcp失败！;
【内容】:;
【createtime】:2017-09-18 11:31:20.477;

【项目】:任务后台;
【大分组】:-1989961220;	【小分组】:1332590184;
【日志类型】:普通日志;
【标题】:正在关闭tcp！;
【内容】:;
【createtime】:2017-09-18 11:31:30.520;

【项目】:任务后台;
【大分组】:1240241913;	【小分组】:-42374578;
【日志类型】:普通日志;
【标题】:正在打开tcp...;
【内容】:;
【createtime】:2017-09-18 11:31:30.520;

【项目】:任务后台;
【大分组】:2130653117;	【小分组】:-850121404;
【日志类型】:普通日志;
【标题】:打开tcp失败！;
【内容】:;
【createtime】:2017-09-18 11:31:31.583;

【项目】:任务后台;
【大分组】:-1989961220;	【小分组】:-1919943944;
【日志类型】:普通日志;
【标题】:正在关闭tcp！;
【内容】:;
【createtime】:2017-09-18 11:31:41.614;

【项目】:任务后台;
【大分组】:1240241913;	【小分组】:754575963;
【日志类型】:普通日志;
【标题】:正在打开tcp...;
【内容】:;
【createtime】:2017-09-18 11:31:41.614;

【项目】:任务后台;
【大分组】:2130653117;	【小分组】:19629777;
【日志类型】:普通日志;
【标题】:打开tcp失败！;
【内容】:;
【createtime】:2017-09-18 11:31:42.692;

【项目】:任务后台;
【大分组】:-1989961220;	【小分组】:-1336508438;
【日志类型】:普通日志;
【标题】:正在关闭tcp！;
【内容】:;
【createtime】:2017-09-18 11:31:52.727;

【项目】:任务后台;
【大分组】:1240241913;	【小分组】:617702026;
【日志类型】:普通日志;
【标题】:正在打开tcp...;
【内容】:;
【createtime】:2017-09-18 11:31:52.727;

【项目】:任务后台;
【大分组】:2130653117;	【小分组】:-1834444989;
【日志类型】:普通日志;
【标题】:打开tcp失败！;
【内容】:;
【createtime】:2017-09-18 11:31:53.805;

【项目】:任务后台;
【大分组】:-1989961220;	【小分组】:-1113483765;
【日志类型】:普通日志;
【标题】:正在关闭tcp！;
【内容】:;
【createtime】:2017-09-18 11:32:03.824;

【项目】:任务后台;
【大分组】:1240241913;	【小分组】:-453624540;
【日志类型】:普通日志;
【标题】:正在打开tcp...;
【内容】:;
【createtime】:2017-09-18 11:32:03.824;

【项目】:任务后台;
【大分组】:2130653117;	【小分组】:-898488713;
【日志类型】:普通日志;
【标题】:打开tcp失败！;
【内容】:;
【createtime】:2017-09-18 11:32:04.870;

【项目】:任务后台;
【大分组】:-1989961220;	【小分组】:1558780608;
【日志类型】:普通日志;
【标题】:正在关闭tcp！;
【内容】:;
【createtime】:2017-09-18 11:32:14.910;

【项目】:任务后台;
【大分组】:1240241913;	【小分组】:1235944143;
【日志类型】:普通日志;
【标题】:正在打开tcp...;
【内容】:;
【createtime】:2017-09-18 11:32:14.910;

【项目】:任务后台;
【大分组】:2130653117;	【小分组】:615924361;
【日志类型】:普通日志;
【标题】:打开tcp失败！;
【内容】:;
【createtime】:2017-09-18 11:32:15.973;

【项目】:任务后台;
【大分组】:-1989961220;	【小分组】:-2048738585;
【日志类型】:普通日志;
【标题】:正在关闭tcp！;
【内容】:;
【createtime】:2017-09-18 11:32:25.994;

【项目】:任务后台;
【大分组】:1240241913;	【小分组】:1526101345;
【日志类型】:普通日志;
【标题】:正在打开tcp...;
【内容】:;
【createtime】:2017-09-18 11:32:25.994;

【项目】:任务后台;
【大分组】:2130653117;	【小分组】:1136015391;
【日志类型】:普通日志;
【标题】:打开tcp失败！;
【内容】:;
【createtime】:2017-09-18 11:32:27.057;

【项目】:任务后台;
【大分组】:-1989961220;	【小分组】:-2093730346;
【日志类型】:普通日志;
【标题】:正在关闭tcp！;
【内容】:;
【createtime】:2017-09-18 11:32:37.087;

【项目】:任务后台;
【大分组】:1240241913;	【小分组】:-434556481;
【日志类型】:普通日志;
【标题】:正在打开tcp...;
【内容】:;
【createtime】:2017-09-18 11:32:37.087;

【项目】:任务后台;
【大分组】:2130653117;	【小分组】:1307453040;
【日志类型】:普通日志;
【标题】:打开tcp失败！;
【内容】:;
【createtime】:2017-09-18 11:32:38.150;

【项目】:任务后台;
【大分组】:-1989961220;	【小分组】:-154555689;
【日志类型】:普通日志;
【标题】:正在关闭tcp！;
【内容】:;
【createtime】:2017-09-18 11:32:48.169;

【项目】:任务后台;
【大分组】:1240241913;	【小分组】:1003772006;
【日志类型】:普通日志;
【标题】:正在打开tcp...;
【内容】:;
【createtime】:2017-09-18 11:32:48.169;

【项目】:任务后台;
【大分组】:2130653117;	【小分组】:-1449206064;
【日志类型】:普通日志;
【标题】:打开tcp失败！;
【内容】:;
【createtime】:2017-09-18 11:32:49.247;

【项目】:任务后台;
【大分组】:-1989961220;	【小分组】:-422957763;
【日志类型】:普通日志;
【标题】:正在关闭tcp！;
【内容】:;
【createtime】:2017-09-18 11:32:59.253;

【项目】:任务后台;
【大分组】:1240241913;	【小分组】:-1924200244;
【日志类型】:普通日志;
【标题】:正在打开tcp...;
【内容】:;
【createtime】:2017-09-18 11:32:59.253;

【项目】:任务后台;
【大分组】:2130653117;	【小分组】:1206482832;
【日志类型】:普通日志;
【标题】:打开tcp失败！;
【内容】:;
【createtime】:2017-09-18 11:33:00.280;

【项目】:任务后台;
【大分组】:-1989961220;	【小分组】:-1347835643;
【日志类型】:普通日志;
【标题】:正在关闭tcp！;
【内容】:;
【createtime】:2017-09-18 11:33:10.303;

【项目】:任务后台;
【大分组】:1240241913;	【小分组】:41646620;
【日志类型】:普通日志;
【标题】:正在打开tcp...;
【内容】:;
【createtime】:2017-09-18 11:33:10.303;

【项目】:任务后台;
【大分组】:2130653117;	【小分组】:-144046222;
【日志类型】:普通日志;
【标题】:打开tcp失败！;
【内容】:;
【createtime】:2017-09-18 11:33:11.344;

【项目】:任务后台;
【大分组】:-1989961220;	【小分组】:417540304;
【日志类型】:普通日志;
【标题】:正在关闭tcp！;
【内容】:;
【createtime】:2017-09-18 11:33:21.381;

【项目】:任务后台;
【大分组】:1240241913;	【小分组】:266260073;
【日志类型】:普通日志;
【标题】:正在打开tcp...;
【内容】:;
【createtime】:2017-09-18 11:33:21.381;

【项目】:任务后台;
【大分组】:2130653117;	【小分组】:1509019745;
【日志类型】:普通日志;
【标题】:打开tcp失败！;
【内容】:;
【createtime】:2017-09-18 11:33:22.421;

【项目】:任务后台;
【大分组】:-1989961220;	【小分组】:1812500981;
【日志类型】:普通日志;
【标题】:正在关闭tcp！;
【内容】:;
【createtime】:2017-09-18 11:33:32.452;

【项目】:任务后台;
【大分组】:1240241913;	【小分组】:2135012605;
【日志类型】:普通日志;
【标题】:正在打开tcp...;
【内容】:;
【createtime】:2017-09-18 11:33:32.452;

【项目】:任务后台;
【大分组】:2130653117;	【小分组】:2096285551;
【日志类型】:普通日志;
【标题】:打开tcp失败！;
【内容】:;
【createtime】:2017-09-18 11:33:33.484;

【项目】:任务后台;
【大分组】:-1989961220;	【小分组】:-1949987914;
【日志类型】:普通日志;
【标题】:正在关闭tcp！;
【内容】:;
【createtime】:2017-09-18 11:33:43.518;

【项目】:任务后台;
【大分组】:1240241913;	【小分组】:-1216734971;
【日志类型】:普通日志;
【标题】:正在打开tcp...;
【内容】:;
【createtime】:2017-09-18 11:33:43.518;

【项目】:任务后台;
【大分组】:2130653117;	【小分组】:859771955;
【日志类型】:普通日志;
【标题】:打开tcp失败！;
【内容】:;
【createtime】:2017-09-18 11:33:44.591;

【项目】:任务后台;
【大分组】:-1989961220;	【小分组】:-485634486;
【日志类型】:普通日志;
【标题】:正在关闭tcp！;
【内容】:;
【createtime】:2017-09-18 11:33:54.604;

【项目】:任务后台;
【大分组】:1240241913;	【小分组】:-652363720;
【日志类型】:普通日志;
【标题】:正在打开tcp...;
【内容】:;
【createtime】:2017-09-18 11:33:54.604;

【项目】:任务后台;
【大分组】:2130653117;	【小分组】:1315403397;
【日志类型】:普通日志;
【标题】:打开tcp失败！;
【内容】:;
【createtime】:2017-09-18 11:33:55.635;

【项目】:任务后台;
【大分组】:-1989961220;	【小分组】:1507646233;
【日志类型】:普通日志;
【标题】:正在关闭tcp！;
【内容】:;
【createtime】:2017-09-18 11:34:05.682;

【项目】:任务后台;
【大分组】:1240241913;	【小分组】:838080492;
【日志类型】:普通日志;
【标题】:正在打开tcp...;
【内容】:;
【createtime】:2017-09-18 11:34:05.682;

【项目】:任务后台;
【大分组】:2130653117;	【小分组】:-927618828;
【日志类型】:普通日志;
【标题】:打开tcp失败！;
【内容】:;
【createtime】:2017-09-18 11:34:06.744;

【项目】:任务后台;
【大分组】:-1989961220;	【小分组】:-1273466385;
【日志类型】:普通日志;
【标题】:正在关闭tcp！;
【内容】:;
【createtime】:2017-09-18 11:34:16.767;

【项目】:任务后台;
【大分组】:1240241913;	【小分组】:650861708;
【日志类型】:普通日志;
【标题】:正在打开tcp...;
【内容】:;
【createtime】:2017-09-18 11:34:16.767;

【项目】:任务后台;
【大分组】:2130653117;	【小分组】:356774056;
【日志类型】:普通日志;
【标题】:打开tcp失败！;
【内容】:;
【createtime】:2017-09-18 11:34:17.798;

【项目】:任务后台;
【大分组】:-1989961220;	【小分组】:-143368032;
【日志类型】:普通日志;
【标题】:正在关闭tcp！;
【内容】:;
【createtime】:2017-09-18 11:34:27.839;

【项目】:任务后台;
【大分组】:1240241913;	【小分组】:1908302026;
【日志类型】:普通日志;
【标题】:正在打开tcp...;
【内容】:;
【createtime】:2017-09-18 11:34:27.839;

【项目】:任务后台;
【大分组】:2130653117;	【小分组】:-1324558888;
【日志类型】:普通日志;
【标题】:打开tcp失败！;
【内容】:;
【createtime】:2017-09-18 11:34:28.895;

【项目】:任务后台;
【大分组】:-1989961220;	【小分组】:-1057854220;
【日志类型】:普通日志;
【标题】:正在关闭tcp！;
【内容】:;
【createtime】:2017-09-18 11:34:38.915;

【项目】:任务后台;
【大分组】:1240241913;	【小分组】:1856890957;
【日志类型】:普通日志;
【标题】:正在打开tcp...;
【内容】:;
【createtime】:2017-09-18 11:34:38.915;

【项目】:任务后台;
【大分组】:2130653117;	【小分组】:199371254;
【日志类型】:普通日志;
【标题】:打开tcp失败！;
【内容】:;
【createtime】:2017-09-18 11:34:39.978;

【项目】:任务后台;
【大分组】:-1989961220;	【小分组】:1521443458;
【日志类型】:普通日志;
【标题】:正在关闭tcp！;
【内容】:;
【createtime】:2017-09-18 11:34:50.019;

【项目】:任务后台;
【大分组】:1240241913;	【小分组】:529292701;
【日志类型】:普通日志;
【标题】:正在打开tcp...;
【内容】:;
【createtime】:2017-09-18 11:34:50.019;

【项目】:任务后台;
【大分组】:2130653117;	【小分组】:-1571797594;
【日志类型】:普通日志;
【标题】:打开tcp失败！;
【内容】:;
【createtime】:2017-09-18 11:34:51.063;

【项目】:任务后台;
【大分组】:-1989961220;	【小分组】:1785767265;
【日志类型】:普通日志;
【标题】:正在关闭tcp！;
【内容】:;
【createtime】:2017-09-18 11:35:01.072;

【项目】:任务后台;
【大分组】:1240241913;	【小分组】:-1728888606;
【日志类型】:普通日志;
【标题】:正在打开tcp...;
【内容】:;
【createtime】:2017-09-18 11:35:01.072;

【项目】:任务后台;
【大分组】:2130653117;	【小分组】:1272810274;
【日志类型】:普通日志;
【标题】:打开tcp失败！;
【内容】:;
【createtime】:2017-09-18 11:35:02.128;

【项目】:任务后台;
【大分组】:-1989961220;	【小分组】:-365757121;
【日志类型】:普通日志;
【标题】:正在关闭tcp！;
【内容】:;
【createtime】:2017-09-18 11:35:12.149;

【项目】:任务后台;
【大分组】:1240241913;	【小分组】:-485999465;
【日志类型】:普通日志;
【标题】:正在打开tcp...;
【内容】:;
【createtime】:2017-09-18 11:35:12.149;

【项目】:任务后台;
【大分组】:2130653117;	【小分组】:-1766046797;
【日志类型】:普通日志;
【标题】:打开tcp失败！;
【内容】:;
【createtime】:2017-09-18 11:35:13.220;

【项目】:任务后台;
【大分组】:-1989961220;	【小分组】:-1876208971;
【日志类型】:普通日志;
【标题】:正在关闭tcp！;
【内容】:;
【createtime】:2017-09-18 11:35:23.253;

【项目】:任务后台;
【大分组】:1240241913;	【小分组】:-1001045572;
【日志类型】:普通日志;
【标题】:正在打开tcp...;
【内容】:;
【createtime】:2017-09-18 11:35:23.253;

【项目】:任务后台;
【大分组】:2130653117;	【小分组】:1566442221;
【日志类型】:普通日志;
【标题】:打开tcp失败！;
【内容】:;
【createtime】:2017-09-18 11:35:24.284;

【项目】:任务后台;
【大分组】:-1989961220;	【小分组】:-298598579;
【日志类型】:普通日志;
【标题】:正在关闭tcp！;
【内容】:;
【createtime】:2017-09-18 11:35:34.308;

【项目】:任务后台;
【大分组】:1240241913;	【小分组】:-2034995470;
【日志类型】:普通日志;
【标题】:正在打开tcp...;
【内容】:;
【createtime】:2017-09-18 11:35:34.308;

【项目】:任务后台;
【大分组】:2130653117;	【小分组】:-639447868;
【日志类型】:普通日志;
【标题】:打开tcp失败！;
【内容】:;
【createtime】:2017-09-18 11:35:35.365;

【项目】:任务后台;
【大分组】:-1989961220;	【小分组】:951505041;
【日志类型】:普通日志;
【标题】:正在关闭tcp！;
【内容】:;
【createtime】:2017-09-18 11:35:45.401;

【项目】:任务后台;
【大分组】:1240241913;	【小分组】:-1715113335;
【日志类型】:普通日志;
【标题】:正在打开tcp...;
【内容】:;
【createtime】:2017-09-18 11:35:45.401;

【项目】:任务后台;
【大分组】:2130653117;	【小分组】:903858509;
【日志类型】:普通日志;
【标题】:打开tcp失败！;
【内容】:;
【createtime】:2017-09-18 11:35:46.455;

【项目】:任务后台;
【大分组】:-1989961220;	【小分组】:-1640740013;
【日志类型】:普通日志;
【标题】:正在关闭tcp！;
【内容】:;
【createtime】:2017-09-18 11:35:56.500;

【项目】:任务后台;
【大分组】:1240241913;	【小分组】:1749679007;
【日志类型】:普通日志;
【标题】:正在打开tcp...;
【内容】:;
【createtime】:2017-09-18 11:35:56.500;

【项目】:任务后台;
【大分组】:2130653117;	【小分组】:-1536039907;
【日志类型】:普通日志;
【标题】:打开tcp失败！;
【内容】:;
【createtime】:2017-09-18 11:35:57.561;

【项目】:任务后台;
【大分组】:-1989961220;	【小分组】:-2116346049;
【日志类型】:普通日志;
【标题】:正在关闭tcp！;
【内容】:;
【createtime】:2017-09-18 11:36:07.581;

【项目】:任务后台;
【大分组】:1240241913;	【小分组】:-985915851;
【日志类型】:普通日志;
【标题】:正在打开tcp...;
【内容】:;
【createtime】:2017-09-18 11:36:07.581;

【项目】:任务后台;
【大分组】:2130653117;	【小分组】:-2025564311;
【日志类型】:普通日志;
【标题】:打开tcp失败！;
【内容】:;
【createtime】:2017-09-18 11:36:08.653;

【项目】:任务后台;
【大分组】:-1989961220;	【小分组】:-166219453;
【日志类型】:普通日志;
【标题】:正在关闭tcp！;
【内容】:;
【createtime】:2017-09-18 11:36:18.689;

【项目】:任务后台;
【大分组】:1240241913;	【小分组】:2094359449;
【日志类型】:普通日志;
【标题】:正在打开tcp...;
【内容】:;
【createtime】:2017-09-18 11:36:18.689;

【项目】:任务后台;
【大分组】:2130653117;	【小分组】:456588546;
【日志类型】:普通日志;
【标题】:打开tcp失败！;
【内容】:;
【createtime】:2017-09-18 11:36:19.742;

【项目】:任务后台;
【大分组】:-1989961220;	【小分组】:2007486519;
【日志类型】:普通日志;
【标题】:正在关闭tcp！;
【内容】:;
【createtime】:2017-09-18 11:36:29.770;

【项目】:任务后台;
【大分组】:1240241913;	【小分组】:1322412200;
【日志类型】:普通日志;
【标题】:正在打开tcp...;
【内容】:;
【createtime】:2017-09-18 11:36:29.770;

【项目】:任务后台;
【大分组】:2130653117;	【小分组】:-1100051761;
【日志类型】:普通日志;
【标题】:打开tcp失败！;
【内容】:;
【createtime】:2017-09-18 11:36:30.804;

【项目】:任务后台;
【大分组】:-1989961220;	【小分组】:-383975926;
【日志类型】:普通日志;
【标题】:正在关闭tcp！;
【内容】:;
【createtime】:2017-09-18 11:36:40.831;

【项目】:任务后台;
【大分组】:1240241913;	【小分组】:1809176964;
【日志类型】:普通日志;
【标题】:正在打开tcp...;
【内容】:;
【createtime】:2017-09-18 11:36:40.831;

【项目】:任务后台;
【大分组】:2130653117;	【小分组】:-2132633081;
【日志类型】:普通日志;
【标题】:打开tcp失败！;
【内容】:;
【createtime】:2017-09-18 11:36:41.885;

【项目】:任务后台;
【大分组】:-1989961220;	【小分组】:-159640597;
【日志类型】:普通日志;
【标题】:正在关闭tcp！;
【内容】:;
【createtime】:2017-09-18 11:36:51.912;

【项目】:任务后台;
【大分组】:1240241913;	【小分组】:-2004208571;
【日志类型】:普通日志;
【标题】:正在打开tcp...;
【内容】:;
【createtime】:2017-09-18 11:36:51.912;

【项目】:任务后台;
【大分组】:2130653117;	【小分组】:1431784075;
【日志类型】:普通日志;
【标题】:打开tcp失败！;
【内容】:;
【createtime】:2017-09-18 11:36:52.971;

【项目】:任务后台;
【大分组】:-1989961220;	【小分组】:1478884749;
【日志类型】:普通日志;
【标题】:正在关闭tcp！;
【内容】:;
【createtime】:2017-09-18 11:37:02.992;

【项目】:任务后台;
【大分组】:1240241913;	【小分组】:-646268514;
【日志类型】:普通日志;
【标题】:正在打开tcp...;
【内容】:;
【createtime】:2017-09-18 11:37:02.992;

【项目】:任务后台;
【大分组】:2130653117;	【小分组】:1406849742;
【日志类型】:普通日志;
【标题】:打开tcp失败！;
【内容】:;
【createtime】:2017-09-18 11:37:04.026;

【项目】:任务后台;
【大分组】:-1989961220;	【小分组】:800954133;
【日志类型】:普通日志;
【标题】:正在关闭tcp！;
【内容】:;
【createtime】:2017-09-18 11:37:14.061;

【项目】:任务后台;
【大分组】:1240241913;	【小分组】:-1413552131;
【日志类型】:普通日志;
【标题】:正在打开tcp...;
【内容】:;
【createtime】:2017-09-18 11:37:14.061;

【项目】:任务后台;
【大分组】:2130653117;	【小分组】:-1877613784;
【日志类型】:普通日志;
【标题】:打开tcp失败！;
【内容】:;
【createtime】:2017-09-18 11:37:15.133;

【项目】:任务后台;
【大分组】:-1989961220;	【小分组】:-1929216103;
【日志类型】:普通日志;
【标题】:正在关闭tcp！;
【内容】:;
【createtime】:2017-09-18 11:37:25.167;

【项目】:任务后台;
【大分组】:1240241913;	【小分组】:-460316121;
【日志类型】:普通日志;
【标题】:正在打开tcp...;
【内容】:;
【createtime】:2017-09-18 11:37:25.167;

【项目】:任务后台;
【大分组】:2130653117;	【小分组】:-1989082221;
【日志类型】:普通日志;
【标题】:打开tcp失败！;
【内容】:;
【createtime】:2017-09-18 11:37:26.245;

【项目】:任务后台;
【大分组】:-1989961220;	【小分组】:595130148;
【日志类型】:普通日志;
【标题】:正在关闭tcp！;
【内容】:;
【createtime】:2017-09-18 11:37:36.279;

【项目】:任务后台;
【大分组】:1240241913;	【小分组】:1029220822;
【日志类型】:普通日志;
【标题】:正在打开tcp...;
【内容】:;
【createtime】:2017-09-18 11:37:36.279;

【项目】:任务后台;
【大分组】:2130653117;	【小分组】:1416192833;
【日志类型】:普通日志;
【标题】:打开tcp失败！;
【内容】:;
【createtime】:2017-09-18 11:37:37.342;

【项目】:任务后台;
【大分组】:-1989961220;	【小分组】:-1876140996;
【日志类型】:普通日志;
【标题】:正在关闭tcp！;
【内容】:;
【createtime】:2017-09-18 11:37:47.355;

【项目】:任务后台;
【大分组】:1240241913;	【小分组】:1009906331;
【日志类型】:普通日志;
【标题】:正在打开tcp...;
【内容】:;
【createtime】:2017-09-18 11:37:47.355;

【项目】:任务后台;
【大分组】:2130653117;	【小分组】:-720636439;
【日志类型】:普通日志;
【标题】:打开tcp失败！;
【内容】:;
【createtime】:2017-09-18 11:37:48.435;

【项目】:任务后台;
【大分组】:-1989961220;	【小分组】:-862382064;
【日志类型】:普通日志;
【标题】:正在关闭tcp！;
【内容】:;
【createtime】:2017-09-18 11:37:58.473;

【项目】:任务后台;
【大分组】:1240241913;	【小分组】:-1837271538;
【日志类型】:普通日志;
【标题】:正在打开tcp...;
【内容】:;
【createtime】:2017-09-18 11:37:58.473;

【项目】:任务后台;
【大分组】:2130653117;	【小分组】:-184674293;
【日志类型】:普通日志;
【标题】:打开tcp失败！;
【内容】:;
【createtime】:2017-09-18 11:37:59.504;

【项目】:任务后台;
【大分组】:-1989961220;	【小分组】:-830514210;
【日志类型】:普通日志;
【标题】:正在关闭tcp！;
【内容】:;
【createtime】:2017-09-18 11:38:09.548;

【项目】:任务后台;
【大分组】:1240241913;	【小分组】:1414407942;
【日志类型】:普通日志;
【标题】:正在打开tcp...;
【内容】:;
【createtime】:2017-09-18 11:38:09.548;

【项目】:任务后台;
【大分组】:2130653117;	【小分组】:-1606328047;
【日志类型】:普通日志;
【标题】:打开tcp失败！;
【内容】:;
【createtime】:2017-09-18 11:38:10.626;

【项目】:任务后台;
【大分组】:-1989961220;	【小分组】:-1922179811;
【日志类型】:普通日志;
【标题】:正在关闭tcp！;
【内容】:;
【createtime】:2017-09-18 11:38:20.668;

【项目】:任务后台;
【大分组】:1240241913;	【小分组】:1342377611;
【日志类型】:普通日志;
【标题】:正在打开tcp...;
【内容】:;
【createtime】:2017-09-18 11:38:20.668;

【项目】:任务后台;
【大分组】:2130653117;	【小分组】:1541142860;
【日志类型】:普通日志;
【标题】:打开tcp失败！;
【内容】:;
【createtime】:2017-09-18 11:38:21.737;

【项目】:任务后台;
【大分组】:-1989961220;	【小分组】:-947312499;
【日志类型】:普通日志;
【标题】:正在关闭tcp！;
【内容】:;
【createtime】:2017-09-18 11:38:31.770;

【项目】:任务后台;
【大分组】:1240241913;	【小分组】:750503250;
【日志类型】:普通日志;
【标题】:正在打开tcp...;
【内容】:;
【createtime】:2017-09-18 11:38:31.770;

【项目】:任务后台;
【大分组】:2130653117;	【小分组】:-1177525543;
【日志类型】:普通日志;
【标题】:打开tcp失败！;
【内容】:;
【createtime】:2017-09-18 11:38:32.838;

【项目】:任务后台;
【大分组】:-1989961220;	【小分组】:1061104712;
【日志类型】:普通日志;
【标题】:正在关闭tcp！;
【内容】:;
【createtime】:2017-09-18 11:38:42.846;

【项目】:任务后台;
【大分组】:1240241913;	【小分组】:1085936334;
【日志类型】:普通日志;
【标题】:正在打开tcp...;
【内容】:;
【createtime】:2017-09-18 11:38:42.846;

【项目】:任务后台;
【大分组】:2130653117;	【小分组】:-1180127456;
【日志类型】:普通日志;
【标题】:打开tcp失败！;
【内容】:;
【createtime】:2017-09-18 11:38:43.905;

【项目】:任务后台;
【大分组】:-1989961220;	【小分组】:321858772;
【日志类型】:普通日志;
【标题】:正在关闭tcp！;
【内容】:;
【createtime】:2017-09-18 11:38:53.931;

【项目】:任务后台;
【大分组】:1240241913;	【小分组】:-1496908865;
【日志类型】:普通日志;
【标题】:正在打开tcp...;
【内容】:;
【createtime】:2017-09-18 11:38:53.931;

【项目】:任务后台;
【大分组】:2130653117;	【小分组】:1813185531;
【日志类型】:普通日志;
【标题】:打开tcp失败！;
【内容】:;
【createtime】:2017-09-18 11:38:54.955;

【项目】:任务后台;
【大分组】:-1989961220;	【小分组】:-31115075;
【日志类型】:普通日志;
【标题】:正在关闭tcp！;
【内容】:;
【createtime】:2017-09-18 11:39:04.985;

【项目】:任务后台;
【大分组】:1240241913;	【小分组】:-268682276;
【日志类型】:普通日志;
【标题】:正在打开tcp...;
【内容】:;
【createtime】:2017-09-18 11:39:04.985;

【项目】:任务后台;
【大分组】:2130653117;	【小分组】:-1018739160;
【日志类型】:普通日志;
【标题】:打开tcp失败！;
【内容】:;
【createtime】:2017-09-18 11:39:06.043;

【项目】:任务后台;
【大分组】:-1989961220;	【小分组】:1907657575;
【日志类型】:普通日志;
【标题】:正在关闭tcp！;
【内容】:;
【createtime】:2017-09-18 11:39:16.071;

【项目】:任务后台;
【大分组】:1240241913;	【小分组】:-355711573;
【日志类型】:普通日志;
【标题】:正在打开tcp...;
【内容】:;
【createtime】:2017-09-18 11:39:16.071;

【项目】:任务后台;
【大分组】:2130653117;	【小分组】:-1940420082;
【日志类型】:普通日志;
【标题】:打开tcp失败！;
【内容】:;
【createtime】:2017-09-18 11:39:17.139;

【项目】:任务后台;
【大分组】:-1989961220;	【小分组】:-2046650684;
【日志类型】:普通日志;
【标题】:正在关闭tcp！;
【内容】:;
【createtime】:2017-09-18 11:39:27.165;

【项目】:任务后台;
【大分组】:1240241913;	【小分组】:-1941585948;
【日志类型】:普通日志;
【标题】:正在打开tcp...;
【内容】:;
【createtime】:2017-09-18 11:39:27.165;

【项目】:任务后台;
【大分组】:2130653117;	【小分组】:-1201083577;
【日志类型】:普通日志;
【标题】:打开tcp失败！;
【内容】:;
【createtime】:2017-09-18 11:39:28.243;

【项目】:任务后台;
【大分组】:-1989961220;	【小分组】:1695502866;
【日志类型】:普通日志;
【标题】:正在关闭tcp！;
【内容】:;
【createtime】:2017-09-18 11:39:38.266;

【项目】:任务后台;
【大分组】:1240241913;	【小分组】:1821551858;
【日志类型】:普通日志;
【标题】:正在打开tcp...;
【内容】:;
【createtime】:2017-09-18 11:39:38.266;

【项目】:任务后台;
【大分组】:2130653117;	【小分组】:-1072967104;
【日志类型】:普通日志;
【标题】:打开tcp失败！;
【内容】:;
【createtime】:2017-09-18 11:39:39.323;

【项目】:任务后台;
【大分组】:-1989961220;	【小分组】:259305043;
【日志类型】:普通日志;
【标题】:正在关闭tcp！;
【内容】:;
【createtime】:2017-09-18 11:39:49.351;

【项目】:任务后台;
【大分组】:1240241913;	【小分组】:-751065148;
【日志类型】:普通日志;
【标题】:正在打开tcp...;
【内容】:;
【createtime】:2017-09-18 11:39:49.351;

【项目】:任务后台;
【大分组】:2130653117;	【小分组】:-753582880;
【日志类型】:普通日志;
【标题】:打开tcp失败！;
【内容】:;
【createtime】:2017-09-18 11:39:50.423;

【项目】:任务后台;
【大分组】:-1989961220;	【小分组】:-837543803;
【日志类型】:普通日志;
【标题】:正在关闭tcp！;
【内容】:;
【createtime】:2017-09-18 11:40:00.450;

【项目】:任务后台;
【大分组】:1240241913;	【小分组】:1018853636;
【日志类型】:普通日志;
【标题】:正在打开tcp...;
【内容】:;
【createtime】:2017-09-18 11:40:00.450;

【项目】:任务后台;
【大分组】:2130653117;	【小分组】:-1383391686;
【日志类型】:普通日志;
【标题】:打开tcp失败！;
【内容】:;
【createtime】:2017-09-18 11:40:01.514;

【项目】:任务后台;
【大分组】:-1989961220;	【小分组】:-562934618;
【日志类型】:普通日志;
【标题】:正在关闭tcp！;
【内容】:;
【createtime】:2017-09-18 11:40:11.542;

【项目】:任务后台;
【大分组】:1240241913;	【小分组】:-685735113;
【日志类型】:普通日志;
【标题】:正在打开tcp...;
【内容】:;
【createtime】:2017-09-18 11:40:11.542;

【项目】:任务后台;
【大分组】:2130653117;	【小分组】:-73461908;
【日志类型】:普通日志;
【标题】:打开tcp失败！;
【内容】:;
【createtime】:2017-09-18 11:40:12.597;

【项目】:任务后台;
【大分组】:-1989961220;	【小分组】:241447437;
【日志类型】:普通日志;
【标题】:正在关闭tcp！;
【内容】:;
【createtime】:2017-09-18 11:40:22.616;

【项目】:任务后台;
【大分组】:1240241913;	【小分组】:1080686296;
【日志类型】:普通日志;
【标题】:正在打开tcp...;
【内容】:;
【createtime】:2017-09-18 11:40:22.616;

【项目】:任务后台;
【大分组】:2130653117;	【小分组】:562559510;
【日志类型】:普通日志;
【标题】:打开tcp失败！;
【内容】:;
【createtime】:2017-09-18 11:40:23.678;

【项目】:任务后台;
【大分组】:-1989961220;	【小分组】:-1285886426;
【日志类型】:普通日志;
【标题】:正在关闭tcp！;
【内容】:;
【createtime】:2017-09-18 11:40:33.708;

【项目】:任务后台;
【大分组】:1240241913;	【小分组】:-936211189;
【日志类型】:普通日志;
【标题】:正在打开tcp...;
【内容】:;
【createtime】:2017-09-18 11:40:33.708;

【项目】:任务后台;
【大分组】:2130653117;	【小分组】:-585709253;
【日志类型】:普通日志;
【标题】:打开tcp失败！;
【内容】:;
【createtime】:2017-09-18 11:40:34.747;

【项目】:任务后台;
【大分组】:-1989961220;	【小分组】:1265197465;
【日志类型】:普通日志;
【标题】:正在关闭tcp！;
【内容】:;
【createtime】:2017-09-18 11:40:44.769;

【项目】:任务后台;
【大分组】:1240241913;	【小分组】:-1335664023;
【日志类型】:普通日志;
【标题】:正在打开tcp...;
【内容】:;
【createtime】:2017-09-18 11:40:44.769;

【项目】:任务后台;
【大分组】:2130653117;	【小分组】:-168297472;
【日志类型】:普通日志;
【标题】:打开tcp失败！;
【内容】:;
【createtime】:2017-09-18 11:40:45.852;

【项目】:任务后台;
【大分组】:-1989961220;	【小分组】:-88462407;
【日志类型】:普通日志;
【标题】:正在关闭tcp！;
【内容】:;
【createtime】:2017-09-18 11:40:55.877;

【项目】:任务后台;
【大分组】:1240241913;	【小分组】:441836986;
【日志类型】:普通日志;
【标题】:正在打开tcp...;
【内容】:;
【createtime】:2017-09-18 11:40:55.877;

【项目】:任务后台;
【大分组】:2130653117;	【小分组】:-354144693;
【日志类型】:普通日志;
【标题】:打开tcp失败！;
【内容】:;
【createtime】:2017-09-18 11:40:56.933;

【项目】:任务后台;
【大分组】:-1989961220;	【小分组】:147617225;
【日志类型】:普通日志;
【标题】:正在关闭tcp！;
【内容】:;
【createtime】:2017-09-18 11:41:06.965;

【项目】:任务后台;
【大分组】:1240241913;	【小分组】:-507424613;
【日志类型】:普通日志;
【标题】:正在打开tcp...;
【内容】:;
【createtime】:2017-09-18 11:41:06.965;

【项目】:任务后台;
【大分组】:2130653117;	【小分组】:-919854486;
【日志类型】:普通日志;
【标题】:打开tcp失败！;
【内容】:;
【createtime】:2017-09-18 11:41:08.033;

【项目】:任务后台;
【大分组】:-1989961220;	【小分组】:937517000;
【日志类型】:普通日志;
【标题】:正在关闭tcp！;
【内容】:;
【createtime】:2017-09-18 11:41:18.070;

【项目】:任务后台;
【大分组】:1240241913;	【小分组】:-1129896324;
【日志类型】:普通日志;
【标题】:正在打开tcp...;
【内容】:;
【createtime】:2017-09-18 11:41:18.070;

【项目】:任务后台;
【大分组】:2130653117;	【小分组】:-188578133;
【日志类型】:普通日志;
【标题】:打开tcp失败！;
【内容】:;
【createtime】:2017-09-18 11:41:19.116;

【项目】:任务后台;
【大分组】:-1989961220;	【小分组】:-708315609;
【日志类型】:普通日志;
【标题】:正在关闭tcp！;
【内容】:;
【createtime】:2017-09-18 11:41:29.142;

【项目】:任务后台;
【大分组】:1240241913;	【小分组】:-301877933;
【日志类型】:普通日志;
【标题】:正在打开tcp...;
【内容】:;
【createtime】:2017-09-18 11:41:29.142;

【项目】:任务后台;
【大分组】:2130653117;	【小分组】:1471478656;
【日志类型】:普通日志;
【标题】:打开tcp失败！;
【内容】:;
【createtime】:2017-09-18 11:41:30.202;

【项目】:任务后台;
【大分组】:-1989961220;	【小分组】:1276898582;
【日志类型】:普通日志;
【标题】:正在关闭tcp！;
【内容】:;
【createtime】:2017-09-18 11:41:40.230;

【项目】:任务后台;
【大分组】:1240241913;	【小分组】:1841627016;
【日志类型】:普通日志;
【标题】:正在打开tcp...;
【内容】:;
【createtime】:2017-09-18 11:41:40.230;

【项目】:任务后台;
【大分组】:2130653117;	【小分组】:-783149014;
【日志类型】:普通日志;
【标题】:打开tcp失败！;
【内容】:;
【createtime】:2017-09-18 11:41:41.279;

【项目】:任务后台;
【大分组】:-1989961220;	【小分组】:1809867588;
【日志类型】:普通日志;
【标题】:正在关闭tcp！;
【内容】:;
【createtime】:2017-09-18 11:41:51.308;

【项目】:任务后台;
【大分组】:1240241913;	【小分组】:1499909137;
【日志类型】:普通日志;
【标题】:正在打开tcp...;
【内容】:;
【createtime】:2017-09-18 11:41:51.308;

【项目】:任务后台;
【大分组】:2130653117;	【小分组】:1647077281;
【日志类型】:普通日志;
【标题】:打开tcp失败！;
【内容】:;
【createtime】:2017-09-18 11:41:52.377;

【项目】:任务后台;
【大分组】:-1989961220;	【小分组】:-1156593554;
【日志类型】:普通日志;
【标题】:正在关闭tcp！;
【内容】:;
【createtime】:2017-09-18 11:42:02.422;

【项目】:任务后台;
【大分组】:1240241913;	【小分组】:772133817;
【日志类型】:普通日志;
【标题】:正在打开tcp...;
【内容】:;
【createtime】:2017-09-18 11:42:02.422;

【项目】:任务后台;
【大分组】:2130653117;	【小分组】:283164016;
【日志类型】:普通日志;
【标题】:打开tcp失败！;
【内容】:;
【createtime】:2017-09-18 11:42:03.477;

