【项目】:任务后台;
【大分组】:1240241913;	【小分组】:27598869;
【日志类型】:普通日志;
【标题】:正在打开tcp...;
【内容】:;
【createtime】:2017-05-19 23:08:02.410;

【项目】:任务后台;
【大分组】:2130653117;	【小分组】:27598869;
【日志类型】:普通日志;
【标题】:打开tcp失败！;
【内容】:;
【createtime】:2017-05-19 23:08:03.507;

【项目】:任务后台;
【大分组】:-1989961220;	【小分组】:-54994472;
【日志类型】:普通日志;
【标题】:正在关闭tcp！;
【内容】:;
【createtime】:2017-05-19 23:08:03.538;

【项目】:任务后台;
【大分组】:1240241913;	【小分组】:1842551337;
【日志类型】:普通日志;
【标题】:正在打开tcp...;
【内容】:;
【createtime】:2017-05-19 23:08:03.538;

【项目】:任务后台;
【大分组】:2130653117;	【小分组】:-126343029;
【日志类型】:普通日志;
【标题】:打开tcp失败！;
【内容】:;
【createtime】:2017-05-19 23:08:04.582;

【项目】:任务后台;
【大分组】:-1989961220;	【小分组】:1072810219;
【日志类型】:普通日志;
【标题】:正在关闭tcp！;
【内容】:;
【createtime】:2017-05-19 23:08:14.608;

【项目】:任务后台;
【大分组】:1240241913;	【小分组】:610496487;
【日志类型】:普通日志;
【标题】:正在打开tcp...;
【内容】:;
【createtime】:2017-05-19 23:08:14.608;

【项目】:任务后台;
【大分组】:2130653117;	【小分组】:212033869;
【日志类型】:普通日志;
【标题】:打开tcp失败！;
【内容】:;
【createtime】:2017-05-19 23:08:15.625;

【项目】:任务后台;
【大分组】:-1989961220;	【小分组】:-798924116;
【日志类型】:普通日志;
【标题】:正在关闭tcp！;
【内容】:;
【createtime】:2017-05-19 23:08:25.650;

【项目】:任务后台;
【大分组】:1240241913;	【小分组】:-11323046;
【日志类型】:普通日志;
【标题】:正在打开tcp...;
【内容】:;
【createtime】:2017-05-19 23:08:25.650;

【项目】:任务后台;
【大分组】:2130653117;	【小分组】:-679474144;
【日志类型】:普通日志;
【标题】:打开tcp失败！;
【内容】:;
【createtime】:2017-05-19 23:08:26.695;

【项目】:任务后台;
【大分组】:-1989961220;	【小分组】:1899699907;
【日志类型】:普通日志;
【标题】:正在关闭tcp！;
【内容】:;
【createtime】:2017-05-19 23:08:45.661;

【项目】:任务后台;
【大分组】:1240241913;	【小分组】:977587935;
【日志类型】:普通日志;
【标题】:正在打开tcp...;
【内容】:;
【createtime】:2017-05-19 23:08:45.661;

【项目】:任务后台;
【大分组】:2130653117;	【小分组】:310125130;
【日志类型】:普通日志;
【标题】:打开tcp失败！;
【内容】:;
【createtime】:2017-05-19 23:08:46.681;

【项目】:任务后台;
【大分组】:-1989961220;	【小分组】:-454364446;
【日志类型】:普通日志;
【标题】:正在关闭tcp！;
【内容】:;
【createtime】:2017-05-19 23:08:56.717;

【项目】:任务后台;
【大分组】:1240241913;	【小分组】:403961206;
【日志类型】:普通日志;
【标题】:正在打开tcp...;
【内容】:;
【createtime】:2017-05-19 23:08:56.717;

【项目】:任务后台;
【大分组】:2130653117;	【小分组】:-1299231958;
【日志类型】:普通日志;
【标题】:打开tcp失败！;
【内容】:;
【createtime】:2017-05-19 23:08:57.732;

【项目】:任务后台;
【大分组】:-1989961220;	【小分组】:-1619375331;
【日志类型】:普通日志;
【标题】:正在关闭tcp！;
【内容】:;
【createtime】:2017-05-19 23:09:07.759;

【项目】:任务后台;
【大分组】:1240241913;	【小分组】:-1319680690;
【日志类型】:普通日志;
【标题】:正在打开tcp...;
【内容】:;
【createtime】:2017-05-19 23:09:07.759;

【项目】:任务后台;
【大分组】:2130653117;	【小分组】:-184989092;
【日志类型】:普通日志;
【标题】:打开tcp失败！;
【内容】:;
【createtime】:2017-05-19 23:09:08.820;

【项目】:任务后台;
【大分组】:1240241913;	【小分组】:27598869;
【日志类型】:普通日志;
【标题】:正在打开tcp...;
【内容】:;
【createtime】:2017-05-19 23:10:30.294;

【项目】:任务后台;
【大分组】:2130653117;	【小分组】:27598869;
【日志类型】:普通日志;
【标题】:打开tcp失败！;
【内容】:;
【createtime】:2017-05-19 23:10:31.369;

【项目】:任务后台;
【大分组】:-1989961220;	【小分组】:-884986870;
【日志类型】:普通日志;
【标题】:正在关闭tcp！;
【内容】:;
【createtime】:2017-05-19 23:10:31.396;

【项目】:任务后台;
【大分组】:1240241913;	【小分组】:-778968496;
【日志类型】:普通日志;
【标题】:正在打开tcp...;
【内容】:;
【createtime】:2017-05-19 23:10:31.396;

【项目】:任务后台;
【大分组】:2130653117;	【小分组】:1515156914;
【日志类型】:普通日志;
【标题】:打开tcp失败！;
【内容】:;
【createtime】:2017-05-19 23:10:32.414;

【项目】:任务后台;
【大分组】:-1989961220;	【小分组】:-501426071;
【日志类型】:普通日志;
【标题】:正在关闭tcp！;
【内容】:;
【createtime】:2017-05-19 23:10:42.439;

【项目】:任务后台;
【大分组】:1240241913;	【小分组】:2137728403;
【日志类型】:普通日志;
【标题】:正在打开tcp...;
【内容】:;
【createtime】:2017-05-19 23:10:42.439;

【项目】:任务后台;
【大分组】:2130653117;	【小分组】:144364414;
【日志类型】:普通日志;
【标题】:打开tcp失败！;
【内容】:;
【createtime】:2017-05-19 23:10:43.486;

【项目】:任务后台;
【大分组】:-1989961220;	【小分组】:-1717601596;
【日志类型】:普通日志;
【标题】:正在关闭tcp！;
【内容】:;
【createtime】:2017-05-19 23:10:53.510;

【项目】:任务后台;
【大分组】:1240241913;	【小分组】:2143947950;
【日志类型】:普通日志;
【标题】:正在打开tcp...;
【内容】:;
【createtime】:2017-05-19 23:10:53.510;

【项目】:任务后台;
【大分组】:2130653117;	【小分组】:-130379311;
【日志类型】:普通日志;
【标题】:打开tcp失败！;
【内容】:;
【createtime】:2017-05-19 23:10:54.559;

【项目】:任务后台;
【大分组】:-1989961220;	【小分组】:1958838046;
【日志类型】:普通日志;
【标题】:正在关闭tcp！;
【内容】:;
【createtime】:2017-05-19 23:11:04.582;

【项目】:任务后台;
【大分组】:1240241913;	【小分组】:-760712842;
【日志类型】:普通日志;
【标题】:正在打开tcp...;
【内容】:;
【createtime】:2017-05-19 23:11:04.582;

【项目】:任务后台;
【大分组】:2130653117;	【小分组】:1386836135;
【日志类型】:普通日志;
【标题】:打开tcp失败！;
【内容】:;
【createtime】:2017-05-19 23:11:05.597;

【项目】:任务后台;
【大分组】:-1989961220;	【小分组】:1171748454;
【日志类型】:普通日志;
【标题】:正在关闭tcp！;
【内容】:;
【createtime】:2017-05-19 23:11:15.606;

【项目】:任务后台;
【大分组】:1240241913;	【小分组】:-1118941639;
【日志类型】:普通日志;
【标题】:正在打开tcp...;
【内容】:;
【createtime】:2017-05-19 23:11:15.606;

【项目】:任务后台;
【大分组】:2130653117;	【小分组】:-1568993700;
【日志类型】:普通日志;
【标题】:打开tcp失败！;
【内容】:;
【createtime】:2017-05-19 23:11:16.652;

【项目】:任务后台;
【大分组】:-1989961220;	【小分组】:1812253746;
【日志类型】:普通日志;
【标题】:正在关闭tcp！;
【内容】:;
【createtime】:2017-05-19 23:11:26.675;

【项目】:任务后台;
【大分组】:1240241913;	【小分组】:425685599;
【日志类型】:普通日志;
【标题】:正在打开tcp...;
【内容】:;
【createtime】:2017-05-19 23:11:26.675;

【项目】:任务后台;
【大分组】:2130653117;	【小分组】:1492196441;
【日志类型】:普通日志;
【标题】:打开tcp失败！;
【内容】:;
【createtime】:2017-05-19 23:11:27.733;

【项目】:任务后台;
【大分组】:-1989961220;	【小分组】:-173648883;
【日志类型】:普通日志;
【标题】:正在关闭tcp！;
【内容】:;
【createtime】:2017-05-19 23:11:37.757;

【项目】:任务后台;
【大分组】:1240241913;	【小分组】:1396533965;
【日志类型】:普通日志;
【标题】:正在打开tcp...;
【内容】:;
【createtime】:2017-05-19 23:11:37.757;

【项目】:任务后台;
【大分组】:2130653117;	【小分组】:720176896;
【日志类型】:普通日志;
【标题】:打开tcp失败！;
【内容】:;
【createtime】:2017-05-19 23:11:38.798;

【项目】:任务后台;
【大分组】:-1989961220;	【小分组】:-1937153350;
【日志类型】:普通日志;
【标题】:正在关闭tcp！;
【内容】:;
【createtime】:2017-05-19 23:11:48.822;

【项目】:任务后台;
【大分组】:1240241913;	【小分组】:-1885965032;
【日志类型】:普通日志;
【标题】:正在打开tcp...;
【内容】:;
【createtime】:2017-05-19 23:11:48.822;

【项目】:任务后台;
【大分组】:2130653117;	【小分组】:-2137581234;
【日志类型】:普通日志;
【标题】:打开tcp失败！;
【内容】:;
【createtime】:2017-05-19 23:11:49.839;

【项目】:任务后台;
【大分组】:-1989961220;	【小分组】:-1724131848;
【日志类型】:普通日志;
【标题】:正在关闭tcp！;
【内容】:;
【createtime】:2017-05-19 23:11:59.855;

【项目】:任务后台;
【大分组】:1240241913;	【小分组】:-1034906549;
【日志类型】:普通日志;
【标题】:正在打开tcp...;
【内容】:;
【createtime】:2017-05-19 23:11:59.855;

【项目】:任务后台;
【大分组】:2130653117;	【小分组】:-484445689;
【日志类型】:普通日志;
【标题】:打开tcp失败！;
【内容】:;
【createtime】:2017-05-19 23:12:00.906;

【项目】:任务后台;
【大分组】:-1989961220;	【小分组】:-1266511294;
【日志类型】:普通日志;
【标题】:正在关闭tcp！;
【内容】:;
【createtime】:2017-05-19 23:12:10.915;

【项目】:任务后台;
【大分组】:1240241913;	【小分组】:-614359322;
【日志类型】:普通日志;
【标题】:正在打开tcp...;
【内容】:;
【createtime】:2017-05-19 23:12:10.915;

【项目】:任务后台;
【大分组】:2130653117;	【小分组】:1236045833;
【日志类型】:普通日志;
【标题】:打开tcp失败！;
【内容】:;
【createtime】:2017-05-19 23:12:11.963;

【项目】:任务后台;
【大分组】:-1989961220;	【小分组】:-1012948574;
【日志类型】:普通日志;
【标题】:正在关闭tcp！;
【内容】:;
【createtime】:2017-05-19 23:12:21.985;

【项目】:任务后台;
【大分组】:1240241913;	【小分组】:-1513365763;
【日志类型】:普通日志;
【标题】:正在打开tcp...;
【内容】:;
【createtime】:2017-05-19 23:12:21.985;

【项目】:任务后台;
【大分组】:2130653117;	【小分组】:-460807050;
【日志类型】:普通日志;
【标题】:打开tcp失败！;
【内容】:;
【createtime】:2017-05-19 23:12:23.036;

【项目】:任务后台;
【大分组】:-1989961220;	【小分组】:-844402884;
【日志类型】:普通日志;
【标题】:正在关闭tcp！;
【内容】:;
【createtime】:2017-05-19 23:12:33.044;

【项目】:任务后台;
【大分组】:1240241913;	【小分组】:1430801044;
【日志类型】:普通日志;
【标题】:正在打开tcp...;
【内容】:;
【createtime】:2017-05-19 23:12:33.044;

【项目】:任务后台;
【大分组】:2130653117;	【小分组】:1814300608;
【日志类型】:普通日志;
【标题】:打开tcp失败！;
【内容】:;
【createtime】:2017-05-19 23:12:34.060;

【项目】:任务后台;
【大分组】:-1989961220;	【小分组】:-116037394;
【日志类型】:普通日志;
【标题】:正在关闭tcp！;
【内容】:;
【createtime】:2017-05-19 23:12:44.084;

【项目】:任务后台;
【大分组】:1240241913;	【小分组】:1960922617;
【日志类型】:普通日志;
【标题】:正在打开tcp...;
【内容】:;
【createtime】:2017-05-19 23:12:44.084;

【项目】:任务后台;
【大分组】:2130653117;	【小分组】:-1373665582;
【日志类型】:普通日志;
【标题】:打开tcp失败！;
【内容】:;
【createtime】:2017-05-19 23:12:45.133;

【项目】:任务后台;
【大分组】:-1989961220;	【小分组】:-1567791431;
【日志类型】:普通日志;
【标题】:正在关闭tcp！;
【内容】:;
【createtime】:2017-05-19 23:12:55.142;

【项目】:任务后台;
【大分组】:1240241913;	【小分组】:755176795;
【日志类型】:普通日志;
【标题】:正在打开tcp...;
【内容】:;
【createtime】:2017-05-19 23:12:55.142;

【项目】:任务后台;
【大分组】:2130653117;	【小分组】:1387510027;
【日志类型】:普通日志;
【标题】:打开tcp失败！;
【内容】:;
【createtime】:2017-05-19 23:12:56.160;

【项目】:任务后台;
【大分组】:-1989961220;	【小分组】:262261919;
【日志类型】:普通日志;
【标题】:正在关闭tcp！;
【内容】:;
【createtime】:2017-05-19 23:13:06.184;

【项目】:任务后台;
【大分组】:1240241913;	【小分组】:-1246493535;
【日志类型】:普通日志;
【标题】:正在打开tcp...;
【内容】:;
【createtime】:2017-05-19 23:13:06.184;

【项目】:任务后台;
【大分组】:2130653117;	【小分组】:-412077738;
【日志类型】:普通日志;
【标题】:打开tcp失败！;
【内容】:;
【createtime】:2017-05-19 23:13:07.236;

【项目】:任务后台;
【大分组】:-1989961220;	【小分组】:-861942051;
【日志类型】:普通日志;
【标题】:正在关闭tcp！;
【内容】:;
【createtime】:2017-05-19 23:13:17.251;

【项目】:任务后台;
【大分组】:1240241913;	【小分组】:-693973439;
【日志类型】:普通日志;
【标题】:正在打开tcp...;
【内容】:;
【createtime】:2017-05-19 23:13:17.251;

【项目】:任务后台;
【大分组】:2130653117;	【小分组】:922714723;
【日志类型】:普通日志;
【标题】:打开tcp失败！;
【内容】:;
【createtime】:2017-05-19 23:13:18.301;

【项目】:任务后台;
【大分组】:-1989961220;	【小分组】:-1874446900;
【日志类型】:普通日志;
【标题】:正在关闭tcp！;
【内容】:;
【createtime】:2017-05-19 23:13:28.325;

【项目】:任务后台;
【大分组】:1240241913;	【小分组】:-328034281;
【日志类型】:普通日志;
【标题】:正在打开tcp...;
【内容】:;
【createtime】:2017-05-19 23:13:28.325;

【项目】:任务后台;
【大分组】:2130653117;	【小分组】:-1109947235;
【日志类型】:普通日志;
【标题】:打开tcp失败！;
【内容】:;
【createtime】:2017-05-19 23:13:29.374;

【项目】:任务后台;
【大分组】:-1989961220;	【小分组】:601914495;
【日志类型】:普通日志;
【标题】:正在关闭tcp！;
【内容】:;
【createtime】:2017-05-19 23:13:39.399;

【项目】:任务后台;
【大分组】:1240241913;	【小分组】:953972688;
【日志类型】:普通日志;
【标题】:正在打开tcp...;
【内容】:;
【createtime】:2017-05-19 23:13:39.399;

【项目】:任务后台;
【大分组】:2130653117;	【小分组】:-1914992577;
【日志类型】:普通日志;
【标题】:打开tcp失败！;
【内容】:;
【createtime】:2017-05-19 23:13:40.444;

【项目】:任务后台;
【大分组】:-1989961220;	【小分组】:1781573139;
【日志类型】:普通日志;
【标题】:正在关闭tcp！;
【内容】:;
【createtime】:2017-05-19 23:13:50.480;

【项目】:任务后台;
【大分组】:1240241913;	【小分组】:-485728367;
【日志类型】:普通日志;
【标题】:正在打开tcp...;
【内容】:;
【createtime】:2017-05-19 23:13:50.480;

【项目】:任务后台;
【大分组】:2130653117;	【小分组】:-759220043;
【日志类型】:普通日志;
【标题】:打开tcp失败！;
【内容】:;
【createtime】:2017-05-19 23:13:51.533;

【项目】:任务后台;
【大分组】:-1989961220;	【小分组】:1237558730;
【日志类型】:普通日志;
【标题】:正在关闭tcp！;
【内容】:;
【createtime】:2017-05-19 23:14:01.540;

【项目】:任务后台;
【大分组】:1240241913;	【小分组】:1539751356;
【日志类型】:普通日志;
【标题】:正在打开tcp...;
【内容】:;
【createtime】:2017-05-19 23:14:01.540;

【项目】:任务后台;
【大分组】:2130653117;	【小分组】:827140784;
【日志类型】:普通日志;
【标题】:打开tcp失败！;
【内容】:;
【createtime】:2017-05-19 23:14:02.557;

【项目】:任务后台;
【大分组】:-1989961220;	【小分组】:2039752061;
【日志类型】:普通日志;
【标题】:正在关闭tcp！;
【内容】:;
【createtime】:2017-05-19 23:14:12.582;

【项目】:任务后台;
【大分组】:1240241913;	【小分组】:-1194734537;
【日志类型】:普通日志;
【标题】:正在打开tcp...;
【内容】:;
【createtime】:2017-05-19 23:14:12.582;

【项目】:任务后台;
【大分组】:2130653117;	【小分组】:-43838713;
【日志类型】:普通日志;
【标题】:打开tcp失败！;
【内容】:;
【createtime】:2017-05-19 23:14:13.597;

【项目】:任务后台;
【大分组】:-1989961220;	【小分组】:-674507710;
【日志类型】:普通日志;
【标题】:正在关闭tcp！;
【内容】:;
【createtime】:2017-05-19 23:14:23.612;

【项目】:任务后台;
【大分组】:1240241913;	【小分组】:-275949881;
【日志类型】:普通日志;
【标题】:正在打开tcp...;
【内容】:;
【createtime】:2017-05-19 23:14:23.612;

【项目】:任务后台;
【大分组】:2130653117;	【小分组】:-501781305;
【日志类型】:普通日志;
【标题】:打开tcp失败！;
【内容】:;
【createtime】:2017-05-19 23:14:24.662;

【项目】:任务后台;
【大分组】:-1989961220;	【小分组】:-1778754485;
【日志类型】:普通日志;
【标题】:正在关闭tcp！;
【内容】:;
【createtime】:2017-05-19 23:14:34.685;

【项目】:任务后台;
【大分组】:1240241913;	【小分组】:1976630990;
【日志类型】:普通日志;
【标题】:正在打开tcp...;
【内容】:;
【createtime】:2017-05-19 23:14:34.685;

【项目】:任务后台;
【大分组】:2130653117;	【小分组】:-1448581512;
【日志类型】:普通日志;
【标题】:打开tcp失败！;
【内容】:;
【createtime】:2017-05-19 23:14:35.731;

【项目】:任务后台;
【大分组】:-1989961220;	【小分组】:-256423031;
【日志类型】:普通日志;
【标题】:正在关闭tcp！;
【内容】:;
【createtime】:2017-05-19 23:14:45.755;

【项目】:任务后台;
【大分组】:1240241913;	【小分组】:-1920374208;
【日志类型】:普通日志;
【标题】:正在打开tcp...;
【内容】:;
【createtime】:2017-05-19 23:14:45.755;

【项目】:任务后台;
【大分组】:2130653117;	【小分组】:-377318524;
【日志类型】:普通日志;
【标题】:打开tcp失败！;
【内容】:;
【createtime】:2017-05-19 23:14:46.805;

【项目】:任务后台;
【大分组】:-1989961220;	【小分组】:1220656684;
【日志类型】:普通日志;
【标题】:正在关闭tcp！;
【内容】:;
【createtime】:2017-05-19 23:14:56.828;

【项目】:任务后台;
【大分组】:1240241913;	【小分组】:87269432;
【日志类型】:普通日志;
【标题】:正在打开tcp...;
【内容】:;
【createtime】:2017-05-19 23:14:56.828;

【项目】:任务后台;
【大分组】:2130653117;	【小分组】:828470598;
【日志类型】:普通日志;
【标题】:打开tcp失败！;
【内容】:;
【createtime】:2017-05-19 23:14:57.872;

【项目】:任务后台;
【大分组】:-1989961220;	【小分组】:277563481;
【日志类型】:普通日志;
【标题】:正在关闭tcp！;
【内容】:;
【createtime】:2017-05-19 23:15:07.894;

【项目】:任务后台;
【大分组】:1240241913;	【小分组】:540455157;
【日志类型】:普通日志;
【标题】:正在打开tcp...;
【内容】:;
【createtime】:2017-05-19 23:15:07.894;

【项目】:任务后台;
【大分组】:2130653117;	【小分组】:-1848501852;
【日志类型】:普通日志;
【标题】:打开tcp失败！;
【内容】:;
【createtime】:2017-05-19 23:15:08.945;

【项目】:任务后台;
【大分组】:-1989961220;	【小分组】:1650181019;
【日志类型】:普通日志;
【标题】:正在关闭tcp！;
【内容】:;
【createtime】:2017-05-19 23:15:18.971;

【项目】:任务后台;
【大分组】:1240241913;	【小分组】:1315285991;
【日志类型】:普通日志;
【标题】:正在打开tcp...;
【内容】:;
【createtime】:2017-05-19 23:15:18.971;

【项目】:任务后台;
【大分组】:2130653117;	【小分组】:-1028929001;
【日志类型】:普通日志;
【标题】:打开tcp失败！;
【内容】:;
【createtime】:2017-05-19 23:15:20.016;

【项目】:任务后台;
【大分组】:-1989961220;	【小分组】:-426784977;
【日志类型】:普通日志;
【标题】:正在关闭tcp！;
【内容】:;
【createtime】:2017-05-19 23:15:30.040;

【项目】:任务后台;
【大分组】:1240241913;	【小分组】:-98705087;
【日志类型】:普通日志;
【标题】:正在打开tcp...;
【内容】:;
【createtime】:2017-05-19 23:15:30.040;

【项目】:任务后台;
【大分组】:2130653117;	【小分组】:-761063745;
【日志类型】:普通日志;
【标题】:打开tcp失败！;
【内容】:;
【createtime】:2017-05-19 23:15:31.089;

