【项目】:任务后台;
【大分组】:1240241913;	【小分组】:27598869;
【日志类型】:普通日志;
【标题】:正在打开tcp...;
【内容】:;
【createtime】:2017-05-17 13:08:53.903;

【项目】:任务后台;
【大分组】:2130653117;	【小分组】:27598869;
【日志类型】:普通日志;
【标题】:打开tcp失败！;
【内容】:;
【createtime】:2017-05-17 13:08:55.005;

【项目】:任务后台;
【大分组】:-1989961220;	【小分组】:-1652460598;
【日志类型】:普通日志;
【标题】:正在关闭tcp！;
【内容】:;
【createtime】:2017-05-17 13:08:55.051;

【项目】:任务后台;
【大分组】:1240241913;	【小分组】:1498959912;
【日志类型】:普通日志;
【标题】:正在打开tcp...;
【内容】:;
【createtime】:2017-05-17 13:08:55.051;

【项目】:任务后台;
【大分组】:2130653117;	【小分组】:-10339868;
【日志类型】:普通日志;
【标题】:打开tcp失败！;
【内容】:;
【createtime】:2017-05-17 13:08:56.098;

【项目】:任务后台;
【大分组】:-1989961220;	【小分组】:-13473149;
【日志类型】:普通日志;
【标题】:正在关闭tcp！;
【内容】:;
【createtime】:2017-05-17 13:09:06.138;

【项目】:任务后台;
【大分组】:1240241913;	【小分组】:-1980409669;
【日志类型】:普通日志;
【标题】:正在打开tcp...;
【内容】:;
【createtime】:2017-05-17 13:09:06.138;

【项目】:任务后台;
【大分组】:2130653117;	【小分组】:1935051187;
【日志类型】:普通日志;
【标题】:打开tcp失败！;
【内容】:;
【createtime】:2017-05-17 13:09:07.166;

【项目】:任务后台;
【大分组】:-1989961220;	【小分组】:-397947208;
【日志类型】:普通日志;
【标题】:正在关闭tcp！;
【内容】:;
【createtime】:2017-05-17 13:09:17.185;

【项目】:任务后台;
【大分组】:1240241913;	【小分组】:1805720625;
【日志类型】:普通日志;
【标题】:正在打开tcp...;
【内容】:;
【createtime】:2017-05-17 13:09:17.185;

【项目】:任务后台;
【大分组】:2130653117;	【小分组】:557495423;
【日志类型】:普通日志;
【标题】:打开tcp失败！;
【内容】:;
【createtime】:2017-05-17 13:09:18.226;

【项目】:任务后台;
【大分组】:-1989961220;	【小分组】:-1174448316;
【日志类型】:普通日志;
【标题】:正在关闭tcp！;
【内容】:;
【createtime】:2017-05-17 13:09:28.258;

【项目】:任务后台;
【大分组】:1240241913;	【小分组】:-1819946945;
【日志类型】:普通日志;
【标题】:正在打开tcp...;
【内容】:;
【createtime】:2017-05-17 13:09:28.258;

【项目】:任务后台;
【大分组】:2130653117;	【小分组】:-919695631;
【日志类型】:普通日志;
【标题】:打开tcp失败！;
【内容】:;
【createtime】:2017-05-17 13:09:29.323;

【项目】:任务后台;
【大分组】:-1989961220;	【小分组】:-608158533;
【日志类型】:普通日志;
【标题】:正在关闭tcp！;
【内容】:;
【createtime】:2017-05-17 13:09:39.349;

【项目】:任务后台;
【大分组】:1240241913;	【小分组】:1611291387;
【日志类型】:普通日志;
【标题】:正在打开tcp...;
【内容】:;
【createtime】:2017-05-17 13:09:39.349;

【项目】:任务后台;
【大分组】:2130653117;	【小分组】:-132971426;
【日志类型】:普通日志;
【标题】:打开tcp失败！;
【内容】:;
【createtime】:2017-05-17 13:09:40.386;

【项目】:任务后台;
【大分组】:-1989961220;	【小分组】:674790199;
【日志类型】:普通日志;
【标题】:正在关闭tcp！;
【内容】:;
【createtime】:2017-05-17 13:09:50.416;

【项目】:任务后台;
【大分组】:1240241913;	【小分组】:-899657028;
【日志类型】:普通日志;
【标题】:正在打开tcp...;
【内容】:;
【createtime】:2017-05-17 13:09:50.416;

【项目】:任务后台;
【大分组】:2130653117;	【小分组】:113477163;
【日志类型】:普通日志;
【标题】:打开tcp失败！;
【内容】:;
【createtime】:2017-05-17 13:09:51.472;

【项目】:任务后台;
【大分组】:-1989961220;	【小分组】:939276134;
【日志类型】:普通日志;
【标题】:正在关闭tcp！;
【内容】:;
【createtime】:2017-05-17 13:10:01.493;

【项目】:任务后台;
【大分组】:1240241913;	【小分组】:1798865120;
【日志类型】:普通日志;
【标题】:正在打开tcp...;
【内容】:;
【createtime】:2017-05-17 13:10:01.493;

【项目】:任务后台;
【大分组】:-1280615985;	【小分组】:1864427217;
【日志类型】:普通日志;
【标题】:打开tcp成功！;
【内容】:;
【createtime】:2017-05-17 13:10:01.493;

【项目】:任务后台;
【大分组】:1240241913;	【小分组】:540121;
【日志类型】:普通日志;
【标题】:正在打开tcp...;
【内容】:;
【createtime】:2017-05-17 13:12:17.846;

【项目】:任务后台;
【大分组】:2130653117;	【小分组】:540121;
【日志类型】:普通日志;
【标题】:打开tcp失败！;
【内容】:;
【createtime】:2017-05-17 13:12:18.923;

【项目】:任务后台;
【大分组】:-1989961220;	【小分组】:-1816623511;
【日志类型】:普通日志;
【标题】:正在关闭tcp！;
【内容】:;
【createtime】:2017-05-17 13:12:18.962;

【项目】:任务后台;
【大分组】:1240241913;	【小分组】:-1735234730;
【日志类型】:普通日志;
【标题】:正在打开tcp...;
【内容】:;
【createtime】:2017-05-17 13:12:18.962;

【项目】:任务后台;
【大分组】:2130653117;	【小分组】:-603905978;
【日志类型】:普通日志;
【标题】:打开tcp失败！;
【内容】:;
【createtime】:2017-05-17 13:12:19.983;

【项目】:任务后台;
【大分组】:-1989961220;	【小分组】:1118353242;
【日志类型】:普通日志;
【标题】:正在关闭tcp！;
【内容】:;
【createtime】:2017-05-17 13:12:30.009;

【项目】:任务后台;
【大分组】:1240241913;	【小分组】:1320763623;
【日志类型】:普通日志;
【标题】:正在打开tcp...;
【内容】:;
【createtime】:2017-05-17 13:12:30.009;

【项目】:任务后台;
【大分组】:-1280615985;	【小分组】:-849810391;
【日志类型】:普通日志;
【标题】:打开tcp成功！;
【内容】:;
【createtime】:2017-05-17 13:12:30.010;

【项目】:任务后台;
【大分组】:1240241913;	【小分组】:540121;
【日志类型】:普通日志;
【标题】:正在打开tcp...;
【内容】:;
【createtime】:2017-05-17 13:37:16.308;

【项目】:任务后台;
【大分组】:2130653117;	【小分组】:540121;
【日志类型】:普通日志;
【标题】:打开tcp失败！;
【内容】:;
【createtime】:2017-05-17 13:37:17.391;

【项目】:任务后台;
【大分组】:-1989961220;	【小分组】:-872203793;
【日志类型】:普通日志;
【标题】:正在关闭tcp！;
【内容】:;
【createtime】:2017-05-17 13:37:17.413;

【项目】:任务后台;
【大分组】:1240241913;	【小分组】:1722355248;
【日志类型】:普通日志;
【标题】:正在打开tcp...;
【内容】:;
【createtime】:2017-05-17 13:37:17.413;

【项目】:任务后台;
【大分组】:2130653117;	【小分组】:1162816823;
【日志类型】:普通日志;
【标题】:打开tcp失败！;
【内容】:;
【createtime】:2017-05-17 13:37:18.431;

【项目】:任务后台;
【大分组】:-1989961220;	【小分组】:24275012;
【日志类型】:普通日志;
【标题】:正在关闭tcp！;
【内容】:;
【createtime】:2017-05-17 13:37:28.459;

【项目】:任务后台;
【大分组】:1240241913;	【小分组】:1884103887;
【日志类型】:普通日志;
【标题】:正在打开tcp...;
【内容】:;
【createtime】:2017-05-17 13:37:28.459;

【项目】:任务后台;
【大分组】:-1280615985;	【小分组】:1772748056;
【日志类型】:普通日志;
【标题】:打开tcp成功！;
【内容】:;
【createtime】:2017-05-17 13:37:28.460;

【项目】:任务后台;
【大分组】:1240241913;	【小分组】:540121;
【日志类型】:普通日志;
【标题】:正在打开tcp...;
【内容】:;
【createtime】:2017-05-17 13:39:40.262;

【项目】:任务后台;
【大分组】:2130653117;	【小分组】:540121;
【日志类型】:普通日志;
【标题】:打开tcp失败！;
【内容】:;
【createtime】:2017-05-17 13:39:41.341;

【项目】:任务后台;
【大分组】:-1989961220;	【小分组】:-2015463906;
【日志类型】:普通日志;
【标题】:正在关闭tcp！;
【内容】:;
【createtime】:2017-05-17 13:39:41.362;

【项目】:任务后台;
【大分组】:1240241913;	【小分组】:-736629654;
【日志类型】:普通日志;
【标题】:正在打开tcp...;
【内容】:;
【createtime】:2017-05-17 13:39:41.362;

【项目】:任务后台;
【大分组】:2130653117;	【小分组】:-256139696;
【日志类型】:普通日志;
【标题】:打开tcp失败！;
【内容】:;
【createtime】:2017-05-17 13:39:42.365;

【项目】:任务后台;
【大分组】:-1989961220;	【小分组】:1616520719;
【日志类型】:普通日志;
【标题】:正在关闭tcp！;
【内容】:;
【createtime】:2017-05-17 13:39:52.397;

【项目】:任务后台;
【大分组】:1240241913;	【小分组】:1770774193;
【日志类型】:普通日志;
【标题】:正在打开tcp...;
【内容】:;
【createtime】:2017-05-17 13:39:52.397;

【项目】:任务后台;
【大分组】:-1280615985;	【小分组】:1687060342;
【日志类型】:普通日志;
【标题】:打开tcp成功！;
【内容】:;
【createtime】:2017-05-17 13:39:52.397;

