【项目】:任务后台;
【大分组】:1240241913;	【小分组】:37368736;
【日志类型】:普通日志;
【标题】:正在打开tcp...;
【内容】:;
【createtime】:2017-08-10 10:35:01.753;

【项目】:任务后台;
【大分组】:2130653117;	【小分组】:37368736;
【日志类型】:普通日志;
【标题】:打开tcp失败！;
【内容】:;
【createtime】:2017-08-10 10:35:02.862;

【项目】:任务后台;
【大分组】:-1989961220;	【小分组】:734602180;
【日志类型】:普通日志;
【标题】:正在关闭tcp！;
【内容】:;
【createtime】:2017-08-10 10:35:02.895;

【项目】:任务后台;
【大分组】:1240241913;	【小分组】:311775219;
【日志类型】:普通日志;
【标题】:正在打开tcp...;
【内容】:;
【createtime】:2017-08-10 10:35:02.895;

【项目】:任务后台;
【大分组】:2130653117;	【小分组】:330818761;
【日志类型】:普通日志;
【标题】:打开tcp失败！;
【内容】:;
【createtime】:2017-08-10 10:35:03.961;

【项目】:任务后台;
【大分组】:-1989961220;	【小分组】:208551230;
【日志类型】:普通日志;
【标题】:正在关闭tcp！;
【内容】:;
【createtime】:2017-08-10 10:35:13.970;

【项目】:任务后台;
【大分组】:1240241913;	【小分组】:-1419453349;
【日志类型】:普通日志;
【标题】:正在打开tcp...;
【内容】:;
【createtime】:2017-08-10 10:35:13.970;

【项目】:任务后台;
【大分组】:2130653117;	【小分组】:-1878425625;
【日志类型】:普通日志;
【标题】:打开tcp失败！;
【内容】:;
【createtime】:2017-08-10 10:35:15.017;

【项目】:任务后台;
【大分组】:-1989961220;	【小分组】:374191235;
【日志类型】:普通日志;
【标题】:正在关闭tcp！;
【内容】:;
【createtime】:2017-08-10 10:35:25.045;

【项目】:任务后台;
【大分组】:1240241913;	【小分组】:44404903;
【日志类型】:普通日志;
【标题】:正在打开tcp...;
【内容】:;
【createtime】:2017-08-10 10:35:25.045;

【项目】:任务后台;
【大分组】:2130653117;	【小分组】:1313298070;
【日志类型】:普通日志;
【标题】:打开tcp失败！;
【内容】:;
【createtime】:2017-08-10 10:35:26.062;

【项目】:任务后台;
【大分组】:-1989961220;	【小分组】:1540807429;
【日志类型】:普通日志;
【标题】:正在关闭tcp！;
【内容】:;
【createtime】:2017-08-10 10:35:36.094;

【项目】:任务后台;
【大分组】:1240241913;	【小分组】:-1057416943;
【日志类型】:普通日志;
【标题】:正在打开tcp...;
【内容】:;
【createtime】:2017-08-10 10:35:36.094;

【项目】:任务后台;
【大分组】:2130653117;	【小分组】:-527874639;
【日志类型】:普通日志;
【标题】:打开tcp失败！;
【内容】:;
【createtime】:2017-08-10 10:35:37.161;

【项目】:任务后台;
【大分组】:-1989961220;	【小分组】:-790653559;
【日志类型】:普通日志;
【标题】:正在关闭tcp！;
【内容】:;
【createtime】:2017-08-10 10:35:47.177;

【项目】:任务后台;
【大分组】:1240241913;	【小分组】:-591026956;
【日志类型】:普通日志;
【标题】:正在打开tcp...;
【内容】:;
【createtime】:2017-08-10 10:35:47.177;

【项目】:任务后台;
【大分组】:2130653117;	【小分组】:1173082070;
【日志类型】:普通日志;
【标题】:打开tcp失败！;
【内容】:;
【createtime】:2017-08-10 10:35:48.230;

【项目】:任务后台;
【大分组】:-1989961220;	【小分组】:830559272;
【日志类型】:普通日志;
【标题】:正在关闭tcp！;
【内容】:;
【createtime】:2017-08-10 10:35:58.235;

【项目】:任务后台;
【大分组】:1240241913;	【小分组】:-798112300;
【日志类型】:普通日志;
【标题】:正在打开tcp...;
【内容】:;
【createtime】:2017-08-10 10:35:58.235;

【项目】:任务后台;
【大分组】:2130653117;	【小分组】:-376665591;
【日志类型】:普通日志;
【标题】:打开tcp失败！;
【内容】:;
【createtime】:2017-08-10 10:35:59.297;

【项目】:任务后台;
【大分组】:-1989961220;	【小分组】:-315614326;
【日志类型】:普通日志;
【标题】:正在关闭tcp！;
【内容】:;
【createtime】:2017-08-10 10:36:09.331;

【项目】:任务后台;
【大分组】:1240241913;	【小分组】:1567450929;
【日志类型】:普通日志;
【标题】:正在打开tcp...;
【内容】:;
【createtime】:2017-08-10 10:36:09.331;

【项目】:任务后台;
【大分组】:2130653117;	【小分组】:771245363;
【日志类型】:普通日志;
【标题】:打开tcp失败！;
【内容】:;
【createtime】:2017-08-10 10:36:10.405;

【项目】:任务后台;
【大分组】:-1989961220;	【小分组】:-851790555;
【日志类型】:普通日志;
【标题】:正在关闭tcp！;
【内容】:;
【createtime】:2017-08-10 10:36:20.433;

【项目】:任务后台;
【大分组】:1240241913;	【小分组】:985152914;
【日志类型】:普通日志;
【标题】:正在打开tcp...;
【内容】:;
【createtime】:2017-08-10 10:36:20.433;

【项目】:任务后台;
【大分组】:-1280615985;	【小分组】:286686607;
【日志类型】:普通日志;
【标题】:打开tcp成功！;
【内容】:;
【createtime】:2017-08-10 10:36:20.433;

【项目】:任务后台;
【大分组】:1240241913;	【小分组】:35104124;
【日志类型】:普通日志;
【标题】:正在打开tcp...;
【内容】:;
【createtime】:2017-08-10 10:46:09.896;

【项目】:任务后台;
【大分组】:2130653117;	【小分组】:35104124;
【日志类型】:普通日志;
【标题】:打开tcp失败！;
【内容】:;
【createtime】:2017-08-10 10:46:10.967;

【项目】:任务后台;
【大分组】:-1989961220;	【小分组】:701740611;
【日志类型】:普通日志;
【标题】:正在关闭tcp！;
【内容】:;
【createtime】:2017-08-10 10:46:10.992;

【项目】:任务后台;
【大分组】:1240241913;	【小分组】:57276030;
【日志类型】:普通日志;
【标题】:正在打开tcp...;
【内容】:;
【createtime】:2017-08-10 10:46:10.992;

【项目】:任务后台;
【大分组】:2130653117;	【小分组】:1310077852;
【日志类型】:普通日志;
【标题】:打开tcp失败！;
【内容】:;
【createtime】:2017-08-10 10:46:12.018;

【项目】:任务后台;
【大分组】:-1989961220;	【小分组】:520394784;
【日志类型】:普通日志;
【标题】:正在关闭tcp！;
【内容】:;
【createtime】:2017-08-10 10:46:22.049;

【项目】:任务后台;
【大分组】:1240241913;	【小分组】:-828699057;
【日志类型】:普通日志;
【标题】:正在打开tcp...;
【内容】:;
【createtime】:2017-08-10 10:46:22.049;

【项目】:任务后台;
【大分组】:-1280615985;	【小分组】:-1216132396;
【日志类型】:普通日志;
【标题】:打开tcp成功！;
【内容】:;
【createtime】:2017-08-10 10:46:22.050;

【项目】:任务后台;
【大分组】:1240241913;	【小分组】:35104124;
【日志类型】:普通日志;
【标题】:正在打开tcp...;
【内容】:;
【createtime】:2017-08-10 11:12:42.234;

【项目】:任务后台;
【大分组】:2130653117;	【小分组】:35104124;
【日志类型】:普通日志;
【标题】:打开tcp失败！;
【内容】:;
【createtime】:2017-08-10 11:12:43.306;

【项目】:任务后台;
【大分组】:-1989961220;	【小分组】:-1253261823;
【日志类型】:普通日志;
【标题】:正在关闭tcp！;
【内容】:;
【createtime】:2017-08-10 11:12:43.325;

【项目】:任务后台;
【大分组】:1240241913;	【小分组】:-692012557;
【日志类型】:普通日志;
【标题】:正在打开tcp...;
【内容】:;
【createtime】:2017-08-10 11:12:43.325;

【项目】:任务后台;
【大分组】:2130653117;	【小分组】:1062473703;
【日志类型】:普通日志;
【标题】:打开tcp失败！;
【内容】:;
【createtime】:2017-08-10 11:12:44.342;

【项目】:任务后台;
【大分组】:-1989961220;	【小分组】:-1123229709;
【日志类型】:普通日志;
【标题】:正在关闭tcp！;
【内容】:;
【createtime】:2017-08-10 11:12:54.356;

【项目】:任务后台;
【大分组】:1240241913;	【小分组】:-966136270;
【日志类型】:普通日志;
【标题】:正在打开tcp...;
【内容】:;
【createtime】:2017-08-10 11:12:54.356;

【项目】:任务后台;
【大分组】:-1280615985;	【小分组】:1222877745;
【日志类型】:普通日志;
【标题】:打开tcp成功！;
【内容】:;
【createtime】:2017-08-10 11:12:54.356;

【项目】:任务后台;
【大分组】:1240241913;	【小分组】:35104124;
【日志类型】:普通日志;
【标题】:正在打开tcp...;
【内容】:;
【createtime】:2017-08-10 11:33:03.067;

【项目】:任务后台;
【大分组】:2130653117;	【小分组】:35104124;
【日志类型】:普通日志;
【标题】:打开tcp失败！;
【内容】:;
【createtime】:2017-08-10 11:33:04.149;

【项目】:任务后台;
【大分组】:-1989961220;	【小分组】:619023235;
【日志类型】:普通日志;
【标题】:正在关闭tcp！;
【内容】:;
【createtime】:2017-08-10 11:33:04.193;

【项目】:任务后台;
【大分组】:1240241913;	【小分组】:2099545629;
【日志类型】:普通日志;
【标题】:正在打开tcp...;
【内容】:;
【createtime】:2017-08-10 11:33:04.193;

【项目】:任务后台;
【大分组】:2130653117;	【小分组】:-1852330173;
【日志类型】:普通日志;
【标题】:打开tcp失败！;
【内容】:;
【createtime】:2017-08-10 11:33:05.213;

【项目】:任务后台;
【大分组】:-1989961220;	【小分组】:-1036806951;
【日志类型】:普通日志;
【标题】:正在关闭tcp！;
【内容】:;
【createtime】:2017-08-10 11:33:15.248;

【项目】:任务后台;
【大分组】:1240241913;	【小分组】:299778277;
【日志类型】:普通日志;
【标题】:正在打开tcp...;
【内容】:;
【createtime】:2017-08-10 11:33:15.248;

【项目】:任务后台;
【大分组】:-1280615985;	【小分组】:-607246359;
【日志类型】:普通日志;
【标题】:打开tcp成功！;
【内容】:;
【createtime】:2017-08-10 11:33:15.248;

