【项目】:任务后台;
【大分组】:1240241913;	【小分组】:27598869;
【日志类型】:普通日志;
【标题】:正在打开tcp...;
【内容】:;
【createtime】:2017-06-16 10:48:03.584;

【项目】:任务后台;
【大分组】:-1280615985;	【小分组】:27598869;
【日志类型】:普通日志;
【标题】:打开tcp成功！;
【内容】:;
【createtime】:2017-06-16 10:48:03.585;

【项目】:任务后台;
【大分组】:1240241913;	【小分组】:540121;
【日志类型】:普通日志;
【标题】:正在打开tcp...;
【内容】:;
【createtime】:2017-06-16 10:52:47.332;

【项目】:任务后台;
【大分组】:-1280615985;	【小分组】:540121;
【日志类型】:普通日志;
【标题】:打开tcp成功！;
【内容】:;
【createtime】:2017-06-16 10:52:47.334;

【项目】:任务后台;
【大分组】:1240241913;	【小分组】:540121;
【日志类型】:普通日志;
【标题】:正在打开tcp...;
【内容】:;
【createtime】:2017-06-16 10:56:55.037;

【项目】:任务后台;
【大分组】:2130653117;	【小分组】:540121;
【日志类型】:普通日志;
【标题】:打开tcp失败！;
【内容】:;
【createtime】:2017-06-16 10:56:56.117;

【项目】:任务后台;
【大分组】:-1989961220;	【小分组】:-426709528;
【日志类型】:普通日志;
【标题】:正在关闭tcp！;
【内容】:;
【createtime】:2017-06-16 10:56:56.155;

【项目】:任务后台;
【大分组】:1240241913;	【小分组】:96358631;
【日志类型】:普通日志;
【标题】:正在打开tcp...;
【内容】:;
【createtime】:2017-06-16 10:56:56.155;

【项目】:任务后台;
【大分组】:2130653117;	【小分组】:1152533227;
【日志类型】:普通日志;
【标题】:打开tcp失败！;
【内容】:;
【createtime】:2017-06-16 10:56:57.175;

【项目】:任务后台;
【大分组】:-1989961220;	【小分组】:240244811;
【日志类型】:普通日志;
【标题】:正在关闭tcp！;
【内容】:;
【createtime】:2017-06-16 10:57:07.200;

【项目】:任务后台;
【大分组】:1240241913;	【小分组】:-1693685449;
【日志类型】:普通日志;
【标题】:正在打开tcp...;
【内容】:;
【createtime】:2017-06-16 10:57:07.200;

【项目】:任务后台;
【大分组】:-1280615985;	【小分组】:1465670373;
【日志类型】:普通日志;
【标题】:打开tcp成功！;
【内容】:;
【createtime】:2017-06-16 10:57:07.201;

【项目】:任务后台;
【大分组】:1240241913;	【小分组】:27598869;
【日志类型】:普通日志;
【标题】:正在打开tcp...;
【内容】:;
【createtime】:2017-06-16 11:04:02.078;

【项目】:任务后台;
【大分组】:2130653117;	【小分组】:27598869;
【日志类型】:普通日志;
【标题】:打开tcp失败！;
【内容】:;
【createtime】:2017-06-16 11:04:03.102;

【项目】:任务后台;
【大分组】:-1989961220;	【小分组】:-1776887340;
【日志类型】:普通日志;
【标题】:正在关闭tcp！;
【内容】:;
【createtime】:2017-06-16 11:04:03.112;

【项目】:任务后台;
【大分组】:1240241913;	【小分组】:-1610862830;
【日志类型】:普通日志;
【标题】:正在打开tcp...;
【内容】:;
【createtime】:2017-06-16 11:04:03.112;

【项目】:任务后台;
【大分组】:2130653117;	【小分组】:-2122130721;
【日志类型】:普通日志;
【标题】:打开tcp失败！;
【内容】:;
【createtime】:2017-06-16 11:04:04.132;

【项目】:任务后台;
【大分组】:-1989961220;	【小分组】:90035363;
【日志类型】:普通日志;
【标题】:正在关闭tcp！;
【内容】:;
【createtime】:2017-06-16 11:04:14.849;

【项目】:任务后台;
【大分组】:1240241913;	【小分组】:-1486655028;
【日志类型】:普通日志;
【标题】:正在打开tcp...;
【内容】:;
【createtime】:2017-06-16 11:04:14.849;

【项目】:任务后台;
【大分组】:-1280615985;	【小分组】:-1339313031;
【日志类型】:普通日志;
【标题】:打开tcp成功！;
【内容】:;
【createtime】:2017-06-16 11:04:15.850;

【项目】:任务后台;
【大分组】:1240241913;	【小分组】:27598869;
【日志类型】:普通日志;
【标题】:正在打开tcp...;
【内容】:;
【createtime】:2017-06-16 11:09:27.480;

【项目】:任务后台;
【大分组】:2130653117;	【小分组】:27598869;
【日志类型】:普通日志;
【标题】:打开tcp失败！;
【内容】:;
【createtime】:2017-06-16 11:09:28.547;

【项目】:任务后台;
【大分组】:-1989961220;	【小分组】:1406983109;
【日志类型】:普通日志;
【标题】:正在关闭tcp！;
【内容】:;
【createtime】:2017-06-16 11:09:28.590;

【项目】:任务后台;
【大分组】:1240241913;	【小分组】:-61711556;
【日志类型】:普通日志;
【标题】:正在打开tcp...;
【内容】:;
【createtime】:2017-06-16 11:09:28.590;

【项目】:任务后台;
【大分组】:-1280615985;	【小分组】:1349712078;
【日志类型】:普通日志;
【标题】:打开tcp成功！;
【内容】:;
【createtime】:2017-06-16 11:09:29.592;

【项目】:任务后台;
【大分组】:1240241913;	【小分组】:540121;
【日志类型】:普通日志;
【标题】:正在打开tcp...;
【内容】:;
【createtime】:2017-06-16 11:15:28.706;

【项目】:任务后台;
【大分组】:2130653117;	【小分组】:540121;
【日志类型】:普通日志;
【标题】:打开tcp失败！;
【内容】:;
【createtime】:2017-06-16 11:15:29.763;

【项目】:任务后台;
【大分组】:-1989961220;	【小分组】:-1129869328;
【日志类型】:普通日志;
【标题】:正在关闭tcp！;
【内容】:;
【createtime】:2017-06-16 11:15:29.780;

【项目】:任务后台;
【大分组】:1240241913;	【小分组】:-275326667;
【日志类型】:普通日志;
【标题】:正在打开tcp...;
【内容】:;
【createtime】:2017-06-16 11:15:29.780;

【项目】:任务后台;
【大分组】:2130653117;	【小分组】:1109391470;
【日志类型】:普通日志;
【标题】:打开tcp失败！;
【内容】:;
【createtime】:2017-06-16 11:15:30.798;

【项目】:任务后台;
【大分组】:-1989961220;	【小分组】:2105100012;
【日志类型】:普通日志;
【标题】:正在关闭tcp！;
【内容】:;
【createtime】:2017-06-16 11:15:40.812;

【项目】:任务后台;
【大分组】:1240241913;	【小分组】:1086503026;
【日志类型】:普通日志;
【标题】:正在打开tcp...;
【内容】:;
【createtime】:2017-06-16 11:15:40.812;

【项目】:任务后台;
【大分组】:-1280615985;	【小分组】:-1135944862;
【日志类型】:普通日志;
【标题】:打开tcp成功！;
【内容】:;
【createtime】:2017-06-16 11:15:40.813;

【项目】:任务后台;
【大分组】:1240241913;	【小分组】:27598869;
【日志类型】:普通日志;
【标题】:正在打开tcp...;
【内容】:;
【createtime】:2017-06-16 11:23:30.384;

【项目】:任务后台;
【大分组】:2130653117;	【小分组】:27598869;
【日志类型】:普通日志;
【标题】:打开tcp失败！;
【内容】:;
【createtime】:2017-06-16 11:23:31.446;

【项目】:任务后台;
【大分组】:-1989961220;	【小分组】:-939607614;
【日志类型】:普通日志;
【标题】:正在关闭tcp！;
【内容】:;
【createtime】:2017-06-16 11:23:31.471;

【项目】:任务后台;
【大分组】:1240241913;	【小分组】:1959216034;
【日志类型】:普通日志;
【标题】:正在打开tcp...;
【内容】:;
【createtime】:2017-06-16 11:23:31.471;

【项目】:任务后台;
【大分组】:2130653117;	【小分组】:-1196603106;
【日志类型】:普通日志;
【标题】:打开tcp失败！;
【内容】:;
【createtime】:2017-06-16 11:23:32.491;

【项目】:任务后台;
【大分组】:-1989961220;	【小分组】:-244867433;
【日志类型】:普通日志;
【标题】:正在关闭tcp！;
【内容】:;
【createtime】:2017-06-16 11:23:42.518;

【项目】:任务后台;
【大分组】:1240241913;	【小分组】:63858080;
【日志类型】:普通日志;
【标题】:正在打开tcp...;
【内容】:;
【createtime】:2017-06-16 11:23:42.518;

【项目】:任务后台;
【大分组】:2130653117;	【小分组】:2136179620;
【日志类型】:普通日志;
【标题】:打开tcp失败！;
【内容】:;
【createtime】:2017-06-16 11:23:43.536;

【项目】:任务后台;
【大分组】:-1989961220;	【小分组】:679538475;
【日志类型】:普通日志;
【标题】:正在关闭tcp！;
【内容】:;
【createtime】:2017-06-16 11:23:53.546;

【项目】:任务后台;
【大分组】:1240241913;	【小分组】:-2134117245;
【日志类型】:普通日志;
【标题】:正在打开tcp...;
【内容】:;
【createtime】:2017-06-16 11:23:53.546;

【项目】:任务后台;
【大分组】:-1280615985;	【小分组】:1222788598;
【日志类型】:普通日志;
【标题】:打开tcp成功！;
【内容】:;
【createtime】:2017-06-16 11:23:54.546;

【项目】:任务后台;
【大分组】:1240241913;	【小分组】:20915929;
【日志类型】:普通日志;
【标题】:正在打开tcp...;
【内容】:;
【createtime】:2017-06-16 11:25:58.400;

【项目】:任务后台;
【大分组】:2130653117;	【小分组】:20915929;
【日志类型】:普通日志;
【标题】:打开tcp失败！;
【内容】:;
【createtime】:2017-06-16 11:25:59.404;

【项目】:任务后台;
【大分组】:-1989961220;	【小分组】:1874734377;
【日志类型】:普通日志;
【标题】:正在关闭tcp！;
【内容】:;
【createtime】:2017-06-16 11:25:59.409;

【项目】:任务后台;
【大分组】:1240241913;	【小分组】:2040532805;
【日志类型】:普通日志;
【标题】:正在打开tcp...;
【内容】:;
【createtime】:2017-06-16 11:25:59.409;

【项目】:任务后台;
【大分组】:2130653117;	【小分组】:-1269282697;
【日志类型】:普通日志;
【标题】:打开tcp失败！;
【内容】:;
【createtime】:2017-06-16 11:26:00.411;

【项目】:任务后台;
【大分组】:-1989961220;	【小分组】:-692604483;
【日志类型】:普通日志;
【标题】:正在关闭tcp！;
【内容】:;
【createtime】:2017-06-16 11:26:10.412;

【项目】:任务后台;
【大分组】:1240241913;	【小分组】:-2008395847;
【日志类型】:普通日志;
【标题】:正在打开tcp...;
【内容】:;
【createtime】:2017-06-16 11:26:10.412;

【项目】:任务后台;
【大分组】:-1280615985;	【小分组】:-576724594;
【日志类型】:普通日志;
【标题】:打开tcp成功！;
【内容】:;
【createtime】:2017-06-16 11:26:10.413;

【项目】:任务后台;
【大分组】:1240241913;	【小分组】:18399866;
【日志类型】:普通日志;
【标题】:正在打开tcp...;
【内容】:;
【createtime】:2017-06-16 11:39:33.307;

【项目】:任务后台;
【大分组】:2130653117;	【小分组】:18399866;
【日志类型】:普通日志;
【标题】:打开tcp失败！;
【内容】:;
【createtime】:2017-06-16 11:39:34.311;

【项目】:任务后台;
【大分组】:-1989961220;	【小分组】:652142794;
【日志类型】:普通日志;
【标题】:正在关闭tcp！;
【内容】:;
【createtime】:2017-06-16 11:39:34.316;

【项目】:任务后台;
【大分组】:1240241913;	【小分组】:1410168407;
【日志类型】:普通日志;
【标题】:正在打开tcp...;
【内容】:;
【createtime】:2017-06-16 11:39:34.316;

【项目】:任务后台;
【大分组】:2130653117;	【小分组】:1704082248;
【日志类型】:普通日志;
【标题】:打开tcp失败！;
【内容】:;
【createtime】:2017-06-16 11:39:35.318;

【项目】:任务后台;
【大分组】:-1989961220;	【小分组】:676730242;
【日志类型】:普通日志;
【标题】:正在关闭tcp！;
【内容】:;
【createtime】:2017-06-16 11:39:45.319;

【项目】:任务后台;
【大分组】:1240241913;	【小分组】:141076051;
【日志类型】:普通日志;
【标题】:正在打开tcp...;
【内容】:;
【createtime】:2017-06-16 11:39:45.319;

【项目】:任务后台;
【大分组】:2130653117;	【小分组】:-1648387761;
【日志类型】:普通日志;
【标题】:打开tcp失败！;
【内容】:;
【createtime】:2017-06-16 11:39:46.320;

【项目】:任务后台;
【大分组】:-1989961220;	【小分组】:171655720;
【日志类型】:普通日志;
【标题】:正在关闭tcp！;
【内容】:;
【createtime】:2017-06-16 11:39:56.321;

【项目】:任务后台;
【大分组】:1240241913;	【小分组】:-1834251289;
【日志类型】:普通日志;
【标题】:正在打开tcp...;
【内容】:;
【createtime】:2017-06-16 11:39:56.321;

【项目】:任务后台;
【大分组】:2130653117;	【小分组】:-777388009;
【日志类型】:普通日志;
【标题】:打开tcp失败！;
【内容】:;
【createtime】:2017-06-16 11:39:57.323;

【项目】:任务后台;
【大分组】:-1989961220;	【小分组】:1772536374;
【日志类型】:普通日志;
【标题】:正在关闭tcp！;
【内容】:;
【createtime】:2017-06-16 11:40:07.324;

【项目】:任务后台;
【大分组】:1240241913;	【小分组】:811303275;
【日志类型】:普通日志;
【标题】:正在打开tcp...;
【内容】:;
【createtime】:2017-06-16 11:40:07.324;

【项目】:任务后台;
【大分组】:2130653117;	【小分组】:-1889633916;
【日志类型】:普通日志;
【标题】:打开tcp失败！;
【内容】:;
【createtime】:2017-06-16 11:40:08.325;

【项目】:任务后台;
【大分组】:-1989961220;	【小分组】:-1441137090;
【日志类型】:普通日志;
【标题】:正在关闭tcp！;
【内容】:;
【createtime】:2017-06-16 11:40:18.326;

【项目】:任务后台;
【大分组】:1240241913;	【小分组】:1520202348;
【日志类型】:普通日志;
【标题】:正在打开tcp...;
【内容】:;
【createtime】:2017-06-16 11:40:18.326;

【项目】:任务后台;
【大分组】:-1280615985;	【小分组】:-1490071289;
【日志类型】:普通日志;
【标题】:打开tcp成功！;
【内容】:;
【createtime】:2017-06-16 11:40:18.327;

【项目】:任务后台;
【大分组】:-1989961220;	【小分组】:992588335;
【日志类型】:普通日志;
【标题】:正在关闭tcp！;
【内容】:;
【createtime】:2017-06-16 11:52:26.191;

【项目】:任务后台;
【大分组】:1240241913;	【小分组】:788796717;
【日志类型】:普通日志;
【标题】:正在打开tcp...;
【内容】:;
【createtime】:2017-06-16 11:52:26.191;

【项目】:任务后台;
【大分组】:-1280615985;	【小分组】:262443091;
【日志类型】:普通日志;
【标题】:打开tcp成功！;
【内容】:;
【createtime】:2017-06-16 11:52:26.191;

【项目】:任务后台;
【大分组】:1240241913;	【小分组】:27598869;
【日志类型】:普通日志;
【标题】:正在打开tcp...;
【内容】:;
【createtime】:2017-06-16 12:45:04.281;

【项目】:任务后台;
【大分组】:2130653117;	【小分组】:27598869;
【日志类型】:普通日志;
【标题】:打开tcp失败！;
【内容】:;
【createtime】:2017-06-16 12:45:05.329;

【项目】:任务后台;
【大分组】:-1989961220;	【小分组】:268759641;
【日志类型】:普通日志;
【标题】:正在关闭tcp！;
【内容】:;
【createtime】:2017-06-16 12:45:05.373;

【项目】:任务后台;
【大分组】:1240241913;	【小分组】:1981646073;
【日志类型】:普通日志;
【标题】:正在打开tcp...;
【内容】:;
【createtime】:2017-06-16 12:45:05.373;

【项目】:任务后台;
【大分组】:2130653117;	【小分组】:1935525813;
【日志类型】:普通日志;
【标题】:打开tcp失败！;
【内容】:;
【createtime】:2017-06-16 12:45:06.389;

【项目】:任务后台;
【大分组】:-1989961220;	【小分组】:817861610;
【日志类型】:普通日志;
【标题】:正在关闭tcp！;
【内容】:;
【createtime】:2017-06-16 12:45:16.399;

【项目】:任务后台;
【大分组】:1240241913;	【小分组】:1682732412;
【日志类型】:普通日志;
【标题】:正在打开tcp...;
【内容】:;
【createtime】:2017-06-16 12:45:16.399;

【项目】:任务后台;
【大分组】:2130653117;	【小分组】:663319679;
【日志类型】:普通日志;
【标题】:打开tcp失败！;
【内容】:;
【createtime】:2017-06-16 12:45:17.448;

【项目】:任务后台;
【大分组】:-1989961220;	【小分组】:564649645;
【日志类型】:普通日志;
【标题】:正在关闭tcp！;
【内容】:;
【createtime】:2017-06-16 12:45:27.460;

【项目】:任务后台;
【大分组】:1240241913;	【小分组】:1511368182;
【日志类型】:普通日志;
【标题】:正在打开tcp...;
【内容】:;
【createtime】:2017-06-16 12:45:27.460;

【项目】:任务后台;
【大分组】:2130653117;	【小分组】:1242110252;
【日志类型】:普通日志;
【标题】:打开tcp失败！;
【内容】:;
【createtime】:2017-06-16 12:45:28.513;

【项目】:任务后台;
【大分组】:-1989961220;	【小分组】:-1153954605;
【日志类型】:普通日志;
【标题】:正在关闭tcp！;
【内容】:;
【createtime】:2017-06-16 12:45:38.537;

【项目】:任务后台;
【大分组】:1240241913;	【小分组】:-474330977;
【日志类型】:普通日志;
【标题】:正在打开tcp...;
【内容】:;
【createtime】:2017-06-16 12:45:38.537;

【项目】:任务后台;
【大分组】:2130653117;	【小分组】:1332129474;
【日志类型】:普通日志;
【标题】:打开tcp失败！;
【内容】:;
【createtime】:2017-06-16 12:45:39.594;

【项目】:任务后台;
【大分组】:-1989961220;	【小分组】:-734577665;
【日志类型】:普通日志;
【标题】:正在关闭tcp！;
【内容】:;
【createtime】:2017-06-16 12:45:49.608;

【项目】:任务后台;
【大分组】:1240241913;	【小分组】:-105302146;
【日志类型】:普通日志;
【标题】:正在打开tcp...;
【内容】:;
【createtime】:2017-06-16 12:45:49.608;

【项目】:任务后台;
【大分组】:2130653117;	【小分组】:-1012183851;
【日志类型】:普通日志;
【标题】:打开tcp失败！;
【内容】:;
【createtime】:2017-06-16 12:45:50.665;

【项目】:任务后台;
【大分组】:-1989961220;	【小分组】:-436484570;
【日志类型】:普通日志;
【标题】:正在关闭tcp！;
【内容】:;
【createtime】:2017-06-16 12:46:00.692;

【项目】:任务后台;
【大分组】:1240241913;	【小分组】:2021044668;
【日志类型】:普通日志;
【标题】:正在打开tcp...;
【内容】:;
【createtime】:2017-06-16 12:46:00.692;

【项目】:任务后台;
【大分组】:2130653117;	【小分组】:1993553796;
【日志类型】:普通日志;
【标题】:打开tcp失败！;
【内容】:;
【createtime】:2017-06-16 12:46:01.720;

【项目】:任务后台;
【大分组】:-1989961220;	【小分组】:1596552677;
【日志类型】:普通日志;
【标题】:正在关闭tcp！;
【内容】:;
【createtime】:2017-06-16 12:46:11.745;

【项目】:任务后台;
【大分组】:1240241913;	【小分组】:936276183;
【日志类型】:普通日志;
【标题】:正在打开tcp...;
【内容】:;
【createtime】:2017-06-16 12:46:11.745;

【项目】:任务后台;
【大分组】:2130653117;	【小分组】:2003931577;
【日志类型】:普通日志;
【标题】:打开tcp失败！;
【内容】:;
【createtime】:2017-06-16 12:46:12.799;

【项目】:任务后台;
【大分组】:-1989961220;	【小分组】:1503423716;
【日志类型】:普通日志;
【标题】:正在关闭tcp！;
【内容】:;
【createtime】:2017-06-16 12:46:22.805;

【项目】:任务后台;
【大分组】:1240241913;	【小分组】:-1739318564;
【日志类型】:普通日志;
【标题】:正在打开tcp...;
【内容】:;
【createtime】:2017-06-16 12:46:22.805;

【项目】:任务后台;
【大分组】:2130653117;	【小分组】:2072339149;
【日志类型】:普通日志;
【标题】:打开tcp失败！;
【内容】:;
【createtime】:2017-06-16 12:46:23.829;

