【项目】:任务后台;
【大分组】:1240241913;	【小分组】:27598869;
【日志类型】:普通日志;
【标题】:正在打开tcp...;
【内容】:;
【createtime】:2017-05-23 01:30:09.308;

【项目】:任务后台;
【大分组】:2130653117;	【小分组】:27598869;
【日志类型】:普通日志;
【标题】:打开tcp失败！;
【内容】:;
【createtime】:2017-05-23 01:30:10.385;

【项目】:任务后台;
【大分组】:-1989961220;	【小分组】:136166923;
【日志类型】:普通日志;
【标题】:正在关闭tcp！;
【内容】:;
【createtime】:2017-05-23 01:30:10.446;

【项目】:任务后台;
【大分组】:1240241913;	【小分组】:179069057;
【日志类型】:普通日志;
【标题】:正在打开tcp...;
【内容】:;
【createtime】:2017-05-23 01:30:10.446;

【项目】:任务后台;
【大分组】:2130653117;	【小分组】:-210404930;
【日志类型】:普通日志;
【标题】:打开tcp失败！;
【内容】:;
【createtime】:2017-05-23 01:30:11.466;

【项目】:任务后台;
【大分组】:-1989961220;	【小分组】:387687808;
【日志类型】:普通日志;
【标题】:正在关闭tcp！;
【内容】:;
【createtime】:2017-05-23 01:30:21.476;

【项目】:任务后台;
【大分组】:1240241913;	【小分组】:189951776;
【日志类型】:普通日志;
【标题】:正在打开tcp...;
【内容】:;
【createtime】:2017-05-23 01:30:21.476;

【项目】:任务后台;
【大分组】:2130653117;	【小分组】:392442271;
【日志类型】:普通日志;
【标题】:打开tcp失败！;
【内容】:;
【createtime】:2017-05-23 01:30:22.521;

【项目】:任务后台;
【大分组】:-1989961220;	【小分组】:1360657088;
【日志类型】:普通日志;
【标题】:正在关闭tcp！;
【内容】:;
【createtime】:2017-05-23 01:30:32.546;

【项目】:任务后台;
【大分组】:1240241913;	【小分组】:-228654102;
【日志类型】:普通日志;
【标题】:正在打开tcp...;
【内容】:;
【createtime】:2017-05-23 01:30:32.546;

【项目】:任务后台;
【大分组】:2130653117;	【小分组】:-736027655;
【日志类型】:普通日志;
【标题】:打开tcp失败！;
【内容】:;
【createtime】:2017-05-23 01:30:33.603;

【项目】:任务后台;
【大分组】:-1989961220;	【小分组】:-2131773871;
【日志类型】:普通日志;
【标题】:正在关闭tcp！;
【内容】:;
【createtime】:2017-05-23 01:30:43.628;

【项目】:任务后台;
【大分组】:1240241913;	【小分组】:-1821252403;
【日志类型】:普通日志;
【标题】:正在打开tcp...;
【内容】:;
【createtime】:2017-05-23 01:30:43.628;

【项目】:任务后台;
【大分组】:2130653117;	【小分组】:-203236002;
【日志类型】:普通日志;
【标题】:打开tcp失败！;
【内容】:;
【createtime】:2017-05-23 01:30:44.681;

【项目】:任务后台;
【大分组】:1240241913;	【小分组】:27598869;
【日志类型】:普通日志;
【标题】:正在打开tcp...;
【内容】:;
【createtime】:2017-05-23 01:31:52.644;

【项目】:任务后台;
【大分组】:2130653117;	【小分组】:27598869;
【日志类型】:普通日志;
【标题】:打开tcp失败！;
【内容】:;
【createtime】:2017-05-23 01:31:53.726;

【项目】:任务后台;
【大分组】:-1989961220;	【小分组】:-215878789;
【日志类型】:普通日志;
【标题】:正在关闭tcp！;
【内容】:;
【createtime】:2017-05-23 01:31:53.750;

【项目】:任务后台;
【大分组】:1240241913;	【小分组】:-182829485;
【日志类型】:普通日志;
【标题】:正在打开tcp...;
【内容】:;
【createtime】:2017-05-23 01:31:53.750;

【项目】:任务后台;
【大分组】:2130653117;	【小分组】:-230761617;
【日志类型】:普通日志;
【标题】:打开tcp失败！;
【内容】:;
【createtime】:2017-05-23 01:31:54.770;

【项目】:任务后台;
【大分组】:-1989961220;	【小分组】:-795822734;
【日志类型】:普通日志;
【标题】:正在关闭tcp！;
【内容】:;
【createtime】:2017-05-23 01:32:04.800;

【项目】:任务后台;
【大分组】:1240241913;	【小分组】:1264909794;
【日志类型】:普通日志;
【标题】:正在打开tcp...;
【内容】:;
【createtime】:2017-05-23 01:32:04.800;

【项目】:任务后台;
【大分组】:2130653117;	【小分组】:1259838751;
【日志类型】:普通日志;
【标题】:打开tcp失败！;
【内容】:;
【createtime】:2017-05-23 01:32:05.855;

【项目】:任务后台;
【大分组】:-1989961220;	【小分组】:559746383;
【日志类型】:普通日志;
【标题】:正在关闭tcp！;
【内容】:;
【createtime】:2017-05-23 01:32:15.881;

【项目】:任务后台;
【大分组】:1240241913;	【小分组】:-728315998;
【日志类型】:普通日志;
【标题】:正在打开tcp...;
【内容】:;
【createtime】:2017-05-23 01:32:15.881;

【项目】:任务后台;
【大分组】:2130653117;	【小分组】:1374799395;
【日志类型】:普通日志;
【标题】:打开tcp失败！;
【内容】:;
【createtime】:2017-05-23 01:32:16.934;

【项目】:任务后台;
【大分组】:-1989961220;	【小分组】:45538509;
【日志类型】:普通日志;
【标题】:正在关闭tcp！;
【内容】:;
【createtime】:2017-05-23 01:32:26.958;

【项目】:任务后台;
【大分组】:1240241913;	【小分组】:1317691706;
【日志类型】:普通日志;
【标题】:正在打开tcp...;
【内容】:;
【createtime】:2017-05-23 01:32:26.958;

【项目】:任务后台;
【大分组】:2130653117;	【小分组】:-1690377095;
【日志类型】:普通日志;
【标题】:打开tcp失败！;
【内容】:;
【createtime】:2017-05-23 01:32:28.027;

【项目】:任务后台;
【大分组】:-1989961220;	【小分组】:613496605;
【日志类型】:普通日志;
【标题】:正在关闭tcp！;
【内容】:;
【createtime】:2017-05-23 01:32:38.053;

【项目】:任务后台;
【大分组】:1240241913;	【小分组】:794708555;
【日志类型】:普通日志;
【标题】:正在打开tcp...;
【内容】:;
【createtime】:2017-05-23 01:32:38.053;

【项目】:任务后台;
【大分组】:2130653117;	【小分组】:-1778957911;
【日志类型】:普通日志;
【标题】:打开tcp失败！;
【内容】:;
【createtime】:2017-05-23 01:32:39.105;

【项目】:任务后台;
【大分组】:-1989961220;	【小分组】:-737605332;
【日志类型】:普通日志;
【标题】:正在关闭tcp！;
【内容】:;
【createtime】:2017-05-23 01:32:49.131;

【项目】:任务后台;
【大分组】:1240241913;	【小分组】:990537558;
【日志类型】:普通日志;
【标题】:正在打开tcp...;
【内容】:;
【createtime】:2017-05-23 01:32:49.131;

【项目】:任务后台;
【大分组】:2130653117;	【小分组】:781683253;
【日志类型】:普通日志;
【标题】:打开tcp失败！;
【内容】:;
【createtime】:2017-05-23 01:32:50.188;

【项目】:任务后台;
【大分组】:-1989961220;	【小分组】:161437529;
【日志类型】:普通日志;
【标题】:正在关闭tcp！;
【内容】:;
【createtime】:2017-05-23 01:33:00.212;

【项目】:任务后台;
【大分组】:1240241913;	【小分组】:1314687261;
【日志类型】:普通日志;
【标题】:正在打开tcp...;
【内容】:;
【createtime】:2017-05-23 01:33:00.212;

【项目】:任务后台;
【大分组】:2130653117;	【小分组】:-1367162547;
【日志类型】:普通日志;
【标题】:打开tcp失败！;
【内容】:;
【createtime】:2017-05-23 01:33:01.277;

【项目】:任务后台;
【大分组】:-1989961220;	【小分组】:720726687;
【日志类型】:普通日志;
【标题】:正在关闭tcp！;
【内容】:;
【createtime】:2017-05-23 01:33:11.302;

【项目】:任务后台;
【大分组】:1240241913;	【小分组】:1468326444;
【日志类型】:普通日志;
【标题】:正在打开tcp...;
【内容】:;
【createtime】:2017-05-23 01:33:11.302;

【项目】:任务后台;
【大分组】:2130653117;	【小分组】:-1487540858;
【日志类型】:普通日志;
【标题】:打开tcp失败！;
【内容】:;
【createtime】:2017-05-23 01:33:12.357;

【项目】:任务后台;
【大分组】:-1989961220;	【小分组】:-1290220669;
【日志类型】:普通日志;
【标题】:正在关闭tcp！;
【内容】:;
【createtime】:2017-05-23 01:33:22.376;

【项目】:任务后台;
【大分组】:1240241913;	【小分组】:-274611045;
【日志类型】:普通日志;
【标题】:正在打开tcp...;
【内容】:;
【createtime】:2017-05-23 01:33:22.376;

【项目】:任务后台;
【大分组】:2130653117;	【小分组】:485360545;
【日志类型】:普通日志;
【标题】:打开tcp失败！;
【内容】:;
【createtime】:2017-05-23 01:33:23.430;

【项目】:任务后台;
【大分组】:-1989961220;	【小分组】:1561930054;
【日志类型】:普通日志;
【标题】:正在关闭tcp！;
【内容】:;
【createtime】:2017-05-23 01:33:33.456;

【项目】:任务后台;
【大分组】:1240241913;	【小分组】:-1222005610;
【日志类型】:普通日志;
【标题】:正在打开tcp...;
【内容】:;
【createtime】:2017-05-23 01:33:33.456;

【项目】:任务后台;
【大分组】:2130653117;	【小分组】:289014607;
【日志类型】:普通日志;
【标题】:打开tcp失败！;
【内容】:;
【createtime】:2017-05-23 01:33:34.478;

【项目】:任务后台;
【大分组】:-1989961220;	【小分组】:-1882662902;
【日志类型】:普通日志;
【标题】:正在关闭tcp！;
【内容】:;
【createtime】:2017-05-23 01:33:44.503;

【项目】:任务后台;
【大分组】:1240241913;	【小分组】:1713852279;
【日志类型】:普通日志;
【标题】:正在打开tcp...;
【内容】:;
【createtime】:2017-05-23 01:33:44.503;

【项目】:任务后台;
【大分组】:2130653117;	【小分组】:1213891931;
【日志类型】:普通日志;
【标题】:打开tcp失败！;
【内容】:;
【createtime】:2017-05-23 01:33:45.556;

【项目】:任务后台;
【大分组】:-1989961220;	【小分组】:2026947571;
【日志类型】:普通日志;
【标题】:正在关闭tcp！;
【内容】:;
【createtime】:2017-05-23 01:33:55.564;

【项目】:任务后台;
【大分组】:1240241913;	【小分组】:1615813438;
【日志类型】:普通日志;
【标题】:正在打开tcp...;
【内容】:;
【createtime】:2017-05-23 01:33:55.564;

【项目】:任务后台;
【大分组】:2130653117;	【小分组】:1458944966;
【日志类型】:普通日志;
【标题】:打开tcp失败！;
【内容】:;
【createtime】:2017-05-23 01:33:56.618;

【项目】:任务后台;
【大分组】:-1989961220;	【小分组】:1246687862;
【日志类型】:普通日志;
【标题】:正在关闭tcp！;
【内容】:;
【createtime】:2017-05-23 01:34:06.644;

【项目】:任务后台;
【大分组】:1240241913;	【小分组】:-1943200908;
【日志类型】:普通日志;
【标题】:正在打开tcp...;
【内容】:;
【createtime】:2017-05-23 01:34:06.644;

【项目】:任务后台;
【大分组】:2130653117;	【小分组】:-798162861;
【日志类型】:普通日志;
【标题】:打开tcp失败！;
【内容】:;
【createtime】:2017-05-23 01:34:07.694;

【项目】:任务后台;
【大分组】:-1989961220;	【小分组】:172120072;
【日志类型】:普通日志;
【标题】:正在关闭tcp！;
【内容】:;
【createtime】:2017-05-23 01:34:17.719;

【项目】:任务后台;
【大分组】:1240241913;	【小分组】:39616939;
【日志类型】:普通日志;
【标题】:正在打开tcp...;
【内容】:;
【createtime】:2017-05-23 01:34:17.719;

【项目】:任务后台;
【大分组】:2130653117;	【小分组】:2077523439;
【日志类型】:普通日志;
【标题】:打开tcp失败！;
【内容】:;
【createtime】:2017-05-23 01:34:18.773;

【项目】:任务后台;
【大分组】:-1989961220;	【小分组】:-998502276;
【日志类型】:普通日志;
【标题】:正在关闭tcp！;
【内容】:;
【createtime】:2017-05-23 01:34:28.800;

【项目】:任务后台;
【大分组】:1240241913;	【小分组】:-289647509;
【日志类型】:普通日志;
【标题】:正在打开tcp...;
【内容】:;
【createtime】:2017-05-23 01:34:28.800;

【项目】:任务后台;
【大分组】:2130653117;	【小分组】:674574570;
【日志类型】:普通日志;
【标题】:打开tcp失败！;
【内容】:;
【createtime】:2017-05-23 01:34:29.829;

【项目】:任务后台;
【大分组】:-1989961220;	【小分组】:890212630;
【日志类型】:普通日志;
【标题】:正在关闭tcp！;
【内容】:;
【createtime】:2017-05-23 01:34:39.855;

【项目】:任务后台;
【大分组】:1240241913;	【小分组】:-65520410;
【日志类型】:普通日志;
【标题】:正在打开tcp...;
【内容】:;
【createtime】:2017-05-23 01:34:39.855;

【项目】:任务后台;
【大分组】:2130653117;	【小分组】:30189248;
【日志类型】:普通日志;
【标题】:打开tcp失败！;
【内容】:;
【createtime】:2017-05-23 01:34:40.872;

【项目】:任务后台;
【大分组】:-1989961220;	【小分组】:-1546827229;
【日志类型】:普通日志;
【标题】:正在关闭tcp！;
【内容】:;
【createtime】:2017-05-23 01:34:50.898;

【项目】:任务后台;
【大分组】:1240241913;	【小分组】:-1469762241;
【日志类型】:普通日志;
【标题】:正在打开tcp...;
【内容】:;
【createtime】:2017-05-23 01:34:50.898;

【项目】:任务后台;
【大分组】:2130653117;	【小分组】:-2016075985;
【日志类型】:普通日志;
【标题】:打开tcp失败！;
【内容】:;
【createtime】:2017-05-23 01:34:51.952;

【项目】:任务后台;
【大分组】:-1989961220;	【小分组】:1851400645;
【日志类型】:普通日志;
【标题】:正在关闭tcp！;
【内容】:;
【createtime】:2017-05-23 01:35:01.959;

【项目】:任务后台;
【大分组】:1240241913;	【小分组】:546042512;
【日志类型】:普通日志;
【标题】:正在打开tcp...;
【内容】:;
【createtime】:2017-05-23 01:35:01.959;

【项目】:任务后台;
【大分组】:2130653117;	【小分组】:1023182022;
【日志类型】:普通日志;
【标题】:打开tcp失败！;
【内容】:;
【createtime】:2017-05-23 01:35:03.014;

【项目】:任务后台;
【大分组】:-1989961220;	【小分组】:-181277322;
【日志类型】:普通日志;
【标题】:正在关闭tcp！;
【内容】:;
【createtime】:2017-05-23 01:35:13.040;

【项目】:任务后台;
【大分组】:1240241913;	【小分组】:-143643966;
【日志类型】:普通日志;
【标题】:正在打开tcp...;
【内容】:;
【createtime】:2017-05-23 01:35:13.040;

【项目】:任务后台;
【大分组】:2130653117;	【小分组】:30185458;
【日志类型】:普通日志;
【标题】:打开tcp失败！;
【内容】:;
【createtime】:2017-05-23 01:35:14.087;

【项目】:任务后台;
【大分组】:-1989961220;	【小分组】:1933323054;
【日志类型】:普通日志;
【标题】:正在关闭tcp！;
【内容】:;
【createtime】:2017-05-23 01:35:24.112;

【项目】:任务后台;
【大分组】:1240241913;	【小分组】:1656294679;
【日志类型】:普通日志;
【标题】:正在打开tcp...;
【内容】:;
【createtime】:2017-05-23 01:35:24.112;

【项目】:任务后台;
【大分组】:2130653117;	【小分组】:-378260771;
【日志类型】:普通日志;
【标题】:打开tcp失败！;
【内容】:;
【createtime】:2017-05-23 01:35:25.166;

【项目】:任务后台;
【大分组】:-1989961220;	【小分组】:-642773766;
【日志类型】:普通日志;
【标题】:正在关闭tcp！;
【内容】:;
【createtime】:2017-05-23 01:35:35.191;

【项目】:任务后台;
【大分组】:1240241913;	【小分组】:1803100060;
【日志类型】:普通日志;
【标题】:正在打开tcp...;
【内容】:;
【createtime】:2017-05-23 01:35:35.191;

【项目】:任务后台;
【大分组】:2130653117;	【小分组】:-2110617746;
【日志类型】:普通日志;
【标题】:打开tcp失败！;
【内容】:;
【createtime】:2017-05-23 01:35:36.245;

【项目】:任务后台;
【大分组】:-1989961220;	【小分组】:370355496;
【日志类型】:普通日志;
【标题】:正在关闭tcp！;
【内容】:;
【createtime】:2017-05-23 01:35:46.272;

【项目】:任务后台;
【大分组】:1240241913;	【小分组】:-1206128800;
【日志类型】:普通日志;
【标题】:正在打开tcp...;
【内容】:;
【createtime】:2017-05-23 01:35:46.272;

【项目】:任务后台;
【大分组】:2130653117;	【小分组】:753969101;
【日志类型】:普通日志;
【标题】:打开tcp失败！;
【内容】:;
【createtime】:2017-05-23 01:35:47.296;

【项目】:任务后台;
【大分组】:-1989961220;	【小分组】:-1186692527;
【日志类型】:普通日志;
【标题】:正在关闭tcp！;
【内容】:;
【createtime】:2017-05-23 01:35:57.322;

【项目】:任务后台;
【大分组】:1240241913;	【小分组】:-620537128;
【日志类型】:普通日志;
【标题】:正在打开tcp...;
【内容】:;
【createtime】:2017-05-23 01:35:57.322;

【项目】:任务后台;
【大分组】:2130653117;	【小分组】:1684096183;
【日志类型】:普通日志;
【标题】:打开tcp失败！;
【内容】:;
【createtime】:2017-05-23 01:35:58.378;

【项目】:任务后台;
【大分组】:-1989961220;	【小分组】:-1201144349;
【日志类型】:普通日志;
【标题】:正在关闭tcp！;
【内容】:;
【createtime】:2017-05-23 01:36:08.403;

【项目】:任务后台;
【大分组】:1240241913;	【小分组】:990200875;
【日志类型】:普通日志;
【标题】:正在打开tcp...;
【内容】:;
【createtime】:2017-05-23 01:36:08.403;

【项目】:任务后台;
【大分组】:2130653117;	【小分组】:-1427502903;
【日志类型】:普通日志;
【标题】:打开tcp失败！;
【内容】:;
【createtime】:2017-05-23 01:36:09.459;

【项目】:任务后台;
【大分组】:-1989961220;	【小分组】:1732458682;
【日志类型】:普通日志;
【标题】:正在关闭tcp！;
【内容】:;
【createtime】:2017-05-23 01:36:19.485;

【项目】:任务后台;
【大分组】:1240241913;	【小分组】:811744679;
【日志类型】:普通日志;
【标题】:正在打开tcp...;
【内容】:;
【createtime】:2017-05-23 01:36:19.485;

【项目】:任务后台;
【大分组】:2130653117;	【小分组】:-1338601296;
【日志类型】:普通日志;
【标题】:打开tcp失败！;
【内容】:;
【createtime】:2017-05-23 01:36:20.538;

【项目】:任务后台;
【大分组】:-1989961220;	【小分组】:813287403;
【日志类型】:普通日志;
【标题】:正在关闭tcp！;
【内容】:;
【createtime】:2017-05-23 01:36:30.566;

【项目】:任务后台;
【大分组】:1240241913;	【小分组】:-1538203987;
【日志类型】:普通日志;
【标题】:正在打开tcp...;
【内容】:;
【createtime】:2017-05-23 01:36:30.566;

【项目】:任务后台;
【大分组】:2130653117;	【小分组】:2137233012;
【日志类型】:普通日志;
【标题】:打开tcp失败！;
【内容】:;
【createtime】:2017-05-23 01:36:31.614;

【项目】:任务后台;
【大分组】:-1989961220;	【小分组】:-46475810;
【日志类型】:普通日志;
【标题】:正在关闭tcp！;
【内容】:;
【createtime】:2017-05-23 01:36:41.639;

【项目】:任务后台;
【大分组】:1240241913;	【小分组】:3964077;
【日志类型】:普通日志;
【标题】:正在打开tcp...;
【内容】:;
【createtime】:2017-05-23 01:36:41.639;

【项目】:任务后台;
【大分组】:2130653117;	【小分组】:-929167618;
【日志类型】:普通日志;
【标题】:打开tcp失败！;
【内容】:;
【createtime】:2017-05-23 01:36:42.693;

【项目】:任务后台;
【大分组】:-1989961220;	【小分组】:-130373534;
【日志类型】:普通日志;
【标题】:正在关闭tcp！;
【内容】:;
【createtime】:2017-05-23 01:36:52.720;

【项目】:任务后台;
【大分组】:1240241913;	【小分组】:-1634792836;
【日志类型】:普通日志;
【标题】:正在打开tcp...;
【内容】:;
【createtime】:2017-05-23 01:36:52.720;

【项目】:任务后台;
【大分组】:2130653117;	【小分组】:-533521216;
【日志类型】:普通日志;
【标题】:打开tcp失败！;
【内容】:;
【createtime】:2017-05-23 01:36:53.774;

【项目】:任务后台;
【大分组】:-1989961220;	【小分组】:-732410121;
【日志类型】:普通日志;
【标题】:正在关闭tcp！;
【内容】:;
【createtime】:2017-05-23 01:37:03.801;

【项目】:任务后台;
【大分组】:1240241913;	【小分组】:-2142393283;
【日志类型】:普通日志;
【标题】:正在打开tcp...;
【内容】:;
【createtime】:2017-05-23 01:37:03.801;

【项目】:任务后台;
【大分组】:2130653117;	【小分组】:-1069114510;
【日志类型】:普通日志;
【标题】:打开tcp失败！;
【内容】:;
【createtime】:2017-05-23 01:37:04.856;

【项目】:任务后台;
【大分组】:-1989961220;	【小分组】:608621597;
【日志类型】:普通日志;
【标题】:正在关闭tcp！;
【内容】:;
【createtime】:2017-05-23 01:37:14.882;

【项目】:任务后台;
【大分组】:1240241913;	【小分组】:-65317286;
【日志类型】:普通日志;
【标题】:正在打开tcp...;
【内容】:;
【createtime】:2017-05-23 01:37:14.882;

【项目】:任务后台;
【大分组】:2130653117;	【小分组】:-1911643425;
【日志类型】:普通日志;
【标题】:打开tcp失败！;
【内容】:;
【createtime】:2017-05-23 01:37:15.937;

【项目】:任务后台;
【大分组】:-1989961220;	【小分组】:1874754154;
【日志类型】:普通日志;
【标题】:正在关闭tcp！;
【内容】:;
【createtime】:2017-05-23 01:37:25.962;

【项目】:任务后台;
【大分组】:1240241913;	【小分组】:1073816097;
【日志类型】:普通日志;
【标题】:正在打开tcp...;
【内容】:;
【createtime】:2017-05-23 01:37:25.962;

【项目】:任务后台;
【大分组】:2130653117;	【小分组】:484104106;
【日志类型】:普通日志;
【标题】:打开tcp失败！;
【内容】:;
【createtime】:2017-05-23 01:37:27.025;

【项目】:任务后台;
【大分组】:-1989961220;	【小分组】:-1833647082;
【日志类型】:普通日志;
【标题】:正在关闭tcp！;
【内容】:;
【createtime】:2017-05-23 01:37:37.052;

【项目】:任务后台;
【大分组】:1240241913;	【小分组】:1226466728;
【日志类型】:普通日志;
【标题】:正在打开tcp...;
【内容】:;
【createtime】:2017-05-23 01:37:37.052;

【项目】:任务后台;
【大分组】:2130653117;	【小分组】:946317134;
【日志类型】:普通日志;
【标题】:打开tcp失败！;
【内容】:;
【createtime】:2017-05-23 01:37:38.091;

【项目】:任务后台;
【大分组】:-1989961220;	【小分组】:-1758187216;
【日志类型】:普通日志;
【标题】:正在关闭tcp！;
【内容】:;
【createtime】:2017-05-23 01:37:48.117;

【项目】:任务后台;
【大分组】:1240241913;	【小分组】:498790840;
【日志类型】:普通日志;
【标题】:正在打开tcp...;
【内容】:;
【createtime】:2017-05-23 01:37:48.117;

【项目】:任务后台;
【大分组】:2130653117;	【小分组】:2131876152;
【日志类型】:普通日志;
【标题】:打开tcp失败！;
【内容】:;
【createtime】:2017-05-23 01:37:49.163;

【项目】:任务后台;
【大分组】:-1989961220;	【小分组】:-1785257787;
【日志类型】:普通日志;
【标题】:正在关闭tcp！;
【内容】:;
【createtime】:2017-05-23 01:37:59.175;

【项目】:任务后台;
【大分组】:1240241913;	【小分组】:64664584;
【日志类型】:普通日志;
【标题】:正在打开tcp...;
【内容】:;
【createtime】:2017-05-23 01:37:59.175;

【项目】:任务后台;
【大分组】:2130653117;	【小分组】:121264415;
【日志类型】:普通日志;
【标题】:打开tcp失败！;
【内容】:;
【createtime】:2017-05-23 01:38:00.229;

【项目】:任务后台;
【大分组】:-1989961220;	【小分组】:-1371012659;
【日志类型】:普通日志;
【标题】:正在关闭tcp！;
【内容】:;
【createtime】:2017-05-23 01:38:10.254;

【项目】:任务后台;
【大分组】:1240241913;	【小分组】:284440068;
【日志类型】:普通日志;
【标题】:正在打开tcp...;
【内容】:;
【createtime】:2017-05-23 01:38:10.254;

【项目】:任务后台;
【大分组】:2130653117;	【小分组】:-251318;
【日志类型】:普通日志;
【标题】:打开tcp失败！;
【内容】:;
【createtime】:2017-05-23 01:38:11.300;

【项目】:任务后台;
【大分组】:-1989961220;	【小分组】:-119470010;
【日志类型】:普通日志;
【标题】:正在关闭tcp！;
【内容】:;
【createtime】:2017-05-23 01:38:21.323;

【项目】:任务后台;
【大分组】:1240241913;	【小分组】:-905647710;
【日志类型】:普通日志;
【标题】:正在打开tcp...;
【内容】:;
【createtime】:2017-05-23 01:38:21.323;

【项目】:任务后台;
【大分组】:2130653117;	【小分组】:-2120644823;
【日志类型】:普通日志;
【标题】:打开tcp失败！;
【内容】:;
【createtime】:2017-05-23 01:38:22.378;

【项目】:任务后台;
【大分组】:-1989961220;	【小分组】:-450599556;
【日志类型】:普通日志;
【标题】:正在关闭tcp！;
【内容】:;
【createtime】:2017-05-23 01:38:32.402;

【项目】:任务后台;
【大分组】:1240241913;	【小分组】:2013428237;
【日志类型】:普通日志;
【标题】:正在打开tcp...;
【内容】:;
【createtime】:2017-05-23 01:38:32.402;

【项目】:任务后台;
【大分组】:2130653117;	【小分组】:1250396498;
【日志类型】:普通日志;
【标题】:打开tcp失败！;
【内容】:;
【createtime】:2017-05-23 01:38:33.461;

【项目】:任务后台;
【大分组】:-1989961220;	【小分组】:1791154248;
【日志类型】:普通日志;
【标题】:正在关闭tcp！;
【内容】:;
【createtime】:2017-05-23 01:38:43.475;

【项目】:任务后台;
【大分组】:1240241913;	【小分组】:-616344634;
【日志类型】:普通日志;
【标题】:正在打开tcp...;
【内容】:;
【createtime】:2017-05-23 01:38:43.475;

【项目】:任务后台;
【大分组】:2130653117;	【小分组】:508086496;
【日志类型】:普通日志;
【标题】:打开tcp失败！;
【内容】:;
【createtime】:2017-05-23 01:38:44.535;

【项目】:任务后台;
【大分组】:-1989961220;	【小分组】:-1786878607;
【日志类型】:普通日志;
【标题】:正在关闭tcp！;
【内容】:;
【createtime】:2017-05-23 01:38:54.559;

【项目】:任务后台;
【大分组】:1240241913;	【小分组】:343182153;
【日志类型】:普通日志;
【标题】:正在打开tcp...;
【内容】:;
【createtime】:2017-05-23 01:38:54.559;

【项目】:任务后台;
【大分组】:2130653117;	【小分组】:-1746196272;
【日志类型】:普通日志;
【标题】:打开tcp失败！;
【内容】:;
【createtime】:2017-05-23 01:38:55.616;

【项目】:任务后台;
【大分组】:-1989961220;	【小分组】:-24556815;
【日志类型】:普通日志;
【标题】:正在关闭tcp！;
【内容】:;
【createtime】:2017-05-23 01:39:05.641;

【项目】:任务后台;
【大分组】:1240241913;	【小分组】:-947375796;
【日志类型】:普通日志;
【标题】:正在打开tcp...;
【内容】:;
【createtime】:2017-05-23 01:39:05.641;

【项目】:任务后台;
【大分组】:2130653117;	【小分组】:-2144170772;
【日志类型】:普通日志;
【标题】:打开tcp失败！;
【内容】:;
【createtime】:2017-05-23 01:39:06.681;

【项目】:任务后台;
【大分组】:-1989961220;	【小分组】:170076128;
【日志类型】:普通日志;
【标题】:正在关闭tcp！;
【内容】:;
【createtime】:2017-05-23 01:39:16.710;

【项目】:任务后台;
【大分组】:1240241913;	【小分组】:1510074838;
【日志类型】:普通日志;
【标题】:正在打开tcp...;
【内容】:;
【createtime】:2017-05-23 01:39:16.710;

【项目】:任务后台;
【大分组】:2130653117;	【小分组】:2047898371;
【日志类型】:普通日志;
【标题】:打开tcp失败！;
【内容】:;
【createtime】:2017-05-23 01:39:17.764;

【项目】:任务后台;
【大分组】:-1989961220;	【小分组】:1476036326;
【日志类型】:普通日志;
【标题】:正在关闭tcp！;
【内容】:;
【createtime】:2017-05-23 01:39:27.790;

【项目】:任务后台;
【大分组】:1240241913;	【小分组】:-735876842;
【日志类型】:普通日志;
【标题】:正在打开tcp...;
【内容】:;
【createtime】:2017-05-23 01:39:27.790;

【项目】:任务后台;
【大分组】:2130653117;	【小分组】:1818642215;
【日志类型】:普通日志;
【标题】:打开tcp失败！;
【内容】:;
【createtime】:2017-05-23 01:39:28.846;

【项目】:任务后台;
【大分组】:-1989961220;	【小分组】:-1118432655;
【日志类型】:普通日志;
【标题】:正在关闭tcp！;
【内容】:;
【createtime】:2017-05-23 01:39:38.874;

【项目】:任务后台;
【大分组】:1240241913;	【小分组】:66741551;
【日志类型】:普通日志;
【标题】:正在打开tcp...;
【内容】:;
【createtime】:2017-05-23 01:39:38.874;

【项目】:任务后台;
【大分组】:2130653117;	【小分组】:-801500245;
【日志类型】:普通日志;
【标题】:打开tcp失败！;
【内容】:;
【createtime】:2017-05-23 01:39:39.931;

【项目】:任务后台;
【大分组】:-1989961220;	【小分组】:1700101926;
【日志类型】:普通日志;
【标题】:正在关闭tcp！;
【内容】:;
【createtime】:2017-05-23 01:39:49.960;

【项目】:任务后台;
【大分组】:1240241913;	【小分组】:-2099032883;
【日志类型】:普通日志;
【标题】:正在打开tcp...;
【内容】:;
【createtime】:2017-05-23 01:39:49.960;

【项目】:任务后台;
【大分组】:2130653117;	【小分组】:1947279840;
【日志类型】:普通日志;
【标题】:打开tcp失败！;
【内容】:;
【createtime】:2017-05-23 01:39:50.977;

【项目】:任务后台;
【大分组】:-1989961220;	【小分组】:1362830470;
【日志类型】:普通日志;
【标题】:正在关闭tcp！;
【内容】:;
【createtime】:2017-05-23 01:40:01.004;

【项目】:任务后台;
【大分组】:1240241913;	【小分组】:-140702133;
【日志类型】:普通日志;
【标题】:正在打开tcp...;
【内容】:;
【createtime】:2017-05-23 01:40:01.004;

【项目】:任务后台;
【大分组】:2130653117;	【小分组】:1849614571;
【日志类型】:普通日志;
【标题】:打开tcp失败！;
【内容】:;
【createtime】:2017-05-23 01:40:02.064;

【项目】:任务后台;
【大分组】:-1989961220;	【小分组】:-2023420706;
【日志类型】:普通日志;
【标题】:正在关闭tcp！;
【内容】:;
【createtime】:2017-05-23 01:40:12.072;

【项目】:任务后台;
【大分组】:1240241913;	【小分组】:955003420;
【日志类型】:普通日志;
【标题】:正在打开tcp...;
【内容】:;
【createtime】:2017-05-23 01:40:12.072;

【项目】:任务后台;
【大分组】:2130653117;	【小分组】:726934871;
【日志类型】:普通日志;
【标题】:打开tcp失败！;
【内容】:;
【createtime】:2017-05-23 01:40:13.124;

【项目】:任务后台;
【大分组】:-1989961220;	【小分组】:735722247;
【日志类型】:普通日志;
【标题】:正在关闭tcp！;
【内容】:;
【createtime】:2017-05-23 01:40:23.148;

【项目】:任务后台;
【大分组】:1240241913;	【小分组】:158598452;
【日志类型】:普通日志;
【标题】:正在打开tcp...;
【内容】:;
【createtime】:2017-05-23 01:40:23.148;

【项目】:任务后台;
【大分组】:2130653117;	【小分组】:-1228289411;
【日志类型】:普通日志;
【标题】:打开tcp失败！;
【内容】:;
【createtime】:2017-05-23 01:40:24.185;

【项目】:任务后台;
【大分组】:-1989961220;	【小分组】:493837644;
【日志类型】:普通日志;
【标题】:正在关闭tcp！;
【内容】:;
【createtime】:2017-05-23 01:40:34.209;

【项目】:任务后台;
【大分组】:1240241913;	【小分组】:818406778;
【日志类型】:普通日志;
【标题】:正在打开tcp...;
【内容】:;
【createtime】:2017-05-23 01:40:34.209;

【项目】:任务后台;
【大分组】:2130653117;	【小分组】:155691131;
【日志类型】:普通日志;
【标题】:打开tcp失败！;
【内容】:;
【createtime】:2017-05-23 01:40:35.264;

【项目】:任务后台;
【大分组】:-1989961220;	【小分组】:530152302;
【日志类型】:普通日志;
【标题】:正在关闭tcp！;
【内容】:;
【createtime】:2017-05-23 01:40:45.295;

【项目】:任务后台;
【大分组】:1240241913;	【小分组】:1731371098;
【日志类型】:普通日志;
【标题】:正在打开tcp...;
【内容】:;
【createtime】:2017-05-23 01:40:45.295;

【项目】:任务后台;
【大分组】:2130653117;	【小分组】:-697141673;
【日志类型】:普通日志;
【标题】:打开tcp失败！;
【内容】:;
【createtime】:2017-05-23 01:40:46.340;

【项目】:任务后台;
【大分组】:-1989961220;	【小分组】:454488887;
【日志类型】:普通日志;
【标题】:正在关闭tcp！;
【内容】:;
【createtime】:2017-05-23 01:40:56.365;

【项目】:任务后台;
【大分组】:1240241913;	【小分组】:654007033;
【日志类型】:普通日志;
【标题】:正在打开tcp...;
【内容】:;
【createtime】:2017-05-23 01:40:56.365;

【项目】:任务后台;
【大分组】:2130653117;	【小分组】:-952293946;
【日志类型】:普通日志;
【标题】:打开tcp失败！;
【内容】:;
【createtime】:2017-05-23 01:40:57.420;

【项目】:任务后台;
【大分组】:-1989961220;	【小分组】:283331854;
【日志类型】:普通日志;
【标题】:正在关闭tcp！;
【内容】:;
【createtime】:2017-05-23 01:41:07.445;

【项目】:任务后台;
【大分组】:1240241913;	【小分组】:-1322287303;
【日志类型】:普通日志;
【标题】:正在打开tcp...;
【内容】:;
【createtime】:2017-05-23 01:41:07.445;

【项目】:任务后台;
【大分组】:2130653117;	【小分组】:-760800461;
【日志类型】:普通日志;
【标题】:打开tcp失败！;
【内容】:;
【createtime】:2017-05-23 01:41:08.500;

【项目】:任务后台;
【大分组】:-1989961220;	【小分组】:1034363078;
【日志类型】:普通日志;
【标题】:正在关闭tcp！;
【内容】:;
【createtime】:2017-05-23 01:41:18.524;

【项目】:任务后台;
【大分组】:1240241913;	【小分组】:1780282267;
【日志类型】:普通日志;
【标题】:正在打开tcp...;
【内容】:;
【createtime】:2017-05-23 01:41:18.524;

【项目】:任务后台;
【大分组】:2130653117;	【小分组】:1173991678;
【日志类型】:普通日志;
【标题】:打开tcp失败！;
【内容】:;
【createtime】:2017-05-23 01:41:19.579;

【项目】:任务后台;
【大分组】:-1989961220;	【小分组】:626973145;
【日志类型】:普通日志;
【标题】:正在关闭tcp！;
【内容】:;
【createtime】:2017-05-23 01:41:29.605;

【项目】:任务后台;
【大分组】:1240241913;	【小分组】:1794881557;
【日志类型】:普通日志;
【标题】:正在打开tcp...;
【内容】:;
【createtime】:2017-05-23 01:41:29.605;

【项目】:任务后台;
【大分组】:2130653117;	【小分组】:221155264;
【日志类型】:普通日志;
【标题】:打开tcp失败！;
【内容】:;
【createtime】:2017-05-23 01:41:30.660;

【项目】:任务后台;
【大分组】:-1989961220;	【小分组】:387484769;
【日志类型】:普通日志;
【标题】:正在关闭tcp！;
【内容】:;
【createtime】:2017-05-23 01:41:40.686;

【项目】:任务后台;
【大分组】:1240241913;	【小分组】:120542344;
【日志类型】:普通日志;
【标题】:正在打开tcp...;
【内容】:;
【createtime】:2017-05-23 01:41:40.686;

【项目】:任务后台;
【大分组】:2130653117;	【小分组】:714874152;
【日志类型】:普通日志;
【标题】:打开tcp失败！;
【内容】:;
【createtime】:2017-05-23 01:41:41.741;

【项目】:任务后台;
【大分组】:-1989961220;	【小分组】:378799734;
【日志类型】:普通日志;
【标题】:正在关闭tcp！;
【内容】:;
【createtime】:2017-05-23 01:41:51.766;

【项目】:任务后台;
【大分组】:1240241913;	【小分组】:758294500;
【日志类型】:普通日志;
【标题】:正在打开tcp...;
【内容】:;
【createtime】:2017-05-23 01:41:51.766;

【项目】:任务后台;
【大分组】:2130653117;	【小分组】:1303736522;
【日志类型】:普通日志;
【标题】:打开tcp失败！;
【内容】:;
【createtime】:2017-05-23 01:41:52.790;

【项目】:任务后台;
【大分组】:-1989961220;	【小分组】:-1750797568;
【日志类型】:普通日志;
【标题】:正在关闭tcp！;
【内容】:;
【createtime】:2017-05-23 01:42:02.808;

【项目】:任务后台;
【大分组】:1240241913;	【小分组】:1959649538;
【日志类型】:普通日志;
【标题】:正在打开tcp...;
【内容】:;
【createtime】:2017-05-23 01:42:02.808;

【项目】:任务后台;
【大分组】:2130653117;	【小分组】:921569705;
【日志类型】:普通日志;
【标题】:打开tcp失败！;
【内容】:;
【createtime】:2017-05-23 01:42:03.865;

【项目】:任务后台;
【大分组】:-1989961220;	【小分组】:-768588827;
【日志类型】:普通日志;
【标题】:正在关闭tcp！;
【内容】:;
【createtime】:2017-05-23 01:42:13.883;

【项目】:任务后台;
【大分组】:1240241913;	【小分组】:1519465103;
【日志类型】:普通日志;
【标题】:正在打开tcp...;
【内容】:;
【createtime】:2017-05-23 01:42:13.883;

【项目】:任务后台;
【大分组】:2130653117;	【小分组】:1034099499;
【日志类型】:普通日志;
【标题】:打开tcp失败！;
【内容】:;
【createtime】:2017-05-23 01:42:14.939;

【项目】:任务后台;
【大分组】:-1989961220;	【小分组】:-45786948;
【日志类型】:普通日志;
【标题】:正在关闭tcp！;
【内容】:;
【createtime】:2017-05-23 01:42:24.965;

【项目】:任务后台;
【大分组】:1240241913;	【小分组】:1156262189;
【日志类型】:普通日志;
【标题】:正在打开tcp...;
【内容】:;
【createtime】:2017-05-23 01:42:24.965;

【项目】:任务后台;
【大分组】:2130653117;	【小分组】:-1064469368;
【日志类型】:普通日志;
【标题】:打开tcp失败！;
【内容】:;
【createtime】:2017-05-23 01:42:26.019;

【项目】:任务后台;
【大分组】:-1989961220;	【小分组】:-732440369;
【日志类型】:普通日志;
【标题】:正在关闭tcp！;
【内容】:;
【createtime】:2017-05-23 01:42:36.046;

【项目】:任务后台;
【大分组】:1240241913;	【小分组】:1729079259;
【日志类型】:普通日志;
【标题】:正在打开tcp...;
【内容】:;
【createtime】:2017-05-23 01:42:36.046;

【项目】:任务后台;
【大分组】:2130653117;	【小分组】:1495997821;
【日志类型】:普通日志;
【标题】:打开tcp失败！;
【内容】:;
【createtime】:2017-05-23 01:42:37.083;

【项目】:任务后台;
【大分组】:-1989961220;	【小分组】:-341096589;
【日志类型】:普通日志;
【标题】:正在关闭tcp！;
【内容】:;
【createtime】:2017-05-23 01:42:47.107;

【项目】:任务后台;
【大分组】:1240241913;	【小分组】:-297627481;
【日志类型】:普通日志;
【标题】:正在打开tcp...;
【内容】:;
【createtime】:2017-05-23 01:42:47.107;

【项目】:任务后台;
【大分组】:2130653117;	【小分组】:-1839097211;
【日志类型】:普通日志;
【标题】:打开tcp失败！;
【内容】:;
【createtime】:2017-05-23 01:42:48.161;

【项目】:任务后台;
【大分组】:-1989961220;	【小分组】:2145641841;
【日志类型】:普通日志;
【标题】:正在关闭tcp！;
【内容】:;
【createtime】:2017-05-23 01:42:58.186;

【项目】:任务后台;
【大分组】:1240241913;	【小分组】:-195908845;
【日志类型】:普通日志;
【标题】:正在打开tcp...;
【内容】:;
【createtime】:2017-05-23 01:42:58.186;

【项目】:任务后台;
【大分组】:2130653117;	【小分组】:1431484442;
【日志类型】:普通日志;
【标题】:打开tcp失败！;
【内容】:;
【createtime】:2017-05-23 01:42:59.251;

【项目】:任务后台;
【大分组】:-1989961220;	【小分组】:115881004;
【日志类型】:普通日志;
【标题】:正在关闭tcp！;
【内容】:;
【createtime】:2017-05-23 01:43:09.270;

【项目】:任务后台;
【大分组】:1240241913;	【小分组】:-1491321214;
【日志类型】:普通日志;
【标题】:正在打开tcp...;
【内容】:;
【createtime】:2017-05-23 01:43:09.270;

【项目】:任务后台;
【大分组】:2130653117;	【小分组】:2082309452;
【日志类型】:普通日志;
【标题】:打开tcp失败！;
【内容】:;
【createtime】:2017-05-23 01:43:10.292;

【项目】:任务后台;
【大分组】:-1989961220;	【小分组】:-1482450459;
【日志类型】:普通日志;
【标题】:正在关闭tcp！;
【内容】:;
【createtime】:2017-05-23 01:43:20.317;

【项目】:任务后台;
【大分组】:1240241913;	【小分组】:2070377489;
【日志类型】:普通日志;
【标题】:正在打开tcp...;
【内容】:;
【createtime】:2017-05-23 01:43:20.317;

【项目】:任务后台;
【大分组】:2130653117;	【小分组】:-871140905;
【日志类型】:普通日志;
【标题】:打开tcp失败！;
【内容】:;
【createtime】:2017-05-23 01:43:21.336;

【项目】:任务后台;
【大分组】:-1989961220;	【小分组】:-304523712;
【日志类型】:普通日志;
【标题】:正在关闭tcp！;
【内容】:;
【createtime】:2017-05-23 01:43:31.349;

【项目】:任务后台;
【大分组】:1240241913;	【小分组】:1621912231;
【日志类型】:普通日志;
【标题】:正在打开tcp...;
【内容】:;
【createtime】:2017-05-23 01:43:31.349;

【项目】:任务后台;
【大分组】:2130653117;	【小分组】:1041201097;
【日志类型】:普通日志;
【标题】:打开tcp失败！;
【内容】:;
【createtime】:2017-05-23 01:43:32.404;

【项目】:任务后台;
【大分组】:-1989961220;	【小分组】:-620517997;
【日志类型】:普通日志;
【标题】:正在关闭tcp！;
【内容】:;
【createtime】:2017-05-23 01:43:42.416;

【项目】:任务后台;
【大分组】:1240241913;	【小分组】:629735896;
【日志类型】:普通日志;
【标题】:正在打开tcp...;
【内容】:;
【createtime】:2017-05-23 01:43:42.416;

【项目】:任务后台;
【大分组】:2130653117;	【小分组】:-1744167106;
【日志类型】:普通日志;
【标题】:打开tcp失败！;
【内容】:;
【createtime】:2017-05-23 01:43:43.461;

【项目】:任务后台;
【大分组】:-1989961220;	【小分组】:1728816997;
【日志类型】:普通日志;
【标题】:正在关闭tcp！;
【内容】:;
【createtime】:2017-05-23 01:43:53.487;

【项目】:任务后台;
【大分组】:1240241913;	【小分组】:1038117249;
【日志类型】:普通日志;
【标题】:正在打开tcp...;
【内容】:;
【createtime】:2017-05-23 01:43:53.487;

【项目】:任务后台;
【大分组】:2130653117;	【小分组】:-1751029499;
【日志类型】:普通日志;
【标题】:打开tcp失败！;
【内容】:;
【createtime】:2017-05-23 01:43:54.543;

【项目】:任务后台;
【大分组】:-1989961220;	【小分组】:710499087;
【日志类型】:普通日志;
【标题】:正在关闭tcp！;
【内容】:;
【createtime】:2017-05-23 01:44:04.568;

【项目】:任务后台;
【大分组】:1240241913;	【小分组】:-1220197719;
【日志类型】:普通日志;
【标题】:正在打开tcp...;
【内容】:;
【createtime】:2017-05-23 01:44:04.568;

【项目】:任务后台;
【大分组】:2130653117;	【小分组】:1091921164;
【日志类型】:普通日志;
【标题】:打开tcp失败！;
【内容】:;
【createtime】:2017-05-23 01:44:05.623;

【项目】:任务后台;
【大分组】:-1989961220;	【小分组】:230415087;
【日志类型】:普通日志;
【标题】:正在关闭tcp！;
【内容】:;
【createtime】:2017-05-23 01:44:15.650;

【项目】:任务后台;
【大分组】:1240241913;	【小分组】:-108883679;
【日志类型】:普通日志;
【标题】:正在打开tcp...;
【内容】:;
【createtime】:2017-05-23 01:44:15.650;

【项目】:任务后台;
【大分组】:2130653117;	【小分组】:-1912596648;
【日志类型】:普通日志;
【标题】:打开tcp失败！;
【内容】:;
【createtime】:2017-05-23 01:44:16.699;

【项目】:任务后台;
【大分组】:-1989961220;	【小分组】:-680651244;
【日志类型】:普通日志;
【标题】:正在关闭tcp！;
【内容】:;
【createtime】:2017-05-23 01:44:26.722;

【项目】:任务后台;
【大分组】:1240241913;	【小分组】:775184921;
【日志类型】:普通日志;
【标题】:正在打开tcp...;
【内容】:;
【createtime】:2017-05-23 01:44:26.722;

【项目】:任务后台;
【大分组】:2130653117;	【小分组】:1396210739;
【日志类型】:普通日志;
【标题】:打开tcp失败！;
【内容】:;
【createtime】:2017-05-23 01:44:27.776;

【项目】:任务后台;
【大分组】:-1989961220;	【小分组】:-781752736;
【日志类型】:普通日志;
【标题】:正在关闭tcp！;
【内容】:;
【createtime】:2017-05-23 01:44:37.784;

【项目】:任务后台;
【大分组】:1240241913;	【小分组】:589638115;
【日志类型】:普通日志;
【标题】:正在打开tcp...;
【内容】:;
【createtime】:2017-05-23 01:44:37.784;

【项目】:任务后台;
【大分组】:2130653117;	【小分组】:1757988728;
【日志类型】:普通日志;
【标题】:打开tcp失败！;
【内容】:;
【createtime】:2017-05-23 01:44:38.807;

【项目】:任务后台;
【大分组】:-1989961220;	【小分组】:1762136412;
【日志类型】:普通日志;
【标题】:正在关闭tcp！;
【内容】:;
【createtime】:2017-05-23 01:44:48.833;

【项目】:任务后台;
【大分组】:1240241913;	【小分组】:434371864;
【日志类型】:普通日志;
【标题】:正在打开tcp...;
【内容】:;
【createtime】:2017-05-23 01:44:48.833;

【项目】:任务后台;
【大分组】:2130653117;	【小分组】:898757159;
【日志类型】:普通日志;
【标题】:打开tcp失败！;
【内容】:;
【createtime】:2017-05-23 01:44:49.888;

【项目】:任务后台;
【大分组】:-1989961220;	【小分组】:204462168;
【日志类型】:普通日志;
【标题】:正在关闭tcp！;
【内容】:;
【createtime】:2017-05-23 01:44:59.912;

【项目】:任务后台;
【大分组】:1240241913;	【小分组】:2109124237;
【日志类型】:普通日志;
【标题】:正在打开tcp...;
【内容】:;
【createtime】:2017-05-23 01:44:59.912;

【项目】:任务后台;
【大分组】:2130653117;	【小分组】:25530494;
【日志类型】:普通日志;
【标题】:打开tcp失败！;
【内容】:;
【createtime】:2017-05-23 01:45:00.929;

【项目】:任务后台;
【大分组】:-1989961220;	【小分组】:622970319;
【日志类型】:普通日志;
【标题】:正在关闭tcp！;
【内容】:;
【createtime】:2017-05-23 01:45:10.955;

【项目】:任务后台;
【大分组】:1240241913;	【小分组】:-2088336206;
【日志类型】:普通日志;
【标题】:正在打开tcp...;
【内容】:;
【createtime】:2017-05-23 01:45:10.955;

【项目】:任务后台;
【大分组】:2130653117;	【小分组】:-809299109;
【日志类型】:普通日志;
【标题】:打开tcp失败！;
【内容】:;
【createtime】:2017-05-23 01:45:12.009;

