【项目】:任务后台;
【大分组】:1240241913;	【小分组】:37368736;
【日志类型】:普通日志;
【标题】:正在打开tcp...;
【内容】:;
【createtime】:2017-10-25 16:04:09.456;

【项目】:任务后台;
【大分组】:2130653117;	【小分组】:37368736;
【日志类型】:普通日志;
【标题】:打开tcp失败！;
【内容】:;
【createtime】:2017-10-25 16:04:10.516;

【项目】:任务后台;
【大分组】:-1989961220;	【小分组】:764538483;
【日志类型】:普通日志;
【标题】:正在关闭tcp！;
【内容】:;
【createtime】:2017-10-25 16:04:10.530;

【项目】:任务后台;
【大分组】:1240241913;	【小分组】:1905431099;
【日志类型】:普通日志;
【标题】:正在打开tcp...;
【内容】:;
【createtime】:2017-10-25 16:04:10.530;

【项目】:任务后台;
【大分组】:2130653117;	【小分组】:-1052062433;
【日志类型】:普通日志;
【标题】:打开tcp失败！;
【内容】:;
【createtime】:2017-10-25 16:04:11.564;

【项目】:任务后台;
【大分组】:-1989961220;	【小分组】:863355131;
【日志类型】:普通日志;
【标题】:正在关闭tcp！;
【内容】:;
【createtime】:2017-10-25 16:04:21.574;

【项目】:任务后台;
【大分组】:1240241913;	【小分组】:-1657572244;
【日志类型】:普通日志;
【标题】:正在打开tcp...;
【内容】:;
【createtime】:2017-10-25 16:04:21.574;

【项目】:任务后台;
【大分组】:-1280615985;	【小分组】:1914583516;
【日志类型】:普通日志;
【标题】:打开tcp成功！;
【内容】:;
【createtime】:2017-10-25 16:04:21.581;

【项目】:任务后台;
【大分组】:-1989961220;	【小分组】:1675118912;
【日志类型】:普通日志;
【标题】:正在关闭tcp！;
【内容】:;
【createtime】:2017-10-25 16:05:05.718;

【项目】:任务后台;
【大分组】:1240241913;	【小分组】:846603477;
【日志类型】:普通日志;
【标题】:正在打开tcp...;
【内容】:;
【createtime】:2017-10-25 16:05:05.718;

【项目】:任务后台;
【大分组】:2130653117;	【小分组】:-1046620932;
【日志类型】:普通日志;
【标题】:打开tcp失败！;
【内容】:;
【createtime】:2017-10-25 16:05:06.756;

【项目】:任务后台;
【大分组】:-1989961220;	【小分组】:-1424581755;
【日志类型】:普通日志;
【标题】:正在关闭tcp！;
【内容】:;
【createtime】:2017-10-25 16:05:16.800;

【项目】:任务后台;
【大分组】:1240241913;	【小分组】:-1707475459;
【日志类型】:普通日志;
【标题】:正在打开tcp...;
【内容】:;
【createtime】:2017-10-25 16:05:16.800;

【项目】:任务后台;
【大分组】:2130653117;	【小分组】:-1224217084;
【日志类型】:普通日志;
【标题】:打开tcp失败！;
【内容】:;
【createtime】:2017-10-25 16:05:17.849;

【项目】:任务后台;
【大分组】:-1989961220;	【小分组】:593579055;
【日志类型】:普通日志;
【标题】:正在关闭tcp！;
【内容】:;
【createtime】:2017-10-25 16:05:27.887;

【项目】:任务后台;
【大分组】:1240241913;	【小分组】:-1739610590;
【日志类型】:普通日志;
【标题】:正在打开tcp...;
【内容】:;
【createtime】:2017-10-25 16:05:27.887;

【项目】:任务后台;
【大分组】:2130653117;	【小分组】:1964133432;
【日志类型】:普通日志;
【标题】:打开tcp失败！;
【内容】:;
【createtime】:2017-10-25 16:05:28.934;

【项目】:任务后台;
【大分组】:-1989961220;	【小分组】:700875923;
【日志类型】:普通日志;
【标题】:正在关闭tcp！;
【内容】:;
【createtime】:2017-10-25 16:05:38.973;

【项目】:任务后台;
【大分组】:1240241913;	【小分组】:774796927;
【日志类型】:普通日志;
【标题】:正在打开tcp...;
【内容】:;
【createtime】:2017-10-25 16:05:38.973;

【项目】:任务后台;
【大分组】:-1280615985;	【小分组】:2081619186;
【日志类型】:普通日志;
【标题】:打开tcp成功！;
【内容】:;
【createtime】:2017-10-25 16:05:38.973;

【项目】:任务后台;
【大分组】:1240241913;	【小分组】:35104124;
【日志类型】:普通日志;
【标题】:正在打开tcp...;
【内容】:;
【createtime】:2017-10-25 16:21:35.297;

【项目】:任务后台;
【大分组】:-1280615985;	【小分组】:35104124;
【日志类型】:普通日志;
【标题】:打开tcp成功！;
【内容】:;
【createtime】:2017-10-25 16:21:35.300;

【项目】:任务后台;
【大分组】:-1989961220;	【小分组】:-1262546989;
【日志类型】:普通日志;
【标题】:正在关闭tcp！;
【内容】:;
【createtime】:2017-10-25 16:22:42.985;

【项目】:任务后台;
【大分组】:1240241913;	【小分组】:-1960227503;
【日志类型】:普通日志;
【标题】:正在打开tcp...;
【内容】:;
【createtime】:2017-10-25 16:22:42.985;

【项目】:任务后台;
【大分组】:-1280615985;	【小分组】:-667807978;
【日志类型】:普通日志;
【标题】:打开tcp成功！;
【内容】:;
【createtime】:2017-10-25 16:22:42.985;

【项目】:任务后台;
【大分组】:-1989961220;	【小分组】:1112566776;
【日志类型】:普通日志;
【标题】:正在关闭tcp！;
【内容】:;
【createtime】:2017-10-25 16:23:34.550;

【项目】:任务后台;
【大分组】:1240241913;	【小分组】:-2143094692;
【日志类型】:普通日志;
【标题】:正在打开tcp...;
【内容】:;
【createtime】:2017-10-25 16:23:34.550;

【项目】:任务后台;
【大分组】:-1280615985;	【小分组】:520828097;
【日志类型】:普通日志;
【标题】:打开tcp成功！;
【内容】:;
【createtime】:2017-10-25 16:23:34.565;

【项目】:任务后台;
【大分组】:1240241913;	【小分组】:6968762;
【日志类型】:普通日志;
【标题】:正在打开tcp...;
【内容】:;
【createtime】:2017-10-25 16:28:34.900;

【项目】:任务后台;
【大分组】:-1280615985;	【小分组】:6968762;
【日志类型】:普通日志;
【标题】:打开tcp成功！;
【内容】:;
【createtime】:2017-10-25 16:28:34.900;

【项目】:任务后台;
【大分组】:1240241913;	【小分组】:24861802;
【日志类型】:普通日志;
【标题】:正在打开tcp...;
【内容】:;
【createtime】:2017-10-25 16:31:16.650;

【项目】:任务后台;
【大分组】:-1280615985;	【小分组】:24861802;
【日志类型】:普通日志;
【标题】:打开tcp成功！;
【内容】:;
【createtime】:2017-10-25 16:31:16.650;

【项目】:任务后台;
【大分组】:-1989961220;	【小分组】:-330474886;
【日志类型】:普通日志;
【标题】:正在关闭tcp！;
【内容】:;
【createtime】:2017-10-25 16:31:48.784;

【项目】:任务后台;
【大分组】:1240241913;	【小分组】:-1611911570;
【日志类型】:普通日志;
【标题】:正在打开tcp...;
【内容】:;
【createtime】:2017-10-25 16:31:48.784;

【项目】:任务后台;
【大分组】:2130653117;	【小分组】:-1980415175;
【日志类型】:普通日志;
【标题】:打开tcp失败！;
【内容】:;
【createtime】:2017-10-25 16:31:49.788;

【项目】:任务后台;
【大分组】:-1989961220;	【小分组】:-1568882453;
【日志类型】:普通日志;
【标题】:正在关闭tcp！;
【内容】:;
【createtime】:2017-10-25 16:31:59.795;

【项目】:任务后台;
【大分组】:1240241913;	【小分组】:587088747;
【日志类型】:普通日志;
【标题】:正在打开tcp...;
【内容】:;
【createtime】:2017-10-25 16:31:59.795;

【项目】:任务后台;
【大分组】:2130653117;	【小分组】:833882257;
【日志类型】:普通日志;
【标题】:打开tcp失败！;
【内容】:;
【createtime】:2017-10-25 16:32:00.807;

【项目】:任务后台;
【大分组】:-1989961220;	【小分组】:-1683308310;
【日志类型】:普通日志;
【标题】:正在关闭tcp！;
【内容】:;
【createtime】:2017-10-25 16:32:10.827;

【项目】:任务后台;
【大分组】:1240241913;	【小分组】:1152829611;
【日志类型】:普通日志;
【标题】:正在打开tcp...;
【内容】:;
【createtime】:2017-10-25 16:32:10.827;

【项目】:任务后台;
【大分组】:2130653117;	【小分组】:-1202199848;
【日志类型】:普通日志;
【标题】:打开tcp失败！;
【内容】:;
【createtime】:2017-10-25 16:32:11.832;

【项目】:任务后台;
【大分组】:-1989961220;	【小分组】:1753969932;
【日志类型】:普通日志;
【标题】:正在关闭tcp！;
【内容】:;
【createtime】:2017-10-25 16:32:21.854;

【项目】:任务后台;
【大分组】:1240241913;	【小分组】:-105805043;
【日志类型】:普通日志;
【标题】:正在打开tcp...;
【内容】:;
【createtime】:2017-10-25 16:32:21.854;

【项目】:任务后台;
【大分组】:2130653117;	【小分组】:392476413;
【日志类型】:普通日志;
【标题】:打开tcp失败！;
【内容】:;
【createtime】:2017-10-25 16:32:22.885;

【项目】:任务后台;
【大分组】:-1989961220;	【小分组】:670146286;
【日志类型】:普通日志;
【标题】:正在关闭tcp！;
【内容】:;
【createtime】:2017-10-25 16:32:32.912;

【项目】:任务后台;
【大分组】:1240241913;	【小分组】:26651296;
【日志类型】:普通日志;
【标题】:正在打开tcp...;
【内容】:;
【createtime】:2017-10-25 16:32:32.912;

【项目】:任务后台;
【大分组】:2130653117;	【小分组】:-1590914651;
【日志类型】:普通日志;
【标题】:打开tcp失败！;
【内容】:;
【createtime】:2017-10-25 16:32:33.915;

【项目】:任务后台;
【大分组】:-1989961220;	【小分组】:1695275971;
【日志类型】:普通日志;
【标题】:正在关闭tcp！;
【内容】:;
【createtime】:2017-10-25 16:32:43.931;

【项目】:任务后台;
【大分组】:1240241913;	【小分组】:1853358190;
【日志类型】:普通日志;
【标题】:正在打开tcp...;
【内容】:;
【createtime】:2017-10-25 16:32:43.931;

【项目】:任务后台;
【大分组】:2130653117;	【小分组】:2075001750;
【日志类型】:普通日志;
【标题】:打开tcp失败！;
【内容】:;
【createtime】:2017-10-25 16:32:44.947;

【项目】:任务后台;
【大分组】:-1989961220;	【小分组】:525865088;
【日志类型】:普通日志;
【标题】:正在关闭tcp！;
【内容】:;
【createtime】:2017-10-25 16:32:54.977;

【项目】:任务后台;
【大分组】:1240241913;	【小分组】:-1915312286;
【日志类型】:普通日志;
【标题】:正在打开tcp...;
【内容】:;
【createtime】:2017-10-25 16:32:54.977;

【项目】:任务后台;
【大分组】:2130653117;	【小分组】:1605594700;
【日志类型】:普通日志;
【标题】:打开tcp失败！;
【内容】:;
【createtime】:2017-10-25 16:32:55.992;

【项目】:任务后台;
【大分组】:-1989961220;	【小分组】:-795707545;
【日志类型】:普通日志;
【标题】:正在关闭tcp！;
【内容】:;
【createtime】:2017-10-25 16:33:06.018;

【项目】:任务后台;
【大分组】:1240241913;	【小分组】:-2133114661;
【日志类型】:普通日志;
【标题】:正在打开tcp...;
【内容】:;
【createtime】:2017-10-25 16:33:06.018;

【项目】:任务后台;
【大分组】:2130653117;	【小分组】:1082997340;
【日志类型】:普通日志;
【标题】:打开tcp失败！;
【内容】:;
【createtime】:2017-10-25 16:33:07.039;

【项目】:任务后台;
【大分组】:-1989961220;	【小分组】:2063025527;
【日志类型】:普通日志;
【标题】:正在关闭tcp！;
【内容】:;
【createtime】:2017-10-25 16:33:17.067;

【项目】:任务后台;
【大分组】:1240241913;	【小分组】:-801457639;
【日志类型】:普通日志;
【标题】:正在打开tcp...;
【内容】:;
【createtime】:2017-10-25 16:33:17.067;

【项目】:任务后台;
【大分组】:2130653117;	【小分组】:1972784728;
【日志类型】:普通日志;
【标题】:打开tcp失败！;
【内容】:;
【createtime】:2017-10-25 16:33:18.076;

【项目】:任务后台;
【大分组】:-1989961220;	【小分组】:-153909039;
【日志类型】:普通日志;
【标题】:正在关闭tcp！;
【内容】:;
【createtime】:2017-10-25 16:33:28.104;

【项目】:任务后台;
【大分组】:1240241913;	【小分组】:893971530;
【日志类型】:普通日志;
【标题】:正在打开tcp...;
【内容】:;
【createtime】:2017-10-25 16:33:28.104;

【项目】:任务后台;
【大分组】:2130653117;	【小分组】:525544774;
【日志类型】:普通日志;
【标题】:打开tcp失败！;
【内容】:;
【createtime】:2017-10-25 16:33:29.112;

【项目】:任务后台;
【大分组】:-1989961220;	【小分组】:-540869517;
【日志类型】:普通日志;
【标题】:正在关闭tcp！;
【内容】:;
【createtime】:2017-10-25 16:33:39.143;

【项目】:任务后台;
【大分组】:1240241913;	【小分组】:-623311547;
【日志类型】:普通日志;
【标题】:正在打开tcp...;
【内容】:;
【createtime】:2017-10-25 16:33:39.143;

【项目】:任务后台;
【大分组】:2130653117;	【小分组】:1817336365;
【日志类型】:普通日志;
【标题】:打开tcp失败！;
【内容】:;
【createtime】:2017-10-25 16:33:40.158;

【项目】:任务后台;
【大分组】:-1989961220;	【小分组】:1975357570;
【日志类型】:普通日志;
【标题】:正在关闭tcp！;
【内容】:;
【createtime】:2017-10-25 16:33:50.182;

【项目】:任务后台;
【大分组】:1240241913;	【小分组】:1329013991;
【日志类型】:普通日志;
【标题】:正在打开tcp...;
【内容】:;
【createtime】:2017-10-25 16:33:50.182;

【项目】:任务后台;
【大分组】:2130653117;	【小分组】:329205153;
【日志类型】:普通日志;
【标题】:打开tcp失败！;
【内容】:;
【createtime】:2017-10-25 16:33:51.213;

【项目】:任务后台;
【大分组】:-1989961220;	【小分组】:-885460633;
【日志类型】:普通日志;
【标题】:正在关闭tcp！;
【内容】:;
【createtime】:2017-10-25 16:34:01.219;

【项目】:任务后台;
【大分组】:1240241913;	【小分组】:-1685747339;
【日志类型】:普通日志;
【标题】:正在打开tcp...;
【内容】:;
【createtime】:2017-10-25 16:34:01.219;

【项目】:任务后台;
【大分组】:2130653117;	【小分组】:1388523173;
【日志类型】:普通日志;
【标题】:打开tcp失败！;
【内容】:;
【createtime】:2017-10-25 16:34:02.225;

【项目】:任务后台;
【大分组】:-1989961220;	【小分组】:1334951503;
【日志类型】:普通日志;
【标题】:正在关闭tcp！;
【内容】:;
【createtime】:2017-10-25 16:34:12.248;

【项目】:任务后台;
【大分组】:1240241913;	【小分组】:-942145235;
【日志类型】:普通日志;
【标题】:正在打开tcp...;
【内容】:;
【createtime】:2017-10-25 16:34:12.248;

【项目】:任务后台;
【大分组】:2130653117;	【小分组】:910413802;
【日志类型】:普通日志;
【标题】:打开tcp失败！;
【内容】:;
【createtime】:2017-10-25 16:34:13.265;

【项目】:任务后台;
【大分组】:1240241913;	【小分组】:35104124;
【日志类型】:普通日志;
【标题】:正在打开tcp...;
【内容】:;
【createtime】:2017-10-25 16:34:28.771;

【项目】:任务后台;
【大分组】:2130653117;	【小分组】:35104124;
【日志类型】:普通日志;
【标题】:打开tcp失败！;
【内容】:;
【createtime】:2017-10-25 16:34:29.847;

【项目】:任务后台;
【大分组】:-1989961220;	【小分组】:-1264611390;
【日志类型】:普通日志;
【标题】:正在关闭tcp！;
【内容】:;
【createtime】:2017-10-25 16:34:29.884;

【项目】:任务后台;
【大分组】:1240241913;	【小分组】:1281439658;
【日志类型】:普通日志;
【标题】:正在打开tcp...;
【内容】:;
【createtime】:2017-10-25 16:34:29.884;

【项目】:任务后台;
【大分组】:2130653117;	【小分组】:1774082525;
【日志类型】:普通日志;
【标题】:打开tcp失败！;
【内容】:;
【createtime】:2017-10-25 16:34:30.918;

【项目】:任务后台;
【大分组】:-1989961220;	【小分组】:-1663084809;
【日志类型】:普通日志;
【标题】:正在关闭tcp！;
【内容】:;
【createtime】:2017-10-25 16:34:43.397;

【项目】:任务后台;
【大分组】:1240241913;	【小分组】:1526207462;
【日志类型】:普通日志;
【标题】:正在打开tcp...;
【内容】:;
【createtime】:2017-10-25 16:34:43.397;

【项目】:任务后台;
【大分组】:2130653117;	【小分组】:299583954;
【日志类型】:普通日志;
【标题】:打开tcp失败！;
【内容】:;
【createtime】:2017-10-25 16:34:44.524;

【项目】:任务后台;
【大分组】:-1989961220;	【小分组】:-704772632;
【日志类型】:普通日志;
【标题】:正在关闭tcp！;
【内容】:;
【createtime】:2017-10-25 16:34:58.938;

【项目】:任务后台;
【大分组】:1240241913;	【小分组】:-420479435;
【日志类型】:普通日志;
【标题】:正在打开tcp...;
【内容】:;
【createtime】:2017-10-25 16:34:58.938;

【项目】:任务后台;
【大分组】:2130653117;	【小分组】:-2119679610;
【日志类型】:普通日志;
【标题】:打开tcp失败！;
【内容】:;
【createtime】:2017-10-25 16:34:59.969;

【项目】:任务后台;
【大分组】:1240241913;	【小分组】:24861802;
【日志类型】:普通日志;
【标题】:正在打开tcp...;
【内容】:;
【createtime】:2017-10-25 16:35:08.991;

【项目】:任务后台;
【大分组】:2130653117;	【小分组】:24861802;
【日志类型】:普通日志;
【标题】:打开tcp失败！;
【内容】:;
【createtime】:2017-10-25 16:35:10.007;

【项目】:任务后台;
【大分组】:-1989961220;	【小分组】:-429456285;
【日志类型】:普通日志;
【标题】:正在关闭tcp！;
【内容】:;
【createtime】:2017-10-25 16:35:10.007;

【项目】:任务后台;
【大分组】:1240241913;	【小分组】:-768916430;
【日志类型】:普通日志;
【标题】:正在打开tcp...;
【内容】:;
【createtime】:2017-10-25 16:35:10.007;

【项目】:任务后台;
【大分组】:-1280615985;	【小分组】:-1556672175;
【日志类型】:普通日志;
【标题】:打开tcp成功！;
【内容】:;
【createtime】:2017-10-25 16:35:10.522;

【项目】:任务后台;
【大分组】:1240241913;	【小分组】:35104124;
【日志类型】:普通日志;
【标题】:正在打开tcp...;
【内容】:;
【createtime】:2017-10-25 16:35:27.432;

【项目】:任务后台;
【大分组】:-1280615985;	【小分组】:35104124;
【日志类型】:普通日志;
【标题】:打开tcp成功！;
【内容】:;
【createtime】:2017-10-25 16:35:27.435;

【项目】:任务后台;
【大分组】:1240241913;	【小分组】:35104124;
【日志类型】:普通日志;
【标题】:正在打开tcp...;
【内容】:;
【createtime】:2017-10-25 16:37:28.571;

【项目】:任务后台;
【大分组】:-1280615985;	【小分组】:35104124;
【日志类型】:普通日志;
【标题】:打开tcp成功！;
【内容】:;
【createtime】:2017-10-25 16:37:28.574;

【项目】:任务后台;
【大分组】:1240241913;	【小分组】:24861802;
【日志类型】:普通日志;
【标题】:正在打开tcp...;
【内容】:;
【createtime】:2017-10-25 17:51:33.184;

【项目】:任务后台;
【大分组】:2130653117;	【小分组】:24861802;
【日志类型】:普通日志;
【标题】:打开tcp失败！;
【内容】:;
【createtime】:2017-10-25 17:51:34.206;

【项目】:任务后台;
【大分组】:-1989961220;	【小分组】:216963010;
【日志类型】:普通日志;
【标题】:正在关闭tcp！;
【内容】:;
【createtime】:2017-10-25 17:51:34.206;

【项目】:任务后台;
【大分组】:1240241913;	【小分组】:280583103;
【日志类型】:普通日志;
【标题】:正在打开tcp...;
【内容】:;
【createtime】:2017-10-25 17:51:34.206;

【项目】:任务后台;
【大分组】:-1280615985;	【小分组】:339618363;
【日志类型】:普通日志;
【标题】:打开tcp成功！;
【内容】:;
【createtime】:2017-10-25 17:51:34.722;

【项目】:任务后台;
【大分组】:1240241913;	【小分组】:37368736;
【日志类型】:普通日志;
【标题】:正在打开tcp...;
【内容】:;
【createtime】:2017-10-25 17:54:13.248;

【项目】:任务后台;
【大分组】:-1280615985;	【小分组】:37368736;
【日志类型】:普通日志;
【标题】:打开tcp成功！;
【内容】:;
【createtime】:2017-10-25 17:54:13.251;

【项目】:任务后台;
【大分组】:1240241913;	【小分组】:24861802;
【日志类型】:普通日志;
【标题】:正在打开tcp...;
【内容】:;
【createtime】:2017-10-25 18:00:37.466;

【项目】:任务后台;
【大分组】:2130653117;	【小分组】:24861802;
【日志类型】:普通日志;
【标题】:打开tcp失败！;
【内容】:;
【createtime】:2017-10-25 18:00:38.482;

【项目】:任务后台;
【大分组】:-1989961220;	【小分组】:-679600989;
【日志类型】:普通日志;
【标题】:正在关闭tcp！;
【内容】:;
【createtime】:2017-10-25 18:00:38.482;

【项目】:任务后台;
【大分组】:1240241913;	【小分组】:-731847676;
【日志类型】:普通日志;
【标题】:正在打开tcp...;
【内容】:;
【createtime】:2017-10-25 18:00:38.482;

【项目】:任务后台;
【大分组】:2130653117;	【小分组】:-728648585;
【日志类型】:普通日志;
【标题】:打开tcp失败！;
【内容】:;
【createtime】:2017-10-25 18:00:39.498;

【项目】:任务后台;
【大分组】:-1989961220;	【小分组】:-1718888941;
【日志类型】:普通日志;
【标题】:正在关闭tcp！;
【内容】:;
【createtime】:2017-10-25 18:00:49.511;

【项目】:任务后台;
【大分组】:1240241913;	【小分组】:1311062628;
【日志类型】:普通日志;
【标题】:正在打开tcp...;
【内容】:;
【createtime】:2017-10-25 18:00:49.511;

【项目】:任务后台;
【大分组】:-1280615985;	【小分组】:-615649114;
【日志类型】:普通日志;
【标题】:打开tcp成功！;
【内容】:;
【createtime】:2017-10-25 18:00:49.511;

【项目】:任务后台;
【大分组】:1240241913;	【小分组】:35104124;
【日志类型】:普通日志;
【标题】:正在打开tcp...;
【内容】:;
【createtime】:2017-10-25 18:02:11.305;

【项目】:任务后台;
【大分组】:-1280615985;	【小分组】:35104124;
【日志类型】:普通日志;
【标题】:打开tcp成功！;
【内容】:;
【createtime】:2017-10-25 18:02:11.307;

