【项目】:任务后台;
【大分组】:1240241913;	【小分组】:37368736;
【日志类型】:普通日志;
【标题】:正在打开tcp...;
【内容】:;
【createtime】:2017-09-22 10:39:07.121;

【项目】:任务后台;
【大分组】:2130653117;	【小分组】:37368736;
【日志类型】:普通日志;
【标题】:打开tcp失败！;
【内容】:;
【createtime】:2017-09-22 10:39:08.231;

【项目】:任务后台;
【大分组】:-1989961220;	【小分组】:279536589;
【日志类型】:普通日志;
【标题】:正在关闭tcp！;
【内容】:;
【createtime】:2017-09-22 10:39:08.299;

【项目】:任务后台;
【大分组】:1240241913;	【小分组】:-1437562851;
【日志类型】:普通日志;
【标题】:正在打开tcp...;
【内容】:;
【createtime】:2017-09-22 10:39:08.299;

【项目】:任务后台;
【大分组】:2130653117;	【小分组】:1752730910;
【日志类型】:普通日志;
【标题】:打开tcp失败！;
【内容】:;
【createtime】:2017-09-22 10:39:09.336;

【项目】:任务后台;
【大分组】:-1989961220;	【小分组】:-442904833;
【日志类型】:普通日志;
【标题】:正在关闭tcp！;
【内容】:;
【createtime】:2017-09-22 10:39:19.364;

【项目】:任务后台;
【大分组】:1240241913;	【小分组】:534922708;
【日志类型】:普通日志;
【标题】:正在打开tcp...;
【内容】:;
【createtime】:2017-09-22 10:39:19.364;

【项目】:任务后台;
【大分组】:2130653117;	【小分组】:588800685;
【日志类型】:普通日志;
【标题】:打开tcp失败！;
【内容】:;
【createtime】:2017-09-22 10:39:20.432;

【项目】:任务后台;
【大分组】:-1989961220;	【小分组】:-1251742106;
【日志类型】:普通日志;
【标题】:正在关闭tcp！;
【内容】:;
【createtime】:2017-09-22 10:39:30.459;

【项目】:任务后台;
【大分组】:1240241913;	【小分组】:1296221275;
【日志类型】:普通日志;
【标题】:正在打开tcp...;
【内容】:;
【createtime】:2017-09-22 10:39:30.459;

【项目】:任务后台;
【大分组】:2130653117;	【小分组】:-2021388503;
【日志类型】:普通日志;
【标题】:打开tcp失败！;
【内容】:;
【createtime】:2017-09-22 10:39:31.525;

【项目】:任务后台;
【大分组】:-1989961220;	【小分组】:-1528881378;
【日志类型】:普通日志;
【标题】:正在关闭tcp！;
【内容】:;
【createtime】:2017-09-22 10:39:41.565;

【项目】:任务后台;
【大分组】:1240241913;	【小分组】:2035129174;
【日志类型】:普通日志;
【标题】:正在打开tcp...;
【内容】:;
【createtime】:2017-09-22 10:39:41.565;

【项目】:任务后台;
【大分组】:-1280615985;	【小分组】:-814363662;
【日志类型】:普通日志;
【标题】:打开tcp成功！;
【内容】:;
【createtime】:2017-09-22 10:39:42.081;

【项目】:任务后台;
【大分组】:1240241913;	【小分组】:35104124;
【日志类型】:普通日志;
【标题】:正在打开tcp...;
【内容】:;
【createtime】:2017-09-22 10:44:41.798;

【项目】:任务后台;
【大分组】:2130653117;	【小分组】:35104124;
【日志类型】:普通日志;
【标题】:打开tcp失败！;
【内容】:;
【createtime】:2017-09-22 10:44:42.891;

【项目】:任务后台;
【大分组】:-1989961220;	【小分组】:733726879;
【日志类型】:普通日志;
【标题】:正在关闭tcp！;
【内容】:;
【createtime】:2017-09-22 10:44:42.935;

【项目】:任务后台;
【大分组】:1240241913;	【小分组】:-1465984082;
【日志类型】:普通日志;
【标题】:正在打开tcp...;
【内容】:;
【createtime】:2017-09-22 10:44:42.935;

【项目】:任务后台;
【大分组】:2130653117;	【小分组】:-696093018;
【日志类型】:普通日志;
【标题】:打开tcp失败！;
【内容】:;
【createtime】:2017-09-22 10:44:43.968;

【项目】:任务后台;
【大分组】:-1989961220;	【小分组】:1062745031;
【日志类型】:普通日志;
【标题】:正在关闭tcp！;
【内容】:;
【createtime】:2017-09-22 10:44:53.993;

【项目】:任务后台;
【大分组】:1240241913;	【小分组】:1246217485;
【日志类型】:普通日志;
【标题】:正在打开tcp...;
【内容】:;
【createtime】:2017-09-22 10:44:53.993;

【项目】:任务后台;
【大分组】:-1280615985;	【小分组】:-1829328185;
【日志类型】:普通日志;
【标题】:打开tcp成功！;
【内容】:;
【createtime】:2017-09-22 10:44:53.993;

【项目】:任务后台;
【大分组】:1240241913;	【小分组】:35104124;
【日志类型】:普通日志;
【标题】:正在打开tcp...;
【内容】:;
【createtime】:2017-09-22 10:47:36.135;

【项目】:任务后台;
【大分组】:2130653117;	【小分组】:35104124;
【日志类型】:普通日志;
【标题】:打开tcp失败！;
【内容】:;
【createtime】:2017-09-22 10:47:37.224;

【项目】:任务后台;
【大分组】:-1989961220;	【小分组】:-1312002484;
【日志类型】:普通日志;
【标题】:正在关闭tcp！;
【内容】:;
【createtime】:2017-09-22 10:47:37.268;

【项目】:任务后台;
【大分组】:1240241913;	【小分组】:-1014951965;
【日志类型】:普通日志;
【标题】:正在打开tcp...;
【内容】:;
【createtime】:2017-09-22 10:47:37.268;

【项目】:任务后台;
【大分组】:2130653117;	【小分组】:1336582627;
【日志类型】:普通日志;
【标题】:打开tcp失败！;
【内容】:;
【createtime】:2017-09-22 10:47:38.332;

【项目】:任务后台;
【大分组】:-1989961220;	【小分组】:290738078;
【日志类型】:普通日志;
【标题】:正在关闭tcp！;
【内容】:;
【createtime】:2017-09-22 10:47:48.359;

【项目】:任务后台;
【大分组】:1240241913;	【小分组】:1091134167;
【日志类型】:普通日志;
【标题】:正在打开tcp...;
【内容】:;
【createtime】:2017-09-22 10:47:48.359;

【项目】:任务后台;
【大分组】:2130653117;	【小分组】:-1053464862;
【日志类型】:普通日志;
【标题】:打开tcp失败！;
【内容】:;
【createtime】:2017-09-22 10:47:49.390;

【项目】:任务后台;
【大分组】:-1989961220;	【小分组】:-192739452;
【日志类型】:普通日志;
【标题】:正在关闭tcp！;
【内容】:;
【createtime】:2017-09-22 10:47:59.428;

【项目】:任务后台;
【大分组】:1240241913;	【小分组】:-945724548;
【日志类型】:普通日志;
【标题】:正在打开tcp...;
【内容】:;
【createtime】:2017-09-22 10:47:59.428;

【项目】:任务后台;
【大分组】:2130653117;	【小分组】:-228936278;
【日志类型】:普通日志;
【标题】:打开tcp失败！;
【内容】:;
【createtime】:2017-09-22 10:48:00.488;

【项目】:任务后台;
【大分组】:-1989961220;	【小分组】:1980357910;
【日志类型】:普通日志;
【标题】:正在关闭tcp！;
【内容】:;
【createtime】:2017-09-22 10:48:10.523;

【项目】:任务后台;
【大分组】:1240241913;	【小分组】:-1158168352;
【日志类型】:普通日志;
【标题】:正在打开tcp...;
【内容】:;
【createtime】:2017-09-22 10:48:10.523;

【项目】:任务后台;
【大分组】:-1280615985;	【小分组】:-1905315120;
【日志类型】:普通日志;
【标题】:打开tcp成功！;
【内容】:;
【createtime】:2017-09-22 10:48:10.523;

【项目】:任务后台;
【大分组】:1240241913;	【小分组】:35104124;
【日志类型】:普通日志;
【标题】:正在打开tcp...;
【内容】:;
【createtime】:2017-09-22 10:58:56.590;

【项目】:任务后台;
【大分组】:2130653117;	【小分组】:35104124;
【日志类型】:普通日志;
【标题】:打开tcp失败！;
【内容】:;
【createtime】:2017-09-22 10:58:57.691;

【项目】:任务后台;
【大分组】:-1989961220;	【小分组】:-121326988;
【日志类型】:普通日志;
【标题】:正在关闭tcp！;
【内容】:;
【createtime】:2017-09-22 10:58:57.735;

【项目】:任务后台;
【大分组】:1240241913;	【小分组】:-678507974;
【日志类型】:普通日志;
【标题】:正在打开tcp...;
【内容】:;
【createtime】:2017-09-22 10:58:57.735;

【项目】:任务后台;
【大分组】:2130653117;	【小分组】:1839088902;
【日志类型】:普通日志;
【标题】:打开tcp失败！;
【内容】:;
【createtime】:2017-09-22 10:58:58.797;

【项目】:任务后台;
【大分组】:-1989961220;	【小分组】:460333613;
【日志类型】:普通日志;
【标题】:正在关闭tcp！;
【内容】:;
【createtime】:2017-09-22 10:59:08.828;

【项目】:任务后台;
【大分组】:1240241913;	【小分组】:-16945295;
【日志类型】:普通日志;
【标题】:正在打开tcp...;
【内容】:;
【createtime】:2017-09-22 10:59:08.828;

【项目】:任务后台;
【大分组】:2130653117;	【小分组】:1504232169;
【日志类型】:普通日志;
【标题】:打开tcp失败！;
【内容】:;
【createtime】:2017-09-22 10:59:09.895;

【项目】:任务后台;
【大分组】:-1989961220;	【小分组】:-1143678746;
【日志类型】:普通日志;
【标题】:正在关闭tcp！;
【内容】:;
【createtime】:2017-09-22 10:59:19.932;

【项目】:任务后台;
【大分组】:1240241913;	【小分组】:-830386089;
【日志类型】:普通日志;
【标题】:正在打开tcp...;
【内容】:;
【createtime】:2017-09-22 10:59:19.932;

【项目】:任务后台;
【大分组】:2130653117;	【小分组】:-1002842756;
【日志类型】:普通日志;
【标题】:打开tcp失败！;
【内容】:;
【createtime】:2017-09-22 10:59:20.988;

【项目】:任务后台;
【大分组】:-1989961220;	【小分组】:97533935;
【日志类型】:普通日志;
【标题】:正在关闭tcp！;
【内容】:;
【createtime】:2017-09-22 10:59:31.034;

【项目】:任务后台;
【大分组】:1240241913;	【小分组】:-1192945593;
【日志类型】:普通日志;
【标题】:正在打开tcp...;
【内容】:;
【createtime】:2017-09-22 10:59:31.034;

【项目】:任务后台;
【大分组】:2130653117;	【小分组】:-246923103;
【日志类型】:普通日志;
【标题】:打开tcp失败！;
【内容】:;
【createtime】:2017-09-22 10:59:32.071;

【项目】:任务后台;
【大分组】:-1989961220;	【小分组】:-352695809;
【日志类型】:普通日志;
【标题】:正在关闭tcp！;
【内容】:;
【createtime】:2017-09-22 10:59:42.114;

【项目】:任务后台;
【大分组】:1240241913;	【小分组】:1013262204;
【日志类型】:普通日志;
【标题】:正在打开tcp...;
【内容】:;
【createtime】:2017-09-22 10:59:42.114;

【项目】:任务后台;
【大分组】:2130653117;	【小分组】:-1884332317;
【日志类型】:普通日志;
【标题】:打开tcp失败！;
【内容】:;
【createtime】:2017-09-22 10:59:43.150;

【项目】:任务后台;
【大分组】:-1989961220;	【小分组】:-1785776466;
【日志类型】:普通日志;
【标题】:正在关闭tcp！;
【内容】:;
【createtime】:2017-09-22 10:59:53.182;

【项目】:任务后台;
【大分组】:1240241913;	【小分组】:1366110520;
【日志类型】:普通日志;
【标题】:正在打开tcp...;
【内容】:;
【createtime】:2017-09-22 10:59:53.182;

【项目】:任务后台;
【大分组】:-1280615985;	【小分组】:-2006370278;
【日志类型】:普通日志;
【标题】:打开tcp成功！;
【内容】:;
【createtime】:2017-09-22 10:59:53.182;

【项目】:任务后台;
【大分组】:1240241913;	【小分组】:35104124;
【日志类型】:普通日志;
【标题】:正在打开tcp...;
【内容】:;
【createtime】:2017-09-22 11:19:12.108;

【项目】:任务后台;
【大分组】:2130653117;	【小分组】:35104124;
【日志类型】:普通日志;
【标题】:打开tcp失败！;
【内容】:;
【createtime】:2017-09-22 11:19:13.195;

【项目】:任务后台;
【大分组】:-1989961220;	【小分组】:1059211289;
【日志类型】:普通日志;
【标题】:正在关闭tcp！;
【内容】:;
【createtime】:2017-09-22 11:19:13.238;

【项目】:任务后台;
【大分组】:1240241913;	【小分组】:1459258850;
【日志类型】:普通日志;
【标题】:正在打开tcp...;
【内容】:;
【createtime】:2017-09-22 11:19:13.238;

【项目】:任务后台;
【大分组】:2130653117;	【小分组】:688696769;
【日志类型】:普通日志;
【标题】:打开tcp失败！;
【内容】:;
【createtime】:2017-09-22 11:19:14.450;

【项目】:任务后台;
【大分组】:-1989961220;	【小分组】:-664819934;
【日志类型】:普通日志;
【标题】:正在关闭tcp！;
【内容】:;
【createtime】:2017-09-22 11:19:24.476;

【项目】:任务后台;
【大分组】:1240241913;	【小分组】:-2125603885;
【日志类型】:普通日志;
【标题】:正在打开tcp...;
【内容】:;
【createtime】:2017-09-22 11:19:24.476;

【项目】:任务后台;
【大分组】:2130653117;	【小分组】:381539841;
【日志类型】:普通日志;
【标题】:打开tcp失败！;
【内容】:;
【createtime】:2017-09-22 11:19:25.529;

【项目】:任务后台;
【大分组】:-1989961220;	【小分组】:1826072503;
【日志类型】:普通日志;
【标题】:正在关闭tcp！;
【内容】:;
【createtime】:2017-09-22 11:19:35.556;

【项目】:任务后台;
【大分组】:1240241913;	【小分组】:130431735;
【日志类型】:普通日志;
【标题】:正在打开tcp...;
【内容】:;
【createtime】:2017-09-22 11:19:35.556;

【项目】:任务后台;
【大分组】:2130653117;	【小分组】:-45509600;
【日志类型】:普通日志;
【标题】:打开tcp失败！;
【内容】:;
【createtime】:2017-09-22 11:19:36.615;

【项目】:任务后台;
【大分组】:-1989961220;	【小分组】:948005485;
【日志类型】:普通日志;
【标题】:正在关闭tcp！;
【内容】:;
【createtime】:2017-09-22 11:19:46.642;

【项目】:任务后台;
【大分组】:1240241913;	【小分组】:1015714717;
【日志类型】:普通日志;
【标题】:正在打开tcp...;
【内容】:;
【createtime】:2017-09-22 11:19:46.642;

【项目】:任务后台;
【大分组】:2130653117;	【小分组】:1470091907;
【日志类型】:普通日志;
【标题】:打开tcp失败！;
【内容】:;
【createtime】:2017-09-22 11:19:47.701;

【项目】:任务后台;
【大分组】:-1989961220;	【小分组】:490155483;
【日志类型】:普通日志;
【标题】:正在关闭tcp！;
【内容】:;
【createtime】:2017-09-22 11:19:57.728;

【项目】:任务后台;
【大分组】:1240241913;	【小分组】:1749984173;
【日志类型】:普通日志;
【标题】:正在打开tcp...;
【内容】:;
【createtime】:2017-09-22 11:19:57.728;

【项目】:任务后台;
【大分组】:2130653117;	【小分组】:-1119862601;
【日志类型】:普通日志;
【标题】:打开tcp失败！;
【内容】:;
【createtime】:2017-09-22 11:19:58.789;

【项目】:任务后台;
【大分组】:-1989961220;	【小分组】:-1299930822;
【日志类型】:普通日志;
【标题】:正在关闭tcp！;
【内容】:;
【createtime】:2017-09-22 11:20:08.893;

【项目】:任务后台;
【大分组】:1240241913;	【小分组】:-1417446141;
【日志类型】:普通日志;
【标题】:正在打开tcp...;
【内容】:;
【createtime】:2017-09-22 11:20:08.893;

【项目】:任务后台;
【大分组】:-1280615985;	【小分组】:2061389119;
【日志类型】:普通日志;
【标题】:打开tcp成功！;
【内容】:;
【createtime】:2017-09-22 11:20:08.896;

【项目】:任务后台;
【大分组】:1240241913;	【小分组】:35104124;
【日志类型】:普通日志;
【标题】:正在打开tcp...;
【内容】:;
【createtime】:2017-09-22 11:50:04.464;

【项目】:任务后台;
【大分组】:2130653117;	【小分组】:35104124;
【日志类型】:普通日志;
【标题】:打开tcp失败！;
【内容】:;
【createtime】:2017-09-22 11:50:05.513;

【项目】:任务后台;
【大分组】:-1989961220;	【小分组】:-1122564072;
【日志类型】:普通日志;
【标题】:正在关闭tcp！;
【内容】:;
【createtime】:2017-09-22 11:50:05.536;

【项目】:任务后台;
【大分组】:1240241913;	【小分组】:-482028937;
【日志类型】:普通日志;
【标题】:正在打开tcp...;
【内容】:;
【createtime】:2017-09-22 11:50:05.536;

【项目】:任务后台;
【大分组】:2130653117;	【小分组】:-475580955;
【日志类型】:普通日志;
【标题】:打开tcp失败！;
【内容】:;
【createtime】:2017-09-22 11:50:06.567;

【项目】:任务后台;
【大分组】:-1989961220;	【小分组】:639404205;
【日志类型】:普通日志;
【标题】:正在关闭tcp！;
【内容】:;
【createtime】:2017-09-22 11:50:19.416;

【项目】:任务后台;
【大分组】:1240241913;	【小分组】:-1787350082;
【日志类型】:普通日志;
【标题】:正在打开tcp...;
【内容】:;
【createtime】:2017-09-22 11:50:19.416;

【项目】:任务后台;
【大分组】:-1280615985;	【小分组】:406718297;
【日志类型】:普通日志;
【标题】:打开tcp成功！;
【内容】:;
【createtime】:2017-09-22 11:50:19.417;

【项目】:任务后台;
【大分组】:1240241913;	【小分组】:37368736;
【日志类型】:普通日志;
【标题】:正在打开tcp...;
【内容】:;
【createtime】:2017-09-22 17:08:28.742;

【项目】:任务后台;
【大分组】:2130653117;	【小分组】:37368736;
【日志类型】:普通日志;
【标题】:打开tcp失败！;
【内容】:;
【createtime】:2017-09-22 17:08:29.829;

【项目】:任务后台;
【大分组】:-1989961220;	【小分组】:-531046056;
【日志类型】:普通日志;
【标题】:正在关闭tcp！;
【内容】:;
【createtime】:2017-09-22 17:08:29.842;

【项目】:任务后台;
【大分组】:1240241913;	【小分组】:2043378984;
【日志类型】:普通日志;
【标题】:正在打开tcp...;
【内容】:;
【createtime】:2017-09-22 17:08:29.842;

【项目】:任务后台;
【大分组】:2130653117;	【小分组】:-855653056;
【日志类型】:普通日志;
【标题】:打开tcp失败！;
【内容】:;
【createtime】:2017-09-22 17:08:30.882;

【项目】:任务后台;
【大分组】:-1989961220;	【小分组】:-1486909274;
【日志类型】:普通日志;
【标题】:正在关闭tcp！;
【内容】:;
【createtime】:2017-09-22 17:08:40.897;

【项目】:任务后台;
【大分组】:1240241913;	【小分组】:369893668;
【日志类型】:普通日志;
【标题】:正在打开tcp...;
【内容】:;
【createtime】:2017-09-22 17:08:40.897;

【项目】:任务后台;
【大分组】:2130653117;	【小分组】:-2081431218;
【日志类型】:普通日志;
【标题】:打开tcp失败！;
【内容】:;
【createtime】:2017-09-22 17:08:41.915;

【项目】:任务后台;
【大分组】:-1989961220;	【小分组】:-892926373;
【日志类型】:普通日志;
【标题】:正在关闭tcp！;
【内容】:;
【createtime】:2017-09-22 17:08:51.953;

【项目】:任务后台;
【大分组】:1240241913;	【小分组】:-444623879;
【日志类型】:普通日志;
【标题】:正在打开tcp...;
【内容】:;
【createtime】:2017-09-22 17:08:51.953;

【项目】:任务后台;
【大分组】:2130653117;	【小分组】:169488423;
【日志类型】:普通日志;
【标题】:打开tcp失败！;
【内容】:;
【createtime】:2017-09-22 17:08:53.000;

【项目】:任务后台;
【大分组】:-1989961220;	【小分组】:268454781;
【日志类型】:普通日志;
【标题】:正在关闭tcp！;
【内容】:;
【createtime】:2017-09-22 17:09:03.024;

【项目】:任务后台;
【大分组】:1240241913;	【小分组】:1197379307;
【日志类型】:普通日志;
【标题】:正在打开tcp...;
【内容】:;
【createtime】:2017-09-22 17:09:03.024;

【项目】:任务后台;
【大分组】:2130653117;	【小分组】:-1503985533;
【日志类型】:普通日志;
【标题】:打开tcp失败！;
【内容】:;
【createtime】:2017-09-22 17:09:04.075;

【项目】:任务后台;
【大分组】:-1989961220;	【小分组】:1720037521;
【日志类型】:普通日志;
【标题】:正在关闭tcp！;
【内容】:;
【createtime】:2017-09-22 17:09:14.117;

【项目】:任务后台;
【大分组】:1240241913;	【小分组】:-71282398;
【日志类型】:普通日志;
【标题】:正在打开tcp...;
【内容】:;
【createtime】:2017-09-22 17:09:14.117;

【项目】:任务后台;
【大分组】:2130653117;	【小分组】:-529183772;
【日志类型】:普通日志;
【标题】:打开tcp失败！;
【内容】:;
【createtime】:2017-09-22 17:09:15.153;

【项目】:任务后台;
【大分组】:-1989961220;	【小分组】:-401368472;
【日志类型】:普通日志;
【标题】:正在关闭tcp！;
【内容】:;
【createtime】:2017-09-22 17:09:25.176;

【项目】:任务后台;
【大分组】:1240241913;	【小分组】:-173589095;
【日志类型】:普通日志;
【标题】:正在打开tcp...;
【内容】:;
【createtime】:2017-09-22 17:09:25.176;

【项目】:任务后台;
【大分组】:2130653117;	【小分组】:1635435621;
【日志类型】:普通日志;
【标题】:打开tcp失败！;
【内容】:;
【createtime】:2017-09-22 17:09:26.234;

【项目】:任务后台;
【大分组】:-1989961220;	【小分组】:-1771922077;
【日志类型】:普通日志;
【标题】:正在关闭tcp！;
【内容】:;
【createtime】:2017-09-22 17:09:36.267;

【项目】:任务后台;
【大分组】:1240241913;	【小分组】:-1364404279;
【日志类型】:普通日志;
【标题】:正在打开tcp...;
【内容】:;
【createtime】:2017-09-22 17:09:36.267;

【项目】:任务后台;
【大分组】:-1280615985;	【小分组】:1910166315;
【日志类型】:普通日志;
【标题】:打开tcp成功！;
【内容】:;
【createtime】:2017-09-22 17:09:36.267;

【项目】:任务后台;
【大分组】:1240241913;	【小分组】:37368736;
【日志类型】:普通日志;
【标题】:正在打开tcp...;
【内容】:;
【createtime】:2017-09-22 17:22:04.431;

【项目】:任务后台;
【大分组】:2130653117;	【小分组】:37368736;
【日志类型】:普通日志;
【标题】:打开tcp失败！;
【内容】:;
【createtime】:2017-09-22 17:22:05.468;

【项目】:任务后台;
【大分组】:-1989961220;	【小分组】:-1143241534;
【日志类型】:普通日志;
【标题】:正在关闭tcp！;
【内容】:;
【createtime】:2017-09-22 17:22:05.485;

【项目】:任务后台;
【大分组】:1240241913;	【小分组】:505302726;
【日志类型】:普通日志;
【标题】:正在打开tcp...;
【内容】:;
【createtime】:2017-09-22 17:22:05.485;

【项目】:任务后台;
【大分组】:-1280615985;	【小分组】:281570751;
【日志类型】:普通日志;
【标题】:打开tcp成功！;
【内容】:;
【createtime】:2017-09-22 17:22:06.494;

【项目】:任务后台;
【大分组】:1240241913;	【小分组】:6968762;
【日志类型】:普通日志;
【标题】:正在打开tcp...;
【内容】:;
【createtime】:2017-09-22 17:24:10.130;

【项目】:任务后台;
【大分组】:2130653117;	【小分组】:6968762;
【日志类型】:普通日志;
【标题】:打开tcp失败！;
【内容】:;
【createtime】:2017-09-22 17:24:11.132;

【项目】:任务后台;
【大分组】:-1989961220;	【小分组】:-704180834;
【日志类型】:普通日志;
【标题】:正在关闭tcp！;
【内容】:;
【createtime】:2017-09-22 17:24:11.136;

【项目】:任务后台;
【大分组】:1240241913;	【小分组】:998019040;
【日志类型】:普通日志;
【标题】:正在打开tcp...;
【内容】:;
【createtime】:2017-09-22 17:24:11.136;

【项目】:任务后台;
【大分组】:2130653117;	【小分组】:-1746451090;
【日志类型】:普通日志;
【标题】:打开tcp失败！;
【内容】:;
【createtime】:2017-09-22 17:24:12.139;

【项目】:任务后台;
【大分组】:-1989961220;	【小分组】:-723645122;
【日志类型】:普通日志;
【标题】:正在关闭tcp！;
【内容】:;
【createtime】:2017-09-22 17:24:22.150;

【项目】:任务后台;
【大分组】:1240241913;	【小分组】:489830465;
【日志类型】:普通日志;
【标题】:正在打开tcp...;
【内容】:;
【createtime】:2017-09-22 17:24:22.150;

【项目】:任务后台;
【大分组】:2130653117;	【小分组】:-1574196443;
【日志类型】:普通日志;
【标题】:打开tcp失败！;
【内容】:;
【createtime】:2017-09-22 17:24:23.177;

【项目】:任务后台;
【大分组】:-1989961220;	【小分组】:-1616628849;
【日志类型】:普通日志;
【标题】:正在关闭tcp！;
【内容】:;
【createtime】:2017-09-22 17:24:33.183;

【项目】:任务后台;
【大分组】:1240241913;	【小分组】:502385165;
【日志类型】:普通日志;
【标题】:正在打开tcp...;
【内容】:;
【createtime】:2017-09-22 17:24:33.183;

【项目】:任务后台;
【大分组】:-1280615985;	【小分组】:-526161723;
【日志类型】:普通日志;
【标题】:打开tcp成功！;
【内容】:;
【createtime】:2017-09-22 17:24:33.183;

