【项目】:任务后台;
【大分组】:1240241913;	【小分组】:27598869;
【日志类型】:普通日志;
【标题】:正在打开tcp...;
【内容】:;
【createtime】:2017-05-15 14:21:31.406;

【项目】:任务后台;
【大分组】:2130653117;	【小分组】:27598869;
【日志类型】:普通日志;
【标题】:打开tcp失败！;
【内容】:;
【createtime】:2017-05-15 14:21:32.462;

【项目】:任务后台;
【大分组】:-1989961220;	【小分组】:241583776;
【日志类型】:普通日志;
【标题】:正在关闭tcp！;
【内容】:;
【createtime】:2017-05-15 14:21:32.499;

【项目】:任务后台;
【大分组】:1240241913;	【小分组】:-817307555;
【日志类型】:普通日志;
【标题】:正在打开tcp...;
【内容】:;
【createtime】:2017-05-15 14:21:32.499;

【项目】:任务后台;
【大分组】:2130653117;	【小分组】:-2050625034;
【日志类型】:普通日志;
【标题】:打开tcp失败！;
【内容】:;
【createtime】:2017-05-15 14:21:35.005;

【项目】:任务后台;
【大分组】:-1989961220;	【小分组】:-2070291043;
【日志类型】:普通日志;
【标题】:正在关闭tcp！;
【内容】:;
【createtime】:2017-05-15 14:21:45.031;

【项目】:任务后台;
【大分组】:1240241913;	【小分组】:338541023;
【日志类型】:普通日志;
【标题】:正在打开tcp...;
【内容】:;
【createtime】:2017-05-15 14:21:45.031;

【项目】:任务后台;
【大分组】:2130653117;	【小分组】:1008074374;
【日志类型】:普通日志;
【标题】:打开tcp失败！;
【内容】:;
【createtime】:2017-05-15 14:21:46.059;

【项目】:任务后台;
【大分组】:-1989961220;	【小分组】:-1610760429;
【日志类型】:普通日志;
【标题】:正在关闭tcp！;
【内容】:;
【createtime】:2017-05-15 14:21:56.069;

【项目】:任务后台;
【大分组】:1240241913;	【小分组】:-1137524385;
【日志类型】:普通日志;
【标题】:正在打开tcp...;
【内容】:;
【createtime】:2017-05-15 14:21:56.069;

【项目】:任务后台;
【大分组】:2130653117;	【小分组】:-1051705987;
【日志类型】:普通日志;
【标题】:打开tcp失败！;
【内容】:;
【createtime】:2017-05-15 14:21:57.115;

【项目】:任务后台;
【大分组】:-1989961220;	【小分组】:-860437339;
【日志类型】:普通日志;
【标题】:正在关闭tcp！;
【内容】:;
【createtime】:2017-05-15 14:22:07.124;

【项目】:任务后台;
【大分组】:1240241913;	【小分组】:320295488;
【日志类型】:普通日志;
【标题】:正在打开tcp...;
【内容】:;
【createtime】:2017-05-15 14:22:07.124;

【项目】:任务后台;
【大分组】:2130653117;	【小分组】:1454924427;
【日志类型】:普通日志;
【标题】:打开tcp失败！;
【内容】:;
【createtime】:2017-05-15 14:22:08.142;

【项目】:任务后台;
【大分组】:-1989961220;	【小分组】:-305881501;
【日志类型】:普通日志;
【标题】:正在关闭tcp！;
【内容】:;
【createtime】:2017-05-15 14:22:18.165;

【项目】:任务后台;
【大分组】:1240241913;	【小分组】:1973217942;
【日志类型】:普通日志;
【标题】:正在打开tcp...;
【内容】:;
【createtime】:2017-05-15 14:22:18.165;

【项目】:任务后台;
【大分组】:2130653117;	【小分组】:-237263289;
【日志类型】:普通日志;
【标题】:打开tcp失败！;
【内容】:;
【createtime】:2017-05-15 14:22:19.220;

【项目】:任务后台;
【大分组】:1240241913;	【小分组】:27598869;
【日志类型】:普通日志;
【标题】:正在打开tcp...;
【内容】:;
【createtime】:2017-05-15 14:25:52.006;

【项目】:任务后台;
【大分组】:2130653117;	【小分组】:27598869;
【日志类型】:普通日志;
【标题】:打开tcp失败！;
【内容】:;
【createtime】:2017-05-15 14:25:53.039;

【项目】:任务后台;
【大分组】:-1989961220;	【小分组】:988283536;
【日志类型】:普通日志;
【标题】:正在关闭tcp！;
【内容】:;
【createtime】:2017-05-15 14:25:53.052;

【项目】:任务后台;
【大分组】:1240241913;	【小分组】:-2095617032;
【日志类型】:普通日志;
【标题】:正在打开tcp...;
【内容】:;
【createtime】:2017-05-15 14:25:53.052;

【项目】:任务后台;
【大分组】:2130653117;	【小分组】:-1771096590;
【日志类型】:普通日志;
【标题】:打开tcp失败！;
【内容】:;
【createtime】:2017-05-15 14:25:54.071;

【项目】:任务后台;
【大分组】:-1989961220;	【小分组】:-1493789793;
【日志类型】:普通日志;
【标题】:正在关闭tcp！;
【内容】:;
【createtime】:2017-05-15 14:26:11.055;

【项目】:任务后台;
【大分组】:1240241913;	【小分组】:2007648555;
【日志类型】:普通日志;
【标题】:正在打开tcp...;
【内容】:;
【createtime】:2017-05-15 14:26:11.055;

【项目】:任务后台;
【大分组】:2130653117;	【小分组】:-1640425075;
【日志类型】:普通日志;
【标题】:打开tcp失败！;
【内容】:;
【createtime】:2017-05-15 14:26:12.095;

【项目】:任务后台;
【大分组】:-1989961220;	【小分组】:-1757677369;
【日志类型】:普通日志;
【标题】:正在关闭tcp！;
【内容】:;
【createtime】:2017-05-15 14:26:22.117;

【项目】:任务后台;
【大分组】:1240241913;	【小分组】:2083212037;
【日志类型】:普通日志;
【标题】:正在打开tcp...;
【内容】:;
【createtime】:2017-05-15 14:26:22.117;

【项目】:任务后台;
【大分组】:2130653117;	【小分组】:1361432513;
【日志类型】:普通日志;
【标题】:打开tcp失败！;
【内容】:;
【createtime】:2017-05-15 14:26:23.138;

【项目】:任务后台;
【大分组】:-1989961220;	【小分组】:-1274885920;
【日志类型】:普通日志;
【标题】:正在关闭tcp！;
【内容】:;
【createtime】:2017-05-15 14:26:33.163;

【项目】:任务后台;
【大分组】:1240241913;	【小分组】:-1419329994;
【日志类型】:普通日志;
【标题】:正在打开tcp...;
【内容】:;
【createtime】:2017-05-15 14:26:33.163;

【项目】:任务后台;
【大分组】:2130653117;	【小分组】:172648906;
【日志类型】:普通日志;
【标题】:打开tcp失败！;
【内容】:;
【createtime】:2017-05-15 14:26:34.214;

【项目】:任务后台;
【大分组】:-1989961220;	【小分组】:-1155397258;
【日志类型】:普通日志;
【标题】:正在关闭tcp！;
【内容】:;
【createtime】:2017-05-15 14:26:44.232;

【项目】:任务后台;
【大分组】:1240241913;	【小分组】:-999019975;
【日志类型】:普通日志;
【标题】:正在打开tcp...;
【内容】:;
【createtime】:2017-05-15 14:26:44.232;

【项目】:任务后台;
【大分组】:2130653117;	【小分组】:-2003652703;
【日志类型】:普通日志;
【标题】:打开tcp失败！;
【内容】:;
【createtime】:2017-05-15 14:26:45.289;

【项目】:任务后台;
【大分组】:-1989961220;	【小分组】:956490021;
【日志类型】:普通日志;
【标题】:正在关闭tcp！;
【内容】:;
【createtime】:2017-05-15 14:26:55.314;

【项目】:任务后台;
【大分组】:1240241913;	【小分组】:-577026188;
【日志类型】:普通日志;
【标题】:正在打开tcp...;
【内容】:;
【createtime】:2017-05-15 14:26:55.314;

【项目】:任务后台;
【大分组】:2130653117;	【小分组】:-1717106420;
【日志类型】:普通日志;
【标题】:打开tcp失败！;
【内容】:;
【createtime】:2017-05-15 14:26:56.360;

【项目】:任务后台;
【大分组】:1240241913;	【小分组】:27598869;
【日志类型】:普通日志;
【标题】:正在打开tcp...;
【内容】:;
【createtime】:2017-05-15 14:29:00.093;

【项目】:任务后台;
【大分组】:2130653117;	【小分组】:27598869;
【日志类型】:普通日志;
【标题】:打开tcp失败！;
【内容】:;
【createtime】:2017-05-15 14:29:01.168;

【项目】:任务后台;
【大分组】:-1989961220;	【小分组】:-1277953157;
【日志类型】:普通日志;
【标题】:正在关闭tcp！;
【内容】:;
【createtime】:2017-05-15 14:29:01.192;

【项目】:任务后台;
【大分组】:1240241913;	【小分组】:1930920089;
【日志类型】:普通日志;
【标题】:正在打开tcp...;
【内容】:;
【createtime】:2017-05-15 14:29:01.193;

【项目】:任务后台;
【大分组】:2130653117;	【小分组】:1115615662;
【日志类型】:普通日志;
【标题】:打开tcp失败！;
【内容】:;
【createtime】:2017-05-15 14:29:02.212;

【项目】:任务后台;
【大分组】:-1989961220;	【小分组】:2099845079;
【日志类型】:普通日志;
【标题】:正在关闭tcp！;
【内容】:;
【createtime】:2017-05-15 14:29:12.225;

【项目】:任务后台;
【大分组】:1240241913;	【小分组】:-909295203;
【日志类型】:普通日志;
【标题】:正在打开tcp...;
【内容】:;
【createtime】:2017-05-15 14:29:12.225;

【项目】:任务后台;
【大分组】:2130653117;	【小分组】:-1693139318;
【日志类型】:普通日志;
【标题】:打开tcp失败！;
【内容】:;
【createtime】:2017-05-15 14:29:13.270;

【项目】:任务后台;
【大分组】:-1989961220;	【小分组】:82487606;
【日志类型】:普通日志;
【标题】:正在关闭tcp！;
【内容】:;
【createtime】:2017-05-15 14:29:25.631;

【项目】:任务后台;
【大分组】:1240241913;	【小分组】:-2067102493;
【日志类型】:普通日志;
【标题】:正在打开tcp...;
【内容】:;
【createtime】:2017-05-15 14:29:25.631;

【项目】:任务后台;
【大分组】:2130653117;	【小分组】:-1853701541;
【日志类型】:普通日志;
【标题】:打开tcp失败！;
【内容】:;
【createtime】:2017-05-15 14:29:26.671;

【项目】:任务后台;
【大分组】:-1989961220;	【小分组】:-1370212550;
【日志类型】:普通日志;
【标题】:正在关闭tcp！;
【内容】:;
【createtime】:2017-05-15 14:29:36.681;

【项目】:任务后台;
【大分组】:1240241913;	【小分组】:-564254376;
【日志类型】:普通日志;
【标题】:正在打开tcp...;
【内容】:;
【createtime】:2017-05-15 14:29:36.681;

【项目】:任务后台;
【大分组】:2130653117;	【小分组】:-16991688;
【日志类型】:普通日志;
【标题】:打开tcp失败！;
【内容】:;
【createtime】:2017-05-15 14:29:37.742;

【项目】:任务后台;
【大分组】:-1989961220;	【小分组】:786184729;
【日志类型】:普通日志;
【标题】:正在关闭tcp！;
【内容】:;
【createtime】:2017-05-15 14:29:47.767;

【项目】:任务后台;
【大分组】:1240241913;	【小分组】:-709037602;
【日志类型】:普通日志;
【标题】:正在打开tcp...;
【内容】:;
【createtime】:2017-05-15 14:29:47.767;

【项目】:任务后台;
【大分组】:2130653117;	【小分组】:1228506326;
【日志类型】:普通日志;
【标题】:打开tcp失败！;
【内容】:;
【createtime】:2017-05-15 14:29:48.826;

【项目】:任务后台;
【大分组】:-1989961220;	【小分组】:1377796065;
【日志类型】:普通日志;
【标题】:正在关闭tcp！;
【内容】:;
【createtime】:2017-05-15 14:29:58.836;

【项目】:任务后台;
【大分组】:1240241913;	【小分组】:-477501825;
【日志类型】:普通日志;
【标题】:正在打开tcp...;
【内容】:;
【createtime】:2017-05-15 14:29:58.836;

【项目】:任务后台;
【大分组】:2130653117;	【小分组】:-1231119655;
【日志类型】:普通日志;
【标题】:打开tcp失败！;
【内容】:;
【createtime】:2017-05-15 14:29:59.899;

【项目】:任务后台;
【大分组】:-1989961220;	【小分组】:1656162281;
【日志类型】:普通日志;
【标题】:正在关闭tcp！;
【内容】:;
【createtime】:2017-05-15 14:30:09.925;

【项目】:任务后台;
【大分组】:1240241913;	【小分组】:-78497375;
【日志类型】:普通日志;
【标题】:正在打开tcp...;
【内容】:;
【createtime】:2017-05-15 14:30:09.925;

【项目】:任务后台;
【大分组】:2130653117;	【小分组】:-294018811;
【日志类型】:普通日志;
【标题】:打开tcp失败！;
【内容】:;
【createtime】:2017-05-15 14:30:10.945;

【项目】:任务后台;
【大分组】:-1989961220;	【小分组】:3351063;
【日志类型】:普通日志;
【标题】:正在关闭tcp！;
【内容】:;
【createtime】:2017-05-15 14:30:20.970;

【项目】:任务后台;
【大分组】:1240241913;	【小分组】:-1803437672;
【日志类型】:普通日志;
【标题】:正在打开tcp...;
【内容】:;
【createtime】:2017-05-15 14:30:20.970;

【项目】:任务后台;
【大分组】:2130653117;	【小分组】:-1750042971;
【日志类型】:普通日志;
【标题】:打开tcp失败！;
【内容】:;
【createtime】:2017-05-15 14:30:21.987;

【项目】:任务后台;
【大分组】:-1989961220;	【小分组】:425247796;
【日志类型】:普通日志;
【标题】:正在关闭tcp！;
【内容】:;
【createtime】:2017-05-15 14:30:31.995;

【项目】:任务后台;
【大分组】:1240241913;	【小分组】:711494527;
【日志类型】:普通日志;
【标题】:正在打开tcp...;
【内容】:;
【createtime】:2017-05-15 14:30:31.995;

【项目】:任务后台;
【大分组】:2130653117;	【小分组】:234620390;
【日志类型】:普通日志;
【标题】:打开tcp失败！;
【内容】:;
【createtime】:2017-05-15 14:30:33.053;

【项目】:任务后台;
【大分组】:-1989961220;	【小分组】:-368756693;
【日志类型】:普通日志;
【标题】:正在关闭tcp！;
【内容】:;
【createtime】:2017-05-15 14:30:43.066;

【项目】:任务后台;
【大分组】:1240241913;	【小分组】:852749102;
【日志类型】:普通日志;
【标题】:正在打开tcp...;
【内容】:;
【createtime】:2017-05-15 14:30:43.066;

【项目】:任务后台;
【大分组】:2130653117;	【小分组】:-1639621754;
【日志类型】:普通日志;
【标题】:打开tcp失败！;
【内容】:;
【createtime】:2017-05-15 14:30:44.131;

【项目】:任务后台;
【大分组】:-1989961220;	【小分组】:241832263;
【日志类型】:普通日志;
【标题】:正在关闭tcp！;
【内容】:;
【createtime】:2017-05-15 14:30:54.156;

【项目】:任务后台;
【大分组】:1240241913;	【小分组】:193280804;
【日志类型】:普通日志;
【标题】:正在打开tcp...;
【内容】:;
【createtime】:2017-05-15 14:30:54.156;

【项目】:任务后台;
【大分组】:2130653117;	【小分组】:1657882926;
【日志类型】:普通日志;
【标题】:打开tcp失败！;
【内容】:;
【createtime】:2017-05-15 14:30:55.212;

【项目】:任务后台;
【大分组】:-1989961220;	【小分组】:226539247;
【日志类型】:普通日志;
【标题】:正在关闭tcp！;
【内容】:;
【createtime】:2017-05-15 14:31:05.235;

【项目】:任务后台;
【大分组】:1240241913;	【小分组】:-1939134943;
【日志类型】:普通日志;
【标题】:正在打开tcp...;
【内容】:;
【createtime】:2017-05-15 14:31:05.235;

【项目】:任务后台;
【大分组】:2130653117;	【小分组】:1234463111;
【日志类型】:普通日志;
【标题】:打开tcp失败！;
【内容】:;
【createtime】:2017-05-15 14:31:06.251;

【项目】:任务后台;
【大分组】:-1989961220;	【小分组】:-1155953984;
【日志类型】:普通日志;
【标题】:正在关闭tcp！;
【内容】:;
【createtime】:2017-05-15 14:31:16.259;

【项目】:任务后台;
【大分组】:1240241913;	【小分组】:1469931779;
【日志类型】:普通日志;
【标题】:正在打开tcp...;
【内容】:;
【createtime】:2017-05-15 14:31:16.259;

【项目】:任务后台;
【大分组】:2130653117;	【小分组】:-1383977981;
【日志类型】:普通日志;
【标题】:打开tcp失败！;
【内容】:;
【createtime】:2017-05-15 14:31:17.279;

【项目】:任务后台;
【大分组】:-1989961220;	【小分组】:1417021993;
【日志类型】:普通日志;
【标题】:正在关闭tcp！;
【内容】:;
【createtime】:2017-05-15 14:31:27.304;

【项目】:任务后台;
【大分组】:1240241913;	【小分组】:-1304614260;
【日志类型】:普通日志;
【标题】:正在打开tcp...;
【内容】:;
【createtime】:2017-05-15 14:31:27.304;

【项目】:任务后台;
【大分组】:2130653117;	【小分组】:-1944621508;
【日志类型】:普通日志;
【标题】:打开tcp失败！;
【内容】:;
【createtime】:2017-05-15 14:31:28.331;

【项目】:任务后台;
【大分组】:-1989961220;	【小分组】:-842007607;
【日志类型】:普通日志;
【标题】:正在关闭tcp！;
【内容】:;
【createtime】:2017-05-15 14:31:38.355;

【项目】:任务后台;
【大分组】:1240241913;	【小分组】:1829910611;
【日志类型】:普通日志;
【标题】:正在打开tcp...;
【内容】:;
【createtime】:2017-05-15 14:31:38.355;

【项目】:任务后台;
【大分组】:2130653117;	【小分组】:-1033314119;
【日志类型】:普通日志;
【标题】:打开tcp失败！;
【内容】:;
【createtime】:2017-05-15 14:31:39.414;

【项目】:任务后台;
【大分组】:-1989961220;	【小分组】:203485296;
【日志类型】:普通日志;
【标题】:正在关闭tcp！;
【内容】:;
【createtime】:2017-05-15 14:31:49.424;

【项目】:任务后台;
【大分组】:1240241913;	【小分组】:-1092399035;
【日志类型】:普通日志;
【标题】:正在打开tcp...;
【内容】:;
【createtime】:2017-05-15 14:31:49.424;

【项目】:任务后台;
【大分组】:2130653117;	【小分组】:-1547990101;
【日志类型】:普通日志;
【标题】:打开tcp失败！;
【内容】:;
【createtime】:2017-05-15 14:31:50.473;

【项目】:任务后台;
【大分组】:-1989961220;	【小分组】:1609107372;
【日志类型】:普通日志;
【标题】:正在关闭tcp！;
【内容】:;
【createtime】:2017-05-15 14:32:00.500;

【项目】:任务后台;
【大分组】:1240241913;	【小分组】:671513118;
【日志类型】:普通日志;
【标题】:正在打开tcp...;
【内容】:;
【createtime】:2017-05-15 14:32:00.500;

【项目】:任务后台;
【大分组】:2130653117;	【小分组】:-289503169;
【日志类型】:普通日志;
【标题】:打开tcp失败！;
【内容】:;
【createtime】:2017-05-15 14:32:01.532;

【项目】:任务后台;
【大分组】:-1989961220;	【小分组】:1505419945;
【日志类型】:普通日志;
【标题】:正在关闭tcp！;
【内容】:;
【createtime】:2017-05-15 14:32:11.557;

【项目】:任务后台;
【大分组】:1240241913;	【小分组】:331509112;
【日志类型】:普通日志;
【标题】:正在打开tcp...;
【内容】:;
【createtime】:2017-05-15 14:32:11.557;

【项目】:任务后台;
【大分组】:2130653117;	【小分组】:784461280;
【日志类型】:普通日志;
【标题】:打开tcp失败！;
【内容】:;
【createtime】:2017-05-15 14:32:12.586;

【项目】:任务后台;
【大分组】:-1989961220;	【小分组】:-1915023872;
【日志类型】:普通日志;
【标题】:正在关闭tcp！;
【内容】:;
【createtime】:2017-05-15 14:32:22.612;

【项目】:任务后台;
【大分组】:1240241913;	【小分组】:143171229;
【日志类型】:普通日志;
【标题】:正在打开tcp...;
【内容】:;
【createtime】:2017-05-15 14:32:22.612;

【项目】:任务后台;
【大分组】:2130653117;	【小分组】:355046260;
【日志类型】:普通日志;
【标题】:打开tcp失败！;
【内容】:;
【createtime】:2017-05-15 14:32:23.632;

【项目】:任务后台;
【大分组】:-1989961220;	【小分组】:937442248;
【日志类型】:普通日志;
【标题】:正在关闭tcp！;
【内容】:;
【createtime】:2017-05-15 14:32:33.651;

【项目】:任务后台;
【大分组】:1240241913;	【小分组】:-778528714;
【日志类型】:普通日志;
【标题】:正在打开tcp...;
【内容】:;
【createtime】:2017-05-15 14:32:33.651;

【项目】:任务后台;
【大分组】:2130653117;	【小分组】:1787259546;
【日志类型】:普通日志;
【标题】:打开tcp失败！;
【内容】:;
【createtime】:2017-05-15 14:32:34.701;

【项目】:任务后台;
【大分组】:-1989961220;	【小分组】:-536531365;
【日志类型】:普通日志;
【标题】:正在关闭tcp！;
【内容】:;
【createtime】:2017-05-15 14:32:44.727;

【项目】:任务后台;
【大分组】:1240241913;	【小分组】:1592696137;
【日志类型】:普通日志;
【标题】:正在打开tcp...;
【内容】:;
【createtime】:2017-05-15 14:32:44.727;

【项目】:任务后台;
【大分组】:2130653117;	【小分组】:-1474038675;
【日志类型】:普通日志;
【标题】:打开tcp失败！;
【内容】:;
【createtime】:2017-05-15 14:32:45.777;

【项目】:任务后台;
【大分组】:-1989961220;	【小分组】:-784080594;
【日志类型】:普通日志;
【标题】:正在关闭tcp！;
【内容】:;
【createtime】:2017-05-15 14:32:55.792;

【项目】:任务后台;
【大分组】:1240241913;	【小分组】:1921777480;
【日志类型】:普通日志;
【标题】:正在打开tcp...;
【内容】:;
【createtime】:2017-05-15 14:32:55.792;

【项目】:任务后台;
【大分组】:2130653117;	【小分组】:-165182117;
【日志类型】:普通日志;
【标题】:打开tcp失败！;
【内容】:;
【createtime】:2017-05-15 14:32:56.842;

【项目】:任务后台;
【大分组】:-1989961220;	【小分组】:-1238315165;
【日志类型】:普通日志;
【标题】:正在关闭tcp！;
【内容】:;
【createtime】:2017-05-15 14:33:06.869;

【项目】:任务后台;
【大分组】:1240241913;	【小分组】:258262624;
【日志类型】:普通日志;
【标题】:正在打开tcp...;
【内容】:;
【createtime】:2017-05-15 14:33:06.869;

【项目】:任务后台;
【大分组】:2130653117;	【小分组】:-994903759;
【日志类型】:普通日志;
【标题】:打开tcp失败！;
【内容】:;
【createtime】:2017-05-15 14:33:07.887;

【项目】:任务后台;
【大分组】:-1989961220;	【小分组】:-442862942;
【日志类型】:普通日志;
【标题】:正在关闭tcp！;
【内容】:;
【createtime】:2017-05-15 14:33:17.908;

【项目】:任务后台;
【大分组】:1240241913;	【小分组】:-2140992187;
【日志类型】:普通日志;
【标题】:正在打开tcp...;
【内容】:;
【createtime】:2017-05-15 14:33:17.908;

【项目】:任务后台;
【大分组】:2130653117;	【小分组】:-1860176134;
【日志类型】:普通日志;
【标题】:打开tcp失败！;
【内容】:;
【createtime】:2017-05-15 14:33:18.966;

【项目】:任务后台;
【大分组】:1240241913;	【小分组】:4152081;
【日志类型】:普通日志;
【标题】:正在打开tcp...;
【内容】:;
【createtime】:2017-05-15 15:10:29.653;

【项目】:任务后台;
【大分组】:2130653117;	【小分组】:4152081;
【日志类型】:普通日志;
【标题】:打开tcp失败！;
【内容】:;
【createtime】:2017-05-15 15:10:30.690;

【项目】:任务后台;
【大分组】:-1989961220;	【小分组】:-40503634;
【日志类型】:普通日志;
【标题】:正在关闭tcp！;
【内容】:;
【createtime】:2017-05-15 15:10:30.726;

【项目】:任务后台;
【大分组】:1240241913;	【小分组】:-633889449;
【日志类型】:普通日志;
【标题】:正在打开tcp...;
【内容】:;
【createtime】:2017-05-15 15:10:30.726;

【项目】:任务后台;
【大分组】:2130653117;	【小分组】:-912920975;
【日志类型】:普通日志;
【标题】:打开tcp失败！;
【内容】:;
【createtime】:2017-05-15 15:10:40.129;

【项目】:任务后台;
【大分组】:-1989961220;	【小分组】:-980629468;
【日志类型】:普通日志;
【标题】:正在关闭tcp！;
【内容】:;
【createtime】:2017-05-15 15:10:50.150;

【项目】:任务后台;
【大分组】:1240241913;	【小分组】:1971467985;
【日志类型】:普通日志;
【标题】:正在打开tcp...;
【内容】:;
【createtime】:2017-05-15 15:10:50.150;

【项目】:任务后台;
【大分组】:2130653117;	【小分组】:-1593361987;
【日志类型】:普通日志;
【标题】:打开tcp失败！;
【内容】:;
【createtime】:2017-05-15 15:10:51.207;

【项目】:任务后台;
【大分组】:-1989961220;	【小分组】:1875432052;
【日志类型】:普通日志;
【标题】:正在关闭tcp！;
【内容】:;
【createtime】:2017-05-15 15:11:01.225;

【项目】:任务后台;
【大分组】:1240241913;	【小分组】:-2124781768;
【日志类型】:普通日志;
【标题】:正在打开tcp...;
【内容】:;
【createtime】:2017-05-15 15:11:01.225;

【项目】:任务后台;
【大分组】:2130653117;	【小分组】:-654504646;
【日志类型】:普通日志;
【标题】:打开tcp失败！;
【内容】:;
【createtime】:2017-05-15 15:11:02.241;

【项目】:任务后台;
【大分组】:-1989961220;	【小分组】:2137656563;
【日志类型】:普通日志;
【标题】:正在关闭tcp！;
【内容】:;
【createtime】:2017-05-15 15:11:13.356;

【项目】:任务后台;
【大分组】:1240241913;	【小分组】:-1633310403;
【日志类型】:普通日志;
【标题】:正在打开tcp...;
【内容】:;
【createtime】:2017-05-15 15:11:13.356;

【项目】:任务后台;
【大分组】:2130653117;	【小分组】:1393614754;
【日志类型】:普通日志;
【标题】:打开tcp失败！;
【内容】:;
【createtime】:2017-05-15 15:11:14.376;

【项目】:任务后台;
【大分组】:-1989961220;	【小分组】:-909295014;
【日志类型】:普通日志;
【标题】:正在关闭tcp！;
【内容】:;
【createtime】:2017-05-15 15:11:24.414;

【项目】:任务后台;
【大分组】:1240241913;	【小分组】:-415318368;
【日志类型】:普通日志;
【标题】:正在打开tcp...;
【内容】:;
【createtime】:2017-05-15 15:11:24.414;

【项目】:任务后台;
【大分组】:2130653117;	【小分组】:729595428;
【日志类型】:普通日志;
【标题】:打开tcp失败！;
【内容】:;
【createtime】:2017-05-15 15:11:25.474;

【项目】:任务后台;
【大分组】:-1989961220;	【小分组】:-1174391641;
【日志类型】:普通日志;
【标题】:正在关闭tcp！;
【内容】:;
【createtime】:2017-05-15 15:11:35.515;

【项目】:任务后台;
【大分组】:1240241913;	【小分组】:413335;
【日志类型】:普通日志;
【标题】:正在打开tcp...;
【内容】:;
【createtime】:2017-05-15 15:11:35.515;

【项目】:任务后台;
【大分组】:2130653117;	【小分组】:-124165275;
【日志类型】:普通日志;
【标题】:打开tcp失败！;
【内容】:;
【createtime】:2017-05-15 15:11:36.562;

【项目】:任务后台;
【大分组】:-1989961220;	【小分组】:865202186;
【日志类型】:普通日志;
【标题】:正在关闭tcp！;
【内容】:;
【createtime】:2017-05-15 15:11:46.598;

【项目】:任务后台;
【大分组】:1240241913;	【小分组】:-1883921228;
【日志类型】:普通日志;
【标题】:正在打开tcp...;
【内容】:;
【createtime】:2017-05-15 15:11:46.598;

【项目】:任务后台;
【大分组】:2130653117;	【小分组】:-951154093;
【日志类型】:普通日志;
【标题】:打开tcp失败！;
【内容】:;
【createtime】:2017-05-15 15:11:47.673;

【项目】:任务后台;
【大分组】:1240241913;	【小分组】:540121;
【日志类型】:普通日志;
【标题】:正在打开tcp...;
【内容】:;
【createtime】:2017-05-15 15:52:54.248;

【项目】:任务后台;
【大分组】:2130653117;	【小分组】:540121;
【日志类型】:普通日志;
【标题】:打开tcp失败！;
【内容】:;
【createtime】:2017-05-15 15:52:55.314;

【项目】:任务后台;
【大分组】:-1989961220;	【小分组】:-936435440;
【日志类型】:普通日志;
【标题】:正在关闭tcp！;
【内容】:;
【createtime】:2017-05-15 15:52:55.341;

【项目】:任务后台;
【大分组】:1240241913;	【小分组】:-1192395251;
【日志类型】:普通日志;
【标题】:正在打开tcp...;
【内容】:;
【createtime】:2017-05-15 15:52:55.341;

【项目】:任务后台;
【大分组】:2130653117;	【小分组】:2132189147;
【日志类型】:普通日志;
【标题】:打开tcp失败！;
【内容】:;
【createtime】:2017-05-15 15:52:56.366;

【项目】:任务后台;
【大分组】:-1989961220;	【小分组】:859102579;
【日志类型】:普通日志;
【标题】:正在关闭tcp！;
【内容】:;
【createtime】:2017-05-15 15:53:06.378;

【项目】:任务后台;
【大分组】:1240241913;	【小分组】:1713400293;
【日志类型】:普通日志;
【标题】:正在打开tcp...;
【内容】:;
【createtime】:2017-05-15 15:53:06.378;

【项目】:任务后台;
【大分组】:2130653117;	【小分组】:865472368;
【日志类型】:普通日志;
【标题】:打开tcp失败！;
【内容】:;
【createtime】:2017-05-15 15:53:07.399;

【项目】:任务后台;
【大分组】:-1989961220;	【小分组】:151734720;
【日志类型】:普通日志;
【标题】:正在关闭tcp！;
【内容】:;
【createtime】:2017-05-15 15:53:17.422;

【项目】:任务后台;
【大分组】:1240241913;	【小分组】:-443175768;
【日志类型】:普通日志;
【标题】:正在打开tcp...;
【内容】:;
【createtime】:2017-05-15 15:53:17.422;

【项目】:任务后台;
【大分组】:2130653117;	【小分组】:1706135284;
【日志类型】:普通日志;
【标题】:打开tcp失败！;
【内容】:;
【createtime】:2017-05-15 15:53:18.473;

【项目】:任务后台;
【大分组】:-1989961220;	【小分组】:694890223;
【日志类型】:普通日志;
【标题】:正在关闭tcp！;
【内容】:;
【createtime】:2017-05-15 15:53:28.487;

【项目】:任务后台;
【大分组】:1240241913;	【小分组】:1093235070;
【日志类型】:普通日志;
【标题】:正在打开tcp...;
【内容】:;
【createtime】:2017-05-15 15:53:28.487;

【项目】:任务后台;
【大分组】:2130653117;	【小分组】:-942101521;
【日志类型】:普通日志;
【标题】:打开tcp失败！;
【内容】:;
【createtime】:2017-05-15 15:53:29.534;

【项目】:任务后台;
【大分组】:-1989961220;	【小分组】:1914416260;
【日志类型】:普通日志;
【标题】:正在关闭tcp！;
【内容】:;
【createtime】:2017-05-15 15:53:39.558;

【项目】:任务后台;
【大分组】:1240241913;	【小分组】:36217995;
【日志类型】:普通日志;
【标题】:正在打开tcp...;
【内容】:;
【createtime】:2017-05-15 15:53:39.558;

【项目】:任务后台;
【大分组】:2130653117;	【小分组】:-1639178420;
【日志类型】:普通日志;
【标题】:打开tcp失败！;
【内容】:;
【createtime】:2017-05-15 15:53:40.621;

【项目】:任务后台;
【大分组】:-1989961220;	【小分组】:-1700046293;
【日志类型】:普通日志;
【标题】:正在关闭tcp！;
【内容】:;
【createtime】:2017-05-15 15:53:50.630;

【项目】:任务后台;
【大分组】:1240241913;	【小分组】:-1720094711;
【日志类型】:普通日志;
【标题】:正在打开tcp...;
【内容】:;
【createtime】:2017-05-15 15:53:50.630;

【项目】:任务后台;
【大分组】:2130653117;	【小分组】:143588348;
【日志类型】:普通日志;
【标题】:打开tcp失败！;
【内容】:;
【createtime】:2017-05-15 15:53:51.661;

【项目】:任务后台;
【大分组】:-1989961220;	【小分组】:1600844549;
【日志类型】:普通日志;
【标题】:正在关闭tcp！;
【内容】:;
【createtime】:2017-05-15 15:54:01.689;

【项目】:任务后台;
【大分组】:1240241913;	【小分组】:1786359129;
【日志类型】:普通日志;
【标题】:正在打开tcp...;
【内容】:;
【createtime】:2017-05-15 15:54:01.689;

【项目】:任务后台;
【大分组】:2130653117;	【小分组】:224616990;
【日志类型】:普通日志;
【标题】:打开tcp失败！;
【内容】:;
【createtime】:2017-05-15 15:54:02.738;

【项目】:任务后台;
【大分组】:-1989961220;	【小分组】:-1542891834;
【日志类型】:普通日志;
【标题】:正在关闭tcp！;
【内容】:;
【createtime】:2017-05-15 15:54:12.779;

【项目】:任务后台;
【大分组】:1240241913;	【小分组】:1365074320;
【日志类型】:普通日志;
【标题】:正在打开tcp...;
【内容】:;
【createtime】:2017-05-15 15:54:12.779;

【项目】:任务后台;
【大分组】:2130653117;	【小分组】:111806;
【日志类型】:普通日志;
【标题】:打开tcp失败！;
【内容】:;
【createtime】:2017-05-15 15:54:13.867;

【项目】:任务后台;
【大分组】:-1989961220;	【小分组】:609437494;
【日志类型】:普通日志;
【标题】:正在关闭tcp！;
【内容】:;
【createtime】:2017-05-15 15:54:23.899;

【项目】:任务后台;
【大分组】:1240241913;	【小分组】:1216069127;
【日志类型】:普通日志;
【标题】:正在打开tcp...;
【内容】:;
【createtime】:2017-05-15 15:54:23.899;

【项目】:任务后台;
【大分组】:2130653117;	【小分组】:-654570635;
【日志类型】:普通日志;
【标题】:打开tcp失败！;
【内容】:;
【createtime】:2017-05-15 15:54:24.988;

【项目】:任务后台;
【大分组】:-1989961220;	【小分组】:-766649526;
【日志类型】:普通日志;
【标题】:正在关闭tcp！;
【内容】:;
【createtime】:2017-05-15 15:54:35.021;

【项目】:任务后台;
【大分组】:1240241913;	【小分组】:-1483980955;
【日志类型】:普通日志;
【标题】:正在打开tcp...;
【内容】:;
【createtime】:2017-05-15 15:54:35.021;

【项目】:任务后台;
【大分组】:2130653117;	【小分组】:1250525809;
【日志类型】:普通日志;
【标题】:打开tcp失败！;
【内容】:;
【createtime】:2017-05-15 15:54:36.084;

【项目】:任务后台;
【大分组】:-1989961220;	【小分组】:1527402131;
【日志类型】:普通日志;
【标题】:正在关闭tcp！;
【内容】:;
【createtime】:2017-05-15 15:54:46.114;

【项目】:任务后台;
【大分组】:1240241913;	【小分组】:-1763313007;
【日志类型】:普通日志;
【标题】:正在打开tcp...;
【内容】:;
【createtime】:2017-05-15 15:54:46.114;

【项目】:任务后台;
【大分组】:2130653117;	【小分组】:1540583113;
【日志类型】:普通日志;
【标题】:打开tcp失败！;
【内容】:;
【createtime】:2017-05-15 15:54:47.161;

【项目】:任务后台;
【大分组】:-1989961220;	【小分组】:1573592371;
【日志类型】:普通日志;
【标题】:正在关闭tcp！;
【内容】:;
【createtime】:2017-05-15 15:54:57.178;

【项目】:任务后台;
【大分组】:1240241913;	【小分组】:186102386;
【日志类型】:普通日志;
【标题】:正在打开tcp...;
【内容】:;
【createtime】:2017-05-15 15:54:57.178;

【项目】:任务后台;
【大分组】:2130653117;	【小分组】:409710959;
【日志类型】:普通日志;
【标题】:打开tcp失败！;
【内容】:;
【createtime】:2017-05-15 15:54:58.248;

【项目】:任务后台;
【大分组】:-1989961220;	【小分组】:1609930502;
【日志类型】:普通日志;
【标题】:正在关闭tcp！;
【内容】:;
【createtime】:2017-05-15 15:55:08.276;

【项目】:任务后台;
【大分组】:1240241913;	【小分组】:287808247;
【日志类型】:普通日志;
【标题】:正在打开tcp...;
【内容】:;
【createtime】:2017-05-15 15:55:08.276;

【项目】:任务后台;
【大分组】:2130653117;	【小分组】:-107351941;
【日志类型】:普通日志;
【标题】:打开tcp失败！;
【内容】:;
【createtime】:2017-05-15 15:55:09.337;

【项目】:任务后台;
【大分组】:-1989961220;	【小分组】:1872676328;
【日志类型】:普通日志;
【标题】:正在关闭tcp！;
【内容】:;
【createtime】:2017-05-15 15:55:19.362;

【项目】:任务后台;
【大分组】:1240241913;	【小分组】:-200098781;
【日志类型】:普通日志;
【标题】:正在打开tcp...;
【内容】:;
【createtime】:2017-05-15 15:55:19.362;

【项目】:任务后台;
【大分组】:2130653117;	【小分组】:-2116156931;
【日志类型】:普通日志;
【标题】:打开tcp失败！;
【内容】:;
【createtime】:2017-05-15 15:55:20.393;

【项目】:任务后台;
【大分组】:-1989961220;	【小分组】:-998641433;
【日志类型】:普通日志;
【标题】:正在关闭tcp！;
【内容】:;
【createtime】:2017-05-15 15:55:30.423;

【项目】:任务后台;
【大分组】:1240241913;	【小分组】:788950394;
【日志类型】:普通日志;
【标题】:正在打开tcp...;
【内容】:;
【createtime】:2017-05-15 15:55:30.423;

【项目】:任务后台;
【大分组】:2130653117;	【小分组】:1829384144;
【日志类型】:普通日志;
【标题】:打开tcp失败！;
【内容】:;
【createtime】:2017-05-15 15:55:31.486;

【项目】:任务后台;
【大分组】:-1989961220;	【小分组】:702408639;
【日志类型】:普通日志;
【标题】:正在关闭tcp！;
【内容】:;
【createtime】:2017-05-15 15:55:41.510;

【项目】:任务后台;
【大分组】:1240241913;	【小分组】:-972267341;
【日志类型】:普通日志;
【标题】:正在打开tcp...;
【内容】:;
【createtime】:2017-05-15 15:55:41.510;

【项目】:任务后台;
【大分组】:2130653117;	【小分组】:1430181585;
【日志类型】:普通日志;
【标题】:打开tcp失败！;
【内容】:;
【createtime】:2017-05-15 15:55:42.541;

【项目】:任务后台;
【大分组】:-1989961220;	【小分组】:1100016802;
【日志类型】:普通日志;
【标题】:正在关闭tcp！;
【内容】:;
【createtime】:2017-05-15 15:55:52.568;

【项目】:任务后台;
【大分组】:1240241913;	【小分组】:-371229411;
【日志类型】:普通日志;
【标题】:正在打开tcp...;
【内容】:;
【createtime】:2017-05-15 15:55:52.568;

【项目】:任务后台;
【大分组】:2130653117;	【小分组】:48072891;
【日志类型】:普通日志;
【标题】:打开tcp失败！;
【内容】:;
【createtime】:2017-05-15 15:55:53.610;

【项目】:任务后台;
【大分组】:-1989961220;	【小分组】:885756858;
【日志类型】:普通日志;
【标题】:正在关闭tcp！;
【内容】:;
【createtime】:2017-05-15 15:56:03.631;

【项目】:任务后台;
【大分组】:1240241913;	【小分组】:-1031759327;
【日志类型】:普通日志;
【标题】:正在打开tcp...;
【内容】:;
【createtime】:2017-05-15 15:56:03.631;

【项目】:任务后台;
【大分组】:2130653117;	【小分组】:-1892453838;
【日志类型】:普通日志;
【标题】:打开tcp失败！;
【内容】:;
【createtime】:2017-05-15 15:56:04.694;

【项目】:任务后台;
【大分组】:-1989961220;	【小分组】:-828382051;
【日志类型】:普通日志;
【标题】:正在关闭tcp！;
【内容】:;
【createtime】:2017-05-15 15:56:14.728;

【项目】:任务后台;
【大分组】:1240241913;	【小分组】:27539612;
【日志类型】:普通日志;
【标题】:正在打开tcp...;
【内容】:;
【createtime】:2017-05-15 15:56:14.728;

【项目】:任务后台;
【大分组】:2130653117;	【小分组】:111898154;
【日志类型】:普通日志;
【标题】:打开tcp失败！;
【内容】:;
【createtime】:2017-05-15 15:56:15.790;

【项目】:任务后台;
【大分组】:-1989961220;	【小分组】:1687722368;
【日志类型】:普通日志;
【标题】:正在关闭tcp！;
【内容】:;
【createtime】:2017-05-15 15:56:25.817;

【项目】:任务后台;
【大分组】:1240241913;	【小分组】:1114127704;
【日志类型】:普通日志;
【标题】:正在打开tcp...;
【内容】:;
【createtime】:2017-05-15 15:56:25.817;

【项目】:任务后台;
【大分组】:2130653117;	【小分组】:-309547371;
【日志类型】:普通日志;
【标题】:打开tcp失败！;
【内容】:;
【createtime】:2017-05-15 15:56:26.895;

【项目】:任务后台;
【大分组】:-1989961220;	【小分组】:1303783900;
【日志类型】:普通日志;
【标题】:正在关闭tcp！;
【内容】:;
【createtime】:2017-05-15 15:56:36.912;

【项目】:任务后台;
【大分组】:1240241913;	【小分组】:-1345936832;
【日志类型】:普通日志;
【标题】:正在打开tcp...;
【内容】:;
【createtime】:2017-05-15 15:56:36.912;

【项目】:任务后台;
【大分组】:2130653117;	【小分组】:1296101712;
【日志类型】:普通日志;
【标题】:打开tcp失败！;
【内容】:;
【createtime】:2017-05-15 15:56:37.928;

【项目】:任务后台;
【大分组】:-1989961220;	【小分组】:1773282461;
【日志类型】:普通日志;
【标题】:正在关闭tcp！;
【内容】:;
【createtime】:2017-05-15 15:56:47.963;

【项目】:任务后台;
【大分组】:1240241913;	【小分组】:-1165526224;
【日志类型】:普通日志;
【标题】:正在打开tcp...;
【内容】:;
【createtime】:2017-05-15 15:56:47.963;

【项目】:任务后台;
【大分组】:2130653117;	【小分组】:-232421593;
【日志类型】:普通日志;
【标题】:打开tcp失败！;
【内容】:;
【createtime】:2017-05-15 15:56:49.026;

【项目】:任务后台;
【大分组】:-1989961220;	【小分组】:-52954941;
【日志类型】:普通日志;
【标题】:正在关闭tcp！;
【内容】:;
【createtime】:2017-05-15 15:56:59.033;

【项目】:任务后台;
【大分组】:1240241913;	【小分组】:-1780300831;
【日志类型】:普通日志;
【标题】:正在打开tcp...;
【内容】:;
【createtime】:2017-05-15 15:56:59.033;

【项目】:任务后台;
【大分组】:2130653117;	【小分组】:1209024250;
【日志类型】:普通日志;
【标题】:打开tcp失败！;
【内容】:;
【createtime】:2017-05-15 15:57:00.075;

【项目】:任务后台;
【大分组】:-1989961220;	【小分组】:-79019105;
【日志类型】:普通日志;
【标题】:正在关闭tcp！;
【内容】:;
【createtime】:2017-05-15 15:57:10.084;

【项目】:任务后台;
【大分组】:1240241913;	【小分组】:-1510333459;
【日志类型】:普通日志;
【标题】:正在打开tcp...;
【内容】:;
【createtime】:2017-05-15 15:57:10.084;

【项目】:任务后台;
【大分组】:2130653117;	【小分组】:-1363889456;
【日志类型】:普通日志;
【标题】:打开tcp失败！;
【内容】:;
【createtime】:2017-05-15 15:57:11.100;

【项目】:任务后台;
【大分组】:-1989961220;	【小分组】:310198949;
【日志类型】:普通日志;
【标题】:正在关闭tcp！;
【内容】:;
【createtime】:2017-05-15 15:57:21.116;

【项目】:任务后台;
【大分组】:1240241913;	【小分组】:794978937;
【日志类型】:普通日志;
【标题】:正在打开tcp...;
【内容】:;
【createtime】:2017-05-15 15:57:21.116;

【项目】:任务后台;
【大分组】:2130653117;	【小分组】:1538569794;
【日志类型】:普通日志;
【标题】:打开tcp失败！;
【内容】:;
【createtime】:2017-05-15 15:57:22.148;

【项目】:任务后台;
【大分组】:-1989961220;	【小分组】:2057045204;
【日志类型】:普通日志;
【标题】:正在关闭tcp！;
【内容】:;
【createtime】:2017-05-15 15:57:32.160;

【项目】:任务后台;
【大分组】:1240241913;	【小分组】:1032391938;
【日志类型】:普通日志;
【标题】:正在打开tcp...;
【内容】:;
【createtime】:2017-05-15 15:57:32.160;

【项目】:任务后台;
【大分组】:2130653117;	【小分组】:-195126764;
【日志类型】:普通日志;
【标题】:打开tcp失败！;
【内容】:;
【createtime】:2017-05-15 15:57:33.196;

【项目】:任务后台;
【大分组】:-1989961220;	【小分组】:-2137725808;
【日志类型】:普通日志;
【标题】:正在关闭tcp！;
【内容】:;
【createtime】:2017-05-15 15:57:43.207;

【项目】:任务后台;
【大分组】:1240241913;	【小分组】:-765828627;
【日志类型】:普通日志;
【标题】:正在打开tcp...;
【内容】:;
【createtime】:2017-05-15 15:57:43.207;

【项目】:任务后台;
【大分组】:2130653117;	【小分组】:880647556;
【日志类型】:普通日志;
【标题】:打开tcp失败！;
【内容】:;
【createtime】:2017-05-15 15:57:44.238;

【项目】:任务后台;
【大分组】:-1989961220;	【小分组】:-943414502;
【日志类型】:普通日志;
【标题】:正在关闭tcp！;
【内容】:;
【createtime】:2017-05-15 15:57:54.247;

【项目】:任务后台;
【大分组】:1240241913;	【小分组】:-1171626508;
【日志类型】:普通日志;
【标题】:正在打开tcp...;
【内容】:;
【createtime】:2017-05-15 15:57:54.247;

【项目】:任务后台;
【大分组】:2130653117;	【小分组】:-226823458;
【日志类型】:普通日志;
【标题】:打开tcp失败！;
【内容】:;
【createtime】:2017-05-15 15:57:55.284;

【项目】:任务后台;
【大分组】:-1989961220;	【小分组】:-820716052;
【日志类型】:普通日志;
【标题】:正在关闭tcp！;
【内容】:;
【createtime】:2017-05-15 15:58:05.291;

【项目】:任务后台;
【大分组】:1240241913;	【小分组】:1300042796;
【日志类型】:普通日志;
【标题】:正在打开tcp...;
【内容】:;
【createtime】:2017-05-15 15:58:05.291;

【项目】:任务后台;
【大分组】:2130653117;	【小分组】:2052485583;
【日志类型】:普通日志;
【标题】:打开tcp失败！;
【内容】:;
【createtime】:2017-05-15 15:58:06.308;

【项目】:任务后台;
【大分组】:-1989961220;	【小分组】:-1222893325;
【日志类型】:普通日志;
【标题】:正在关闭tcp！;
【内容】:;
【createtime】:2017-05-15 15:58:16.331;

【项目】:任务后台;
【大分组】:1240241913;	【小分组】:-1656781772;
【日志类型】:普通日志;
【标题】:正在打开tcp...;
【内容】:;
【createtime】:2017-05-15 15:58:16.331;

【项目】:任务后台;
【大分组】:2130653117;	【小分组】:-1425437949;
【日志类型】:普通日志;
【标题】:打开tcp失败！;
【内容】:;
【createtime】:2017-05-15 15:58:17.369;

【项目】:任务后台;
【大分组】:-1989961220;	【小分组】:-368477903;
【日志类型】:普通日志;
【标题】:正在关闭tcp！;
【内容】:;
【createtime】:2017-05-15 15:58:27.405;

【项目】:任务后台;
【大分组】:1240241913;	【小分组】:808968404;
【日志类型】:普通日志;
【标题】:正在打开tcp...;
【内容】:;
【createtime】:2017-05-15 15:58:27.405;

【项目】:任务后台;
【大分组】:2130653117;	【小分组】:618504376;
【日志类型】:普通日志;
【标题】:打开tcp失败！;
【内容】:;
【createtime】:2017-05-15 15:58:28.464;

【项目】:任务后台;
【大分组】:-1989961220;	【小分组】:443914820;
【日志类型】:普通日志;
【标题】:正在关闭tcp！;
【内容】:;
【createtime】:2017-05-15 15:58:38.492;

【项目】:任务后台;
【大分组】:1240241913;	【小分组】:-1253645372;
【日志类型】:普通日志;
【标题】:正在打开tcp...;
【内容】:;
【createtime】:2017-05-15 15:58:38.492;

【项目】:任务后台;
【大分组】:2130653117;	【小分组】:295697018;
【日志类型】:普通日志;
【标题】:打开tcp失败！;
【内容】:;
【createtime】:2017-05-15 15:58:39.557;

【项目】:任务后台;
【大分组】:-1989961220;	【小分组】:-1434154530;
【日志类型】:普通日志;
【标题】:正在关闭tcp！;
【内容】:;
【createtime】:2017-05-15 15:58:49.570;

【项目】:任务后台;
【大分组】:1240241913;	【小分组】:1971021888;
【日志类型】:普通日志;
【标题】:正在打开tcp...;
【内容】:;
【createtime】:2017-05-15 15:58:49.570;

【项目】:任务后台;
【大分组】:2130653117;	【小分组】:907497098;
【日志类型】:普通日志;
【标题】:打开tcp失败！;
【内容】:;
【createtime】:2017-05-15 15:58:50.591;

【项目】:任务后台;
【大分组】:-1989961220;	【小分组】:101079181;
【日志类型】:普通日志;
【标题】:正在关闭tcp！;
【内容】:;
【createtime】:2017-05-15 15:59:01.146;

【项目】:任务后台;
【大分组】:1240241913;	【小分组】:-621275090;
【日志类型】:普通日志;
【标题】:正在打开tcp...;
【内容】:;
【createtime】:2017-05-15 15:59:01.146;

【项目】:任务后台;
【大分组】:2130653117;	【小分组】:1573133352;
【日志类型】:普通日志;
【标题】:打开tcp失败！;
【内容】:;
【createtime】:2017-05-15 15:59:02.170;

【项目】:任务后台;
【大分组】:1240241913;	【小分组】:27598869;
【日志类型】:普通日志;
【标题】:正在打开tcp...;
【内容】:;
【createtime】:2017-05-15 16:00:54.814;

【项目】:任务后台;
【大分组】:2130653117;	【小分组】:27598869;
【日志类型】:普通日志;
【标题】:打开tcp失败！;
【内容】:;
【createtime】:2017-05-15 16:00:55.842;

【项目】:任务后台;
【大分组】:-1989961220;	【小分组】:-1269805782;
【日志类型】:普通日志;
【标题】:正在关闭tcp！;
【内容】:;
【createtime】:2017-05-15 16:00:55.854;

【项目】:任务后台;
【大分组】:1240241913;	【小分组】:-1552283142;
【日志类型】:普通日志;
【标题】:正在打开tcp...;
【内容】:;
【createtime】:2017-05-15 16:00:55.854;

【项目】:任务后台;
【大分组】:2130653117;	【小分组】:-1618186818;
【日志类型】:普通日志;
【标题】:打开tcp失败！;
【内容】:;
【createtime】:2017-05-15 16:00:56.870;

【项目】:任务后台;
【大分组】:-1989961220;	【小分组】:1287371275;
【日志类型】:普通日志;
【标题】:正在关闭tcp！;
【内容】:;
【createtime】:2017-05-15 16:01:06.878;

【项目】:任务后台;
【大分组】:1240241913;	【小分组】:713744470;
【日志类型】:普通日志;
【标题】:正在打开tcp...;
【内容】:;
【createtime】:2017-05-15 16:01:06.878;

【项目】:任务后台;
【大分组】:2130653117;	【小分组】:678656083;
【日志类型】:普通日志;
【标题】:打开tcp失败！;
【内容】:;
【createtime】:2017-05-15 16:01:07.925;

【项目】:任务后台;
【大分组】:1240241913;	【小分组】:27598869;
【日志类型】:普通日志;
【标题】:正在打开tcp...;
【内容】:;
【createtime】:2017-05-15 16:01:42.302;

【项目】:任务后台;
【大分组】:2130653117;	【小分组】:27598869;
【日志类型】:普通日志;
【标题】:打开tcp失败！;
【内容】:;
【createtime】:2017-05-15 16:01:43.373;

【项目】:任务后台;
【大分组】:-1989961220;	【小分组】:1303924069;
【日志类型】:普通日志;
【标题】:正在关闭tcp！;
【内容】:;
【createtime】:2017-05-15 16:01:43.401;

【项目】:任务后台;
【大分组】:1240241913;	【小分组】:198696742;
【日志类型】:普通日志;
【标题】:正在打开tcp...;
【内容】:;
【createtime】:2017-05-15 16:01:43.401;

【项目】:任务后台;
【大分组】:2130653117;	【小分组】:-1491719376;
【日志类型】:普通日志;
【标题】:打开tcp失败！;
【内容】:;
【createtime】:2017-05-15 16:01:44.427;

【项目】:任务后台;
【大分组】:-1989961220;	【小分组】:230737953;
【日志类型】:普通日志;
【标题】:正在关闭tcp！;
【内容】:;
【createtime】:2017-05-15 16:01:54.436;

【项目】:任务后台;
【大分组】:1240241913;	【小分组】:-1740020617;
【日志类型】:普通日志;
【标题】:正在打开tcp...;
【内容】:;
【createtime】:2017-05-15 16:01:54.436;

【项目】:任务后台;
【大分组】:2130653117;	【小分组】:-715808617;
【日志类型】:普通日志;
【标题】:打开tcp失败！;
【内容】:;
【createtime】:2017-05-15 16:01:55.499;

【项目】:任务后台;
【大分组】:-1989961220;	【小分组】:1102551535;
【日志类型】:普通日志;
【标题】:正在关闭tcp！;
【内容】:;
【createtime】:2017-05-15 16:02:05.514;

【项目】:任务后台;
【大分组】:1240241913;	【小分组】:763698281;
【日志类型】:普通日志;
【标题】:正在打开tcp...;
【内容】:;
【createtime】:2017-05-15 16:02:05.514;

【项目】:任务后台;
【大分组】:2130653117;	【小分组】:1680622607;
【日志类型】:普通日志;
【标题】:打开tcp失败！;
【内容】:;
【createtime】:2017-05-15 16:02:06.540;

