【项目】:任务后台;
【大分组】:1240241913;	【小分组】:37368736;
【日志类型】:普通日志;
【标题】:正在打开tcp...;
【内容】:;
【createtime】:2017-09-12 10:04:28.629;

【项目】:任务后台;
【大分组】:2130653117;	【小分组】:37368736;
【日志类型】:普通日志;
【标题】:打开tcp失败！;
【内容】:;
【createtime】:2017-09-12 10:04:29.726;

【项目】:任务后台;
【大分组】:-1989961220;	【小分组】:-624125008;
【日志类型】:普通日志;
【标题】:正在关闭tcp！;
【内容】:;
【createtime】:2017-09-12 10:04:29.745;

【项目】:任务后台;
【大分组】:1240241913;	【小分组】:-1686419889;
【日志类型】:普通日志;
【标题】:正在打开tcp...;
【内容】:;
【createtime】:2017-09-12 10:04:29.745;

【项目】:任务后台;
【大分组】:2130653117;	【小分组】:-315959720;
【日志类型】:普通日志;
【标题】:打开tcp失败！;
【内容】:;
【createtime】:2017-09-12 10:04:30.764;

【项目】:任务后台;
【大分组】:-1989961220;	【小分组】:-214458988;
【日志类型】:普通日志;
【标题】:正在关闭tcp！;
【内容】:;
【createtime】:2017-09-12 10:04:40.792;

【项目】:任务后台;
【大分组】:1240241913;	【小分组】:-1133352796;
【日志类型】:普通日志;
【标题】:正在打开tcp...;
【内容】:;
【createtime】:2017-09-12 10:04:40.792;

【项目】:任务后台;
【大分组】:2130653117;	【小分组】:-1544576280;
【日志类型】:普通日志;
【标题】:打开tcp失败！;
【内容】:;
【createtime】:2017-09-12 10:04:41.837;

【项目】:任务后台;
【大分组】:-1989961220;	【小分组】:-1363265518;
【日志类型】:普通日志;
【标题】:正在关闭tcp！;
【内容】:;
【createtime】:2017-09-12 10:04:51.862;

【项目】:任务后台;
【大分组】:1240241913;	【小分组】:-363119081;
【日志类型】:普通日志;
【标题】:正在打开tcp...;
【内容】:;
【createtime】:2017-09-12 10:04:51.862;

【项目】:任务后台;
【大分组】:2130653117;	【小分组】:-354546625;
【日志类型】:普通日志;
【标题】:打开tcp失败！;
【内容】:;
【createtime】:2017-09-12 10:04:52.919;

【项目】:任务后台;
【大分组】:-1989961220;	【小分组】:-1797666475;
【日志类型】:普通日志;
【标题】:正在关闭tcp！;
【内容】:;
【createtime】:2017-09-12 10:05:02.938;

【项目】:任务后台;
【大分组】:1240241913;	【小分组】:502427902;
【日志类型】:普通日志;
【标题】:正在打开tcp...;
【内容】:;
【createtime】:2017-09-12 10:05:02.938;

【项目】:任务后台;
【大分组】:2130653117;	【小分组】:267426401;
【日志类型】:普通日志;
【标题】:打开tcp失败！;
【内容】:;
【createtime】:2017-09-12 10:05:03.972;

【项目】:任务后台;
【大分组】:-1989961220;	【小分组】:-795117317;
【日志类型】:普通日志;
【标题】:正在关闭tcp！;
【内容】:;
【createtime】:2017-09-12 10:05:13.998;

【项目】:任务后台;
【大分组】:1240241913;	【小分组】:-22272532;
【日志类型】:普通日志;
【标题】:正在打开tcp...;
【内容】:;
【createtime】:2017-09-12 10:05:13.998;

【项目】:任务后台;
【大分组】:2130653117;	【小分组】:2117616350;
【日志类型】:普通日志;
【标题】:打开tcp失败！;
【内容】:;
【createtime】:2017-09-12 10:05:15.056;

【项目】:任务后台;
【大分组】:-1989961220;	【小分组】:-1120862488;
【日志类型】:普通日志;
【标题】:正在关闭tcp！;
【内容】:;
【createtime】:2017-09-12 10:05:25.107;

【项目】:任务后台;
【大分组】:1240241913;	【小分组】:-814933969;
【日志类型】:普通日志;
【标题】:正在打开tcp...;
【内容】:;
【createtime】:2017-09-12 10:05:25.107;

【项目】:任务后台;
【大分组】:2130653117;	【小分组】:157890732;
【日志类型】:普通日志;
【标题】:打开tcp失败！;
【内容】:;
【createtime】:2017-09-12 10:05:26.162;

【项目】:任务后台;
【大分组】:-1989961220;	【小分组】:1762639905;
【日志类型】:普通日志;
【标题】:正在关闭tcp！;
【内容】:;
【createtime】:2017-09-12 10:05:36.187;

【项目】:任务后台;
【大分组】:1240241913;	【小分组】:9256105;
【日志类型】:普通日志;
【标题】:正在打开tcp...;
【内容】:;
【createtime】:2017-09-12 10:05:36.187;

【项目】:任务后台;
【大分组】:2130653117;	【小分组】:453984941;
【日志类型】:普通日志;
【标题】:打开tcp失败！;
【内容】:;
【createtime】:2017-09-12 10:05:37.245;

【项目】:任务后台;
【大分组】:-1989961220;	【小分组】:1851588758;
【日志类型】:普通日志;
【标题】:正在关闭tcp！;
【内容】:;
【createtime】:2017-09-12 10:05:47.272;

【项目】:任务后台;
【大分组】:1240241913;	【小分组】:-1501865666;
【日志类型】:普通日志;
【标题】:正在打开tcp...;
【内容】:;
【createtime】:2017-09-12 10:05:47.272;

【项目】:任务后台;
【大分组】:2130653117;	【小分组】:1276403965;
【日志类型】:普通日志;
【标题】:打开tcp失败！;
【内容】:;
【createtime】:2017-09-12 10:05:48.305;

【项目】:任务后台;
【大分组】:1240241913;	【小分组】:37368736;
【日志类型】:普通日志;
【标题】:正在打开tcp...;
【内容】:;
【createtime】:2017-09-12 10:24:14.424;

【项目】:任务后台;
【大分组】:2130653117;	【小分组】:37368736;
【日志类型】:普通日志;
【标题】:打开tcp失败！;
【内容】:;
【createtime】:2017-09-12 10:24:15.460;

【项目】:任务后台;
【大分组】:-1989961220;	【小分组】:1900754701;
【日志类型】:普通日志;
【标题】:正在关闭tcp！;
【内容】:;
【createtime】:2017-09-12 10:24:15.471;

【项目】:任务后台;
【大分组】:1240241913;	【小分组】:-1845096477;
【日志类型】:普通日志;
【标题】:正在打开tcp...;
【内容】:;
【createtime】:2017-09-12 10:24:15.471;

【项目】:任务后台;
【大分组】:2130653117;	【小分组】:2078754226;
【日志类型】:普通日志;
【标题】:打开tcp失败！;
【内容】:;
【createtime】:2017-09-12 10:24:16.500;

【项目】:任务后台;
【大分组】:-1989961220;	【小分组】:1725170255;
【日志类型】:普通日志;
【标题】:正在关闭tcp！;
【内容】:;
【createtime】:2017-09-12 10:24:26.524;

【项目】:任务后台;
【大分组】:1240241913;	【小分组】:-1726470977;
【日志类型】:普通日志;
【标题】:正在打开tcp...;
【内容】:;
【createtime】:2017-09-12 10:24:26.524;

【项目】:任务后台;
【大分组】:2130653117;	【小分组】:-1738947779;
【日志类型】:普通日志;
【标题】:打开tcp失败！;
【内容】:;
【createtime】:2017-09-12 10:24:27.545;

【项目】:任务后台;
【大分组】:-1989961220;	【小分组】:91945468;
【日志类型】:普通日志;
【标题】:正在关闭tcp！;
【内容】:;
【createtime】:2017-09-12 10:24:37.554;

【项目】:任务后台;
【大分组】:1240241913;	【小分组】:179773285;
【日志类型】:普通日志;
【标题】:正在打开tcp...;
【内容】:;
【createtime】:2017-09-12 10:24:37.554;

【项目】:任务后台;
【大分组】:2130653117;	【小分组】:-753569035;
【日志类型】:普通日志;
【标题】:打开tcp失败！;
【内容】:;
【createtime】:2017-09-12 10:24:38.591;

【项目】:任务后台;
【大分组】:-1989961220;	【小分组】:-910535461;
【日志类型】:普通日志;
【标题】:正在关闭tcp！;
【内容】:;
【createtime】:2017-09-12 10:24:48.617;

【项目】:任务后台;
【大分组】:1240241913;	【小分组】:-547254115;
【日志类型】:普通日志;
【标题】:正在打开tcp...;
【内容】:;
【createtime】:2017-09-12 10:24:48.617;

【项目】:任务后台;
【大分组】:2130653117;	【小分组】:358545753;
【日志类型】:普通日志;
【标题】:打开tcp失败！;
【内容】:;
【createtime】:2017-09-12 10:24:49.666;

【项目】:任务后台;
【大分组】:-1989961220;	【小分组】:1418069425;
【日志类型】:普通日志;
【标题】:正在关闭tcp！;
【内容】:;
【createtime】:2017-09-12 10:24:59.693;

【项目】:任务后台;
【大分组】:1240241913;	【小分组】:-1226610103;
【日志类型】:普通日志;
【标题】:正在打开tcp...;
【内容】:;
【createtime】:2017-09-12 10:24:59.693;

【项目】:任务后台;
【大分组】:2130653117;	【小分组】:804440233;
【日志类型】:普通日志;
【标题】:打开tcp失败！;
【内容】:;
【createtime】:2017-09-12 10:25:00.745;

【项目】:任务后台;
【大分组】:-1989961220;	【小分组】:-208149136;
【日志类型】:普通日志;
【标题】:正在关闭tcp！;
【内容】:;
【createtime】:2017-09-12 10:25:10.771;

【项目】:任务后台;
【大分组】:1240241913;	【小分组】:773304723;
【日志类型】:普通日志;
【标题】:正在打开tcp...;
【内容】:;
【createtime】:2017-09-12 10:25:10.771;

【项目】:任务后台;
【大分组】:2130653117;	【小分组】:1099984809;
【日志类型】:普通日志;
【标题】:打开tcp失败！;
【内容】:;
【createtime】:2017-09-12 10:25:11.823;

【项目】:任务后台;
【大分组】:-1989961220;	【小分组】:-1700334698;
【日志类型】:普通日志;
【标题】:正在关闭tcp！;
【内容】:;
【createtime】:2017-09-12 10:25:21.848;

【项目】:任务后台;
【大分组】:1240241913;	【小分组】:1236016226;
【日志类型】:普通日志;
【标题】:正在打开tcp...;
【内容】:;
【createtime】:2017-09-12 10:25:21.848;

【项目】:任务后台;
【大分组】:2130653117;	【小分组】:592967040;
【日志类型】:普通日志;
【标题】:打开tcp失败！;
【内容】:;
【createtime】:2017-09-12 10:25:22.900;

【项目】:任务后台;
【大分组】:-1989961220;	【小分组】:-574163546;
【日志类型】:普通日志;
【标题】:正在关闭tcp！;
【内容】:;
【createtime】:2017-09-12 10:25:32.909;

【项目】:任务后台;
【大分组】:1240241913;	【小分组】:-219497474;
【日志类型】:普通日志;
【标题】:正在打开tcp...;
【内容】:;
【createtime】:2017-09-12 10:25:32.909;

【项目】:任务后台;
【大分组】:2130653117;	【小分组】:-590275048;
【日志类型】:普通日志;
【标题】:打开tcp失败！;
【内容】:;
【createtime】:2017-09-12 10:25:33.961;

【项目】:任务后台;
【大分组】:-1989961220;	【小分组】:144246625;
【日志类型】:普通日志;
【标题】:正在关闭tcp！;
【内容】:;
【createtime】:2017-09-12 10:25:43.986;

【项目】:任务后台;
【大分组】:1240241913;	【小分组】:-1137114148;
【日志类型】:普通日志;
【标题】:正在打开tcp...;
【内容】:;
【createtime】:2017-09-12 10:25:43.986;

【项目】:任务后台;
【大分组】:2130653117;	【小分组】:938908512;
【日志类型】:普通日志;
【标题】:打开tcp失败！;
【内容】:;
【createtime】:2017-09-12 10:25:45.037;

【项目】:任务后台;
【大分组】:-1989961220;	【小分组】:2004825110;
【日志类型】:普通日志;
【标题】:正在关闭tcp！;
【内容】:;
【createtime】:2017-09-12 10:25:55.061;

【项目】:任务后台;
【大分组】:1240241913;	【小分组】:-1175166227;
【日志类型】:普通日志;
【标题】:正在打开tcp...;
【内容】:;
【createtime】:2017-09-12 10:25:55.061;

【项目】:任务后台;
【大分组】:2130653117;	【小分组】:741983992;
【日志类型】:普通日志;
【标题】:打开tcp失败！;
【内容】:;
【createtime】:2017-09-12 10:25:56.109;

【项目】:任务后台;
【大分组】:-1989961220;	【小分组】:716424031;
【日志类型】:普通日志;
【标题】:正在关闭tcp！;
【内容】:;
【createtime】:2017-09-12 10:26:06.132;

【项目】:任务后台;
【大分组】:1240241913;	【小分组】:807136795;
【日志类型】:普通日志;
【标题】:正在打开tcp...;
【内容】:;
【createtime】:2017-09-12 10:26:06.132;

【项目】:任务后台;
【大分组】:2130653117;	【小分组】:-463524799;
【日志类型】:普通日志;
【标题】:打开tcp失败！;
【内容】:;
【createtime】:2017-09-12 10:26:07.181;

【项目】:任务后台;
【大分组】:-1989961220;	【小分组】:-2130066548;
【日志类型】:普通日志;
【标题】:正在关闭tcp！;
【内容】:;
【createtime】:2017-09-12 10:26:17.205;

【项目】:任务后台;
【大分组】:1240241913;	【小分组】:1720603487;
【日志类型】:普通日志;
【标题】:正在打开tcp...;
【内容】:;
【createtime】:2017-09-12 10:26:17.205;

【项目】:任务后台;
【大分组】:2130653117;	【小分组】:-186060754;
【日志类型】:普通日志;
【标题】:打开tcp失败！;
【内容】:;
【createtime】:2017-09-12 10:26:18.224;

【项目】:任务后台;
【大分组】:-1989961220;	【小分组】:1317542236;
【日志类型】:普通日志;
【标题】:正在关闭tcp！;
【内容】:;
【createtime】:2017-09-12 10:26:28.252;

【项目】:任务后台;
【大分组】:1240241913;	【小分组】:1560248293;
【日志类型】:普通日志;
【标题】:正在打开tcp...;
【内容】:;
【createtime】:2017-09-12 10:26:28.252;

【项目】:任务后台;
【大分组】:2130653117;	【小分组】:-1447084521;
【日志类型】:普通日志;
【标题】:打开tcp失败！;
【内容】:;
【createtime】:2017-09-12 10:26:29.314;

【项目】:任务后台;
【大分组】:-1989961220;	【小分组】:-916494185;
【日志类型】:普通日志;
【标题】:正在关闭tcp！;
【内容】:;
【createtime】:2017-09-12 10:26:39.340;

【项目】:任务后台;
【大分组】:1240241913;	【小分组】:-431826057;
【日志类型】:普通日志;
【标题】:正在打开tcp...;
【内容】:;
【createtime】:2017-09-12 10:26:39.340;

【项目】:任务后台;
【大分组】:2130653117;	【小分组】:-327515926;
【日志类型】:普通日志;
【标题】:打开tcp失败！;
【内容】:;
【createtime】:2017-09-12 10:26:40.390;

【项目】:任务后台;
【大分组】:-1989961220;	【小分组】:781173829;
【日志类型】:普通日志;
【标题】:正在关闭tcp！;
【内容】:;
【createtime】:2017-09-12 10:26:50.415;

【项目】:任务后台;
【大分组】:1240241913;	【小分组】:176281934;
【日志类型】:普通日志;
【标题】:正在打开tcp...;
【内容】:;
【createtime】:2017-09-12 10:26:50.415;

【项目】:任务后台;
【大分组】:2130653117;	【小分组】:1639076537;
【日志类型】:普通日志;
【标题】:打开tcp失败！;
【内容】:;
【createtime】:2017-09-12 10:26:51.462;

【项目】:任务后台;
【大分组】:-1989961220;	【小分组】:-1405468479;
【日志类型】:普通日志;
【标题】:正在关闭tcp！;
【内容】:;
【createtime】:2017-09-12 10:27:01.489;

【项目】:任务后台;
【大分组】:1240241913;	【小分组】:916351873;
【日志类型】:普通日志;
【标题】:正在打开tcp...;
【内容】:;
【createtime】:2017-09-12 10:27:01.489;

【项目】:任务后台;
【大分组】:2130653117;	【小分组】:-1976424896;
【日志类型】:普通日志;
【标题】:打开tcp失败！;
【内容】:;
【createtime】:2017-09-12 10:27:02.535;

【项目】:任务后台;
【大分组】:-1989961220;	【小分组】:997859583;
【日志类型】:普通日志;
【标题】:正在关闭tcp！;
【内容】:;
【createtime】:2017-09-12 10:27:12.560;

【项目】:任务后台;
【大分组】:1240241913;	【小分组】:-1764938090;
【日志类型】:普通日志;
【标题】:正在打开tcp...;
【内容】:;
【createtime】:2017-09-12 10:27:12.560;

【项目】:任务后台;
【大分组】:2130653117;	【小分组】:1926081738;
【日志类型】:普通日志;
【标题】:打开tcp失败！;
【内容】:;
【createtime】:2017-09-12 10:27:13.606;

【项目】:任务后台;
【大分组】:1240241913;	【小分组】:35104124;
【日志类型】:普通日志;
【标题】:正在打开tcp...;
【内容】:;
【createtime】:2017-09-12 10:32:05.691;

【项目】:任务后台;
【大分组】:-1280615985;	【小分组】:35104124;
【日志类型】:普通日志;
【标题】:打开tcp成功！;
【内容】:;
【createtime】:2017-09-12 10:32:05.693;

【项目】:任务后台;
【大分组】:1240241913;	【小分组】:37368736;
【日志类型】:普通日志;
【标题】:正在打开tcp...;
【内容】:;
【createtime】:2017-09-12 10:35:50.532;

【项目】:任务后台;
【大分组】:-1280615985;	【小分组】:37368736;
【日志类型】:普通日志;
【标题】:打开tcp成功！;
【内容】:;
【createtime】:2017-09-12 10:35:50.534;

【项目】:任务后台;
【大分组】:1240241913;	【小分组】:37368736;
【日志类型】:普通日志;
【标题】:正在打开tcp...;
【内容】:;
【createtime】:2017-09-12 10:59:37.587;

【项目】:任务后台;
【大分组】:-1280615985;	【小分组】:37368736;
【日志类型】:普通日志;
【标题】:打开tcp成功！;
【内容】:;
【createtime】:2017-09-12 10:59:37.589;

【项目】:任务后台;
【大分组】:1240241913;	【小分组】:37368736;
【日志类型】:普通日志;
【标题】:正在打开tcp...;
【内容】:;
【createtime】:2017-09-12 11:16:15.454;

【项目】:任务后台;
【大分组】:-1280615985;	【小分组】:37368736;
【日志类型】:普通日志;
【标题】:打开tcp成功！;
【内容】:;
【createtime】:2017-09-12 11:16:15.456;

【项目】:任务后台;
【大分组】:1240241913;	【小分组】:35104124;
【日志类型】:普通日志;
【标题】:正在打开tcp...;
【内容】:;
【createtime】:2017-09-12 11:19:28.589;

【项目】:任务后台;
【大分组】:-1280615985;	【小分组】:35104124;
【日志类型】:普通日志;
【标题】:打开tcp成功！;
【内容】:;
【createtime】:2017-09-12 11:19:28.591;

【项目】:任务后台;
【大分组】:1240241913;	【小分组】:37368736;
【日志类型】:普通日志;
【标题】:正在打开tcp...;
【内容】:;
【createtime】:2017-09-12 11:22:20.609;

【项目】:任务后台;
【大分组】:-1280615985;	【小分组】:37368736;
【日志类型】:普通日志;
【标题】:打开tcp成功！;
【内容】:;
【createtime】:2017-09-12 11:22:20.611;

【项目】:任务后台;
【大分组】:1240241913;	【小分组】:37368736;
【日志类型】:普通日志;
【标题】:正在打开tcp...;
【内容】:;
【createtime】:2017-09-12 14:18:40.957;

【项目】:任务后台;
【大分组】:2130653117;	【小分组】:37368736;
【日志类型】:普通日志;
【标题】:打开tcp失败！;
【内容】:;
【createtime】:2017-09-12 14:18:42.108;

【项目】:任务后台;
【大分组】:-1989961220;	【小分组】:-1492520164;
【日志类型】:普通日志;
【标题】:正在关闭tcp！;
【内容】:;
【createtime】:2017-09-12 14:18:42.122;

【项目】:任务后台;
【大分组】:1240241913;	【小分组】:-175023447;
【日志类型】:普通日志;
【标题】:正在打开tcp...;
【内容】:;
【createtime】:2017-09-12 14:18:42.122;

【项目】:任务后台;
【大分组】:2130653117;	【小分组】:1076793974;
【日志类型】:普通日志;
【标题】:打开tcp失败！;
【内容】:;
【createtime】:2017-09-12 14:18:43.145;

【项目】:任务后台;
【大分组】:-1989961220;	【小分组】:-1890255728;
【日志类型】:普通日志;
【标题】:正在关闭tcp！;
【内容】:;
【createtime】:2017-09-12 14:18:53.169;

【项目】:任务后台;
【大分组】:1240241913;	【小分组】:-391975851;
【日志类型】:普通日志;
【标题】:正在打开tcp...;
【内容】:;
【createtime】:2017-09-12 14:18:53.169;

【项目】:任务后台;
【大分组】:2130653117;	【小分组】:886326796;
【日志类型】:普通日志;
【标题】:打开tcp失败！;
【内容】:;
【createtime】:2017-09-12 14:18:54.190;

【项目】:任务后台;
【大分组】:-1989961220;	【小分组】:-1940214229;
【日志类型】:普通日志;
【标题】:正在关闭tcp！;
【内容】:;
【createtime】:2017-09-12 14:19:04.230;

【项目】:任务后台;
【大分组】:1240241913;	【小分组】:834192500;
【日志类型】:普通日志;
【标题】:正在打开tcp...;
【内容】:;
【createtime】:2017-09-12 14:19:04.230;

【项目】:任务后台;
【大分组】:2130653117;	【小分组】:749355632;
【日志类型】:普通日志;
【标题】:打开tcp失败！;
【内容】:;
【createtime】:2017-09-12 14:19:05.258;

【项目】:任务后台;
【大分组】:-1989961220;	【小分组】:-1104818618;
【日志类型】:普通日志;
【标题】:正在关闭tcp！;
【内容】:;
【createtime】:2017-09-12 14:19:15.276;

【项目】:任务后台;
【大分组】:1240241913;	【小分组】:-543687386;
【日志类型】:普通日志;
【标题】:正在打开tcp...;
【内容】:;
【createtime】:2017-09-12 14:19:15.276;

【项目】:任务后台;
【大分组】:2130653117;	【小分组】:1380782559;
【日志类型】:普通日志;
【标题】:打开tcp失败！;
【内容】:;
【createtime】:2017-09-12 14:19:16.354;

【项目】:任务后台;
【大分组】:-1989961220;	【小分组】:295676608;
【日志类型】:普通日志;
【标题】:正在关闭tcp！;
【内容】:;
【createtime】:2017-09-12 14:19:26.382;

【项目】:任务后台;
【大分组】:1240241913;	【小分组】:781862148;
【日志类型】:普通日志;
【标题】:正在打开tcp...;
【内容】:;
【createtime】:2017-09-12 14:19:26.382;

【项目】:任务后台;
【大分组】:2130653117;	【小分组】:-144819421;
【日志类型】:普通日志;
【标题】:打开tcp失败！;
【内容】:;
【createtime】:2017-09-12 14:19:27.452;

【项目】:任务后台;
【大分组】:-1989961220;	【小分组】:1786326128;
【日志类型】:普通日志;
【标题】:正在关闭tcp！;
【内容】:;
【createtime】:2017-09-12 14:19:37.467;

【项目】:任务后台;
【大分组】:1240241913;	【小分组】:-1197948115;
【日志类型】:普通日志;
【标题】:正在打开tcp...;
【内容】:;
【createtime】:2017-09-12 14:19:37.467;

【项目】:任务后台;
【大分组】:2130653117;	【小分组】:1342295337;
【日志类型】:普通日志;
【标题】:打开tcp失败！;
【内容】:;
【createtime】:2017-09-12 14:19:38.522;

【项目】:任务后台;
【大分组】:-1989961220;	【小分组】:344615538;
【日志类型】:普通日志;
【标题】:正在关闭tcp！;
【内容】:;
【createtime】:2017-09-12 14:19:48.550;

【项目】:任务后台;
【大分组】:1240241913;	【小分组】:-120090835;
【日志类型】:普通日志;
【标题】:正在打开tcp...;
【内容】:;
【createtime】:2017-09-12 14:19:48.550;

【项目】:任务后台;
【大分组】:2130653117;	【小分组】:675880061;
【日志类型】:普通日志;
【标题】:打开tcp失败！;
【内容】:;
【createtime】:2017-09-12 14:19:49.597;

【项目】:任务后台;
【大分组】:-1989961220;	【小分组】:-736296821;
【日志类型】:普通日志;
【标题】:正在关闭tcp！;
【内容】:;
【createtime】:2017-09-12 14:19:59.632;

【项目】:任务后台;
【大分组】:1240241913;	【小分组】:-699216414;
【日志类型】:普通日志;
【标题】:正在打开tcp...;
【内容】:;
【createtime】:2017-09-12 14:19:59.632;

【项目】:任务后台;
【大分组】:2130653117;	【小分组】:-1508562658;
【日志类型】:普通日志;
【标题】:打开tcp失败！;
【内容】:;
【createtime】:2017-09-12 14:20:00.681;

【项目】:任务后台;
【大分组】:-1989961220;	【小分组】:-1555659344;
【日志类型】:普通日志;
【标题】:正在关闭tcp！;
【内容】:;
【createtime】:2017-09-12 14:20:10.704;

【项目】:任务后台;
【大分组】:1240241913;	【小分组】:-2101476508;
【日志类型】:普通日志;
【标题】:正在打开tcp...;
【内容】:;
【createtime】:2017-09-12 14:20:10.704;

【项目】:任务后台;
【大分组】:2130653117;	【小分组】:588402478;
【日志类型】:普通日志;
【标题】:打开tcp失败！;
【内容】:;
【createtime】:2017-09-12 14:20:11.724;

【项目】:任务后台;
【大分组】:-1989961220;	【小分组】:1528153001;
【日志类型】:普通日志;
【标题】:正在关闭tcp！;
【内容】:;
【createtime】:2017-09-12 14:20:21.741;

【项目】:任务后台;
【大分组】:1240241913;	【小分组】:-750352467;
【日志类型】:普通日志;
【标题】:正在打开tcp...;
【内容】:;
【createtime】:2017-09-12 14:20:21.741;

【项目】:任务后台;
【大分组】:2130653117;	【小分组】:-2047816469;
【日志类型】:普通日志;
【标题】:打开tcp失败！;
【内容】:;
【createtime】:2017-09-12 14:20:22.804;

【项目】:任务后台;
【大分组】:-1989961220;	【小分组】:1067052527;
【日志类型】:普通日志;
【标题】:正在关闭tcp！;
【内容】:;
【createtime】:2017-09-12 14:20:32.818;

【项目】:任务后台;
【大分组】:1240241913;	【小分组】:-355683769;
【日志类型】:普通日志;
【标题】:正在打开tcp...;
【内容】:;
【createtime】:2017-09-12 14:20:32.818;

【项目】:任务后台;
【大分组】:2130653117;	【小分组】:-1341061085;
【日志类型】:普通日志;
【标题】:打开tcp失败！;
【内容】:;
【createtime】:2017-09-12 14:20:33.850;

【项目】:任务后台;
【大分组】:-1989961220;	【小分组】:-245325948;
【日志类型】:普通日志;
【标题】:正在关闭tcp！;
【内容】:;
【createtime】:2017-09-12 14:20:43.877;

【项目】:任务后台;
【大分组】:1240241913;	【小分组】:441414066;
【日志类型】:普通日志;
【标题】:正在打开tcp...;
【内容】:;
【createtime】:2017-09-12 14:20:43.877;

【项目】:任务后台;
【大分组】:2130653117;	【小分组】:620653223;
【日志类型】:普通日志;
【标题】:打开tcp失败！;
【内容】:;
【createtime】:2017-09-12 14:20:44.955;

【项目】:任务后台;
【大分组】:-1989961220;	【小分组】:-104257657;
【日志类型】:普通日志;
【标题】:正在关闭tcp！;
【内容】:;
【createtime】:2017-09-12 14:20:54.987;

【项目】:任务后台;
【大分组】:1240241913;	【小分组】:-305250163;
【日志类型】:普通日志;
【标题】:正在打开tcp...;
【内容】:;
【createtime】:2017-09-12 14:20:54.987;

【项目】:任务后台;
【大分组】:2130653117;	【小分组】:270235093;
【日志类型】:普通日志;
【标题】:打开tcp失败！;
【内容】:;
【createtime】:2017-09-12 14:20:56.066;

【项目】:任务后台;
【大分组】:-1989961220;	【小分组】:1661038743;
【日志类型】:普通日志;
【标题】:正在关闭tcp！;
【内容】:;
【createtime】:2017-09-12 14:21:06.097;

【项目】:任务后台;
【大分组】:1240241913;	【小分组】:2110191390;
【日志类型】:普通日志;
【标题】:正在打开tcp...;
【内容】:;
【createtime】:2017-09-12 14:21:06.097;

【项目】:任务后台;
【大分组】:2130653117;	【小分组】:-383529062;
【日志类型】:普通日志;
【标题】:打开tcp失败！;
【内容】:;
【createtime】:2017-09-12 14:21:07.128;

【项目】:任务后台;
【大分组】:-1989961220;	【小分组】:-1001589163;
【日志类型】:普通日志;
【标题】:正在关闭tcp！;
【内容】:;
【createtime】:2017-09-12 14:21:17.162;

【项目】:任务后台;
【大分组】:1240241913;	【小分组】:1883788498;
【日志类型】:普通日志;
【标题】:正在打开tcp...;
【内容】:;
【createtime】:2017-09-12 14:21:17.162;

【项目】:任务后台;
【大分组】:2130653117;	【小分组】:845934104;
【日志类型】:普通日志;
【标题】:打开tcp失败！;
【内容】:;
【createtime】:2017-09-12 14:21:18.193;

【项目】:任务后台;
【大分组】:-1989961220;	【小分组】:147692595;
【日志类型】:普通日志;
【标题】:正在关闭tcp！;
【内容】:;
【createtime】:2017-09-12 14:21:28.218;

【项目】:任务后台;
【大分组】:1240241913;	【小分组】:-1325108582;
【日志类型】:普通日志;
【标题】:正在打开tcp...;
【内容】:;
【createtime】:2017-09-12 14:21:28.218;

【项目】:任务后台;
【大分组】:2130653117;	【小分组】:1014982685;
【日志类型】:普通日志;
【标题】:打开tcp失败！;
【内容】:;
【createtime】:2017-09-12 14:21:29.296;

【项目】:任务后台;
【大分组】:-1989961220;	【小分组】:1536578425;
【日志类型】:普通日志;
【标题】:正在关闭tcp！;
【内容】:;
【createtime】:2017-09-12 14:21:39.337;

【项目】:任务后台;
【大分组】:1240241913;	【小分组】:-1676357075;
【日志类型】:普通日志;
【标题】:正在打开tcp...;
【内容】:;
【createtime】:2017-09-12 14:21:39.337;

【项目】:任务后台;
【大分组】:2130653117;	【小分组】:1798768804;
【日志类型】:普通日志;
【标题】:打开tcp失败！;
【内容】:;
【createtime】:2017-09-12 14:21:40.389;

【项目】:任务后台;
【大分组】:-1989961220;	【小分组】:-893863388;
【日志类型】:普通日志;
【标题】:正在关闭tcp！;
【内容】:;
【createtime】:2017-09-12 14:21:50.421;

【项目】:任务后台;
【大分组】:1240241913;	【小分组】:-537160253;
【日志类型】:普通日志;
【标题】:正在打开tcp...;
【内容】:;
【createtime】:2017-09-12 14:21:50.421;

【项目】:任务后台;
【大分组】:2130653117;	【小分组】:-1231932548;
【日志类型】:普通日志;
【标题】:打开tcp失败！;
【内容】:;
【createtime】:2017-09-12 14:21:51.503;

【项目】:任务后台;
【大分组】:-1989961220;	【小分组】:499545355;
【日志类型】:普通日志;
【标题】:正在关闭tcp！;
【内容】:;
【createtime】:2017-09-12 14:22:01.526;

【项目】:任务后台;
【大分组】:1240241913;	【小分组】:-238679031;
【日志类型】:普通日志;
【标题】:正在打开tcp...;
【内容】:;
【createtime】:2017-09-12 14:22:01.526;

【项目】:任务后台;
【大分组】:2130653117;	【小分组】:-856011609;
【日志类型】:普通日志;
【标题】:打开tcp失败！;
【内容】:;
【createtime】:2017-09-12 14:22:02.589;

【项目】:任务后台;
【大分组】:-1989961220;	【小分组】:1007880234;
【日志类型】:普通日志;
【标题】:正在关闭tcp！;
【内容】:;
【createtime】:2017-09-12 14:22:12.606;

【项目】:任务后台;
【大分组】:1240241913;	【小分组】:-261673282;
【日志类型】:普通日志;
【标题】:正在打开tcp...;
【内容】:;
【createtime】:2017-09-12 14:22:12.606;

【项目】:任务后台;
【大分组】:2130653117;	【小分组】:1923428950;
【日志类型】:普通日志;
【标题】:打开tcp失败！;
【内容】:;
【createtime】:2017-09-12 14:22:13.669;

【项目】:任务后台;
【大分组】:-1989961220;	【小分组】:-1568553165;
【日志类型】:普通日志;
【标题】:正在关闭tcp！;
【内容】:;
【createtime】:2017-09-12 14:22:23.686;

【项目】:任务后台;
【大分组】:1240241913;	【小分组】:1067342489;
【日志类型】:普通日志;
【标题】:正在打开tcp...;
【内容】:;
【createtime】:2017-09-12 14:22:23.686;

【项目】:任务后台;
【大分组】:2130653117;	【小分组】:902605061;
【日志类型】:普通日志;
【标题】:打开tcp失败！;
【内容】:;
【createtime】:2017-09-12 14:22:24.748;

【项目】:任务后台;
【大分组】:-1989961220;	【小分组】:664989412;
【日志类型】:普通日志;
【标题】:正在关闭tcp！;
【内容】:;
【createtime】:2017-09-12 14:22:34.777;

【项目】:任务后台;
【大分组】:1240241913;	【小分组】:-1150518485;
【日志类型】:普通日志;
【标题】:正在打开tcp...;
【内容】:;
【createtime】:2017-09-12 14:22:34.777;

【项目】:任务后台;
【大分组】:2130653117;	【小分组】:767839897;
【日志类型】:普通日志;
【标题】:打开tcp失败！;
【内容】:;
【createtime】:2017-09-12 14:22:35.826;

【项目】:任务后台;
【大分组】:-1989961220;	【小分组】:-412615328;
【日志类型】:普通日志;
【标题】:正在关闭tcp！;
【内容】:;
【createtime】:2017-09-12 14:22:45.858;

【项目】:任务后台;
【大分组】:1240241913;	【小分组】:50054176;
【日志类型】:普通日志;
【标题】:正在打开tcp...;
【内容】:;
【createtime】:2017-09-12 14:22:45.858;

【项目】:任务后台;
【大分组】:2130653117;	【小分组】:1793307958;
【日志类型】:普通日志;
【标题】:打开tcp失败！;
【内容】:;
【createtime】:2017-09-12 14:22:46.937;

【项目】:任务后台;
【大分组】:-1989961220;	【小分组】:790495818;
【日志类型】:普通日志;
【标题】:正在关闭tcp！;
【内容】:;
【createtime】:2017-09-12 14:22:56.969;

【项目】:任务后台;
【大分组】:1240241913;	【小分组】:-1146089919;
【日志类型】:普通日志;
【标题】:正在打开tcp...;
【内容】:;
【createtime】:2017-09-12 14:22:56.969;

【项目】:任务后台;
【大分组】:2130653117;	【小分组】:1663033727;
【日志类型】:普通日志;
【标题】:打开tcp失败！;
【内容】:;
【createtime】:2017-09-12 14:22:58.031;

【项目】:任务后台;
【大分组】:-1989961220;	【小分组】:1423877483;
【日志类型】:普通日志;
【标题】:正在关闭tcp！;
【内容】:;
【createtime】:2017-09-12 14:23:08.060;

【项目】:任务后台;
【大分组】:1240241913;	【小分组】:-1658966569;
【日志类型】:普通日志;
【标题】:正在打开tcp...;
【内容】:;
【createtime】:2017-09-12 14:23:08.060;

【项目】:任务后台;
【大分组】:2130653117;	【小分组】:1529023631;
【日志类型】:普通日志;
【标题】:打开tcp失败！;
【内容】:;
【createtime】:2017-09-12 14:23:09.123;

【项目】:任务后台;
【大分组】:-1989961220;	【小分组】:267690918;
【日志类型】:普通日志;
【标题】:正在关闭tcp！;
【内容】:;
【createtime】:2017-09-12 14:23:19.139;

【项目】:任务后台;
【大分组】:1240241913;	【小分组】:306017753;
【日志类型】:普通日志;
【标题】:正在打开tcp...;
【内容】:;
【createtime】:2017-09-12 14:23:19.139;

【项目】:任务后台;
【大分组】:2130653117;	【小分组】:-1683199011;
【日志类型】:普通日志;
【标题】:打开tcp失败！;
【内容】:;
【createtime】:2017-09-12 14:23:20.202;

【项目】:任务后台;
【大分组】:-1989961220;	【小分组】:-1722695366;
【日志类型】:普通日志;
【标题】:正在关闭tcp！;
【内容】:;
【createtime】:2017-09-12 14:23:30.234;

【项目】:任务后台;
【大分组】:1240241913;	【小分组】:-1592338684;
【日志类型】:普通日志;
【标题】:正在打开tcp...;
【内容】:;
【createtime】:2017-09-12 14:23:30.234;

【项目】:任务后台;
【大分组】:2130653117;	【小分组】:-168909339;
【日志类型】:普通日志;
【标题】:打开tcp失败！;
【内容】:;
【createtime】:2017-09-12 14:23:31.297;

【项目】:任务后台;
【大分组】:-1989961220;	【小分组】:1444409301;
【日志类型】:普通日志;
【标题】:正在关闭tcp！;
【内容】:;
【createtime】:2017-09-12 14:23:41.322;

【项目】:任务后台;
【大分组】:1240241913;	【小分组】:-1118413922;
【日志类型】:普通日志;
【标题】:正在打开tcp...;
【内容】:;
【createtime】:2017-09-12 14:23:41.322;

【项目】:任务后台;
【大分组】:2130653117;	【小分组】:-237307696;
【日志类型】:普通日志;
【标题】:打开tcp失败！;
【内容】:;
【createtime】:2017-09-12 14:23:42.385;

【项目】:任务后台;
【大分组】:-1989961220;	【小分组】:411713028;
【日志类型】:普通日志;
【标题】:正在关闭tcp！;
【内容】:;
【createtime】:2017-09-12 14:23:52.417;

【项目】:任务后台;
【大分组】:1240241913;	【小分组】:1306415492;
【日志类型】:普通日志;
【标题】:正在打开tcp...;
【内容】:;
【createtime】:2017-09-12 14:23:52.417;

【项目】:任务后台;
【大分组】:2130653117;	【小分组】:-977375990;
【日志类型】:普通日志;
【标题】:打开tcp失败！;
【内容】:;
【createtime】:2017-09-12 14:23:53.464;

【项目】:任务后台;
【大分组】:-1989961220;	【小分组】:1228108515;
【日志类型】:普通日志;
【标题】:正在关闭tcp！;
【内容】:;
【createtime】:2017-09-12 14:24:03.496;

【项目】:任务后台;
【大分组】:1240241913;	【小分组】:313821107;
【日志类型】:普通日志;
【标题】:正在打开tcp...;
【内容】:;
【createtime】:2017-09-12 14:24:03.496;

【项目】:任务后台;
【大分组】:2130653117;	【小分组】:-335515095;
【日志类型】:普通日志;
【标题】:打开tcp失败！;
【内容】:;
【createtime】:2017-09-12 14:24:04.559;

【项目】:任务后台;
【大分组】:-1989961220;	【小分组】:177843126;
【日志类型】:普通日志;
【标题】:正在关闭tcp！;
【内容】:;
【createtime】:2017-09-12 14:24:14.591;

【项目】:任务后台;
【大分组】:1240241913;	【小分组】:-693293443;
【日志类型】:普通日志;
【标题】:正在打开tcp...;
【内容】:;
【createtime】:2017-09-12 14:24:14.591;

【项目】:任务后台;
【大分组】:2130653117;	【小分组】:-348293351;
【日志类型】:普通日志;
【标题】:打开tcp失败！;
【内容】:;
【createtime】:2017-09-12 14:24:15.622;

【项目】:任务后台;
【大分组】:-1989961220;	【小分组】:1138167596;
【日志类型】:普通日志;
【标题】:正在关闭tcp！;
【内容】:;
【createtime】:2017-09-12 14:24:25.673;

【项目】:任务后台;
【大分组】:1240241913;	【小分组】:1358301014;
【日志类型】:普通日志;
【标题】:正在打开tcp...;
【内容】:;
【createtime】:2017-09-12 14:24:25.673;

【项目】:任务后台;
【大分组】:2130653117;	【小分组】:834079459;
【日志类型】:普通日志;
【标题】:打开tcp失败！;
【内容】:;
【createtime】:2017-09-12 14:24:26.752;

【项目】:任务后台;
【大分组】:-1989961220;	【小分组】:-1339074322;
【日志类型】:普通日志;
【标题】:正在关闭tcp！;
【内容】:;
【createtime】:2017-09-12 14:24:36.768;

【项目】:任务后台;
【大分组】:1240241913;	【小分组】:-292656453;
【日志类型】:普通日志;
【标题】:正在打开tcp...;
【内容】:;
【createtime】:2017-09-12 14:24:36.768;

【项目】:任务后台;
【大分组】:2130653117;	【小分组】:-2098321447;
【日志类型】:普通日志;
【标题】:打开tcp失败！;
【内容】:;
【createtime】:2017-09-12 14:24:37.831;

【项目】:任务后台;
【大分组】:-1989961220;	【小分组】:-663041520;
【日志类型】:普通日志;
【标题】:正在关闭tcp！;
【内容】:;
【createtime】:2017-09-12 14:24:47.859;

【项目】:任务后台;
【大分组】:1240241913;	【小分组】:170480196;
【日志类型】:普通日志;
【标题】:正在打开tcp...;
【内容】:;
【createtime】:2017-09-12 14:24:47.859;

【项目】:任务后台;
【大分组】:2130653117;	【小分组】:-1206225866;
【日志类型】:普通日志;
【标题】:打开tcp失败！;
【内容】:;
【createtime】:2017-09-12 14:24:48.932;

【项目】:任务后台;
【大分组】:-1989961220;	【小分组】:97214120;
【日志类型】:普通日志;
【标题】:正在关闭tcp！;
【内容】:;
【createtime】:2017-09-12 14:24:58.971;

【项目】:任务后台;
【大分组】:1240241913;	【小分组】:-1218827237;
【日志类型】:普通日志;
【标题】:正在打开tcp...;
【内容】:;
【createtime】:2017-09-12 14:24:58.971;

【项目】:任务后台;
【大分组】:2130653117;	【小分组】:-1381681912;
【日志类型】:普通日志;
【标题】:打开tcp失败！;
【内容】:;
【createtime】:2017-09-12 14:25:00.034;

【项目】:任务后台;
【大分组】:-1989961220;	【小分组】:-1044660155;
【日志类型】:普通日志;
【标题】:正在关闭tcp！;
【内容】:;
【createtime】:2017-09-12 14:25:10.056;

【项目】:任务后台;
【大分组】:1240241913;	【小分组】:1605419005;
【日志类型】:普通日志;
【标题】:正在打开tcp...;
【内容】:;
【createtime】:2017-09-12 14:25:10.056;

【项目】:任务后台;
【大分组】:2130653117;	【小分组】:1447458557;
【日志类型】:普通日志;
【标题】:打开tcp失败！;
【内容】:;
【createtime】:2017-09-12 14:25:11.080;

【项目】:任务后台;
【大分组】:-1989961220;	【小分组】:727797558;
【日志类型】:普通日志;
【标题】:正在关闭tcp！;
【内容】:;
【createtime】:2017-09-12 14:25:21.108;

【项目】:任务后台;
【大分组】:1240241913;	【小分组】:1924764783;
【日志类型】:普通日志;
【标题】:正在打开tcp...;
【内容】:;
【createtime】:2017-09-12 14:25:21.108;

【项目】:任务后台;
【大分组】:2130653117;	【小分组】:1354569157;
【日志类型】:普通日志;
【标题】:打开tcp失败！;
【内容】:;
【createtime】:2017-09-12 14:25:22.178;

【项目】:任务后台;
【大分组】:-1989961220;	【小分组】:-1172175209;
【日志类型】:普通日志;
【标题】:正在关闭tcp！;
【内容】:;
【createtime】:2017-09-12 14:25:32.209;

【项目】:任务后台;
【大分组】:1240241913;	【小分组】:399790356;
【日志类型】:普通日志;
【标题】:正在打开tcp...;
【内容】:;
【createtime】:2017-09-12 14:25:32.209;

【项目】:任务后台;
【大分组】:2130653117;	【小分组】:-1653794800;
【日志类型】:普通日志;
【标题】:打开tcp失败！;
【内容】:;
【createtime】:2017-09-12 14:25:33.280;

【项目】:任务后台;
【大分组】:-1989961220;	【小分组】:1997713353;
【日志类型】:普通日志;
【标题】:正在关闭tcp！;
【内容】:;
【createtime】:2017-09-12 14:25:43.304;

【项目】:任务后台;
【大分组】:1240241913;	【小分组】:-1691447447;
【日志类型】:普通日志;
【标题】:正在打开tcp...;
【内容】:;
【createtime】:2017-09-12 14:25:43.304;

【项目】:任务后台;
【大分组】:2130653117;	【小分组】:-1107680067;
【日志类型】:普通日志;
【标题】:打开tcp失败！;
【内容】:;
【createtime】:2017-09-12 14:25:44.351;

【项目】:任务后台;
【大分组】:-1989961220;	【小分组】:-1110777136;
【日志类型】:普通日志;
【标题】:正在关闭tcp！;
【内容】:;
【createtime】:2017-09-12 14:25:54.383;

【项目】:任务后台;
【大分组】:1240241913;	【小分组】:-1583229030;
【日志类型】:普通日志;
【标题】:正在打开tcp...;
【内容】:;
【createtime】:2017-09-12 14:25:54.383;

【项目】:任务后台;
【大分组】:2130653117;	【小分组】:-1151713077;
【日志类型】:普通日志;
【标题】:打开tcp失败！;
【内容】:;
【createtime】:2017-09-12 14:25:55.457;

【项目】:任务后台;
【大分组】:-1989961220;	【小分组】:406000726;
【日志类型】:普通日志;
【标题】:正在关闭tcp！;
【内容】:;
【createtime】:2017-09-12 14:26:05.484;

【项目】:任务后台;
【大分组】:1240241913;	【小分组】:659213058;
【日志类型】:普通日志;
【标题】:正在打开tcp...;
【内容】:;
【createtime】:2017-09-12 14:26:05.484;

【项目】:任务后台;
【大分组】:2130653117;	【小分组】:970971636;
【日志类型】:普通日志;
【标题】:打开tcp失败！;
【内容】:;
【createtime】:2017-09-12 14:26:06.553;

【项目】:任务后台;
【大分组】:-1989961220;	【小分组】:-1328273270;
【日志类型】:普通日志;
【标题】:正在关闭tcp！;
【内容】:;
【createtime】:2017-09-12 14:26:16.586;

【项目】:任务后台;
【大分组】:1240241913;	【小分组】:871685773;
【日志类型】:普通日志;
【标题】:正在打开tcp...;
【内容】:;
【createtime】:2017-09-12 14:26:16.586;

【项目】:任务后台;
【大分组】:2130653117;	【小分组】:-552528152;
【日志类型】:普通日志;
【标题】:打开tcp失败！;
【内容】:;
【createtime】:2017-09-12 14:26:17.615;

【项目】:任务后台;
【大分组】:-1989961220;	【小分组】:-271772854;
【日志类型】:普通日志;
【标题】:正在关闭tcp！;
【内容】:;
【createtime】:2017-09-12 14:26:27.642;

【项目】:任务后台;
【大分组】:1240241913;	【小分组】:441291001;
【日志类型】:普通日志;
【标题】:正在打开tcp...;
【内容】:;
【createtime】:2017-09-12 14:26:27.642;

【项目】:任务后台;
【大分组】:2130653117;	【小分组】:216366505;
【日志类型】:普通日志;
【标题】:打开tcp失败！;
【内容】:;
【createtime】:2017-09-12 14:26:28.708;

【项目】:任务后台;
【大分组】:-1989961220;	【小分组】:761530033;
【日志类型】:普通日志;
【标题】:正在关闭tcp！;
【内容】:;
【createtime】:2017-09-12 14:26:38.725;

【项目】:任务后台;
【大分组】:1240241913;	【小分组】:-1348789347;
【日志类型】:普通日志;
【标题】:正在打开tcp...;
【内容】:;
【createtime】:2017-09-12 14:26:38.725;

【项目】:任务后台;
【大分组】:2130653117;	【小分组】:1808416168;
【日志类型】:普通日志;
【标题】:打开tcp失败！;
【内容】:;
【createtime】:2017-09-12 14:26:39.787;

【项目】:任务后台;
【大分组】:-1989961220;	【小分组】:1365931352;
【日志类型】:普通日志;
【标题】:正在关闭tcp！;
【内容】:;
【createtime】:2017-09-12 14:26:49.817;

【项目】:任务后台;
【大分组】:1240241913;	【小分组】:1107370911;
【日志类型】:普通日志;
【标题】:正在打开tcp...;
【内容】:;
【createtime】:2017-09-12 14:26:49.817;

【项目】:任务后台;
【大分组】:2130653117;	【小分组】:47658442;
【日志类型】:普通日志;
【标题】:打开tcp失败！;
【内容】:;
【createtime】:2017-09-12 14:26:50.846;

【项目】:任务后台;
【大分组】:-1989961220;	【小分组】:-1844317334;
【日志类型】:普通日志;
【标题】:正在关闭tcp！;
【内容】:;
【createtime】:2017-09-12 14:27:00.871;

【项目】:任务后台;
【大分组】:1240241913;	【小分组】:-1866246775;
【日志类型】:普通日志;
【标题】:正在打开tcp...;
【内容】:;
【createtime】:2017-09-12 14:27:00.871;

【项目】:任务后台;
【大分组】:2130653117;	【小分组】:-1690080234;
【日志类型】:普通日志;
【标题】:打开tcp失败！;
【内容】:;
【createtime】:2017-09-12 14:27:01.928;

【项目】:任务后台;
【大分组】:-1989961220;	【小分组】:-1536399196;
【日志类型】:普通日志;
【标题】:正在关闭tcp！;
【内容】:;
【createtime】:2017-09-12 14:27:11.955;

【项目】:任务后台;
【大分组】:1240241913;	【小分组】:-309420944;
【日志类型】:普通日志;
【标题】:正在打开tcp...;
【内容】:;
【createtime】:2017-09-12 14:27:11.955;

【项目】:任务后台;
【大分组】:2130653117;	【小分组】:-1335037016;
【日志类型】:普通日志;
【标题】:打开tcp失败！;
【内容】:;
【createtime】:2017-09-12 14:27:13.005;

【项目】:任务后台;
【大分组】:-1989961220;	【小分组】:-1331741086;
【日志类型】:普通日志;
【标题】:正在关闭tcp！;
【内容】:;
【createtime】:2017-09-12 14:27:23.040;

【项目】:任务后台;
【大分组】:1240241913;	【小分组】:-890797541;
【日志类型】:普通日志;
【标题】:正在打开tcp...;
【内容】:;
【createtime】:2017-09-12 14:27:23.040;

【项目】:任务后台;
【大分组】:2130653117;	【小分组】:-55785927;
【日志类型】:普通日志;
【标题】:打开tcp失败！;
【内容】:;
【createtime】:2017-09-12 14:27:24.063;

【项目】:任务后台;
【大分组】:-1989961220;	【小分组】:-575735873;
【日志类型】:普通日志;
【标题】:正在关闭tcp！;
【内容】:;
【createtime】:2017-09-12 14:27:34.089;

【项目】:任务后台;
【大分组】:1240241913;	【小分组】:943343063;
【日志类型】:普通日志;
【标题】:正在打开tcp...;
【内容】:;
【createtime】:2017-09-12 14:27:34.089;

【项目】:任务后台;
【大分组】:2130653117;	【小分组】:1775732996;
【日志类型】:普通日志;
【标题】:打开tcp失败！;
【内容】:;
【createtime】:2017-09-12 14:27:35.145;

【项目】:任务后台;
【大分组】:-1989961220;	【小分组】:1349677059;
【日志类型】:普通日志;
【标题】:正在关闭tcp！;
【内容】:;
【createtime】:2017-09-12 14:27:45.172;

【项目】:任务后台;
【大分组】:1240241913;	【小分组】:-612681983;
【日志类型】:普通日志;
【标题】:正在打开tcp...;
【内容】:;
【createtime】:2017-09-12 14:27:45.172;

【项目】:任务后台;
【大分组】:2130653117;	【小分组】:-1281093153;
【日志类型】:普通日志;
【标题】:打开tcp失败！;
【内容】:;
【createtime】:2017-09-12 14:27:46.220;

【项目】:任务后台;
【大分组】:-1989961220;	【小分组】:-1318422173;
【日志类型】:普通日志;
【标题】:正在关闭tcp！;
【内容】:;
【createtime】:2017-09-12 14:27:56.237;

【项目】:任务后台;
【大分组】:1240241913;	【小分组】:1637914433;
【日志类型】:普通日志;
【标题】:正在打开tcp...;
【内容】:;
【createtime】:2017-09-12 14:27:56.237;

【项目】:任务后台;
【大分组】:2130653117;	【小分组】:424957128;
【日志类型】:普通日志;
【标题】:打开tcp失败！;
【内容】:;
【createtime】:2017-09-12 14:27:57.294;

【项目】:任务后台;
【大分组】:-1989961220;	【小分组】:1131963678;
【日志类型】:普通日志;
【标题】:正在关闭tcp！;
【内容】:;
【createtime】:2017-09-12 14:28:07.321;

【项目】:任务后台;
【大分组】:1240241913;	【小分组】:-76108427;
【日志类型】:普通日志;
【标题】:正在打开tcp...;
【内容】:;
【createtime】:2017-09-12 14:28:07.321;

【项目】:任务后台;
【大分组】:2130653117;	【小分组】:-1833562059;
【日志类型】:普通日志;
【标题】:打开tcp失败！;
【内容】:;
【createtime】:2017-09-12 14:28:08.377;

【项目】:任务后台;
【大分组】:-1989961220;	【小分组】:994059677;
【日志类型】:普通日志;
【标题】:正在关闭tcp！;
【内容】:;
【createtime】:2017-09-12 14:28:18.403;

【项目】:任务后台;
【大分组】:1240241913;	【小分组】:-1962185840;
【日志类型】:普通日志;
【标题】:正在打开tcp...;
【内容】:;
【createtime】:2017-09-12 14:28:18.403;

【项目】:任务后台;
【大分组】:2130653117;	【小分组】:1093027023;
【日志类型】:普通日志;
【标题】:打开tcp失败！;
【内容】:;
【createtime】:2017-09-12 14:28:19.454;

【项目】:任务后台;
【大分组】:-1989961220;	【小分组】:121245689;
【日志类型】:普通日志;
【标题】:正在关闭tcp！;
【内容】:;
【createtime】:2017-09-12 14:28:29.489;

【项目】:任务后台;
【大分组】:1240241913;	【小分组】:1713056257;
【日志类型】:普通日志;
【标题】:正在打开tcp...;
【内容】:;
【createtime】:2017-09-12 14:28:29.489;

【项目】:任务后台;
【大分组】:2130653117;	【小分组】:939178051;
【日志类型】:普通日志;
【标题】:打开tcp失败！;
【内容】:;
【createtime】:2017-09-12 14:28:30.544;

【项目】:任务后台;
【大分组】:-1989961220;	【小分组】:-106022549;
【日志类型】:普通日志;
【标题】:正在关闭tcp！;
【内容】:;
【createtime】:2017-09-12 14:28:40.572;

【项目】:任务后台;
【大分组】:1240241913;	【小分组】:1660268464;
【日志类型】:普通日志;
【标题】:正在打开tcp...;
【内容】:;
【createtime】:2017-09-12 14:28:40.572;

【项目】:任务后台;
【大分组】:2130653117;	【小分组】:1561073193;
【日志类型】:普通日志;
【标题】:打开tcp失败！;
【内容】:;
【createtime】:2017-09-12 14:28:41.626;

【项目】:任务后台;
【大分组】:-1989961220;	【小分组】:265176893;
【日志类型】:普通日志;
【标题】:正在关闭tcp！;
【内容】:;
【createtime】:2017-09-12 14:28:51.644;

【项目】:任务后台;
【大分组】:1240241913;	【小分组】:829207684;
【日志类型】:普通日志;
【标题】:正在打开tcp...;
【内容】:;
【createtime】:2017-09-12 14:28:51.644;

【项目】:任务后台;
【大分组】:2130653117;	【小分组】:-1336061443;
【日志类型】:普通日志;
【标题】:打开tcp失败！;
【内容】:;
【createtime】:2017-09-12 14:28:52.711;

【项目】:任务后台;
【大分组】:-1989961220;	【小分组】:983746000;
【日志类型】:普通日志;
【标题】:正在关闭tcp！;
【内容】:;
【createtime】:2017-09-12 14:29:02.735;

【项目】:任务后台;
【大分组】:1240241913;	【小分组】:2100457772;
【日志类型】:普通日志;
【标题】:正在打开tcp...;
【内容】:;
【createtime】:2017-09-12 14:29:02.735;

【项目】:任务后台;
【大分组】:2130653117;	【小分组】:-690692988;
【日志类型】:普通日志;
【标题】:打开tcp失败！;
【内容】:;
【createtime】:2017-09-12 14:29:03.797;

【项目】:任务后台;
【大分组】:-1989961220;	【小分组】:375391394;
【日志类型】:普通日志;
【标题】:正在关闭tcp！;
【内容】:;
【createtime】:2017-09-12 14:29:13.821;

【项目】:任务后台;
【大分组】:1240241913;	【小分组】:-308073125;
【日志类型】:普通日志;
【标题】:正在打开tcp...;
【内容】:;
【createtime】:2017-09-12 14:29:13.821;

【项目】:任务后台;
【大分组】:2130653117;	【小分组】:654229655;
【日志类型】:普通日志;
【标题】:打开tcp失败！;
【内容】:;
【createtime】:2017-09-12 14:29:14.868;

【项目】:任务后台;
【大分组】:-1989961220;	【小分组】:-510641497;
【日志类型】:普通日志;
【标题】:正在关闭tcp！;
【内容】:;
【createtime】:2017-09-12 14:29:24.911;

【项目】:任务后台;
【大分组】:1240241913;	【小分组】:-1419410403;
【日志类型】:普通日志;
【标题】:正在打开tcp...;
【内容】:;
【createtime】:2017-09-12 14:29:24.911;

【项目】:任务后台;
【大分组】:2130653117;	【小分组】:-1734151163;
【日志类型】:普通日志;
【标题】:打开tcp失败！;
【内容】:;
【createtime】:2017-09-12 14:29:25.978;

【项目】:任务后台;
【大分组】:-1989961220;	【小分组】:-1651009957;
【日志类型】:普通日志;
【标题】:正在关闭tcp！;
【内容】:;
【createtime】:2017-09-12 14:29:36.010;

【项目】:任务后台;
【大分组】:1240241913;	【小分组】:-40267306;
【日志类型】:普通日志;
【标题】:正在打开tcp...;
【内容】:;
【createtime】:2017-09-12 14:29:36.010;

【项目】:任务后台;
【大分组】:2130653117;	【小分组】:98959765;
【日志类型】:普通日志;
【标题】:打开tcp失败！;
【内容】:;
【createtime】:2017-09-12 14:29:37.057;

【项目】:任务后台;
【大分组】:-1989961220;	【小分组】:362076667;
【日志类型】:普通日志;
【标题】:正在关闭tcp！;
【内容】:;
【createtime】:2017-09-12 14:29:47.074;

【项目】:任务后台;
【大分组】:1240241913;	【小分组】:-2098820654;
【日志类型】:普通日志;
【标题】:正在打开tcp...;
【内容】:;
【createtime】:2017-09-12 14:29:47.074;

【项目】:任务后台;
【大分组】:2130653117;	【小分组】:2125142298;
【日志类型】:普通日志;
【标题】:打开tcp失败！;
【内容】:;
【createtime】:2017-09-12 14:29:48.152;

【项目】:任务后台;
【大分组】:-1989961220;	【小分组】:1087861914;
【日志类型】:普通日志;
【标题】:正在关闭tcp！;
【内容】:;
【createtime】:2017-09-12 14:29:58.177;

【项目】:任务后台;
【大分组】:1240241913;	【小分组】:287271600;
【日志类型】:普通日志;
【标题】:正在打开tcp...;
【内容】:;
【createtime】:2017-09-12 14:29:58.177;

【项目】:任务后台;
【大分组】:2130653117;	【小分组】:1457324001;
【日志类型】:普通日志;
【标题】:打开tcp失败！;
【内容】:;
【createtime】:2017-09-12 14:29:59.224;

【项目】:任务后台;
【大分组】:-1989961220;	【小分组】:-1984794876;
【日志类型】:普通日志;
【标题】:正在关闭tcp！;
【内容】:;
【createtime】:2017-09-12 14:30:09.254;

【项目】:任务后台;
【大分组】:1240241913;	【小分组】:-1057458531;
【日志类型】:普通日志;
【标题】:正在打开tcp...;
【内容】:;
【createtime】:2017-09-12 14:30:09.254;

【项目】:任务后台;
【大分组】:2130653117;	【小分组】:2008603822;
【日志类型】:普通日志;
【标题】:打开tcp失败！;
【内容】:;
【createtime】:2017-09-12 14:30:10.317;

【项目】:任务后台;
【大分组】:-1989961220;	【小分组】:-300688301;
【日志类型】:普通日志;
【标题】:正在关闭tcp！;
【内容】:;
【createtime】:2017-09-12 14:30:20.349;

【项目】:任务后台;
【大分组】:1240241913;	【小分组】:424097984;
【日志类型】:普通日志;
【标题】:正在打开tcp...;
【内容】:;
【createtime】:2017-09-12 14:30:20.349;

【项目】:任务后台;
【大分组】:2130653117;	【小分组】:215499874;
【日志类型】:普通日志;
【标题】:打开tcp失败！;
【内容】:;
【createtime】:2017-09-12 14:30:21.411;

【项目】:任务后台;
【大分组】:-1989961220;	【小分组】:180138169;
【日志类型】:普通日志;
【标题】:正在关闭tcp！;
【内容】:;
【createtime】:2017-09-12 14:30:31.444;

【项目】:任务后台;
【大分组】:1240241913;	【小分组】:-1819880438;
【日志类型】:普通日志;
【标题】:正在打开tcp...;
【内容】:;
【createtime】:2017-09-12 14:30:31.444;

【项目】:任务后台;
【大分组】:2130653117;	【小分组】:2119718593;
【日志类型】:普通日志;
【标题】:打开tcp失败！;
【内容】:;
【createtime】:2017-09-12 14:30:32.491;

【项目】:任务后台;
【大分组】:-1989961220;	【小分组】:-623134945;
【日志类型】:普通日志;
【标题】:正在关闭tcp！;
【内容】:;
【createtime】:2017-09-12 14:30:42.523;

【项目】:任务后台;
【大分组】:1240241913;	【小分组】:-609700883;
【日志类型】:普通日志;
【标题】:正在打开tcp...;
【内容】:;
【createtime】:2017-09-12 14:30:42.523;

【项目】:任务后台;
【大分组】:2130653117;	【小分组】:-2078449589;
【日志类型】:普通日志;
【标题】:打开tcp失败！;
【内容】:;
【createtime】:2017-09-12 14:30:43.570;

【项目】:任务后台;
【大分组】:-1989961220;	【小分组】:-1761361411;
【日志类型】:普通日志;
【标题】:正在关闭tcp！;
【内容】:;
【createtime】:2017-09-12 14:30:53.594;

【项目】:任务后台;
【大分组】:1240241913;	【小分组】:-639647661;
【日志类型】:普通日志;
【标题】:正在打开tcp...;
【内容】:;
【createtime】:2017-09-12 14:30:53.594;

【项目】:任务后台;
【大分组】:2130653117;	【小分组】:1696839979;
【日志类型】:普通日志;
【标题】:打开tcp失败！;
【内容】:;
【createtime】:2017-09-12 14:30:54.686;

