【项目】:任务后台;
【大分组】:1240241913;	【小分组】:27598869;
【日志类型】:普通日志;
【标题】:正在打开tcp...;
【内容】:;
【createtime】:2017-06-02 10:44:08.733;

【项目】:任务后台;
【大分组】:2130653117;	【小分组】:27598869;
【日志类型】:普通日志;
【标题】:打开tcp失败！;
【内容】:;
【createtime】:2017-06-02 10:44:09.816;

【项目】:任务后台;
【大分组】:-1989961220;	【小分组】:554002059;
【日志类型】:普通日志;
【标题】:正在关闭tcp！;
【内容】:;
【createtime】:2017-06-02 10:44:09.833;

【项目】:任务后台;
【大分组】:1240241913;	【小分组】:-1394912700;
【日志类型】:普通日志;
【标题】:正在打开tcp...;
【内容】:;
【createtime】:2017-06-02 10:44:09.833;

【项目】:任务后台;
【大分组】:2130653117;	【小分组】:-779107902;
【日志类型】:普通日志;
【标题】:打开tcp失败！;
【内容】:;
【createtime】:2017-06-02 10:44:10.855;

【项目】:任务后台;
【大分组】:-1989961220;	【小分组】:575582497;
【日志类型】:普通日志;
【标题】:正在关闭tcp！;
【内容】:;
【createtime】:2017-06-02 10:44:20.885;

【项目】:任务后台;
【大分组】:1240241913;	【小分组】:390385921;
【日志类型】:普通日志;
【标题】:正在打开tcp...;
【内容】:;
【createtime】:2017-06-02 10:44:20.885;

【项目】:任务后台;
【大分组】:2130653117;	【小分组】:-918026833;
【日志类型】:普通日志;
【标题】:打开tcp失败！;
【内容】:;
【createtime】:2017-06-02 10:44:21.940;

【项目】:任务后台;
【大分组】:-1989961220;	【小分组】:916783066;
【日志类型】:普通日志;
【标题】:正在关闭tcp！;
【内容】:;
【createtime】:2017-06-02 10:44:31.957;

【项目】:任务后台;
【大分组】:1240241913;	【小分组】:461055101;
【日志类型】:普通日志;
【标题】:正在打开tcp...;
【内容】:;
【createtime】:2017-06-02 10:44:31.957;

【项目】:任务后台;
【大分组】:2130653117;	【小分组】:314292570;
【日志类型】:普通日志;
【标题】:打开tcp失败！;
【内容】:;
【createtime】:2017-06-02 10:44:32.973;

【项目】:任务后台;
【大分组】:-1989961220;	【小分组】:-869309443;
【日志类型】:普通日志;
【标题】:正在关闭tcp！;
【内容】:;
【createtime】:2017-06-02 10:44:42.999;

【项目】:任务后台;
【大分组】:1240241913;	【小分组】:-664752140;
【日志类型】:普通日志;
【标题】:正在打开tcp...;
【内容】:;
【createtime】:2017-06-02 10:44:42.999;

【项目】:任务后台;
【大分组】:2130653117;	【小分组】:958753551;
【日志类型】:普通日志;
【标题】:打开tcp失败！;
【内容】:;
【createtime】:2017-06-02 10:44:44.054;

【项目】:任务后台;
【大分组】:-1989961220;	【小分组】:864280082;
【日志类型】:普通日志;
【标题】:正在关闭tcp！;
【内容】:;
【createtime】:2017-06-02 10:44:54.078;

【项目】:任务后台;
【大分组】:1240241913;	【小分组】:-1373211760;
【日志类型】:普通日志;
【标题】:正在打开tcp...;
【内容】:;
【createtime】:2017-06-02 10:44:54.078;

【项目】:任务后台;
【大分组】:2130653117;	【小分组】:1918509267;
【日志类型】:普通日志;
【标题】:打开tcp失败！;
【内容】:;
【createtime】:2017-06-02 10:44:55.128;

【项目】:任务后台;
【大分组】:-1989961220;	【小分组】:644263570;
【日志类型】:普通日志;
【标题】:正在关闭tcp！;
【内容】:;
【createtime】:2017-06-02 10:45:05.152;

【项目】:任务后台;
【大分组】:1240241913;	【小分组】:1365945336;
【日志类型】:普通日志;
【标题】:正在打开tcp...;
【内容】:;
【createtime】:2017-06-02 10:45:05.152;

【项目】:任务后台;
【大分组】:2130653117;	【小分组】:1704294481;
【日志类型】:普通日志;
【标题】:打开tcp失败！;
【内容】:;
【createtime】:2017-06-02 10:45:06.204;

【项目】:任务后台;
【大分组】:-1989961220;	【小分组】:-232482981;
【日志类型】:普通日志;
【标题】:正在关闭tcp！;
【内容】:;
【createtime】:2017-06-02 10:45:16.231;

【项目】:任务后台;
【大分组】:1240241913;	【小分组】:389960922;
【日志类型】:普通日志;
【标题】:正在打开tcp...;
【内容】:;
【createtime】:2017-06-02 10:45:16.231;

【项目】:任务后台;
【大分组】:2130653117;	【小分组】:-1370622575;
【日志类型】:普通日志;
【标题】:打开tcp失败！;
【内容】:;
【createtime】:2017-06-02 10:45:17.245;

【项目】:任务后台;
【大分组】:-1989961220;	【小分组】:-300408351;
【日志类型】:普通日志;
【标题】:正在关闭tcp！;
【内容】:;
【createtime】:2017-06-02 10:45:27.269;

【项目】:任务后台;
【大分组】:1240241913;	【小分组】:-80410957;
【日志类型】:普通日志;
【标题】:正在打开tcp...;
【内容】:;
【createtime】:2017-06-02 10:45:27.269;

【项目】:任务后台;
【大分组】:2130653117;	【小分组】:1132706479;
【日志类型】:普通日志;
【标题】:打开tcp失败！;
【内容】:;
【createtime】:2017-06-02 10:45:28.294;

【项目】:任务后台;
【大分组】:-1989961220;	【小分组】:-351247900;
【日志类型】:普通日志;
【标题】:正在关闭tcp！;
【内容】:;
【createtime】:2017-06-02 10:45:38.319;

【项目】:任务后台;
【大分组】:1240241913;	【小分组】:-2107811662;
【日志类型】:普通日志;
【标题】:正在打开tcp...;
【内容】:;
【createtime】:2017-06-02 10:45:38.320;

【项目】:任务后台;
【大分组】:2130653117;	【小分组】:909529051;
【日志类型】:普通日志;
【标题】:打开tcp失败！;
【内容】:;
【createtime】:2017-06-02 10:45:39.374;

【项目】:任务后台;
【大分组】:-1989961220;	【小分组】:1604999776;
【日志类型】:普通日志;
【标题】:正在关闭tcp！;
【内容】:;
【createtime】:2017-06-02 10:45:49.400;

【项目】:任务后台;
【大分组】:1240241913;	【小分组】:2110404231;
【日志类型】:普通日志;
【标题】:正在打开tcp...;
【内容】:;
【createtime】:2017-06-02 10:45:49.400;

【项目】:任务后台;
【大分组】:2130653117;	【小分组】:556470017;
【日志类型】:普通日志;
【标题】:打开tcp失败！;
【内容】:;
【createtime】:2017-06-02 10:45:50.458;

【项目】:任务后台;
【大分组】:-1989961220;	【小分组】:-69909108;
【日志类型】:普通日志;
【标题】:正在关闭tcp！;
【内容】:;
【createtime】:2017-06-02 10:46:00.480;

【项目】:任务后台;
【大分组】:1240241913;	【小分组】:-988572727;
【日志类型】:普通日志;
【标题】:正在打开tcp...;
【内容】:;
【createtime】:2017-06-02 10:46:00.480;

【项目】:任务后台;
【大分组】:2130653117;	【小分组】:-1545828551;
【日志类型】:普通日志;
【标题】:打开tcp失败！;
【内容】:;
【createtime】:2017-06-02 10:46:01.537;

【项目】:任务后台;
【大分组】:-1989961220;	【小分组】:-358645378;
【日志类型】:普通日志;
【标题】:正在关闭tcp！;
【内容】:;
【createtime】:2017-06-02 10:46:11.561;

【项目】:任务后台;
【大分组】:1240241913;	【小分组】:-20785559;
【日志类型】:普通日志;
【标题】:正在打开tcp...;
【内容】:;
【createtime】:2017-06-02 10:46:11.561;

【项目】:任务后台;
【大分组】:2130653117;	【小分组】:-1597910447;
【日志类型】:普通日志;
【标题】:打开tcp失败！;
【内容】:;
【createtime】:2017-06-02 10:46:12.613;

【项目】:任务后台;
【大分组】:-1989961220;	【小分组】:-714477441;
【日志类型】:普通日志;
【标题】:正在关闭tcp！;
【内容】:;
【createtime】:2017-06-02 10:46:22.638;

【项目】:任务后台;
【大分组】:1240241913;	【小分组】:-1960352798;
【日志类型】:普通日志;
【标题】:正在打开tcp...;
【内容】:;
【createtime】:2017-06-02 10:46:22.638;

【项目】:任务后台;
【大分组】:2130653117;	【小分组】:1097789759;
【日志类型】:普通日志;
【标题】:打开tcp失败！;
【内容】:;
【createtime】:2017-06-02 10:46:23.677;

【项目】:任务后台;
【大分组】:-1989961220;	【小分组】:-1146106402;
【日志类型】:普通日志;
【标题】:正在关闭tcp！;
【内容】:;
【createtime】:2017-06-02 10:46:33.690;

【项目】:任务后台;
【大分组】:1240241913;	【小分组】:-1846551093;
【日志类型】:普通日志;
【标题】:正在打开tcp...;
【内容】:;
【createtime】:2017-06-02 10:46:33.690;

【项目】:任务后台;
【大分组】:2130653117;	【小分组】:-2094493406;
【日志类型】:普通日志;
【标题】:打开tcp失败！;
【内容】:;
【createtime】:2017-06-02 10:46:34.744;

【项目】:任务后台;
【大分组】:-1989961220;	【小分组】:1655036162;
【日志类型】:普通日志;
【标题】:正在关闭tcp！;
【内容】:;
【createtime】:2017-06-02 10:46:44.752;

【项目】:任务后台;
【大分组】:1240241913;	【小分组】:-1009277803;
【日志类型】:普通日志;
【标题】:正在打开tcp...;
【内容】:;
【createtime】:2017-06-02 10:46:44.752;

【项目】:任务后台;
【大分组】:2130653117;	【小分组】:238129293;
【日志类型】:普通日志;
【标题】:打开tcp失败！;
【内容】:;
【createtime】:2017-06-02 10:46:45.800;

【项目】:任务后台;
【大分组】:-1989961220;	【小分组】:597922590;
【日志类型】:普通日志;
【标题】:正在关闭tcp！;
【内容】:;
【createtime】:2017-06-02 10:46:55.826;

【项目】:任务后台;
【大分组】:1240241913;	【小分组】:-73193678;
【日志类型】:普通日志;
【标题】:正在打开tcp...;
【内容】:;
【createtime】:2017-06-02 10:46:55.826;

【项目】:任务后台;
【大分组】:2130653117;	【小分组】:-1410546655;
【日志类型】:普通日志;
【标题】:打开tcp失败！;
【内容】:;
【createtime】:2017-06-02 10:46:56.873;

【项目】:任务后台;
【大分组】:-1989961220;	【小分组】:-749398673;
【日志类型】:普通日志;
【标题】:正在关闭tcp！;
【内容】:;
【createtime】:2017-06-02 10:47:06.899;

【项目】:任务后台;
【大分组】:1240241913;	【小分组】:-866691522;
【日志类型】:普通日志;
【标题】:正在打开tcp...;
【内容】:;
【createtime】:2017-06-02 10:47:06.899;

【项目】:任务后台;
【大分组】:2130653117;	【小分组】:1546786973;
【日志类型】:普通日志;
【标题】:打开tcp失败！;
【内容】:;
【createtime】:2017-06-02 10:47:07.954;

【项目】:任务后台;
【大分组】:-1989961220;	【小分组】:-1178415353;
【日志类型】:普通日志;
【标题】:正在关闭tcp！;
【内容】:;
【createtime】:2017-06-02 10:47:17.980;

【项目】:任务后台;
【大分组】:1240241913;	【小分组】:1516254824;
【日志类型】:普通日志;
【标题】:正在打开tcp...;
【内容】:;
【createtime】:2017-06-02 10:47:17.980;

【项目】:任务后台;
【大分组】:2130653117;	【小分组】:1365290114;
【日志类型】:普通日志;
【标题】:打开tcp失败！;
【内容】:;
【createtime】:2017-06-02 10:47:19.035;

【项目】:任务后台;
【大分组】:-1989961220;	【小分组】:302981551;
【日志类型】:普通日志;
【标题】:正在关闭tcp！;
【内容】:;
【createtime】:2017-06-02 10:47:29.062;

【项目】:任务后台;
【大分组】:1240241913;	【小分组】:1894140227;
【日志类型】:普通日志;
【标题】:正在打开tcp...;
【内容】:;
【createtime】:2017-06-02 10:47:29.062;

【项目】:任务后台;
【大分组】:2130653117;	【小分组】:-1667845312;
【日志类型】:普通日志;
【标题】:打开tcp失败！;
【内容】:;
【createtime】:2017-06-02 10:47:30.079;

【项目】:任务后台;
【大分组】:-1989961220;	【小分组】:-806955886;
【日志类型】:普通日志;
【标题】:正在关闭tcp！;
【内容】:;
【createtime】:2017-06-02 10:47:40.111;

【项目】:任务后台;
【大分组】:1240241913;	【小分组】:-1173629519;
【日志类型】:普通日志;
【标题】:正在打开tcp...;
【内容】:;
【createtime】:2017-06-02 10:47:40.111;

【项目】:任务后台;
【大分组】:2130653117;	【小分组】:-196744787;
【日志类型】:普通日志;
【标题】:打开tcp失败！;
【内容】:;
【createtime】:2017-06-02 10:47:41.158;

【项目】:任务后台;
【大分组】:-1989961220;	【小分组】:-1637626423;
【日志类型】:普通日志;
【标题】:正在关闭tcp！;
【内容】:;
【createtime】:2017-06-02 10:47:51.185;

【项目】:任务后台;
【大分组】:1240241913;	【小分组】:-911324661;
【日志类型】:普通日志;
【标题】:正在打开tcp...;
【内容】:;
【createtime】:2017-06-02 10:47:51.185;

【项目】:任务后台;
【大分组】:2130653117;	【小分组】:-1333544897;
【日志类型】:普通日志;
【标题】:打开tcp失败！;
【内容】:;
【createtime】:2017-06-02 10:47:52.240;

【项目】:任务后台;
【大分组】:-1989961220;	【小分组】:-812492317;
【日志类型】:普通日志;
【标题】:正在关闭tcp！;
【内容】:;
【createtime】:2017-06-02 10:48:02.266;

【项目】:任务后台;
【大分组】:1240241913;	【小分组】:284451589;
【日志类型】:普通日志;
【标题】:正在打开tcp...;
【内容】:;
【createtime】:2017-06-02 10:48:02.266;

【项目】:任务后台;
【大分组】:2130653117;	【小分组】:411929897;
【日志类型】:普通日志;
【标题】:打开tcp失败！;
【内容】:;
【createtime】:2017-06-02 10:48:03.319;

【项目】:任务后台;
【大分组】:-1989961220;	【小分组】:-2131102516;
【日志类型】:普通日志;
【标题】:正在关闭tcp！;
【内容】:;
【createtime】:2017-06-02 10:48:13.345;

【项目】:任务后台;
【大分组】:1240241913;	【小分组】:-1368519457;
【日志类型】:普通日志;
【标题】:正在打开tcp...;
【内容】:;
【createtime】:2017-06-02 10:48:13.345;

【项目】:任务后台;
【大分组】:2130653117;	【小分组】:-1116703038;
【日志类型】:普通日志;
【标题】:打开tcp失败！;
【内容】:;
【createtime】:2017-06-02 10:48:14.392;

【项目】:任务后台;
【大分组】:-1989961220;	【小分组】:-98546177;
【日志类型】:普通日志;
【标题】:正在关闭tcp！;
【内容】:;
【createtime】:2017-06-02 10:48:24.418;

【项目】:任务后台;
【大分组】:1240241913;	【小分组】:497140002;
【日志类型】:普通日志;
【标题】:正在打开tcp...;
【内容】:;
【createtime】:2017-06-02 10:48:24.418;

【项目】:任务后台;
【大分组】:2130653117;	【小分组】:89588853;
【日志类型】:普通日志;
【标题】:打开tcp失败！;
【内容】:;
【createtime】:2017-06-02 10:48:25.466;

【项目】:任务后台;
【大分组】:-1989961220;	【小分组】:338211280;
【日志类型】:普通日志;
【标题】:正在关闭tcp！;
【内容】:;
【createtime】:2017-06-02 10:48:35.477;

【项目】:任务后台;
【大分组】:1240241913;	【小分组】:-90964152;
【日志类型】:普通日志;
【标题】:正在打开tcp...;
【内容】:;
【createtime】:2017-06-02 10:48:35.477;

【项目】:任务后台;
【大分组】:2130653117;	【小分组】:1788568888;
【日志类型】:普通日志;
【标题】:打开tcp失败！;
【内容】:;
【createtime】:2017-06-02 10:48:36.525;

【项目】:任务后台;
【大分组】:-1989961220;	【小分组】:1310155831;
【日志类型】:普通日志;
【标题】:正在关闭tcp！;
【内容】:;
【createtime】:2017-06-02 10:48:46.550;

【项目】:任务后台;
【大分组】:1240241913;	【小分组】:1854446350;
【日志类型】:普通日志;
【标题】:正在打开tcp...;
【内容】:;
【createtime】:2017-06-02 10:48:46.550;

【项目】:任务后台;
【大分组】:2130653117;	【小分组】:-77827434;
【日志类型】:普通日志;
【标题】:打开tcp失败！;
【内容】:;
【createtime】:2017-06-02 10:48:47.600;

【项目】:任务后台;
【大分组】:-1989961220;	【小分组】:-1336061365;
【日志类型】:普通日志;
【标题】:正在关闭tcp！;
【内容】:;
【createtime】:2017-06-02 10:48:57.632;

【项目】:任务后台;
【大分组】:1240241913;	【小分组】:822842054;
【日志类型】:普通日志;
【标题】:正在打开tcp...;
【内容】:;
【createtime】:2017-06-02 10:48:57.632;

【项目】:任务后台;
【大分组】:2130653117;	【小分组】:1322852398;
【日志类型】:普通日志;
【标题】:打开tcp失败！;
【内容】:;
【createtime】:2017-06-02 10:48:58.690;

【项目】:任务后台;
【大分组】:-1989961220;	【小分组】:601543247;
【日志类型】:普通日志;
【标题】:正在关闭tcp！;
【内容】:;
【createtime】:2017-06-02 10:49:08.716;

【项目】:任务后台;
【大分组】:1240241913;	【小分组】:1972331133;
【日志类型】:普通日志;
【标题】:正在打开tcp...;
【内容】:;
【createtime】:2017-06-02 10:49:08.716;

【项目】:任务后台;
【大分组】:2130653117;	【小分组】:-958425609;
【日志类型】:普通日志;
【标题】:打开tcp失败！;
【内容】:;
【createtime】:2017-06-02 10:49:09.745;

【项目】:任务后台;
【大分组】:-1989961220;	【小分组】:881167783;
【日志类型】:普通日志;
【标题】:正在关闭tcp！;
【内容】:;
【createtime】:2017-06-02 10:49:19.756;

【项目】:任务后台;
【大分组】:1240241913;	【小分组】:2089488398;
【日志类型】:普通日志;
【标题】:正在打开tcp...;
【内容】:;
【createtime】:2017-06-02 10:49:19.756;

【项目】:任务后台;
【大分组】:-1280615985;	【小分组】:128463519;
【日志类型】:普通日志;
【标题】:打开tcp成功！;
【内容】:;
【createtime】:2017-06-02 10:49:19.757;

【项目】:任务后台;
【大分组】:1240241913;	【小分组】:27598869;
【日志类型】:普通日志;
【标题】:正在打开tcp...;
【内容】:;
【createtime】:2017-06-02 10:54:04.534;

【项目】:任务后台;
【大分组】:2130653117;	【小分组】:27598869;
【日志类型】:普通日志;
【标题】:打开tcp失败！;
【内容】:;
【createtime】:2017-06-02 10:54:05.567;

【项目】:任务后台;
【大分组】:-1989961220;	【小分组】:-339052954;
【日志类型】:普通日志;
【标题】:正在关闭tcp！;
【内容】:;
【createtime】:2017-06-02 10:54:05.581;

【项目】:任务后台;
【大分组】:1240241913;	【小分组】:-136111759;
【日志类型】:普通日志;
【标题】:正在打开tcp...;
【内容】:;
【createtime】:2017-06-02 10:54:05.581;

【项目】:任务后台;
【大分组】:2130653117;	【小分组】:1033723697;
【日志类型】:普通日志;
【标题】:打开tcp失败！;
【内容】:;
【createtime】:2017-06-02 10:54:06.607;

【项目】:任务后台;
【大分组】:-1989961220;	【小分组】:-1311426154;
【日志类型】:普通日志;
【标题】:正在关闭tcp！;
【内容】:;
【createtime】:2017-06-02 10:54:16.617;

【项目】:任务后台;
【大分组】:1240241913;	【小分组】:-1363688646;
【日志类型】:普通日志;
【标题】:正在打开tcp...;
【内容】:;
【createtime】:2017-06-02 10:54:16.617;

【项目】:任务后台;
【大分组】:-1280615985;	【小分组】:1898691815;
【日志类型】:普通日志;
【标题】:打开tcp成功！;
【内容】:;
【createtime】:2017-06-02 10:54:16.618;

【项目】:任务后台;
【大分组】:1240241913;	【小分组】:540121;
【日志类型】:普通日志;
【标题】:正在打开tcp...;
【内容】:;
【createtime】:2017-06-02 10:56:00.781;

【项目】:任务后台;
【大分组】:2130653117;	【小分组】:540121;
【日志类型】:普通日志;
【标题】:打开tcp失败！;
【内容】:;
【createtime】:2017-06-02 10:56:01.816;

【项目】:任务后台;
【大分组】:-1989961220;	【小分组】:489454034;
【日志类型】:普通日志;
【标题】:正在关闭tcp！;
【内容】:;
【createtime】:2017-06-02 10:56:01.829;

【项目】:任务后台;
【大分组】:1240241913;	【小分组】:563516065;
【日志类型】:普通日志;
【标题】:正在打开tcp...;
【内容】:;
【createtime】:2017-06-02 10:56:01.829;

【项目】:任务后台;
【大分组】:2130653117;	【小分组】:1616825383;
【日志类型】:普通日志;
【标题】:打开tcp失败！;
【内容】:;
【createtime】:2017-06-02 10:56:02.851;

【项目】:任务后台;
【大分组】:-1989961220;	【小分组】:262529831;
【日志类型】:普通日志;
【标题】:正在关闭tcp！;
【内容】:;
【createtime】:2017-06-02 10:56:12.874;

【项目】:任务后台;
【大分组】:1240241913;	【小分组】:320563219;
【日志类型】:普通日志;
【标题】:正在打开tcp...;
【内容】:;
【createtime】:2017-06-02 10:56:12.874;

【项目】:任务后台;
【大分组】:2130653117;	【小分组】:-1165990708;
【日志类型】:普通日志;
【标题】:打开tcp失败！;
【内容】:;
【createtime】:2017-06-02 10:56:13.888;

【项目】:任务后台;
【大分组】:-1989961220;	【小分组】:36172359;
【日志类型】:普通日志;
【标题】:正在关闭tcp！;
【内容】:;
【createtime】:2017-06-02 10:56:23.910;

【项目】:任务后台;
【大分组】:1240241913;	【小分组】:-1252217618;
【日志类型】:普通日志;
【标题】:正在打开tcp...;
【内容】:;
【createtime】:2017-06-02 10:56:23.910;

【项目】:任务后台;
【大分组】:2130653117;	【小分组】:1777201370;
【日志类型】:普通日志;
【标题】:打开tcp失败！;
【内容】:;
【createtime】:2017-06-02 10:56:24.926;

【项目】:任务后台;
【大分组】:1240241913;	【小分组】:27598869;
【日志类型】:普通日志;
【标题】:正在打开tcp...;
【内容】:;
【createtime】:2017-06-02 10:56:58.066;

【项目】:任务后台;
【大分组】:2130653117;	【小分组】:27598869;
【日志类型】:普通日志;
【标题】:打开tcp失败！;
【内容】:;
【createtime】:2017-06-02 10:56:59.121;

【项目】:任务后台;
【大分组】:-1989961220;	【小分组】:-1621190035;
【日志类型】:普通日志;
【标题】:正在关闭tcp！;
【内容】:;
【createtime】:2017-06-02 10:56:59.140;

【项目】:任务后台;
【大分组】:1240241913;	【小分组】:2115882135;
【日志类型】:普通日志;
【标题】:正在打开tcp...;
【内容】:;
【createtime】:2017-06-02 10:56:59.140;

【项目】:任务后台;
【大分组】:2130653117;	【小分组】:-1902892942;
【日志类型】:普通日志;
【标题】:打开tcp失败！;
【内容】:;
【createtime】:2017-06-02 10:57:00.191;

【项目】:任务后台;
【大分组】:1240241913;	【小分组】:540121;
【日志类型】:普通日志;
【标题】:正在打开tcp...;
【内容】:;
【createtime】:2017-06-02 10:57:16.804;

【项目】:任务后台;
【大分组】:2130653117;	【小分组】:540121;
【日志类型】:普通日志;
【标题】:打开tcp失败！;
【内容】:;
【createtime】:2017-06-02 10:57:17.884;

【项目】:任务后台;
【大分组】:-1989961220;	【小分组】:-1076793130;
【日志类型】:普通日志;
【标题】:正在关闭tcp！;
【内容】:;
【createtime】:2017-06-02 10:57:17.913;

【项目】:任务后台;
【大分组】:1240241913;	【小分组】:827910487;
【日志类型】:普通日志;
【标题】:正在打开tcp...;
【内容】:;
【createtime】:2017-06-02 10:57:17.913;

【项目】:任务后台;
【大分组】:2130653117;	【小分组】:-988522049;
【日志类型】:普通日志;
【标题】:打开tcp失败！;
【内容】:;
【createtime】:2017-06-02 10:57:18.944;

【项目】:任务后台;
【大分组】:-1989961220;	【小分组】:42225200;
【日志类型】:普通日志;
【标题】:正在关闭tcp！;
【内容】:;
【createtime】:2017-06-02 10:57:28.951;

【项目】:任务后台;
【大分组】:1240241913;	【小分组】:893305067;
【日志类型】:普通日志;
【标题】:正在打开tcp...;
【内容】:;
【createtime】:2017-06-02 10:57:28.951;

【项目】:任务后台;
【大分组】:2130653117;	【小分组】:1348400607;
【日志类型】:普通日志;
【标题】:打开tcp失败！;
【内容】:;
【createtime】:2017-06-02 10:57:29.971;

【项目】:任务后台;
【大分组】:-1989961220;	【小分组】:765151398;
【日志类型】:普通日志;
【标题】:正在关闭tcp！;
【内容】:;
【createtime】:2017-06-02 10:57:39.981;

【项目】:任务后台;
【大分组】:1240241913;	【小分组】:-1268171822;
【日志类型】:普通日志;
【标题】:正在打开tcp...;
【内容】:;
【createtime】:2017-06-02 10:57:39.981;

【项目】:任务后台;
【大分组】:-1280615985;	【小分组】:1841242063;
【日志类型】:普通日志;
【标题】:打开tcp成功！;
【内容】:;
【createtime】:2017-06-02 10:57:39.981;

【项目】:任务后台;
【大分组】:1240241913;	【小分组】:27598869;
【日志类型】:普通日志;
【标题】:正在打开tcp...;
【内容】:;
【createtime】:2017-06-02 10:58:22.918;

【项目】:任务后台;
【大分组】:2130653117;	【小分组】:27598869;
【日志类型】:普通日志;
【标题】:打开tcp失败！;
【内容】:;
【createtime】:2017-06-02 10:58:23.995;

【项目】:任务后台;
【大分组】:-1989961220;	【小分组】:775557504;
【日志类型】:普通日志;
【标题】:正在关闭tcp！;
【内容】:;
【createtime】:2017-06-02 10:58:24.016;

【项目】:任务后台;
【大分组】:1240241913;	【小分组】:595611022;
【日志类型】:普通日志;
【标题】:正在打开tcp...;
【内容】:;
【createtime】:2017-06-02 10:58:24.016;

【项目】:任务后台;
【大分组】:2130653117;	【小分组】:297277594;
【日志类型】:普通日志;
【标题】:打开tcp失败！;
【内容】:;
【createtime】:2017-06-02 10:58:25.072;

【项目】:任务后台;
【大分组】:-1989961220;	【小分组】:-1634370159;
【日志类型】:普通日志;
【标题】:正在关闭tcp！;
【内容】:;
【createtime】:2017-06-02 10:58:35.129;

【项目】:任务后台;
【大分组】:1240241913;	【小分组】:1372072351;
【日志类型】:普通日志;
【标题】:正在打开tcp...;
【内容】:;
【createtime】:2017-06-02 10:58:35.129;

【项目】:任务后台;
【大分组】:2130653117;	【小分组】:1309639564;
【日志类型】:普通日志;
【标题】:打开tcp失败！;
【内容】:;
【createtime】:2017-06-02 10:58:36.174;

【项目】:任务后台;
【大分组】:-1989961220;	【小分组】:-481109028;
【日志类型】:普通日志;
【标题】:正在关闭tcp！;
【内容】:;
【createtime】:2017-06-02 10:58:46.200;

【项目】:任务后台;
【大分组】:1240241913;	【小分组】:-562809444;
【日志类型】:普通日志;
【标题】:正在打开tcp...;
【内容】:;
【createtime】:2017-06-02 10:58:46.200;

【项目】:任务后台;
【大分组】:2130653117;	【小分组】:1527177947;
【日志类型】:普通日志;
【标题】:打开tcp失败！;
【内容】:;
【createtime】:2017-06-02 10:58:47.248;

【项目】:任务后台;
【大分组】:-1989961220;	【小分组】:288040984;
【日志类型】:普通日志;
【标题】:正在关闭tcp！;
【内容】:;
【createtime】:2017-06-02 10:58:57.276;

【项目】:任务后台;
【大分组】:1240241913;	【小分组】:-1878421549;
【日志类型】:普通日志;
【标题】:正在打开tcp...;
【内容】:;
【createtime】:2017-06-02 10:58:57.276;

【项目】:任务后台;
【大分组】:2130653117;	【小分组】:443777231;
【日志类型】:普通日志;
【标题】:打开tcp失败！;
【内容】:;
【createtime】:2017-06-02 10:58:58.330;

【项目】:任务后台;
【大分组】:-1989961220;	【小分组】:-394591271;
【日志类型】:普通日志;
【标题】:正在关闭tcp！;
【内容】:;
【createtime】:2017-06-02 10:59:08.355;

【项目】:任务后台;
【大分组】:1240241913;	【小分组】:-1001920287;
【日志类型】:普通日志;
【标题】:正在打开tcp...;
【内容】:;
【createtime】:2017-06-02 10:59:08.355;

【项目】:任务后台;
【大分组】:2130653117;	【小分组】:-1757907504;
【日志类型】:普通日志;
【标题】:打开tcp失败！;
【内容】:;
【createtime】:2017-06-02 10:59:09.416;

【项目】:任务后台;
【大分组】:-1989961220;	【小分组】:2062390700;
【日志类型】:普通日志;
【标题】:正在关闭tcp！;
【内容】:;
【createtime】:2017-06-02 10:59:19.443;

【项目】:任务后台;
【大分组】:1240241913;	【小分组】:-1288788640;
【日志类型】:普通日志;
【标题】:正在打开tcp...;
【内容】:;
【createtime】:2017-06-02 10:59:19.443;

【项目】:任务后台;
【大分组】:2130653117;	【小分组】:619571428;
【日志类型】:普通日志;
【标题】:打开tcp失败！;
【内容】:;
【createtime】:2017-06-02 10:59:20.489;

【项目】:任务后台;
【大分组】:-1989961220;	【小分组】:1950576897;
【日志类型】:普通日志;
【标题】:正在关闭tcp！;
【内容】:;
【createtime】:2017-06-02 10:59:30.515;

【项目】:任务后台;
【大分组】:1240241913;	【小分组】:-1794230724;
【日志类型】:普通日志;
【标题】:正在打开tcp...;
【内容】:;
【createtime】:2017-06-02 10:59:30.515;

【项目】:任务后台;
【大分组】:2130653117;	【小分组】:-710720928;
【日志类型】:普通日志;
【标题】:打开tcp失败！;
【内容】:;
【createtime】:2017-06-02 10:59:31.573;

【项目】:任务后台;
【大分组】:-1989961220;	【小分组】:-1954572977;
【日志类型】:普通日志;
【标题】:正在关闭tcp！;
【内容】:;
【createtime】:2017-06-02 10:59:41.600;

【项目】:任务后台;
【大分组】:1240241913;	【小分组】:-470265908;
【日志类型】:普通日志;
【标题】:正在打开tcp...;
【内容】:;
【createtime】:2017-06-02 10:59:41.600;

【项目】:任务后台;
【大分组】:2130653117;	【小分组】:94478653;
【日志类型】:普通日志;
【标题】:打开tcp失败！;
【内容】:;
【createtime】:2017-06-02 10:59:42.664;

【项目】:任务后台;
【大分组】:-1989961220;	【小分组】:-2043302303;
【日志类型】:普通日志;
【标题】:正在关闭tcp！;
【内容】:;
【createtime】:2017-06-02 10:59:52.686;

【项目】:任务后台;
【大分组】:1240241913;	【小分组】:-299270616;
【日志类型】:普通日志;
【标题】:正在打开tcp...;
【内容】:;
【createtime】:2017-06-02 10:59:52.686;

【项目】:任务后台;
【大分组】:2130653117;	【小分组】:-1136107572;
【日志类型】:普通日志;
【标题】:打开tcp失败！;
【内容】:;
【createtime】:2017-06-02 10:59:53.742;

【项目】:任务后台;
【大分组】:-1989961220;	【小分组】:1088256372;
【日志类型】:普通日志;
【标题】:正在关闭tcp！;
【内容】:;
【createtime】:2017-06-02 11:00:03.774;

【项目】:任务后台;
【大分组】:1240241913;	【小分组】:-77301317;
【日志类型】:普通日志;
【标题】:正在打开tcp...;
【内容】:;
【createtime】:2017-06-02 11:00:03.774;

【项目】:任务后台;
【大分组】:2130653117;	【小分组】:-1439336306;
【日志类型】:普通日志;
【标题】:打开tcp失败！;
【内容】:;
【createtime】:2017-06-02 11:00:04.820;

【项目】:任务后台;
【大分组】:1240241913;	【小分组】:20915929;
【日志类型】:普通日志;
【标题】:正在打开tcp...;
【内容】:;
【createtime】:2017-06-02 11:00:50.747;

【项目】:任务后台;
【大分组】:2130653117;	【小分组】:20915929;
【日志类型】:普通日志;
【标题】:打开tcp失败！;
【内容】:;
【createtime】:2017-06-02 11:00:51.752;

【项目】:任务后台;
【大分组】:-1989961220;	【小分组】:-902092265;
【日志类型】:普通日志;
【标题】:正在关闭tcp！;
【内容】:;
【createtime】:2017-06-02 11:00:51.757;

【项目】:任务后台;
【大分组】:1240241913;	【小分组】:-1852120836;
【日志类型】:普通日志;
【标题】:正在打开tcp...;
【内容】:;
【createtime】:2017-06-02 11:00:51.757;

【项目】:任务后台;
【大分组】:2130653117;	【小分组】:1513922708;
【日志类型】:普通日志;
【标题】:打开tcp失败！;
【内容】:;
【createtime】:2017-06-02 11:00:52.760;

【项目】:任务后台;
【大分组】:-1989961220;	【小分组】:-944946151;
【日志类型】:普通日志;
【标题】:正在关闭tcp！;
【内容】:;
【createtime】:2017-06-02 11:01:02.761;

【项目】:任务后台;
【大分组】:1240241913;	【小分组】:-590171892;
【日志类型】:普通日志;
【标题】:正在打开tcp...;
【内容】:;
【createtime】:2017-06-02 11:01:02.761;

【项目】:任务后台;
【大分组】:-1280615985;	【小分组】:386360351;
【日志类型】:普通日志;
【标题】:打开tcp成功！;
【内容】:;
【createtime】:2017-06-02 11:01:02.762;

【项目】:任务后台;
【大分组】:-1989961220;	【小分组】:-825569200;
【日志类型】:普通日志;
【标题】:正在关闭tcp！;
【内容】:;
【createtime】:2017-06-02 11:01:48.005;

【项目】:任务后台;
【大分组】:1240241913;	【小分组】:1857280566;
【日志类型】:普通日志;
【标题】:正在打开tcp...;
【内容】:;
【createtime】:2017-06-02 11:01:48.005;

【项目】:任务后台;
【大分组】:2130653117;	【小分组】:-1417032990;
【日志类型】:普通日志;
【标题】:打开tcp失败！;
【内容】:;
【createtime】:2017-06-02 11:01:49.008;

【项目】:任务后台;
【大分组】:-1989961220;	【小分组】:-397228013;
【日志类型】:普通日志;
【标题】:正在关闭tcp！;
【内容】:;
【createtime】:2017-06-02 11:01:59.015;

【项目】:任务后台;
【大分组】:1240241913;	【小分组】:780328592;
【日志类型】:普通日志;
【标题】:正在打开tcp...;
【内容】:;
【createtime】:2017-06-02 11:01:59.015;

【项目】:任务后台;
【大分组】:2130653117;	【小分组】:-1313017433;
【日志类型】:普通日志;
【标题】:打开tcp失败！;
【内容】:;
【createtime】:2017-06-02 11:02:00.017;

【项目】:任务后台;
【大分组】:-1989961220;	【小分组】:-24609275;
【日志类型】:普通日志;
【标题】:正在关闭tcp！;
【内容】:;
【createtime】:2017-06-02 11:02:10.023;

【项目】:任务后台;
【大分组】:1240241913;	【小分组】:1608997059;
【日志类型】:普通日志;
【标题】:正在打开tcp...;
【内容】:;
【createtime】:2017-06-02 11:02:10.023;

【项目】:任务后台;
【大分组】:2130653117;	【小分组】:-306291277;
【日志类型】:普通日志;
【标题】:打开tcp失败！;
【内容】:;
【createtime】:2017-06-02 11:02:11.026;

【项目】:任务后台;
【大分组】:-1989961220;	【小分组】:-1472059773;
【日志类型】:普通日志;
【标题】:正在关闭tcp！;
【内容】:;
【createtime】:2017-06-02 11:02:21.032;

【项目】:任务后台;
【大分组】:1240241913;	【小分组】:-1743772513;
【日志类型】:普通日志;
【标题】:正在打开tcp...;
【内容】:;
【createtime】:2017-06-02 11:02:21.032;

【项目】:任务后台;
【大分组】:2130653117;	【小分组】:429561423;
【日志类型】:普通日志;
【标题】:打开tcp失败！;
【内容】:;
【createtime】:2017-06-02 11:02:22.034;

【项目】:任务后台;
【大分组】:-1989961220;	【小分组】:-385276315;
【日志类型】:普通日志;
【标题】:正在关闭tcp！;
【内容】:;
【createtime】:2017-06-02 11:02:32.041;

【项目】:任务后台;
【大分组】:1240241913;	【小分组】:166380981;
【日志类型】:普通日志;
【标题】:正在打开tcp...;
【内容】:;
【createtime】:2017-06-02 11:02:32.041;

【项目】:任务后台;
【大分组】:2130653117;	【小分组】:-1069151891;
【日志类型】:普通日志;
【标题】:打开tcp失败！;
【内容】:;
【createtime】:2017-06-02 11:02:33.042;

【项目】:任务后台;
【大分组】:-1989961220;	【小分组】:1817146000;
【日志类型】:普通日志;
【标题】:正在关闭tcp！;
【内容】:;
【createtime】:2017-06-02 11:02:43.049;

【项目】:任务后台;
【大分组】:1240241913;	【小分组】:-1750209218;
【日志类型】:普通日志;
【标题】:正在打开tcp...;
【内容】:;
【createtime】:2017-06-02 11:02:43.049;

【项目】:任务后台;
【大分组】:2130653117;	【小分组】:1908377345;
【日志类型】:普通日志;
【标题】:打开tcp失败！;
【内容】:;
【createtime】:2017-06-02 11:02:44.050;

【项目】:任务后台;
【大分组】:-1989961220;	【小分组】:-744728071;
【日志类型】:普通日志;
【标题】:正在关闭tcp！;
【内容】:;
【createtime】:2017-06-02 11:02:54.058;

【项目】:任务后台;
【大分组】:1240241913;	【小分组】:974679576;
【日志类型】:普通日志;
【标题】:正在打开tcp...;
【内容】:;
【createtime】:2017-06-02 11:02:54.058;

【项目】:任务后台;
【大分组】:2130653117;	【小分组】:337183895;
【日志类型】:普通日志;
【标题】:打开tcp失败！;
【内容】:;
【createtime】:2017-06-02 11:02:55.060;

【项目】:任务后台;
【大分组】:-1989961220;	【小分组】:1719502614;
【日志类型】:普通日志;
【标题】:正在关闭tcp！;
【内容】:;
【createtime】:2017-06-02 11:03:05.066;

【项目】:任务后台;
【大分组】:1240241913;	【小分组】:1681077845;
【日志类型】:普通日志;
【标题】:正在打开tcp...;
【内容】:;
【createtime】:2017-06-02 11:03:05.066;

【项目】:任务后台;
【大分组】:2130653117;	【小分组】:-1813622416;
【日志类型】:普通日志;
【标题】:打开tcp失败！;
【内容】:;
【createtime】:2017-06-02 11:03:06.070;

【项目】:任务后台;
【大分组】:-1989961220;	【小分组】:679973176;
【日志类型】:普通日志;
【标题】:正在关闭tcp！;
【内容】:;
【createtime】:2017-06-02 11:03:16.077;

【项目】:任务后台;
【大分组】:1240241913;	【小分组】:-1428895258;
【日志类型】:普通日志;
【标题】:正在打开tcp...;
【内容】:;
【createtime】:2017-06-02 11:03:16.077;

【项目】:任务后台;
【大分组】:2130653117;	【小分组】:-866968463;
【日志类型】:普通日志;
【标题】:打开tcp失败！;
【内容】:;
【createtime】:2017-06-02 11:03:17.081;

【项目】:任务后台;
【大分组】:-1989961220;	【小分组】:1885342577;
【日志类型】:普通日志;
【标题】:正在关闭tcp！;
【内容】:;
【createtime】:2017-06-02 11:03:27.088;

【项目】:任务后台;
【大分组】:1240241913;	【小分组】:430064952;
【日志类型】:普通日志;
【标题】:正在打开tcp...;
【内容】:;
【createtime】:2017-06-02 11:03:27.088;

【项目】:任务后台;
【大分组】:2130653117;	【小分组】:2112124212;
【日志类型】:普通日志;
【标题】:打开tcp失败！;
【内容】:;
【createtime】:2017-06-02 11:03:28.090;

【项目】:任务后台;
【大分组】:-1989961220;	【小分组】:-889377683;
【日志类型】:普通日志;
【标题】:正在关闭tcp！;
【内容】:;
【createtime】:2017-06-02 11:03:38.096;

【项目】:任务后台;
【大分组】:1240241913;	【小分组】:-154867155;
【日志类型】:普通日志;
【标题】:正在打开tcp...;
【内容】:;
【createtime】:2017-06-02 11:03:38.096;

【项目】:任务后台;
【大分组】:2130653117;	【小分组】:-499849198;
【日志类型】:普通日志;
【标题】:打开tcp失败！;
【内容】:;
【createtime】:2017-06-02 11:03:39.096;

【项目】:任务后台;
【大分组】:-1989961220;	【小分组】:1905315993;
【日志类型】:普通日志;
【标题】:正在关闭tcp！;
【内容】:;
【createtime】:2017-06-02 11:03:49.103;

【项目】:任务后台;
【大分组】:1240241913;	【小分组】:-428579132;
【日志类型】:普通日志;
【标题】:正在打开tcp...;
【内容】:;
【createtime】:2017-06-02 11:03:49.103;

【项目】:任务后台;
【大分组】:2130653117;	【小分组】:534082961;
【日志类型】:普通日志;
【标题】:打开tcp失败！;
【内容】:;
【createtime】:2017-06-02 11:03:50.103;

【项目】:任务后台;
【大分组】:-1989961220;	【小分组】:-2094410496;
【日志类型】:普通日志;
【标题】:正在关闭tcp！;
【内容】:;
【createtime】:2017-06-02 11:04:00.110;

【项目】:任务后台;
【大分组】:1240241913;	【小分组】:-938801323;
【日志类型】:普通日志;
【标题】:正在打开tcp...;
【内容】:;
【createtime】:2017-06-02 11:04:00.110;

【项目】:任务后台;
【大分组】:2130653117;	【小分组】:-2112661049;
【日志类型】:普通日志;
【标题】:打开tcp失败！;
【内容】:;
【createtime】:2017-06-02 11:04:01.111;

【项目】:任务后台;
【大分组】:-1989961220;	【小分组】:1904104571;
【日志类型】:普通日志;
【标题】:正在关闭tcp！;
【内容】:;
【createtime】:2017-06-02 11:04:11.118;

【项目】:任务后台;
【大分组】:1240241913;	【小分组】:1724151764;
【日志类型】:普通日志;
【标题】:正在打开tcp...;
【内容】:;
【createtime】:2017-06-02 11:04:11.118;

【项目】:任务后台;
【大分组】:2130653117;	【小分组】:-1594800488;
【日志类型】:普通日志;
【标题】:打开tcp失败！;
【内容】:;
【createtime】:2017-06-02 11:04:12.120;

【项目】:任务后台;
【大分组】:-1989961220;	【小分组】:1530994629;
【日志类型】:普通日志;
【标题】:正在关闭tcp！;
【内容】:;
【createtime】:2017-06-02 11:04:22.126;

【项目】:任务后台;
【大分组】:1240241913;	【小分组】:1379897083;
【日志类型】:普通日志;
【标题】:正在打开tcp...;
【内容】:;
【createtime】:2017-06-02 11:04:22.126;

【项目】:任务后台;
【大分组】:2130653117;	【小分组】:1537589301;
【日志类型】:普通日志;
【标题】:打开tcp失败！;
【内容】:;
【createtime】:2017-06-02 11:04:23.126;

【项目】:任务后台;
【大分组】:-1989961220;	【小分组】:-2067040805;
【日志类型】:普通日志;
【标题】:正在关闭tcp！;
【内容】:;
【createtime】:2017-06-02 11:04:33.133;

【项目】:任务后台;
【大分组】:1240241913;	【小分组】:722313672;
【日志类型】:普通日志;
【标题】:正在打开tcp...;
【内容】:;
【createtime】:2017-06-02 11:04:33.133;

【项目】:任务后台;
【大分组】:2130653117;	【小分组】:1493385492;
【日志类型】:普通日志;
【标题】:打开tcp失败！;
【内容】:;
【createtime】:2017-06-02 11:04:34.136;

【项目】:任务后台;
【大分组】:-1989961220;	【小分组】:1122987284;
【日志类型】:普通日志;
【标题】:正在关闭tcp！;
【内容】:;
【createtime】:2017-06-02 11:04:44.142;

【项目】:任务后台;
【大分组】:1240241913;	【小分组】:119729122;
【日志类型】:普通日志;
【标题】:正在打开tcp...;
【内容】:;
【createtime】:2017-06-02 11:04:44.142;

【项目】:任务后台;
【大分组】:2130653117;	【小分组】:-164283918;
【日志类型】:普通日志;
【标题】:打开tcp失败！;
【内容】:;
【createtime】:2017-06-02 11:04:45.145;

【项目】:任务后台;
【大分组】:-1989961220;	【小分组】:443827761;
【日志类型】:普通日志;
【标题】:正在关闭tcp！;
【内容】:;
【createtime】:2017-06-02 11:04:55.152;

【项目】:任务后台;
【大分组】:1240241913;	【小分组】:924247070;
【日志类型】:普通日志;
【标题】:正在打开tcp...;
【内容】:;
【createtime】:2017-06-02 11:04:55.152;

【项目】:任务后台;
【大分组】:2130653117;	【小分组】:-89867306;
【日志类型】:普通日志;
【标题】:打开tcp失败！;
【内容】:;
【createtime】:2017-06-02 11:04:56.155;

【项目】:任务后台;
【大分组】:-1989961220;	【小分组】:1270325552;
【日志类型】:普通日志;
【标题】:正在关闭tcp！;
【内容】:;
【createtime】:2017-06-02 11:05:06.161;

【项目】:任务后台;
【大分组】:1240241913;	【小分组】:-80405370;
【日志类型】:普通日志;
【标题】:正在打开tcp...;
【内容】:;
【createtime】:2017-06-02 11:05:06.161;

【项目】:任务后台;
【大分组】:2130653117;	【小分组】:1231139919;
【日志类型】:普通日志;
【标题】:打开tcp失败！;
【内容】:;
【createtime】:2017-06-02 11:05:07.162;

【项目】:任务后台;
【大分组】:-1989961220;	【小分组】:-2046538460;
【日志类型】:普通日志;
【标题】:正在关闭tcp！;
【内容】:;
【createtime】:2017-06-02 11:05:17.169;

【项目】:任务后台;
【大分组】:1240241913;	【小分组】:312777192;
【日志类型】:普通日志;
【标题】:正在打开tcp...;
【内容】:;
【createtime】:2017-06-02 11:05:17.169;

【项目】:任务后台;
【大分组】:2130653117;	【小分组】:539265732;
【日志类型】:普通日志;
【标题】:打开tcp失败！;
【内容】:;
【createtime】:2017-06-02 11:05:18.170;

【项目】:任务后台;
【大分组】:-1989961220;	【小分组】:-971086558;
【日志类型】:普通日志;
【标题】:正在关闭tcp！;
【内容】:;
【createtime】:2017-06-02 11:05:28.176;

【项目】:任务后台;
【大分组】:1240241913;	【小分组】:289414212;
【日志类型】:普通日志;
【标题】:正在打开tcp...;
【内容】:;
【createtime】:2017-06-02 11:05:28.176;

【项目】:任务后台;
【大分组】:2130653117;	【小分组】:1925642092;
【日志类型】:普通日志;
【标题】:打开tcp失败！;
【内容】:;
【createtime】:2017-06-02 11:05:29.178;

【项目】:任务后台;
【大分组】:-1989961220;	【小分组】:999122684;
【日志类型】:普通日志;
【标题】:正在关闭tcp！;
【内容】:;
【createtime】:2017-06-02 11:05:39.185;

【项目】:任务后台;
【大分组】:1240241913;	【小分组】:1733555231;
【日志类型】:普通日志;
【标题】:正在打开tcp...;
【内容】:;
【createtime】:2017-06-02 11:05:39.185;

【项目】:任务后台;
【大分组】:2130653117;	【小分组】:-610935316;
【日志类型】:普通日志;
【标题】:打开tcp失败！;
【内容】:;
【createtime】:2017-06-02 11:05:40.187;

【项目】:任务后台;
【大分组】:-1989961220;	【小分组】:-87928621;
【日志类型】:普通日志;
【标题】:正在关闭tcp！;
【内容】:;
【createtime】:2017-06-02 11:05:50.194;

【项目】:任务后台;
【大分组】:1240241913;	【小分组】:-623863927;
【日志类型】:普通日志;
【标题】:正在打开tcp...;
【内容】:;
【createtime】:2017-06-02 11:05:50.194;

【项目】:任务后台;
【大分组】:2130653117;	【小分组】:-584566035;
【日志类型】:普通日志;
【标题】:打开tcp失败！;
【内容】:;
【createtime】:2017-06-02 11:05:51.196;

【项目】:任务后台;
【大分组】:-1989961220;	【小分组】:802942535;
【日志类型】:普通日志;
【标题】:正在关闭tcp！;
【内容】:;
【createtime】:2017-06-02 11:06:01.203;

【项目】:任务后台;
【大分组】:1240241913;	【小分组】:1424274596;
【日志类型】:普通日志;
【标题】:正在打开tcp...;
【内容】:;
【createtime】:2017-06-02 11:06:01.203;

【项目】:任务后台;
【大分组】:2130653117;	【小分组】:1661301967;
【日志类型】:普通日志;
【标题】:打开tcp失败！;
【内容】:;
【createtime】:2017-06-02 11:06:02.204;

【项目】:任务后台;
【大分组】:-1989961220;	【小分组】:841056364;
【日志类型】:普通日志;
【标题】:正在关闭tcp！;
【内容】:;
【createtime】:2017-06-02 11:06:12.210;

【项目】:任务后台;
【大分组】:1240241913;	【小分组】:1420817769;
【日志类型】:普通日志;
【标题】:正在打开tcp...;
【内容】:;
【createtime】:2017-06-02 11:06:12.210;

【项目】:任务后台;
【大分组】:2130653117;	【小分组】:-1567578394;
【日志类型】:普通日志;
【标题】:打开tcp失败！;
【内容】:;
【createtime】:2017-06-02 11:06:13.213;

【项目】:任务后台;
【大分组】:-1989961220;	【小分组】:-2069266209;
【日志类型】:普通日志;
【标题】:正在关闭tcp！;
【内容】:;
【createtime】:2017-06-02 11:06:23.219;

【项目】:任务后台;
【大分组】:1240241913;	【小分组】:-2077423459;
【日志类型】:普通日志;
【标题】:正在打开tcp...;
【内容】:;
【createtime】:2017-06-02 11:06:23.219;

【项目】:任务后台;
【大分组】:2130653117;	【小分组】:-961153644;
【日志类型】:普通日志;
【标题】:打开tcp失败！;
【内容】:;
【createtime】:2017-06-02 11:06:24.221;

【项目】:任务后台;
【大分组】:-1989961220;	【小分组】:-1956152330;
【日志类型】:普通日志;
【标题】:正在关闭tcp！;
【内容】:;
【createtime】:2017-06-02 11:06:34.228;

【项目】:任务后台;
【大分组】:1240241913;	【小分组】:-1099314096;
【日志类型】:普通日志;
【标题】:正在打开tcp...;
【内容】:;
【createtime】:2017-06-02 11:06:34.228;

【项目】:任务后台;
【大分组】:2130653117;	【小分组】:1502901183;
【日志类型】:普通日志;
【标题】:打开tcp失败！;
【内容】:;
【createtime】:2017-06-02 11:06:35.229;

【项目】:任务后台;
【大分组】:-1989961220;	【小分组】:-1668142442;
【日志类型】:普通日志;
【标题】:正在关闭tcp！;
【内容】:;
【createtime】:2017-06-02 11:06:45.236;

【项目】:任务后台;
【大分组】:1240241913;	【小分组】:1101374508;
【日志类型】:普通日志;
【标题】:正在打开tcp...;
【内容】:;
【createtime】:2017-06-02 11:06:45.236;

【项目】:任务后台;
【大分组】:2130653117;	【小分组】:-1416425269;
【日志类型】:普通日志;
【标题】:打开tcp失败！;
【内容】:;
【createtime】:2017-06-02 11:06:46.238;

【项目】:任务后台;
【大分组】:-1989961220;	【小分组】:359639886;
【日志类型】:普通日志;
【标题】:正在关闭tcp！;
【内容】:;
【createtime】:2017-06-02 11:06:56.245;

【项目】:任务后台;
【大分组】:1240241913;	【小分组】:-1533715457;
【日志类型】:普通日志;
【标题】:正在打开tcp...;
【内容】:;
【createtime】:2017-06-02 11:06:56.245;

【项目】:任务后台;
【大分组】:2130653117;	【小分组】:1333845251;
【日志类型】:普通日志;
【标题】:打开tcp失败！;
【内容】:;
【createtime】:2017-06-02 11:06:57.246;

【项目】:任务后台;
【大分组】:-1989961220;	【小分组】:-1911727151;
【日志类型】:普通日志;
【标题】:正在关闭tcp！;
【内容】:;
【createtime】:2017-06-02 11:07:07.254;

【项目】:任务后台;
【大分组】:1240241913;	【小分组】:330310152;
【日志类型】:普通日志;
【标题】:正在打开tcp...;
【内容】:;
【createtime】:2017-06-02 11:07:07.254;

【项目】:任务后台;
【大分组】:2130653117;	【小分组】:800465134;
【日志类型】:普通日志;
【标题】:打开tcp失败！;
【内容】:;
【createtime】:2017-06-02 11:07:08.255;

【项目】:任务后台;
【大分组】:-1989961220;	【小分组】:-1531423962;
【日志类型】:普通日志;
【标题】:正在关闭tcp！;
【内容】:;
【createtime】:2017-06-02 11:07:18.261;

【项目】:任务后台;
【大分组】:1240241913;	【小分组】:599323422;
【日志类型】:普通日志;
【标题】:正在打开tcp...;
【内容】:;
【createtime】:2017-06-02 11:07:18.261;

【项目】:任务后台;
【大分组】:2130653117;	【小分组】:-944232545;
【日志类型】:普通日志;
【标题】:打开tcp失败！;
【内容】:;
【createtime】:2017-06-02 11:07:19.263;

【项目】:任务后台;
【大分组】:-1989961220;	【小分组】:1040558310;
【日志类型】:普通日志;
【标题】:正在关闭tcp！;
【内容】:;
【createtime】:2017-06-02 11:07:29.271;

【项目】:任务后台;
【大分组】:1240241913;	【小分组】:-1235907462;
【日志类型】:普通日志;
【标题】:正在打开tcp...;
【内容】:;
【createtime】:2017-06-02 11:07:29.271;

【项目】:任务后台;
【大分组】:2130653117;	【小分组】:801296878;
【日志类型】:普通日志;
【标题】:打开tcp失败！;
【内容】:;
【createtime】:2017-06-02 11:07:30.272;

【项目】:任务后台;
【大分组】:-1989961220;	【小分组】:-171304276;
【日志类型】:普通日志;
【标题】:正在关闭tcp！;
【内容】:;
【createtime】:2017-06-02 11:07:40.280;

【项目】:任务后台;
【大分组】:1240241913;	【小分组】:-1500710336;
【日志类型】:普通日志;
【标题】:正在打开tcp...;
【内容】:;
【createtime】:2017-06-02 11:07:40.280;

【项目】:任务后台;
【大分组】:2130653117;	【小分组】:27187390;
【日志类型】:普通日志;
【标题】:打开tcp失败！;
【内容】:;
【createtime】:2017-06-02 11:07:41.283;

【项目】:任务后台;
【大分组】:-1989961220;	【小分组】:-858192200;
【日志类型】:普通日志;
【标题】:正在关闭tcp！;
【内容】:;
【createtime】:2017-06-02 11:07:51.288;

【项目】:任务后台;
【大分组】:1240241913;	【小分组】:1910886449;
【日志类型】:普通日志;
【标题】:正在打开tcp...;
【内容】:;
【createtime】:2017-06-02 11:07:51.288;

【项目】:任务后台;
【大分组】:2130653117;	【小分组】:302699158;
【日志类型】:普通日志;
【标题】:打开tcp失败！;
【内容】:;
【createtime】:2017-06-02 11:07:52.290;

【项目】:任务后台;
【大分组】:-1989961220;	【小分组】:196273294;
【日志类型】:普通日志;
【标题】:正在关闭tcp！;
【内容】:;
【createtime】:2017-06-02 11:08:02.296;

【项目】:任务后台;
【大分组】:1240241913;	【小分组】:-1668234994;
【日志类型】:普通日志;
【标题】:正在打开tcp...;
【内容】:;
【createtime】:2017-06-02 11:08:02.296;

【项目】:任务后台;
【大分组】:2130653117;	【小分组】:613460778;
【日志类型】:普通日志;
【标题】:打开tcp失败！;
【内容】:;
【createtime】:2017-06-02 11:08:03.298;

【项目】:任务后台;
【大分组】:-1989961220;	【小分组】:620067221;
【日志类型】:普通日志;
【标题】:正在关闭tcp！;
【内容】:;
【createtime】:2017-06-02 11:08:13.305;

【项目】:任务后台;
【大分组】:1240241913;	【小分组】:-881819514;
【日志类型】:普通日志;
【标题】:正在打开tcp...;
【内容】:;
【createtime】:2017-06-02 11:08:13.305;

【项目】:任务后台;
【大分组】:2130653117;	【小分组】:787416402;
【日志类型】:普通日志;
【标题】:打开tcp失败！;
【内容】:;
【createtime】:2017-06-02 11:08:14.305;

【项目】:任务后台;
【大分组】:-1989961220;	【小分组】:-417707975;
【日志类型】:普通日志;
【标题】:正在关闭tcp！;
【内容】:;
【createtime】:2017-06-02 11:08:24.312;

【项目】:任务后台;
【大分组】:1240241913;	【小分组】:-1713629190;
【日志类型】:普通日志;
【标题】:正在打开tcp...;
【内容】:;
【createtime】:2017-06-02 11:08:24.312;

【项目】:任务后台;
【大分组】:2130653117;	【小分组】:313291350;
【日志类型】:普通日志;
【标题】:打开tcp失败！;
【内容】:;
【createtime】:2017-06-02 11:08:25.316;

【项目】:任务后台;
【大分组】:-1989961220;	【小分组】:525485737;
【日志类型】:普通日志;
【标题】:正在关闭tcp！;
【内容】:;
【createtime】:2017-06-02 11:08:35.323;

【项目】:任务后台;
【大分组】:1240241913;	【小分组】:-1725167294;
【日志类型】:普通日志;
【标题】:正在打开tcp...;
【内容】:;
【createtime】:2017-06-02 11:08:35.323;

【项目】:任务后台;
【大分组】:2130653117;	【小分组】:1325454419;
【日志类型】:普通日志;
【标题】:打开tcp失败！;
【内容】:;
【createtime】:2017-06-02 11:08:36.324;

【项目】:任务后台;
【大分组】:-1989961220;	【小分组】:1793602108;
【日志类型】:普通日志;
【标题】:正在关闭tcp！;
【内容】:;
【createtime】:2017-06-02 11:08:46.331;

【项目】:任务后台;
【大分组】:1240241913;	【小分组】:-1919207111;
【日志类型】:普通日志;
【标题】:正在打开tcp...;
【内容】:;
【createtime】:2017-06-02 11:08:46.331;

【项目】:任务后台;
【大分组】:2130653117;	【小分组】:531245460;
【日志类型】:普通日志;
【标题】:打开tcp失败！;
【内容】:;
【createtime】:2017-06-02 11:08:47.331;

【项目】:任务后台;
【大分组】:-1989961220;	【小分组】:-424165682;
【日志类型】:普通日志;
【标题】:正在关闭tcp！;
【内容】:;
【createtime】:2017-06-02 11:08:57.338;

【项目】:任务后台;
【大分组】:1240241913;	【小分组】:580344926;
【日志类型】:普通日志;
【标题】:正在打开tcp...;
【内容】:;
【createtime】:2017-06-02 11:08:57.338;

【项目】:任务后台;
【大分组】:2130653117;	【小分组】:1838426147;
【日志类型】:普通日志;
【标题】:打开tcp失败！;
【内容】:;
【createtime】:2017-06-02 11:08:58.340;

【项目】:任务后台;
【大分组】:-1989961220;	【小分组】:31135012;
【日志类型】:普通日志;
【标题】:正在关闭tcp！;
【内容】:;
【createtime】:2017-06-02 11:09:08.347;

【项目】:任务后台;
【大分组】:1240241913;	【小分组】:338074587;
【日志类型】:普通日志;
【标题】:正在打开tcp...;
【内容】:;
【createtime】:2017-06-02 11:09:08.347;

【项目】:任务后台;
【大分组】:2130653117;	【小分组】:-1395985542;
【日志类型】:普通日志;
【标题】:打开tcp失败！;
【内容】:;
【createtime】:2017-06-02 11:09:09.348;

【项目】:任务后台;
【大分组】:-1989961220;	【小分组】:1203097073;
【日志类型】:普通日志;
【标题】:正在关闭tcp！;
【内容】:;
【createtime】:2017-06-02 11:09:19.355;

【项目】:任务后台;
【大分组】:1240241913;	【小分组】:1899972515;
【日志类型】:普通日志;
【标题】:正在打开tcp...;
【内容】:;
【createtime】:2017-06-02 11:09:19.355;

【项目】:任务后台;
【大分组】:2130653117;	【小分组】:-1964978257;
【日志类型】:普通日志;
【标题】:打开tcp失败！;
【内容】:;
【createtime】:2017-06-02 11:09:20.357;

【项目】:任务后台;
【大分组】:-1989961220;	【小分组】:528887406;
【日志类型】:普通日志;
【标题】:正在关闭tcp！;
【内容】:;
【createtime】:2017-06-02 11:09:30.364;

【项目】:任务后台;
【大分组】:1240241913;	【小分组】:-975653553;
【日志类型】:普通日志;
【标题】:正在打开tcp...;
【内容】:;
【createtime】:2017-06-02 11:09:30.364;

【项目】:任务后台;
【大分组】:2130653117;	【小分组】:1498240495;
【日志类型】:普通日志;
【标题】:打开tcp失败！;
【内容】:;
【createtime】:2017-06-02 11:09:31.366;

【项目】:任务后台;
【大分组】:-1989961220;	【小分组】:-1089414829;
【日志类型】:普通日志;
【标题】:正在关闭tcp！;
【内容】:;
【createtime】:2017-06-02 11:09:41.371;

【项目】:任务后台;
【大分组】:1240241913;	【小分组】:1771235205;
【日志类型】:普通日志;
【标题】:正在打开tcp...;
【内容】:;
【createtime】:2017-06-02 11:09:41.371;

【项目】:任务后台;
【大分组】:2130653117;	【小分组】:1382954392;
【日志类型】:普通日志;
【标题】:打开tcp失败！;
【内容】:;
【createtime】:2017-06-02 11:09:42.373;

【项目】:任务后台;
【大分组】:-1989961220;	【小分组】:-253981221;
【日志类型】:普通日志;
【标题】:正在关闭tcp！;
【内容】:;
【createtime】:2017-06-02 11:09:52.379;

【项目】:任务后台;
【大分组】:1240241913;	【小分组】:895971927;
【日志类型】:普通日志;
【标题】:正在打开tcp...;
【内容】:;
【createtime】:2017-06-02 11:09:52.379;

【项目】:任务后台;
【大分组】:2130653117;	【小分组】:-850543252;
【日志类型】:普通日志;
【标题】:打开tcp失败！;
【内容】:;
【createtime】:2017-06-02 11:09:53.381;

【项目】:任务后台;
【大分组】:-1989961220;	【小分组】:-846449812;
【日志类型】:普通日志;
【标题】:正在关闭tcp！;
【内容】:;
【createtime】:2017-06-02 11:10:03.387;

【项目】:任务后台;
【大分组】:1240241913;	【小分组】:-102701169;
【日志类型】:普通日志;
【标题】:正在打开tcp...;
【内容】:;
【createtime】:2017-06-02 11:10:03.387;

【项目】:任务后台;
【大分组】:2130653117;	【小分组】:-1547030297;
【日志类型】:普通日志;
【标题】:打开tcp失败！;
【内容】:;
【createtime】:2017-06-02 11:10:04.389;

【项目】:任务后台;
【大分组】:-1989961220;	【小分组】:640509771;
【日志类型】:普通日志;
【标题】:正在关闭tcp！;
【内容】:;
【createtime】:2017-06-02 11:10:14.395;

【项目】:任务后台;
【大分组】:1240241913;	【小分组】:575862781;
【日志类型】:普通日志;
【标题】:正在打开tcp...;
【内容】:;
【createtime】:2017-06-02 11:10:14.395;

【项目】:任务后台;
【大分组】:2130653117;	【小分组】:-1651423846;
【日志类型】:普通日志;
【标题】:打开tcp失败！;
【内容】:;
【createtime】:2017-06-02 11:10:15.396;

【项目】:任务后台;
【大分组】:-1989961220;	【小分组】:-1844440866;
【日志类型】:普通日志;
【标题】:正在关闭tcp！;
【内容】:;
【createtime】:2017-06-02 11:10:25.402;

【项目】:任务后台;
【大分组】:1240241913;	【小分组】:1351505378;
【日志类型】:普通日志;
【标题】:正在打开tcp...;
【内容】:;
【createtime】:2017-06-02 11:10:25.402;

【项目】:任务后台;
【大分组】:2130653117;	【小分组】:-852954807;
【日志类型】:普通日志;
【标题】:打开tcp失败！;
【内容】:;
【createtime】:2017-06-02 11:10:26.404;

【项目】:任务后台;
【大分组】:-1989961220;	【小分组】:-287907702;
【日志类型】:普通日志;
【标题】:正在关闭tcp！;
【内容】:;
【createtime】:2017-06-02 11:10:36.411;

【项目】:任务后台;
【大分组】:1240241913;	【小分组】:429602474;
【日志类型】:普通日志;
【标题】:正在打开tcp...;
【内容】:;
【createtime】:2017-06-02 11:10:36.411;

【项目】:任务后台;
【大分组】:2130653117;	【小分组】:1271500265;
【日志类型】:普通日志;
【标题】:打开tcp失败！;
【内容】:;
【createtime】:2017-06-02 11:10:37.413;

【项目】:任务后台;
【大分组】:-1989961220;	【小分组】:1071360170;
【日志类型】:普通日志;
【标题】:正在关闭tcp！;
【内容】:;
【createtime】:2017-06-02 11:10:47.418;

【项目】:任务后台;
【大分组】:1240241913;	【小分组】:-43605808;
【日志类型】:普通日志;
【标题】:正在打开tcp...;
【内容】:;
【createtime】:2017-06-02 11:10:47.418;

【项目】:任务后台;
【大分组】:2130653117;	【小分组】:1352619502;
【日志类型】:普通日志;
【标题】:打开tcp失败！;
【内容】:;
【createtime】:2017-06-02 11:10:48.421;

【项目】:任务后台;
【大分组】:-1989961220;	【小分组】:315138475;
【日志类型】:普通日志;
【标题】:正在关闭tcp！;
【内容】:;
【createtime】:2017-06-02 11:10:58.428;

【项目】:任务后台;
【大分组】:1240241913;	【小分组】:-1459631359;
【日志类型】:普通日志;
【标题】:正在打开tcp...;
【内容】:;
【createtime】:2017-06-02 11:10:58.428;

【项目】:任务后台;
【大分组】:2130653117;	【小分组】:268714245;
【日志类型】:普通日志;
【标题】:打开tcp失败！;
【内容】:;
【createtime】:2017-06-02 11:10:59.430;

【项目】:任务后台;
【大分组】:-1989961220;	【小分组】:-870819330;
【日志类型】:普通日志;
【标题】:正在关闭tcp！;
【内容】:;
【createtime】:2017-06-02 11:11:09.436;

【项目】:任务后台;
【大分组】:1240241913;	【小分组】:-382365515;
【日志类型】:普通日志;
【标题】:正在打开tcp...;
【内容】:;
【createtime】:2017-06-02 11:11:09.436;

【项目】:任务后台;
【大分组】:2130653117;	【小分组】:279492335;
【日志类型】:普通日志;
【标题】:打开tcp失败！;
【内容】:;
【createtime】:2017-06-02 11:11:10.437;

【项目】:任务后台;
【大分组】:-1989961220;	【小分组】:-1310710645;
【日志类型】:普通日志;
【标题】:正在关闭tcp！;
【内容】:;
【createtime】:2017-06-02 11:11:20.443;

【项目】:任务后台;
【大分组】:1240241913;	【小分组】:-1531183313;
【日志类型】:普通日志;
【标题】:正在打开tcp...;
【内容】:;
【createtime】:2017-06-02 11:11:20.443;

【项目】:任务后台;
【大分组】:2130653117;	【小分组】:-1460897640;
【日志类型】:普通日志;
【标题】:打开tcp失败！;
【内容】:;
【createtime】:2017-06-02 11:11:21.443;

【项目】:任务后台;
【大分组】:-1989961220;	【小分组】:-634209441;
【日志类型】:普通日志;
【标题】:正在关闭tcp！;
【内容】:;
【createtime】:2017-06-02 11:11:31.449;

【项目】:任务后台;
【大分组】:1240241913;	【小分组】:-1761948565;
【日志类型】:普通日志;
【标题】:正在打开tcp...;
【内容】:;
【createtime】:2017-06-02 11:11:31.449;

【项目】:任务后台;
【大分组】:2130653117;	【小分组】:-2057636044;
【日志类型】:普通日志;
【标题】:打开tcp失败！;
【内容】:;
【createtime】:2017-06-02 11:11:32.451;

【项目】:任务后台;
【大分组】:-1989961220;	【小分组】:1759805994;
【日志类型】:普通日志;
【标题】:正在关闭tcp！;
【内容】:;
【createtime】:2017-06-02 11:11:42.459;

【项目】:任务后台;
【大分组】:1240241913;	【小分组】:-1870818160;
【日志类型】:普通日志;
【标题】:正在打开tcp...;
【内容】:;
【createtime】:2017-06-02 11:11:42.459;

【项目】:任务后台;
【大分组】:2130653117;	【小分组】:169523953;
【日志类型】:普通日志;
【标题】:打开tcp失败！;
【内容】:;
【createtime】:2017-06-02 11:11:43.462;

【项目】:任务后台;
【大分组】:-1989961220;	【小分组】:418777480;
【日志类型】:普通日志;
【标题】:正在关闭tcp！;
【内容】:;
【createtime】:2017-06-02 11:11:53.469;

【项目】:任务后台;
【大分组】:1240241913;	【小分组】:-1042302886;
【日志类型】:普通日志;
【标题】:正在打开tcp...;
【内容】:;
【createtime】:2017-06-02 11:11:53.469;

【项目】:任务后台;
【大分组】:2130653117;	【小分组】:-492951071;
【日志类型】:普通日志;
【标题】:打开tcp失败！;
【内容】:;
【createtime】:2017-06-02 11:11:54.470;

【项目】:任务后台;
【大分组】:-1989961220;	【小分组】:-1126140543;
【日志类型】:普通日志;
【标题】:正在关闭tcp！;
【内容】:;
【createtime】:2017-06-02 11:12:04.476;

【项目】:任务后台;
【大分组】:1240241913;	【小分组】:538459880;
【日志类型】:普通日志;
【标题】:正在打开tcp...;
【内容】:;
【createtime】:2017-06-02 11:12:04.476;

【项目】:任务后台;
【大分组】:2130653117;	【小分组】:793366667;
【日志类型】:普通日志;
【标题】:打开tcp失败！;
【内容】:;
【createtime】:2017-06-02 11:12:05.479;

【项目】:任务后台;
【大分组】:-1989961220;	【小分组】:-1030234201;
【日志类型】:普通日志;
【标题】:正在关闭tcp！;
【内容】:;
【createtime】:2017-06-02 11:12:15.485;

【项目】:任务后台;
【大分组】:1240241913;	【小分组】:-1094923008;
【日志类型】:普通日志;
【标题】:正在打开tcp...;
【内容】:;
【createtime】:2017-06-02 11:12:15.485;

【项目】:任务后台;
【大分组】:2130653117;	【小分组】:-1424337973;
【日志类型】:普通日志;
【标题】:打开tcp失败！;
【内容】:;
【createtime】:2017-06-02 11:12:16.487;

【项目】:任务后台;
【大分组】:1240241913;	【小分组】:42812428;
【日志类型】:普通日志;
【标题】:正在打开tcp...;
【内容】:;
【createtime】:2017-06-02 11:12:37.103;

【项目】:任务后台;
【大分组】:2130653117;	【小分组】:42812428;
【日志类型】:普通日志;
【标题】:打开tcp失败！;
【内容】:;
【createtime】:2017-06-02 11:12:38.105;

【项目】:任务后台;
【大分组】:-1989961220;	【小分组】:1518089961;
【日志类型】:普通日志;
【标题】:正在关闭tcp！;
【内容】:;
【createtime】:2017-06-02 11:12:38.110;

【项目】:任务后台;
【大分组】:1240241913;	【小分组】:-1882942275;
【日志类型】:普通日志;
【标题】:正在打开tcp...;
【内容】:;
【createtime】:2017-06-02 11:12:38.110;

【项目】:任务后台;
【大分组】:2130653117;	【小分组】:1127769384;
【日志类型】:普通日志;
【标题】:打开tcp失败！;
【内容】:;
【createtime】:2017-06-02 11:12:39.113;

【项目】:任务后台;
【大分组】:-1989961220;	【小分组】:-1058277078;
【日志类型】:普通日志;
【标题】:正在关闭tcp！;
【内容】:;
【createtime】:2017-06-02 11:12:49.115;

【项目】:任务后台;
【大分组】:1240241913;	【小分组】:-406976223;
【日志类型】:普通日志;
【标题】:正在打开tcp...;
【内容】:;
【createtime】:2017-06-02 11:12:49.115;

【项目】:任务后台;
【大分组】:2130653117;	【小分组】:-1694420862;
【日志类型】:普通日志;
【标题】:打开tcp失败！;
【内容】:;
【createtime】:2017-06-02 11:12:50.116;

【项目】:任务后台;
【大分组】:-1989961220;	【小分组】:-1364352450;
【日志类型】:普通日志;
【标题】:正在关闭tcp！;
【内容】:;
【createtime】:2017-06-02 11:13:00.117;

【项目】:任务后台;
【大分组】:1240241913;	【小分组】:-599566161;
【日志类型】:普通日志;
【标题】:正在打开tcp...;
【内容】:;
【createtime】:2017-06-02 11:13:00.117;

【项目】:任务后台;
【大分组】:-1280615985;	【小分组】:-1693717961;
【日志类型】:普通日志;
【标题】:打开tcp成功！;
【内容】:;
【createtime】:2017-06-02 11:13:00.117;

【项目】:任务后台;
【大分组】:1240241913;	【小分组】:30768618;
【日志类型】:普通日志;
【标题】:正在打开tcp...;
【内容】:;
【createtime】:2017-06-02 11:40:37.076;

【项目】:任务后台;
【大分组】:-1280615985;	【小分组】:30768618;
【日志类型】:普通日志;
【标题】:打开tcp成功！;
【内容】:;
【createtime】:2017-06-02 11:40:37.077;

【项目】:任务后台;
【大分组】:1240241913;	【小分组】:40738315;
【日志类型】:普通日志;
【标题】:正在打开tcp...;
【内容】:;
【createtime】:2017-06-02 11:40:58.752;

【项目】:任务后台;
【大分组】:2130653117;	【小分组】:40738315;
【日志类型】:普通日志;
【标题】:打开tcp失败！;
【内容】:;
【createtime】:2017-06-02 11:40:59.755;

【项目】:任务后台;
【大分组】:-1989961220;	【小分组】:-2066758647;
【日志类型】:普通日志;
【标题】:正在关闭tcp！;
【内容】:;
【createtime】:2017-06-02 11:40:59.760;

【项目】:任务后台;
【大分组】:1240241913;	【小分组】:-1072393013;
【日志类型】:普通日志;
【标题】:正在打开tcp...;
【内容】:;
【createtime】:2017-06-02 11:40:59.760;

【项目】:任务后台;
【大分组】:2130653117;	【小分组】:732540932;
【日志类型】:普通日志;
【标题】:打开tcp失败！;
【内容】:;
【createtime】:2017-06-02 11:41:00.767;

【项目】:任务后台;
【大分组】:-1989961220;	【小分组】:579142606;
【日志类型】:普通日志;
【标题】:正在关闭tcp！;
【内容】:;
【createtime】:2017-06-02 11:41:10.768;

【项目】:任务后台;
【大分组】:1240241913;	【小分组】:-1132958153;
【日志类型】:普通日志;
【标题】:正在打开tcp...;
【内容】:;
【createtime】:2017-06-02 11:41:10.768;

【项目】:任务后台;
【大分组】:-1280615985;	【小分组】:-238099964;
【日志类型】:普通日志;
【标题】:打开tcp成功！;
【内容】:;
【createtime】:2017-06-02 11:41:10.768;

【项目】:任务后台;
【大分组】:1240241913;	【小分组】:3926787;
【日志类型】:普通日志;
【标题】:正在打开tcp...;
【内容】:;
【createtime】:2017-06-02 11:42:35.056;

【项目】:任务后台;
【大分组】:2130653117;	【小分组】:3926787;
【日志类型】:普通日志;
【标题】:打开tcp失败！;
【内容】:;
【createtime】:2017-06-02 11:42:36.060;

【项目】:任务后台;
【大分组】:-1989961220;	【小分组】:-474094124;
【日志类型】:普通日志;
【标题】:正在关闭tcp！;
【内容】:;
【createtime】:2017-06-02 11:42:36.066;

【项目】:任务后台;
【大分组】:1240241913;	【小分组】:956152239;
【日志类型】:普通日志;
【标题】:正在打开tcp...;
【内容】:;
【createtime】:2017-06-02 11:42:36.066;

【项目】:任务后台;
【大分组】:2130653117;	【小分组】:992106638;
【日志类型】:普通日志;
【标题】:打开tcp失败！;
【内容】:;
【createtime】:2017-06-02 11:42:37.067;

【项目】:任务后台;
【大分组】:-1989961220;	【小分组】:1789298340;
【日志类型】:普通日志;
【标题】:正在关闭tcp！;
【内容】:;
【createtime】:2017-06-02 11:42:47.068;

【项目】:任务后台;
【大分组】:1240241913;	【小分组】:970731737;
【日志类型】:普通日志;
【标题】:正在打开tcp...;
【内容】:;
【createtime】:2017-06-02 11:42:47.068;

【项目】:任务后台;
【大分组】:-1280615985;	【小分组】:-522734010;
【日志类型】:普通日志;
【标题】:打开tcp成功！;
【内容】:;
【createtime】:2017-06-02 11:42:47.069;

【项目】:任务后台;
【大分组】:-1989961220;	【小分组】:588606198;
【日志类型】:普通日志;
【标题】:正在关闭tcp！;
【内容】:;
【createtime】:2017-06-02 11:43:39.409;

【项目】:任务后台;
【大分组】:1240241913;	【小分组】:-496064217;
【日志类型】:普通日志;
【标题】:正在打开tcp...;
【内容】:;
【createtime】:2017-06-02 11:43:39.409;

【项目】:任务后台;
【大分组】:2130653117;	【小分组】:-1330330047;
【日志类型】:普通日志;
【标题】:打开tcp失败！;
【内容】:;
【createtime】:2017-06-02 11:43:40.409;

【项目】:任务后台;
【大分组】:-1989961220;	【小分组】:1952860801;
【日志类型】:普通日志;
【标题】:正在关闭tcp！;
【内容】:;
【createtime】:2017-06-02 11:43:50.416;

【项目】:任务后台;
【大分组】:1240241913;	【小分组】:-341099411;
【日志类型】:普通日志;
【标题】:正在打开tcp...;
【内容】:;
【createtime】:2017-06-02 11:43:50.416;

【项目】:任务后台;
【大分组】:2130653117;	【小分组】:261347912;
【日志类型】:普通日志;
【标题】:打开tcp失败！;
【内容】:;
【createtime】:2017-06-02 11:43:51.418;

【项目】:任务后台;
【大分组】:-1989961220;	【小分组】:411414636;
【日志类型】:普通日志;
【标题】:正在关闭tcp！;
【内容】:;
【createtime】:2017-06-02 11:44:01.424;

【项目】:任务后台;
【大分组】:1240241913;	【小分组】:1666320140;
【日志类型】:普通日志;
【标题】:正在打开tcp...;
【内容】:;
【createtime】:2017-06-02 11:44:01.424;

【项目】:任务后台;
【大分组】:2130653117;	【小分组】:-486316809;
【日志类型】:普通日志;
【标题】:打开tcp失败！;
【内容】:;
【createtime】:2017-06-02 11:44:02.427;

【项目】:任务后台;
【大分组】:-1989961220;	【小分组】:-1524975246;
【日志类型】:普通日志;
【标题】:正在关闭tcp！;
【内容】:;
【createtime】:2017-06-02 11:44:12.433;

【项目】:任务后台;
【大分组】:1240241913;	【小分组】:-769653714;
【日志类型】:普通日志;
【标题】:正在打开tcp...;
【内容】:;
【createtime】:2017-06-02 11:44:12.433;

【项目】:任务后台;
【大分组】:2130653117;	【小分组】:327861409;
【日志类型】:普通日志;
【标题】:打开tcp失败！;
【内容】:;
【createtime】:2017-06-02 11:44:13.435;

【项目】:任务后台;
【大分组】:-1989961220;	【小分组】:1095096174;
【日志类型】:普通日志;
【标题】:正在关闭tcp！;
【内容】:;
【createtime】:2017-06-02 11:44:23.441;

【项目】:任务后台;
【大分组】:1240241913;	【小分组】:495576473;
【日志类型】:普通日志;
【标题】:正在打开tcp...;
【内容】:;
【createtime】:2017-06-02 11:44:23.441;

【项目】:任务后台;
【大分组】:2130653117;	【小分组】:1584189294;
【日志类型】:普通日志;
【标题】:打开tcp失败！;
【内容】:;
【createtime】:2017-06-02 11:44:24.442;

【项目】:任务后台;
【大分组】:-1989961220;	【小分组】:561433902;
【日志类型】:普通日志;
【标题】:正在关闭tcp！;
【内容】:;
【createtime】:2017-06-02 11:44:34.449;

【项目】:任务后台;
【大分组】:1240241913;	【小分组】:-1204540558;
【日志类型】:普通日志;
【标题】:正在打开tcp...;
【内容】:;
【createtime】:2017-06-02 11:44:34.449;

【项目】:任务后台;
【大分组】:1240241913;	【小分组】:14867369;
【日志类型】:普通日志;
【标题】:正在打开tcp...;
【内容】:;
【createtime】:2017-06-02 11:47:59.820;

【项目】:任务后台;
【大分组】:2130653117;	【小分组】:14867369;
【日志类型】:普通日志;
【标题】:打开tcp失败！;
【内容】:;
【createtime】:2017-06-02 11:48:00.823;

【项目】:任务后台;
【大分组】:-1989961220;	【小分组】:975906504;
【日志类型】:普通日志;
【标题】:正在关闭tcp！;
【内容】:;
【createtime】:2017-06-02 11:48:00.827;

【项目】:任务后台;
【大分组】:1240241913;	【小分组】:-740504535;
【日志类型】:普通日志;
【标题】:正在打开tcp...;
【内容】:;
【createtime】:2017-06-02 11:48:00.827;

【项目】:任务后台;
【大分组】:-1280615985;	【小分组】:1604787770;
【日志类型】:普通日志;
【标题】:打开tcp成功！;
【内容】:;
【createtime】:2017-06-02 11:48:01.830;

【项目】:任务后台;
【大分组】:1240241913;	【小分组】:27598869;
【日志类型】:普通日志;
【标题】:正在打开tcp...;
【内容】:;
【createtime】:2017-06-02 11:49:04.988;

【项目】:任务后台;
【大分组】:-1280615985;	【小分组】:27598869;
【日志类型】:普通日志;
【标题】:打开tcp成功！;
【内容】:;
【createtime】:2017-06-02 11:49:04.990;

【项目】:任务后台;
【大分组】:1240241913;	【小分组】:540121;
【日志类型】:普通日志;
【标题】:正在打开tcp...;
【内容】:;
【createtime】:2017-06-02 11:57:08.196;

【项目】:任务后台;
【大分组】:-1280615985;	【小分组】:540121;
【日志类型】:普通日志;
【标题】:打开tcp成功！;
【内容】:;
【createtime】:2017-06-02 11:57:08.199;

【项目】:任务后台;
【大分组】:-1989961220;	【小分组】:784310542;
【日志类型】:普通日志;
【标题】:正在关闭tcp！;
【内容】:;
【createtime】:2017-06-02 12:01:28.143;

【项目】:任务后台;
【大分组】:1240241913;	【小分组】:-1861647018;
【日志类型】:普通日志;
【标题】:正在打开tcp...;
【内容】:;
【createtime】:2017-06-02 12:01:28.143;

【项目】:任务后台;
【大分组】:2130653117;	【小分组】:-1199438106;
【日志类型】:普通日志;
【标题】:打开tcp失败！;
【内容】:;
【createtime】:2017-06-02 12:01:29.198;

【项目】:任务后台;
【大分组】:-1989961220;	【小分组】:-1329063251;
【日志类型】:普通日志;
【标题】:正在关闭tcp！;
【内容】:;
【createtime】:2017-06-02 12:01:39.235;

【项目】:任务后台;
【大分组】:1240241913;	【小分组】:774114685;
【日志类型】:普通日志;
【标题】:正在打开tcp...;
【内容】:;
【createtime】:2017-06-02 12:01:39.235;

【项目】:任务后台;
【大分组】:2130653117;	【小分组】:820360255;
【日志类型】:普通日志;
【标题】:打开tcp失败！;
【内容】:;
【createtime】:2017-06-02 12:01:40.284;

【项目】:任务后台;
【大分组】:-1989961220;	【小分组】:-906796898;
【日志类型】:普通日志;
【标题】:正在关闭tcp！;
【内容】:;
【createtime】:2017-06-02 12:01:50.316;

【项目】:任务后台;
【大分组】:1240241913;	【小分组】:-2072208375;
【日志类型】:普通日志;
【标题】:正在打开tcp...;
【内容】:;
【createtime】:2017-06-02 12:01:50.316;

【项目】:任务后台;
【大分组】:2130653117;	【小分组】:1697145794;
【日志类型】:普通日志;
【标题】:打开tcp失败！;
【内容】:;
【createtime】:2017-06-02 12:01:51.373;

【项目】:任务后台;
【大分组】:-1989961220;	【小分组】:-39540971;
【日志类型】:普通日志;
【标题】:正在关闭tcp！;
【内容】:;
【createtime】:2017-06-02 12:02:01.392;

【项目】:任务后台;
【大分组】:1240241913;	【小分组】:-1283840132;
【日志类型】:普通日志;
【标题】:正在打开tcp...;
【内容】:;
【createtime】:2017-06-02 12:02:01.392;

【项目】:任务后台;
【大分组】:-1280615985;	【小分组】:1799289303;
【日志类型】:普通日志;
【标题】:打开tcp成功！;
【内容】:;
【createtime】:2017-06-02 12:02:01.892;

【项目】:任务后台;
【大分组】:-1989961220;	【小分组】:-1428329746;
【日志类型】:普通日志;
【标题】:正在关闭tcp！;
【内容】:;
【createtime】:2017-06-02 12:03:33.104;

【项目】:任务后台;
【大分组】:1240241913;	【小分组】:-1970358625;
【日志类型】:普通日志;
【标题】:正在打开tcp...;
【内容】:;
【createtime】:2017-06-02 12:03:33.104;

【项目】:任务后台;
【大分组】:-1280615985;	【小分组】:-592722927;
【日志类型】:普通日志;
【标题】:打开tcp成功！;
【内容】:;
【createtime】:2017-06-02 12:03:33.104;

【项目】:任务后台;
【大分组】:-1989961220;	【小分组】:789504074;
【日志类型】:普通日志;
【标题】:正在关闭tcp！;
【内容】:;
【createtime】:2017-06-02 12:05:49.604;

【项目】:任务后台;
【大分组】:1240241913;	【小分组】:1378067698;
【日志类型】:普通日志;
【标题】:正在打开tcp...;
【内容】:;
【createtime】:2017-06-02 12:05:49.604;

【项目】:任务后台;
【大分组】:-1280615985;	【小分组】:1646412273;
【日志类型】:普通日志;
【标题】:打开tcp成功！;
【内容】:;
【createtime】:2017-06-02 12:05:49.604;

【项目】:任务后台;
【大分组】:-1989961220;	【小分组】:-45725737;
【日志类型】:普通日志;
【标题】:正在关闭tcp！;
【内容】:;
【createtime】:2017-06-02 12:07:23.919;

【项目】:任务后台;
【大分组】:1240241913;	【小分组】:1161865119;
【日志类型】:普通日志;
【标题】:正在打开tcp...;
【内容】:;
【createtime】:2017-06-02 12:07:23.919;

【项目】:任务后台;
【大分组】:-1280615985;	【小分组】:438374563;
【日志类型】:普通日志;
【标题】:打开tcp成功！;
【内容】:;
【createtime】:2017-06-02 12:07:23.919;

【项目】:任务后台;
【大分组】:1240241913;	【小分组】:27598869;
【日志类型】:普通日志;
【标题】:正在打开tcp...;
【内容】:;
【createtime】:2017-06-02 12:12:33.918;

【项目】:任务后台;
【大分组】:-1280615985;	【小分组】:27598869;
【日志类型】:普通日志;
【标题】:打开tcp成功！;
【内容】:;
【createtime】:2017-06-02 12:12:33.920;

【项目】:任务后台;
【大分组】:1240241913;	【小分组】:27598869;
【日志类型】:普通日志;
【标题】:正在打开tcp...;
【内容】:;
【createtime】:2017-06-02 12:20:04.538;

【项目】:任务后台;
【大分组】:2130653117;	【小分组】:27598869;
【日志类型】:普通日志;
【标题】:打开tcp失败！;
【内容】:;
【createtime】:2017-06-02 12:20:05.612;

【项目】:任务后台;
【大分组】:-1989961220;	【小分组】:-891317606;
【日志类型】:普通日志;
【标题】:正在关闭tcp！;
【内容】:;
【createtime】:2017-06-02 12:20:05.653;

【项目】:任务后台;
【大分组】:1240241913;	【小分组】:896066614;
【日志类型】:普通日志;
【标题】:正在打开tcp...;
【内容】:;
【createtime】:2017-06-02 12:20:05.653;

【项目】:任务后台;
【大分组】:-1280615985;	【小分组】:-1113922402;
【日志类型】:普通日志;
【标题】:打开tcp成功！;
【内容】:;
【createtime】:2017-06-02 12:20:06.154;

【项目】:任务后台;
【大分组】:-1989961220;	【小分组】:1813486264;
【日志类型】:普通日志;
【标题】:正在关闭tcp！;
【内容】:;
【createtime】:2017-06-02 12:20:38.324;

【项目】:任务后台;
【大分组】:1240241913;	【小分组】:-470749130;
【日志类型】:普通日志;
【标题】:正在打开tcp...;
【内容】:;
【createtime】:2017-06-02 12:20:38.324;

【项目】:任务后台;
【大分组】:-1280615985;	【小分组】:890474462;
【日志类型】:普通日志;
【标题】:打开tcp成功！;
【内容】:;
【createtime】:2017-06-02 12:20:38.324;

【项目】:任务后台;
【大分组】:-1989961220;	【小分组】:1971839067;
【日志类型】:普通日志;
【标题】:正在关闭tcp！;
【内容】:;
【createtime】:2017-06-02 12:20:44.933;

【项目】:任务后台;
【大分组】:1240241913;	【小分组】:-1703000319;
【日志类型】:普通日志;
【标题】:正在打开tcp...;
【内容】:;
【createtime】:2017-06-02 12:20:44.933;

【项目】:任务后台;
【大分组】:-1280615985;	【小分组】:1531170948;
【日志类型】:普通日志;
【标题】:打开tcp成功！;
【内容】:;
【createtime】:2017-06-02 12:20:44.933;

【项目】:任务后台;
【大分组】:-1989961220;	【小分组】:328375878;
【日志类型】:普通日志;
【标题】:正在关闭tcp！;
【内容】:;
【createtime】:2017-06-02 12:21:05.917;

【项目】:任务后台;
【大分组】:1240241913;	【小分组】:-1258338800;
【日志类型】:普通日志;
【标题】:正在打开tcp...;
【内容】:;
【createtime】:2017-06-02 12:21:05.917;

【项目】:任务后台;
【大分组】:-1280615985;	【小分组】:-692002727;
【日志类型】:普通日志;
【标题】:打开tcp成功！;
【内容】:;
【createtime】:2017-06-02 12:21:05.917;

【项目】:任务后台;
【大分组】:-1989961220;	【小分组】:-2031886128;
【日志类型】:普通日志;
【标题】:正在关闭tcp！;
【内容】:;
【createtime】:2017-06-02 12:21:15.252;

【项目】:任务后台;
【大分组】:1240241913;	【小分组】:-797516365;
【日志类型】:普通日志;
【标题】:正在打开tcp...;
【内容】:;
【createtime】:2017-06-02 12:21:15.252;

【项目】:任务后台;
【大分组】:-1280615985;	【小分组】:-1580974316;
【日志类型】:普通日志;
【标题】:打开tcp成功！;
【内容】:;
【createtime】:2017-06-02 12:21:15.253;

【项目】:任务后台;
【大分组】:-1989961220;	【小分组】:1535212137;
【日志类型】:普通日志;
【标题】:正在关闭tcp！;
【内容】:;
【createtime】:2017-06-02 12:21:58.204;

【项目】:任务后台;
【大分组】:1240241913;	【小分组】:1627888907;
【日志类型】:普通日志;
【标题】:正在打开tcp...;
【内容】:;
【createtime】:2017-06-02 12:21:58.204;

【项目】:任务后台;
【大分组】:-1280615985;	【小分组】:1721199398;
【日志类型】:普通日志;
【标题】:打开tcp成功！;
【内容】:;
【createtime】:2017-06-02 12:21:58.214;

