【项目】:任务后台;
【大分组】:-1921663016;	【小分组】:-845025260;
【日志类型】:错误日志;
【标题】:Notify;
【内容】:Object reference not set to an instance of an object.;
【createtime】:2017-08-10 10:35:02.895;

【项目】:任务后台;
【大分组】:-1921663016;	【小分组】:-1208946029;
【日志类型】:错误日志;
【标题】:Notify;
【内容】:Object reference not set to an instance of an object.;
【createtime】:2017-08-10 10:35:13.970;

【项目】:任务后台;
【大分组】:-1921663016;	【小分组】:836853175;
【日志类型】:错误日志;
【标题】:Notify;
【内容】:Object reference not set to an instance of an object.;
【createtime】:2017-08-10 10:35:25.045;

【项目】:任务后台;
【大分组】:-1921663016;	【小分组】:-203762847;
【日志类型】:错误日志;
【标题】:Notify;
【内容】:Object reference not set to an instance of an object.;
【createtime】:2017-08-10 10:35:36.094;

【项目】:任务后台;
【大分组】:-1921663016;	【小分组】:733347995;
【日志类型】:错误日志;
【标题】:Notify;
【内容】:Object reference not set to an instance of an object.;
【createtime】:2017-08-10 10:35:47.177;

【项目】:任务后台;
【大分组】:-1921663016;	【小分组】:-1325747737;
【日志类型】:错误日志;
【标题】:Notify;
【内容】:Object reference not set to an instance of an object.;
【createtime】:2017-08-10 10:35:58.235;

【项目】:任务后台;
【大分组】:-1921663016;	【小分组】:1850706698;
【日志类型】:错误日志;
【标题】:Notify;
【内容】:Object reference not set to an instance of an object.;
【createtime】:2017-08-10 10:36:09.331;

【项目】:任务后台;
【大分组】:-1921663016;	【小分组】:-2020423994;
【日志类型】:错误日志;
【标题】:Notify;
【内容】:Object reference not set to an instance of an object.;
【createtime】:2017-08-10 10:36:20.433;

【项目】:任务后台;
【大分组】:-1921663016;	【小分组】:-1338584949;
【日志类型】:错误日志;
【标题】:Notify;
【内容】:Object reference not set to an instance of an object.;
【createtime】:2017-08-10 10:46:10.992;

【项目】:任务后台;
【大分组】:-1921663016;	【小分组】:-1005784049;
【日志类型】:错误日志;
【标题】:Notify;
【内容】:Object reference not set to an instance of an object.;
【createtime】:2017-08-10 10:46:22.049;

【项目】:任务后台;
【大分组】:-1921663016;	【小分组】:-765333842;
【日志类型】:错误日志;
【标题】:Notify;
【内容】:Object reference not set to an instance of an object.;
【createtime】:2017-08-10 11:12:43.325;

【项目】:任务后台;
【大分组】:-1921663016;	【小分组】:1410426651;
【日志类型】:错误日志;
【标题】:Notify;
【内容】:Object reference not set to an instance of an object.;
【createtime】:2017-08-10 11:12:54.356;

【项目】:任务后台;
【大分组】:-1921663016;	【小分组】:868642218;
【日志类型】:错误日志;
【标题】:Notify;
【内容】:Object reference not set to an instance of an object.;
【createtime】:2017-08-10 11:33:04.193;

【项目】:任务后台;
【大分组】:-1921663016;	【小分组】:-839122303;
【日志类型】:错误日志;
【标题】:Notify;
【内容】:Object reference not set to an instance of an object.;
【createtime】:2017-08-10 11:33:15.248;

