【项目】:任务后台;
【大分组】:-1921663016;	【小分组】:-534792829;
【日志类型】:错误日志;
【标题】:Notify;
【内容】:Object reference not set to an instance of an object.;
【createtime】:2017-09-18 10:12:06.202;

【项目】:任务后台;
【大分组】:-1921663016;	【小分组】:1592008622;
【日志类型】:错误日志;
【标题】:Notify;
【内容】:Object reference not set to an instance of an object.;
【createtime】:2017-09-18 10:12:17.270;

【项目】:任务后台;
【大分组】:-1921663016;	【小分组】:-1295502329;
【日志类型】:错误日志;
【标题】:Notify;
【内容】:Object reference not set to an instance of an object.;
【createtime】:2017-09-18 10:12:28.351;

【项目】:任务后台;
【大分组】:-1921663016;	【小分组】:-1696347106;
【日志类型】:错误日志;
【标题】:Notify;
【内容】:Object reference not set to an instance of an object.;
【createtime】:2017-09-18 10:12:39.431;

【项目】:任务后台;
【大分组】:-1921663016;	【小分组】:113337346;
【日志类型】:错误日志;
【标题】:Notify;
【内容】:Object reference not set to an instance of an object.;
【createtime】:2017-09-18 10:12:50.555;

【项目】:任务后台;
【大分组】:-1921663016;	【小分组】:332946325;
【日志类型】:错误日志;
【标题】:Notify;
【内容】:Object reference not set to an instance of an object.;
【createtime】:2017-09-18 10:13:01.620;

【项目】:任务后台;
【大分组】:-1921663016;	【小分组】:646805170;
【日志类型】:错误日志;
【标题】:Notify;
【内容】:Object reference not set to an instance of an object.;
【createtime】:2017-09-18 10:13:12.659;

【项目】:任务后台;
【大分组】:-1921663016;	【小分组】:-904375825;
【日志类型】:错误日志;
【标题】:Notify;
【内容】:Object reference not set to an instance of an object.;
【createtime】:2017-09-18 10:13:23.728;

【项目】:任务后台;
【大分组】:-1921663016;	【小分组】:1178396927;
【日志类型】:错误日志;
【标题】:Notify;
【内容】:Object reference not set to an instance of an object.;
【createtime】:2017-09-18 10:13:34.819;

【项目】:任务后台;
【大分组】:-1921663016;	【小分组】:1564546370;
【日志类型】:错误日志;
【标题】:Notify;
【内容】:Object reference not set to an instance of an object.;
【createtime】:2017-09-18 10:13:45.866;

【项目】:任务后台;
【大分组】:-1921663016;	【小分组】:-321568721;
【日志类型】:错误日志;
【标题】:Notify;
【内容】:Object reference not set to an instance of an object.;
【createtime】:2017-09-18 10:13:56.939;

【项目】:任务后台;
【大分组】:-1921663016;	【小分组】:1000230769;
【日志类型】:错误日志;
【标题】:Notify;
【内容】:Object reference not set to an instance of an object.;
【createtime】:2017-09-18 10:14:07.999;

【项目】:任务后台;
【大分组】:-1921663016;	【小分组】:929849737;
【日志类型】:错误日志;
【标题】:Notify;
【内容】:Object reference not set to an instance of an object.;
【createtime】:2017-09-18 10:14:19.106;

【项目】:任务后台;
【大分组】:-1921663016;	【小分组】:-1588101205;
【日志类型】:错误日志;
【标题】:Notify;
【内容】:Object reference not set to an instance of an object.;
【createtime】:2017-09-18 10:14:30.151;

【项目】:任务后台;
【大分组】:-1921663016;	【小分组】:1362941407;
【日志类型】:错误日志;
【标题】:Notify;
【内容】:Object reference not set to an instance of an object.;
【createtime】:2017-09-18 10:14:41.223;

【项目】:任务后台;
【大分组】:-1921663016;	【小分组】:645337103;
【日志类型】:错误日志;
【标题】:Notify;
【内容】:Object reference not set to an instance of an object.;
【createtime】:2017-09-18 10:14:52.304;

【项目】:任务后台;
【大分组】:-1921663016;	【小分组】:1056974340;
【日志类型】:错误日志;
【标题】:Notify;
【内容】:Object reference not set to an instance of an object.;
【createtime】:2017-09-18 10:15:08.639;

【项目】:任务后台;
【大分组】:-1921663016;	【小分组】:-1406283056;
【日志类型】:错误日志;
【标题】:Notify;
【内容】:Object reference not set to an instance of an object.;
【createtime】:2017-09-18 10:15:25.800;

【项目】:任务后台;
【大分组】:-1921663016;	【小分组】:1271895463;
【日志类型】:错误日志;
【标题】:Notify;
【内容】:Object reference not set to an instance of an object.;
【createtime】:2017-09-18 10:15:37.655;

【项目】:任务后台;
【大分组】:-1921663016;	【小分组】:-1466905597;
【日志类型】:错误日志;
【标题】:Notify;
【内容】:Object reference not set to an instance of an object.;
【createtime】:2017-09-18 11:04:31.989;

【项目】:任务后台;
【大分组】:-1921663016;	【小分组】:-1644703228;
【日志类型】:错误日志;
【标题】:Notify;
【内容】:Object reference not set to an instance of an object.;
【createtime】:2017-09-18 11:04:43.036;

【项目】:任务后台;
【大分组】:-1921663016;	【小分组】:-320346591;
【日志类型】:错误日志;
【标题】:Notify;
【内容】:Object reference not set to an instance of an object.;
【createtime】:2017-09-18 11:04:54.072;

【项目】:任务后台;
【大分组】:-1921663016;	【小分组】:-108364417;
【日志类型】:错误日志;
【标题】:Notify;
【内容】:Object reference not set to an instance of an object.;
【createtime】:2017-09-18 11:05:05.167;

【项目】:任务后台;
【大分组】:-1921663016;	【小分组】:-1389710505;
【日志类型】:错误日志;
【标题】:Notify;
【内容】:Object reference not set to an instance of an object.;
【createtime】:2017-09-18 11:05:16.276;

【项目】:任务后台;
【大分组】:-1921663016;	【小分组】:-1405542740;
【日志类型】:错误日志;
【标题】:Notify;
【内容】:Object reference not set to an instance of an object.;
【createtime】:2017-09-18 11:05:27.368;

【项目】:任务后台;
【大分组】:-1921663016;	【小分组】:-593300891;
【日志类型】:错误日志;
【标题】:Notify;
【内容】:Object reference not set to an instance of an object.;
【createtime】:2017-09-18 11:05:38.441;

【项目】:任务后台;
【大分组】:-1921663016;	【小分组】:1894281224;
【日志类型】:错误日志;
【标题】:Notify;
【内容】:Object reference not set to an instance of an object.;
【createtime】:2017-09-18 11:05:49.535;

【项目】:任务后台;
【大分组】:-1921663016;	【小分组】:-735309103;
【日志类型】:错误日志;
【标题】:Notify;
【内容】:Object reference not set to an instance of an object.;
【createtime】:2017-09-18 11:06:00.610;

【项目】:任务后台;
【大分组】:-1921663016;	【小分组】:-1807782913;
【日志类型】:错误日志;
【标题】:Notify;
【内容】:Object reference not set to an instance of an object.;
【createtime】:2017-09-18 11:06:11.692;

【项目】:任务后台;
【大分组】:-1921663016;	【小分组】:-1931181928;
【日志类型】:错误日志;
【标题】:Notify;
【内容】:Object reference not set to an instance of an object.;
【createtime】:2017-09-18 11:06:22.775;

【项目】:任务后台;
【大分组】:-1921663016;	【小分组】:1406211832;
【日志类型】:错误日志;
【标题】:Notify;
【内容】:Object reference not set to an instance of an object.;
【createtime】:2017-09-18 11:06:33.867;

【项目】:任务后台;
【大分组】:-1921663016;	【小分组】:-2113672145;
【日志类型】:错误日志;
【标题】:Notify;
【内容】:Object reference not set to an instance of an object.;
【createtime】:2017-09-18 11:06:44.925;

【项目】:任务后台;
【大分组】:-1921663016;	【小分组】:-1692651637;
【日志类型】:错误日志;
【标题】:Notify;
【内容】:Object reference not set to an instance of an object.;
【createtime】:2017-09-18 11:06:55.971;

【项目】:任务后台;
【大分组】:-1921663016;	【小分组】:672929786;
【日志类型】:错误日志;
【标题】:Notify;
【内容】:Object reference not set to an instance of an object.;
【createtime】:2017-09-18 11:07:07.028;

【项目】:任务后台;
【大分组】:-1921663016;	【小分组】:-1526296834;
【日志类型】:错误日志;
【标题】:Notify;
【内容】:Object reference not set to an instance of an object.;
【createtime】:2017-09-18 11:07:18.122;

【项目】:任务后台;
【大分组】:-1921663016;	【小分组】:1891510536;
【日志类型】:错误日志;
【标题】:Notify;
【内容】:Object reference not set to an instance of an object.;
【createtime】:2017-09-18 11:07:29.223;

【项目】:任务后台;
【大分组】:-1921663016;	【小分组】:-475068619;
【日志类型】:错误日志;
【标题】:Notify;
【内容】:Object reference not set to an instance of an object.;
【createtime】:2017-09-18 11:07:40.324;

【项目】:任务后台;
【大分组】:-1921663016;	【小分组】:-1913636655;
【日志类型】:错误日志;
【标题】:Notify;
【内容】:Object reference not set to an instance of an object.;
【createtime】:2017-09-18 11:07:51.413;

【项目】:任务后台;
【大分组】:-1921663016;	【小分组】:666819574;
【日志类型】:错误日志;
【标题】:Notify;
【内容】:Object reference not set to an instance of an object.;
【createtime】:2017-09-18 11:08:02.493;

【项目】:任务后台;
【大分组】:-1921663016;	【小分组】:1494857457;
【日志类型】:错误日志;
【标题】:Notify;
【内容】:Object reference not set to an instance of an object.;
【createtime】:2017-09-18 11:08:13.545;

【项目】:任务后台;
【大分组】:-1921663016;	【小分组】:-2136373545;
【日志类型】:错误日志;
【标题】:Notify;
【内容】:Object reference not set to an instance of an object.;
【createtime】:2017-09-18 11:08:24.633;

【项目】:任务后台;
【大分组】:-1921663016;	【小分组】:1625587354;
【日志类型】:错误日志;
【标题】:Notify;
【内容】:Object reference not set to an instance of an object.;
【createtime】:2017-09-18 11:08:35.724;

【项目】:任务后台;
【大分组】:-1921663016;	【小分组】:1846799827;
【日志类型】:错误日志;
【标题】:Notify;
【内容】:Object reference not set to an instance of an object.;
【createtime】:2017-09-18 11:08:46.809;

【项目】:任务后台;
【大分组】:-1921663016;	【小分组】:-1033427103;
【日志类型】:错误日志;
【标题】:Notify;
【内容】:Object reference not set to an instance of an object.;
【createtime】:2017-09-18 11:08:57.838;

【项目】:任务后台;
【大分组】:-1921663016;	【小分组】:-1627928856;
【日志类型】:错误日志;
【标题】:Notify;
【内容】:Object reference not set to an instance of an object.;
【createtime】:2017-09-18 11:09:08.927;

【项目】:任务后台;
【大分组】:-1921663016;	【小分组】:361412851;
【日志类型】:错误日志;
【标题】:Notify;
【内容】:Object reference not set to an instance of an object.;
【createtime】:2017-09-18 11:09:20.010;

【项目】:任务后台;
【大分组】:-1921663016;	【小分组】:-282992944;
【日志类型】:错误日志;
【标题】:Notify;
【内容】:Object reference not set to an instance of an object.;
【createtime】:2017-09-18 11:09:31.126;

【项目】:任务后台;
【大分组】:-1921663016;	【小分组】:997421501;
【日志类型】:错误日志;
【标题】:Notify;
【内容】:Object reference not set to an instance of an object.;
【createtime】:2017-09-18 11:09:42.216;

【项目】:任务后台;
【大分组】:-1921663016;	【小分组】:1758654376;
【日志类型】:错误日志;
【标题】:Notify;
【内容】:Object reference not set to an instance of an object.;
【createtime】:2017-09-18 11:10:00.765;

【项目】:任务后台;
【大分组】:-1921663016;	【小分组】:207465144;
【日志类型】:错误日志;
【标题】:Notify;
【内容】:Object reference not set to an instance of an object.;
【createtime】:2017-09-18 11:10:11.817;

【项目】:任务后台;
【大分组】:-1921663016;	【小分组】:-1599077104;
【日志类型】:错误日志;
【标题】:Notify;
【内容】:Object reference not set to an instance of an object.;
【createtime】:2017-09-18 11:10:22.927;

【项目】:任务后台;
【大分组】:-1921663016;	【小分组】:2122510415;
【日志类型】:错误日志;
【标题】:Notify;
【内容】:Object reference not set to an instance of an object.;
【createtime】:2017-09-18 11:10:33.999;

【项目】:任务后台;
【大分组】:-1921663016;	【小分组】:-1249000255;
【日志类型】:错误日志;
【标题】:Notify;
【内容】:Object reference not set to an instance of an object.;
【createtime】:2017-09-18 11:10:45.090;

【项目】:任务后台;
【大分组】:-1921663016;	【小分组】:-1785040865;
【日志类型】:错误日志;
【标题】:Notify;
【内容】:Object reference not set to an instance of an object.;
【createtime】:2017-09-18 11:10:56.137;

【项目】:任务后台;
【大分组】:-1921663016;	【小分组】:758178970;
【日志类型】:错误日志;
【标题】:Notify;
【内容】:Object reference not set to an instance of an object.;
【createtime】:2017-09-18 11:11:07.233;

【项目】:任务后台;
【大分组】:-1921663016;	【小分组】:-608097280;
【日志类型】:错误日志;
【标题】:Notify;
【内容】:Object reference not set to an instance of an object.;
【createtime】:2017-09-18 11:11:18.346;

【项目】:任务后台;
【大分组】:-1921663016;	【小分组】:606810594;
【日志类型】:错误日志;
【标题】:Notify;
【内容】:Object reference not set to an instance of an object.;
【createtime】:2017-09-18 11:11:29.444;

【项目】:任务后台;
【大分组】:-1921663016;	【小分组】:-1561323480;
【日志类型】:错误日志;
【标题】:Notify;
【内容】:Object reference not set to an instance of an object.;
【createtime】:2017-09-18 11:11:40.555;

【项目】:任务后台;
【大分组】:-1921663016;	【小分组】:360692959;
【日志类型】:错误日志;
【标题】:Notify;
【内容】:Object reference not set to an instance of an object.;
【createtime】:2017-09-18 11:11:51.635;

【项目】:任务后台;
【大分组】:-1921663016;	【小分组】:650354821;
【日志类型】:错误日志;
【标题】:Notify;
【内容】:Object reference not set to an instance of an object.;
【createtime】:2017-09-18 11:12:02.734;

【项目】:任务后台;
【大分组】:-1921663016;	【小分组】:-622284025;
【日志类型】:错误日志;
【标题】:Notify;
【内容】:Object reference not set to an instance of an object.;
【createtime】:2017-09-18 11:12:17.686;

【项目】:任务后台;
【大分组】:-1921663016;	【小分组】:-1973581829;
【日志类型】:错误日志;
【标题】:Notify;
【内容】:Object reference not set to an instance of an object.;
【createtime】:2017-09-18 11:12:28.755;

【项目】:任务后台;
【大分组】:-1921663016;	【小分组】:925725029;
【日志类型】:错误日志;
【标题】:Notify;
【内容】:Object reference not set to an instance of an object.;
【createtime】:2017-09-18 11:12:39.825;

【项目】:任务后台;
【大分组】:-1921663016;	【小分组】:-1897219428;
【日志类型】:错误日志;
【标题】:Notify;
【内容】:Object reference not set to an instance of an object.;
【createtime】:2017-09-18 11:12:50.895;

【项目】:任务后台;
【大分组】:-1921663016;	【小分组】:117869714;
【日志类型】:错误日志;
【标题】:Notify;
【内容】:Object reference not set to an instance of an object.;
【createtime】:2017-09-18 11:13:01.992;

【项目】:任务后台;
【大分组】:-1921663016;	【小分组】:1713582906;
【日志类型】:错误日志;
【标题】:Notify;
【内容】:Object reference not set to an instance of an object.;
【createtime】:2017-09-18 11:13:13.033;

【项目】:任务后台;
【大分组】:-1921663016;	【小分组】:1049900710;
【日志类型】:错误日志;
【标题】:Notify;
【内容】:Object reference not set to an instance of an object.;
【createtime】:2017-09-18 11:13:24.079;

【项目】:任务后台;
【大分组】:-1921663016;	【小分组】:-1282607534;
【日志类型】:错误日志;
【标题】:Notify;
【内容】:Object reference not set to an instance of an object.;
【createtime】:2017-09-18 11:13:35.133;

【项目】:任务后台;
【大分组】:-1921663016;	【小分组】:-1057217123;
【日志类型】:错误日志;
【标题】:Notify;
【内容】:Object reference not set to an instance of an object.;
【createtime】:2017-09-18 11:13:46.203;

【项目】:任务后台;
【大分组】:-1921663016;	【小分组】:1251006841;
【日志类型】:错误日志;
【标题】:Notify;
【内容】:Object reference not set to an instance of an object.;
【createtime】:2017-09-18 11:13:57.315;

【项目】:任务后台;
【大分组】:-1921663016;	【小分组】:-904787152;
【日志类型】:错误日志;
【标题】:Notify;
【内容】:Object reference not set to an instance of an object.;
【createtime】:2017-09-18 11:14:08.393;

【项目】:任务后台;
【大分组】:-1921663016;	【小分组】:-1647665140;
【日志类型】:错误日志;
【标题】:Notify;
【内容】:Object reference not set to an instance of an object.;
【createtime】:2017-09-18 11:14:19.496;

【项目】:任务后台;
【大分组】:-1921663016;	【小分组】:-1261396385;
【日志类型】:错误日志;
【标题】:Notify;
【内容】:Object reference not set to an instance of an object.;
【createtime】:2017-09-18 11:14:30.547;

【项目】:任务后台;
【大分组】:-1921663016;	【小分组】:-175579482;
【日志类型】:错误日志;
【标题】:Notify;
【内容】:Object reference not set to an instance of an object.;
【createtime】:2017-09-18 11:14:41.616;

【项目】:任务后台;
【大分组】:-1921663016;	【小分组】:-1112700221;
【日志类型】:错误日志;
【标题】:Notify;
【内容】:Object reference not set to an instance of an object.;
【createtime】:2017-09-18 11:14:52.707;

【项目】:任务后台;
【大分组】:-1921663016;	【小分组】:-1199021288;
【日志类型】:错误日志;
【标题】:Notify;
【内容】:Object reference not set to an instance of an object.;
【createtime】:2017-09-18 11:15:03.794;

【项目】:任务后台;
【大分组】:-1921663016;	【小分组】:758870169;
【日志类型】:错误日志;
【标题】:Notify;
【内容】:Object reference not set to an instance of an object.;
【createtime】:2017-09-18 11:15:14.868;

【项目】:任务后台;
【大分组】:-1921663016;	【小分组】:-1595650372;
【日志类型】:错误日志;
【标题】:Notify;
【内容】:Object reference not set to an instance of an object.;
【createtime】:2017-09-18 11:15:25.973;

【项目】:任务后台;
【大分组】:-1921663016;	【小分组】:1859225381;
【日志类型】:错误日志;
【标题】:Notify;
【内容】:Object reference not set to an instance of an object.;
【createtime】:2017-09-18 11:15:37.019;

【项目】:任务后台;
【大分组】:-1921663016;	【小分组】:552453508;
【日志类型】:错误日志;
【标题】:Notify;
【内容】:Object reference not set to an instance of an object.;
【createtime】:2017-09-18 11:15:48.113;

【项目】:任务后台;
【大分组】:-1921663016;	【小分组】:-1446907236;
【日志类型】:错误日志;
【标题】:Notify;
【内容】:Object reference not set to an instance of an object.;
【createtime】:2017-09-18 11:15:59.207;

【项目】:任务后台;
【大分组】:-1921663016;	【小分组】:1088942738;
【日志类型】:错误日志;
【标题】:Notify;
【内容】:Object reference not set to an instance of an object.;
【createtime】:2017-09-18 11:16:10.266;

【项目】:任务后台;
【大分组】:-1921663016;	【小分组】:153766106;
【日志类型】:错误日志;
【标题】:Notify;
【内容】:Object reference not set to an instance of an object.;
【createtime】:2017-09-18 11:16:21.371;

【项目】:任务后台;
【大分组】:-1921663016;	【小分组】:1008658891;
【日志类型】:错误日志;
【标题】:Notify;
【内容】:Object reference not set to an instance of an object.;
【createtime】:2017-09-18 11:16:32.452;

【项目】:任务后台;
【大分组】:-1921663016;	【小分组】:858416378;
【日志类型】:错误日志;
【标题】:Notify;
【内容】:Object reference not set to an instance of an object.;
【createtime】:2017-09-18 11:16:43.523;

【项目】:任务后台;
【大分组】:-1921663016;	【小分组】:643911242;
【日志类型】:错误日志;
【标题】:Notify;
【内容】:Object reference not set to an instance of an object.;
【createtime】:2017-09-18 11:16:54.616;

【项目】:任务后台;
【大分组】:-1921663016;	【小分组】:1795131195;
【日志类型】:错误日志;
【标题】:Notify;
【内容】:Object reference not set to an instance of an object.;
【createtime】:2017-09-18 11:17:05.707;

【项目】:任务后台;
【大分组】:-1921663016;	【小分组】:-635198801;
【日志类型】:错误日志;
【标题】:Notify;
【内容】:Object reference not set to an instance of an object.;
【createtime】:2017-09-18 11:17:16.804;

【项目】:任务后台;
【大分组】:-1921663016;	【小分组】:1447077047;
【日志类型】:错误日志;
【标题】:Notify;
【内容】:Object reference not set to an instance of an object.;
【createtime】:2017-09-18 11:17:27.879;

【项目】:任务后台;
【大分组】:-1921663016;	【小分组】:744899127;
【日志类型】:错误日志;
【标题】:Notify;
【内容】:Object reference not set to an instance of an object.;
【createtime】:2017-09-18 11:17:38.975;

【项目】:任务后台;
【大分组】:-1921663016;	【小分组】:1674142885;
【日志类型】:错误日志;
【标题】:Notify;
【内容】:Object reference not set to an instance of an object.;
【createtime】:2017-09-18 11:17:50.070;

【项目】:任务后台;
【大分组】:-1921663016;	【小分组】:629613747;
【日志类型】:错误日志;
【标题】:Notify;
【内容】:Object reference not set to an instance of an object.;
【createtime】:2017-09-18 11:18:01.139;

【项目】:任务后台;
【大分组】:-1921663016;	【小分组】:1308082725;
【日志类型】:错误日志;
【标题】:Notify;
【内容】:Object reference not set to an instance of an object.;
【createtime】:2017-09-18 11:18:12.225;

【项目】:任务后台;
【大分组】:-1921663016;	【小分组】:156537187;
【日志类型】:错误日志;
【标题】:Notify;
【内容】:Object reference not set to an instance of an object.;
【createtime】:2017-09-18 11:18:23.316;

【项目】:任务后台;
【大分组】:-1921663016;	【小分组】:1466571712;
【日志类型】:错误日志;
【标题】:Notify;
【内容】:Object reference not set to an instance of an object.;
【createtime】:2017-09-18 11:18:34.419;

【项目】:任务后台;
【大分组】:-1921663016;	【小分组】:-188843961;
【日志类型】:错误日志;
【标题】:Notify;
【内容】:Object reference not set to an instance of an object.;
【createtime】:2017-09-18 11:18:45.514;

【项目】:任务后台;
【大分组】:-1921663016;	【小分组】:-428550091;
【日志类型】:错误日志;
【标题】:Notify;
【内容】:Object reference not set to an instance of an object.;
【createtime】:2017-09-18 11:18:56.618;

【项目】:任务后台;
【大分组】:-1921663016;	【小分组】:668776158;
【日志类型】:错误日志;
【标题】:Notify;
【内容】:Object reference not set to an instance of an object.;
【createtime】:2017-09-18 11:19:07.712;

【项目】:任务后台;
【大分组】:-1921663016;	【小分组】:-979941669;
【日志类型】:错误日志;
【标题】:Notify;
【内容】:Object reference not set to an instance of an object.;
【createtime】:2017-09-18 11:19:18.801;

【项目】:任务后台;
【大分组】:-1921663016;	【小分组】:-568894543;
【日志类型】:错误日志;
【标题】:Notify;
【内容】:Object reference not set to an instance of an object.;
【createtime】:2017-09-18 11:19:29.894;

【项目】:任务后台;
【大分组】:-1921663016;	【小分组】:602370149;
【日志类型】:错误日志;
【标题】:Notify;
【内容】:Object reference not set to an instance of an object.;
【createtime】:2017-09-18 11:19:40.992;

【项目】:任务后台;
【大分组】:-1921663016;	【小分组】:-1904650785;
【日志类型】:错误日志;
【标题】:Notify;
【内容】:Object reference not set to an instance of an object.;
【createtime】:2017-09-18 11:19:52.086;

【项目】:任务后台;
【大分组】:-1921663016;	【小分组】:1133271403;
【日志类型】:错误日志;
【标题】:Notify;
【内容】:Object reference not set to an instance of an object.;
【createtime】:2017-09-18 11:20:03.153;

【项目】:任务后台;
【大分组】:-1921663016;	【小分组】:-370106073;
【日志类型】:错误日志;
【标题】:Notify;
【内容】:Object reference not set to an instance of an object.;
【createtime】:2017-09-18 11:20:14.217;

【项目】:任务后台;
【大分组】:-1921663016;	【小分组】:-459099357;
【日志类型】:错误日志;
【标题】:Notify;
【内容】:Object reference not set to an instance of an object.;
【createtime】:2017-09-18 11:20:25.319;

【项目】:任务后台;
【大分组】:-1921663016;	【小分组】:886549494;
【日志类型】:错误日志;
【标题】:Notify;
【内容】:Object reference not set to an instance of an object.;
【createtime】:2017-09-18 11:20:36.409;

【项目】:任务后台;
【大分组】:-1921663016;	【小分组】:1583488342;
【日志类型】:错误日志;
【标题】:Notify;
【内容】:Object reference not set to an instance of an object.;
【createtime】:2017-09-18 11:20:47.479;

【项目】:任务后台;
【大分组】:-1921663016;	【小分组】:-1831588899;
【日志类型】:错误日志;
【标题】:Notify;
【内容】:Object reference not set to an instance of an object.;
【createtime】:2017-09-18 11:20:58.562;

【项目】:任务后台;
【大分组】:-1921663016;	【小分组】:25491927;
【日志类型】:错误日志;
【标题】:Notify;
【内容】:Object reference not set to an instance of an object.;
【createtime】:2017-09-18 11:21:09.648;

【项目】:任务后台;
【大分组】:-1921663016;	【小分组】:871450208;
【日志类型】:错误日志;
【标题】:Notify;
【内容】:Object reference not set to an instance of an object.;
【createtime】:2017-09-18 11:21:20.729;

【项目】:任务后台;
【大分组】:-1921663016;	【小分组】:-2098543267;
【日志类型】:错误日志;
【标题】:Notify;
【内容】:Object reference not set to an instance of an object.;
【createtime】:2017-09-18 11:21:31.833;

【项目】:任务后台;
【大分组】:-1921663016;	【小分组】:1345544030;
【日志类型】:错误日志;
【标题】:Notify;
【内容】:Object reference not set to an instance of an object.;
【createtime】:2017-09-18 11:21:42.914;

【项目】:任务后台;
【大分组】:-1921663016;	【小分组】:762033007;
【日志类型】:错误日志;
【标题】:Notify;
【内容】:Object reference not set to an instance of an object.;
【createtime】:2017-09-18 11:21:53.994;

【项目】:任务后台;
【大分组】:-1921663016;	【小分组】:-1776741241;
【日志类型】:错误日志;
【标题】:Notify;
【内容】:Object reference not set to an instance of an object.;
【createtime】:2017-09-18 11:22:05.065;

【项目】:任务后台;
【大分组】:-1921663016;	【小分组】:214331239;
【日志类型】:错误日志;
【标题】:Notify;
【内容】:Object reference not set to an instance of an object.;
【createtime】:2017-09-18 11:22:16.162;

【项目】:任务后台;
【大分组】:-1921663016;	【小分组】:508494250;
【日志类型】:错误日志;
【标题】:Notify;
【内容】:Object reference not set to an instance of an object.;
【createtime】:2017-09-18 11:22:27.222;

【项目】:任务后台;
【大分组】:-1921663016;	【小分组】:2020348655;
【日志类型】:错误日志;
【标题】:Notify;
【内容】:Object reference not set to an instance of an object.;
【createtime】:2017-09-18 11:22:38.321;

【项目】:任务后台;
【大分组】:-1921663016;	【小分组】:-796710588;
【日志类型】:错误日志;
【标题】:Notify;
【内容】:Object reference not set to an instance of an object.;
【createtime】:2017-09-18 11:22:49.418;

【项目】:任务后台;
【大分组】:-1921663016;	【小分组】:866590499;
【日志类型】:错误日志;
【标题】:Notify;
【内容】:Object reference not set to an instance of an object.;
【createtime】:2017-09-18 11:23:00.503;

【项目】:任务后台;
【大分组】:-1921663016;	【小分组】:-1917860263;
【日志类型】:错误日志;
【标题】:Notify;
【内容】:Object reference not set to an instance of an object.;
【createtime】:2017-09-18 11:23:11.561;

【项目】:任务后台;
【大分组】:-1921663016;	【小分组】:-908561581;
【日志类型】:错误日志;
【标题】:Notify;
【内容】:Object reference not set to an instance of an object.;
【createtime】:2017-09-18 11:23:22.640;

【项目】:任务后台;
【大分组】:-1921663016;	【小分组】:1170295878;
【日志类型】:错误日志;
【标题】:Notify;
【内容】:Object reference not set to an instance of an object.;
【createtime】:2017-09-18 11:23:33.726;

【项目】:任务后台;
【大分组】:-1921663016;	【小分组】:-250331592;
【日志类型】:错误日志;
【标题】:Notify;
【内容】:Object reference not set to an instance of an object.;
【createtime】:2017-09-18 11:23:44.766;

【项目】:任务后台;
【大分组】:-1921663016;	【小分组】:694052653;
【日志类型】:错误日志;
【标题】:Notify;
【内容】:Object reference not set to an instance of an object.;
【createtime】:2017-09-18 11:23:55.844;

【项目】:任务后台;
【大分组】:-1921663016;	【小分组】:1833489645;
【日志类型】:错误日志;
【标题】:Notify;
【内容】:Object reference not set to an instance of an object.;
【createtime】:2017-09-18 11:24:06.939;

【项目】:任务后台;
【大分组】:-1921663016;	【小分组】:303865504;
【日志类型】:错误日志;
【标题】:Notify;
【内容】:Object reference not set to an instance of an object.;
【createtime】:2017-09-18 11:24:18.030;

【项目】:任务后台;
【大分组】:-1921663016;	【小分组】:1523077069;
【日志类型】:错误日志;
【标题】:Notify;
【内容】:Object reference not set to an instance of an object.;
【createtime】:2017-09-18 11:24:29.128;

【项目】:任务后台;
【大分组】:-1921663016;	【小分组】:152400606;
【日志类型】:错误日志;
【标题】:Notify;
【内容】:Object reference not set to an instance of an object.;
【createtime】:2017-09-18 11:24:40.188;

【项目】:任务后台;
【大分组】:-1921663016;	【小分组】:-1036856520;
【日志类型】:错误日志;
【标题】:Notify;
【内容】:Object reference not set to an instance of an object.;
【createtime】:2017-09-18 11:24:51.247;

【项目】:任务后台;
【大分组】:-1921663016;	【小分组】:1550586451;
【日志类型】:错误日志;
【标题】:Notify;
【内容】:Object reference not set to an instance of an object.;
【createtime】:2017-09-18 11:25:02.361;

【项目】:任务后台;
【大分组】:-1921663016;	【小分组】:-298841858;
【日志类型】:错误日志;
【标题】:Notify;
【内容】:Object reference not set to an instance of an object.;
【createtime】:2017-09-18 11:25:13.469;

【项目】:任务后台;
【大分组】:-1921663016;	【小分组】:-1015167034;
【日志类型】:错误日志;
【标题】:Notify;
【内容】:Object reference not set to an instance of an object.;
【createtime】:2017-09-18 11:25:24.568;

【项目】:任务后台;
【大分组】:-1921663016;	【小分组】:1388423887;
【日志类型】:错误日志;
【标题】:Notify;
【内容】:Object reference not set to an instance of an object.;
【createtime】:2017-09-18 11:25:35.692;

【项目】:任务后台;
【大分组】:-1921663016;	【小分组】:-850276648;
【日志类型】:错误日志;
【标题】:Notify;
【内容】:Object reference not set to an instance of an object.;
【createtime】:2017-09-18 11:25:46.769;

【项目】:任务后台;
【大分组】:-1921663016;	【小分组】:-423049448;
【日志类型】:错误日志;
【标题】:Notify;
【内容】:Object reference not set to an instance of an object.;
【createtime】:2017-09-18 11:25:57.831;

【项目】:任务后台;
【大分组】:-1921663016;	【小分组】:609373962;
【日志类型】:错误日志;
【标题】:Notify;
【内容】:Object reference not set to an instance of an object.;
【createtime】:2017-09-18 11:26:08.950;

【项目】:任务后台;
【大分组】:-1921663016;	【小分组】:1361457557;
【日志类型】:错误日志;
【标题】:Notify;
【内容】:Object reference not set to an instance of an object.;
【createtime】:2017-09-18 11:26:20.055;

【项目】:任务后台;
【大分组】:-1921663016;	【小分组】:-343324032;
【日志类型】:错误日志;
【标题】:Notify;
【内容】:Object reference not set to an instance of an object.;
【createtime】:2017-09-18 11:26:31.155;

【项目】:任务后台;
【大分组】:-1921663016;	【小分组】:1413035800;
【日志类型】:错误日志;
【标题】:Notify;
【内容】:Object reference not set to an instance of an object.;
【createtime】:2017-09-18 11:26:42.250;

【项目】:任务后台;
【大分组】:-1921663016;	【小分组】:-961530496;
【日志类型】:错误日志;
【标题】:Notify;
【内容】:Object reference not set to an instance of an object.;
【createtime】:2017-09-18 11:26:53.334;

【项目】:任务后台;
【大分组】:-1921663016;	【小分组】:-1273316395;
【日志类型】:错误日志;
【标题】:Notify;
【内容】:Object reference not set to an instance of an object.;
【createtime】:2017-09-18 11:27:04.420;

【项目】:任务后台;
【大分组】:-1921663016;	【小分组】:-2084099410;
【日志类型】:错误日志;
【标题】:Notify;
【内容】:Object reference not set to an instance of an object.;
【createtime】:2017-09-18 11:27:15.518;

【项目】:任务后台;
【大分组】:-1921663016;	【小分组】:-136298470;
【日志类型】:错误日志;
【标题】:Notify;
【内容】:Object reference not set to an instance of an object.;
【createtime】:2017-09-18 11:27:26.590;

【项目】:任务后台;
【大分组】:-1921663016;	【小分组】:208305123;
【日志类型】:错误日志;
【标题】:Notify;
【内容】:Object reference not set to an instance of an object.;
【createtime】:2017-09-18 11:27:37.678;

【项目】:任务后台;
【大分组】:-1921663016;	【小分组】:2004428392;
【日志类型】:错误日志;
【标题】:Notify;
【内容】:Object reference not set to an instance of an object.;
【createtime】:2017-09-18 11:27:48.771;

【项目】:任务后台;
【大分组】:-1921663016;	【小分组】:-1930271666;
【日志类型】:错误日志;
【标题】:Notify;
【内容】:Object reference not set to an instance of an object.;
【createtime】:2017-09-18 11:27:59.868;

【项目】:任务后台;
【大分组】:-1921663016;	【小分组】:1136045234;
【日志类型】:错误日志;
【标题】:Notify;
【内容】:Object reference not set to an instance of an object.;
【createtime】:2017-09-18 11:28:10.960;

【项目】:任务后台;
【大分组】:-1921663016;	【小分组】:1162577401;
【日志类型】:错误日志;
【标题】:Notify;
【内容】:Object reference not set to an instance of an object.;
【createtime】:2017-09-18 11:28:22.066;

【项目】:任务后台;
【大分组】:-1921663016;	【小分组】:-534370705;
【日志类型】:错误日志;
【标题】:Notify;
【内容】:Object reference not set to an instance of an object.;
【createtime】:2017-09-18 11:28:33.168;

【项目】:任务后台;
【大分组】:-1921663016;	【小分组】:-692340034;
【日志类型】:错误日志;
【标题】:Notify;
【内容】:Object reference not set to an instance of an object.;
【createtime】:2017-09-18 11:28:44.255;

【项目】:任务后台;
【大分组】:-1921663016;	【小分组】:-1226215226;
【日志类型】:错误日志;
【标题】:Notify;
【内容】:Object reference not set to an instance of an object.;
【createtime】:2017-09-18 11:28:55.341;

【项目】:任务后台;
【大分组】:-1921663016;	【小分组】:-1619638661;
【日志类型】:错误日志;
【标题】:Notify;
【内容】:Object reference not set to an instance of an object.;
【createtime】:2017-09-18 11:29:06.439;

【项目】:任务后台;
【大分组】:-1921663016;	【小分组】:1309816566;
【日志类型】:错误日志;
【标题】:Notify;
【内容】:Object reference not set to an instance of an object.;
【createtime】:2017-09-18 11:29:17.500;

【项目】:任务后台;
【大分组】:-1921663016;	【小分组】:-1580901185;
【日志类型】:错误日志;
【标题】:Notify;
【内容】:Object reference not set to an instance of an object.;
【createtime】:2017-09-18 11:29:28.586;

【项目】:任务后台;
【大分组】:-1921663016;	【小分组】:1008826649;
【日志类型】:错误日志;
【标题】:Notify;
【内容】:Object reference not set to an instance of an object.;
【createtime】:2017-09-18 11:29:39.687;

【项目】:任务后台;
【大分组】:-1921663016;	【小分组】:-689890693;
【日志类型】:错误日志;
【标题】:Notify;
【内容】:Object reference not set to an instance of an object.;
【createtime】:2017-09-18 11:29:50.781;

【项目】:任务后台;
【大分组】:-1921663016;	【小分组】:762921213;
【日志类型】:错误日志;
【标题】:Notify;
【内容】:Object reference not set to an instance of an object.;
【createtime】:2017-09-18 11:30:01.838;

【项目】:任务后台;
【大分组】:-1921663016;	【小分组】:-527367653;
【日志类型】:错误日志;
【标题】:Notify;
【内容】:Object reference not set to an instance of an object.;
【createtime】:2017-09-18 11:30:12.941;

【项目】:任务后台;
【大分组】:-1921663016;	【小分组】:904572308;
【日志类型】:错误日志;
【标题】:Notify;
【内容】:Object reference not set to an instance of an object.;
【createtime】:2017-09-18 11:30:24.025;

【项目】:任务后台;
【大分组】:-1921663016;	【小分组】:-940820858;
【日志类型】:错误日志;
【标题】:Notify;
【内容】:Object reference not set to an instance of an object.;
【createtime】:2017-09-18 11:30:35.122;

【项目】:任务后台;
【大分组】:-1921663016;	【小分组】:-1380410469;
【日志类型】:错误日志;
【标题】:Notify;
【内容】:Object reference not set to an instance of an object.;
【createtime】:2017-09-18 11:30:46.196;

【项目】:任务后台;
【大分组】:-1921663016;	【小分组】:-463663675;
【日志类型】:错误日志;
【标题】:Notify;
【内容】:Object reference not set to an instance of an object.;
【createtime】:2017-09-18 11:30:57.282;

【项目】:任务后台;
【大分组】:-1921663016;	【小分组】:437537221;
【日志类型】:错误日志;
【标题】:Notify;
【内容】:Object reference not set to an instance of an object.;
【createtime】:2017-09-18 11:31:08.337;

【项目】:任务后台;
【大分组】:-1921663016;	【小分组】:884333162;
【日志类型】:错误日志;
【标题】:Notify;
【内容】:Object reference not set to an instance of an object.;
【createtime】:2017-09-18 11:31:19.438;

【项目】:任务后台;
【大分组】:-1921663016;	【小分组】:-566080462;
【日志类型】:错误日志;
【标题】:Notify;
【内容】:Object reference not set to an instance of an object.;
【createtime】:2017-09-18 11:31:30.520;

【项目】:任务后台;
【大分组】:-1921663016;	【小分组】:1703498852;
【日志类型】:错误日志;
【标题】:Notify;
【内容】:Object reference not set to an instance of an object.;
【createtime】:2017-09-18 11:31:41.614;

【项目】:任务后台;
【大分组】:-1921663016;	【小分组】:-1557666974;
【日志类型】:错误日志;
【标题】:Notify;
【内容】:Object reference not set to an instance of an object.;
【createtime】:2017-09-18 11:31:52.727;

【项目】:任务后台;
【大分组】:-1921663016;	【小分组】:186787549;
【日志类型】:错误日志;
【标题】:Notify;
【内容】:Object reference not set to an instance of an object.;
【createtime】:2017-09-18 11:32:03.824;

【项目】:任务后台;
【大分组】:-1921663016;	【小分组】:-1907622806;
【日志类型】:错误日志;
【标题】:Notify;
【内容】:Object reference not set to an instance of an object.;
【createtime】:2017-09-18 11:32:14.910;

【项目】:任务后台;
【大分组】:-1921663016;	【小分组】:2110202513;
【日志类型】:错误日志;
【标题】:Notify;
【内容】:Object reference not set to an instance of an object.;
【createtime】:2017-09-18 11:32:25.994;

【项目】:任务后台;
【大分组】:-1921663016;	【小分组】:905415225;
【日志类型】:错误日志;
【标题】:Notify;
【内容】:Object reference not set to an instance of an object.;
【createtime】:2017-09-18 11:32:37.087;

【项目】:任务后台;
【大分组】:-1921663016;	【小分组】:-964000867;
【日志类型】:错误日志;
【标题】:Notify;
【内容】:Object reference not set to an instance of an object.;
【createtime】:2017-09-18 11:32:48.169;

【项目】:任务后台;
【大分组】:-1921663016;	【小分组】:-1864167006;
【日志类型】:错误日志;
【标题】:Notify;
【内容】:Object reference not set to an instance of an object.;
【createtime】:2017-09-18 11:32:59.253;

【项目】:任务后台;
【大分组】:-1921663016;	【小分组】:647325416;
【日志类型】:错误日志;
【标题】:Notify;
【内容】:Object reference not set to an instance of an object.;
【createtime】:2017-09-18 11:33:10.303;

【项目】:任务后台;
【大分组】:-1921663016;	【小分组】:-1926163980;
【日志类型】:错误日志;
【标题】:Notify;
【内容】:Object reference not set to an instance of an object.;
【createtime】:2017-09-18 11:33:21.381;

【项目】:任务后台;
【大分组】:-1921663016;	【小分组】:-34612196;
【日志类型】:错误日志;
【标题】:Notify;
【内容】:Object reference not set to an instance of an object.;
【createtime】:2017-09-18 11:33:32.452;

【项目】:任务后台;
【大分组】:-1921663016;	【小分组】:-1591980242;
【日志类型】:错误日志;
【标题】:Notify;
【内容】:Object reference not set to an instance of an object.;
【createtime】:2017-09-18 11:33:43.518;

【项目】:任务后台;
【大分组】:-1921663016;	【小分组】:-146416953;
【日志类型】:错误日志;
【标题】:Notify;
【内容】:Object reference not set to an instance of an object.;
【createtime】:2017-09-18 11:33:54.604;

【项目】:任务后台;
【大分组】:-1921663016;	【小分组】:1878162792;
【日志类型】:错误日志;
【标题】:Notify;
【内容】:Object reference not set to an instance of an object.;
【createtime】:2017-09-18 11:34:05.682;

【项目】:任务后台;
【大分组】:-1921663016;	【小分组】:1071255647;
【日志类型】:错误日志;
【标题】:Notify;
【内容】:Object reference not set to an instance of an object.;
【createtime】:2017-09-18 11:34:16.767;

【项目】:任务后台;
【大分组】:-1921663016;	【小分组】:-1457946975;
【日志类型】:错误日志;
【标题】:Notify;
【内容】:Object reference not set to an instance of an object.;
【createtime】:2017-09-18 11:34:27.839;

【项目】:任务后台;
【大分组】:-1921663016;	【小分组】:98664923;
【日志类型】:错误日志;
【标题】:Notify;
【内容】:Object reference not set to an instance of an object.;
【createtime】:2017-09-18 11:34:38.915;

【项目】:任务后台;
【大分组】:-1921663016;	【小分组】:242919112;
【日志类型】:错误日志;
【标题】:Notify;
【内容】:Object reference not set to an instance of an object.;
【createtime】:2017-09-18 11:34:50.019;

【项目】:任务后台;
【大分组】:-1921663016;	【小分组】:-615659292;
【日志类型】:错误日志;
【标题】:Notify;
【内容】:Object reference not set to an instance of an object.;
【createtime】:2017-09-18 11:35:01.072;

【项目】:任务后台;
【大分组】:-1921663016;	【小分组】:1105657871;
【日志类型】:错误日志;
【标题】:Notify;
【内容】:Object reference not set to an instance of an object.;
【createtime】:2017-09-18 11:35:12.149;

【项目】:任务后台;
【大分组】:-1921663016;	【小分组】:970983743;
【日志类型】:错误日志;
【标题】:Notify;
【内容】:Object reference not set to an instance of an object.;
【createtime】:2017-09-18 11:35:23.253;

【项目】:任务后台;
【大分组】:-1921663016;	【小分组】:-1580937032;
【日志类型】:错误日志;
【标题】:Notify;
【内容】:Object reference not set to an instance of an object.;
【createtime】:2017-09-18 11:35:34.308;

【项目】:任务后台;
【大分组】:-1921663016;	【小分组】:1939957773;
【日志类型】:错误日志;
【标题】:Notify;
【内容】:Object reference not set to an instance of an object.;
【createtime】:2017-09-18 11:35:45.401;

【项目】:任务后台;
【大分组】:-1921663016;	【小分组】:-1922071764;
【日志类型】:错误日志;
【标题】:Notify;
【内容】:Object reference not set to an instance of an object.;
【createtime】:2017-09-18 11:35:56.500;

【项目】:任务后台;
【大分组】:-1921663016;	【小分组】:1351194507;
【日志类型】:错误日志;
【标题】:Notify;
【内容】:Object reference not set to an instance of an object.;
【createtime】:2017-09-18 11:36:07.581;

【项目】:任务后台;
【大分组】:-1921663016;	【小分组】:-2022504677;
【日志类型】:错误日志;
【标题】:Notify;
【内容】:Object reference not set to an instance of an object.;
【createtime】:2017-09-18 11:36:18.689;

【项目】:任务后台;
【大分组】:-1921663016;	【小分组】:949500175;
【日志类型】:错误日志;
【标题】:Notify;
【内容】:Object reference not set to an instance of an object.;
【createtime】:2017-09-18 11:36:29.770;

【项目】:任务后台;
【大分组】:-1921663016;	【小分组】:-573434856;
【日志类型】:错误日志;
【标题】:Notify;
【内容】:Object reference not set to an instance of an object.;
【createtime】:2017-09-18 11:36:40.831;

【项目】:任务后台;
【大分组】:-1921663016;	【小分组】:-494404694;
【日志类型】:错误日志;
【标题】:Notify;
【内容】:Object reference not set to an instance of an object.;
【createtime】:2017-09-18 11:36:51.912;

【项目】:任务后台;
【大分组】:-1921663016;	【小分组】:914785190;
【日志类型】:错误日志;
【标题】:Notify;
【内容】:Object reference not set to an instance of an object.;
【createtime】:2017-09-18 11:37:02.992;

【项目】:任务后台;
【大分组】:-1921663016;	【小分组】:1406132612;
【日志类型】:错误日志;
【标题】:Notify;
【内容】:Object reference not set to an instance of an object.;
【createtime】:2017-09-18 11:37:14.061;

【项目】:任务后台;
【大分组】:-1921663016;	【小分组】:-1493863369;
【日志类型】:错误日志;
【标题】:Notify;
【内容】:Object reference not set to an instance of an object.;
【createtime】:2017-09-18 11:37:25.167;

【项目】:任务后台;
【大分组】:-1921663016;	【小分组】:1542098534;
【日志类型】:错误日志;
【标题】:Notify;
【内容】:Object reference not set to an instance of an object.;
【createtime】:2017-09-18 11:37:36.279;

【项目】:任务后台;
【大分组】:-1921663016;	【小分组】:1453909895;
【日志类型】:错误日志;
【标题】:Notify;
【内容】:Object reference not set to an instance of an object.;
【createtime】:2017-09-18 11:37:47.355;

【项目】:任务后台;
【大分组】:-1921663016;	【小分组】:-1010979008;
【日志类型】:错误日志;
【标题】:Notify;
【内容】:Object reference not set to an instance of an object.;
【createtime】:2017-09-18 11:37:58.473;

【项目】:任务后台;
【大分组】:-1921663016;	【小分组】:798662396;
【日志类型】:错误日志;
【标题】:Notify;
【内容】:Object reference not set to an instance of an object.;
【createtime】:2017-09-18 11:38:09.548;

【项目】:任务后台;
【大分组】:-1921663016;	【小分组】:-1644445139;
【日志类型】:错误日志;
【标题】:Notify;
【内容】:Object reference not set to an instance of an object.;
【createtime】:2017-09-18 11:38:20.668;

【项目】:任务后台;
【大分组】:-1921663016;	【小分组】:1570905334;
【日志类型】:错误日志;
【标题】:Notify;
【内容】:Object reference not set to an instance of an object.;
【createtime】:2017-09-18 11:38:31.770;

【项目】:任务后台;
【大分组】:-1921663016;	【小分组】:784350021;
【日志类型】:错误日志;
【标题】:Notify;
【内容】:Object reference not set to an instance of an object.;
【createtime】:2017-09-18 11:38:42.846;

【项目】:任务后台;
【大分组】:-1921663016;	【小分组】:-149212473;
【日志类型】:错误日志;
【标题】:Notify;
【内容】:Object reference not set to an instance of an object.;
【createtime】:2017-09-18 11:38:53.931;

【项目】:任务后台;
【大分组】:-1921663016;	【小分组】:1342487776;
【日志类型】:错误日志;
【标题】:Notify;
【内容】:Object reference not set to an instance of an object.;
【createtime】:2017-09-18 11:39:04.985;

【项目】:任务后台;
【大分组】:-1921663016;	【小分组】:-978695679;
【日志类型】:错误日志;
【标题】:Notify;
【内容】:Object reference not set to an instance of an object.;
【createtime】:2017-09-18 11:39:16.071;

【项目】:任务后台;
【大分组】:-1921663016;	【小分组】:-486701382;
【日志类型】:错误日志;
【标题】:Notify;
【内容】:Object reference not set to an instance of an object.;
【createtime】:2017-09-18 11:39:27.165;

【项目】:任务后台;
【大分组】:-1921663016;	【小分组】:780098906;
【日志类型】:错误日志;
【标题】:Notify;
【内容】:Object reference not set to an instance of an object.;
【createtime】:2017-09-18 11:39:38.266;

【项目】:任务后台;
【大分组】:-1921663016;	【小分组】:742566293;
【日志类型】:错误日志;
【标题】:Notify;
【内容】:Object reference not set to an instance of an object.;
【createtime】:2017-09-18 11:39:49.351;

【项目】:任务后台;
【大分组】:-1921663016;	【小分组】:-970996450;
【日志类型】:错误日志;
【标题】:Notify;
【内容】:Object reference not set to an instance of an object.;
【createtime】:2017-09-18 11:40:00.450;

【项目】:任务后台;
【大分组】:-1921663016;	【小分组】:-71905946;
【日志类型】:错误日志;
【标题】:Notify;
【内容】:Object reference not set to an instance of an object.;
【createtime】:2017-09-18 11:40:11.542;

【项目】:任务后台;
【大分组】:-1921663016;	【小分组】:1282544996;
【日志类型】:错误日志;
【标题】:Notify;
【内容】:Object reference not set to an instance of an object.;
【createtime】:2017-09-18 11:40:22.616;

【项目】:任务后台;
【大分组】:-1921663016;	【小分组】:-2028147196;
【日志类型】:错误日志;
【标题】:Notify;
【内容】:Object reference not set to an instance of an object.;
【createtime】:2017-09-18 11:40:33.708;

【项目】:任务后台;
【大分组】:-1921663016;	【小分组】:699928185;
【日志类型】:错误日志;
【标题】:Notify;
【内容】:Object reference not set to an instance of an object.;
【createtime】:2017-09-18 11:40:44.769;

【项目】:任务后台;
【大分组】:-1921663016;	【小分组】:-95798187;
【日志类型】:错误日志;
【标题】:Notify;
【内容】:Object reference not set to an instance of an object.;
【createtime】:2017-09-18 11:40:55.877;

【项目】:任务后台;
【大分组】:-1921663016;	【小分组】:1642535835;
【日志类型】:错误日志;
【标题】:Notify;
【内容】:Object reference not set to an instance of an object.;
【createtime】:2017-09-18 11:41:06.965;

【项目】:任务后台;
【大分组】:-1921663016;	【小分组】:422795994;
【日志类型】:错误日志;
【标题】:Notify;
【内容】:Object reference not set to an instance of an object.;
【createtime】:2017-09-18 11:41:18.070;

【项目】:任务后台;
【大分组】:-1921663016;	【小分组】:1450661153;
【日志类型】:错误日志;
【标题】:Notify;
【内容】:Object reference not set to an instance of an object.;
【createtime】:2017-09-18 11:41:29.142;

【项目】:任务后台;
【大分组】:-1921663016;	【小分组】:495692085;
【日志类型】:错误日志;
【标题】:Notify;
【内容】:Object reference not set to an instance of an object.;
【createtime】:2017-09-18 11:41:40.230;

【项目】:任务后台;
【大分组】:-1921663016;	【小分组】:1608899789;
【日志类型】:错误日志;
【标题】:Notify;
【内容】:Object reference not set to an instance of an object.;
【createtime】:2017-09-18 11:41:51.308;

【项目】:任务后台;
【大分组】:-1921663016;	【小分组】:1926317718;
【日志类型】:错误日志;
【标题】:Notify;
【内容】:Object reference not set to an instance of an object.;
【createtime】:2017-09-18 11:42:02.422;

