【项目】:任务后台;
【大分组】:-1921663016;	【小分组】:-773480348;
【日志类型】:错误日志;
【标题】:Notify;
【内容】:未将对象引用设置到对象的实例。;
【createtime】:2017-05-19 23:08:03.538;

【项目】:任务后台;
【大分组】:-1921663016;	【小分组】:-1248191292;
【日志类型】:错误日志;
【标题】:Notify;
【内容】:未将对象引用设置到对象的实例。;
【createtime】:2017-05-19 23:08:14.608;

【项目】:任务后台;
【大分组】:-1921663016;	【小分组】:422716997;
【日志类型】:错误日志;
【标题】:Notify;
【内容】:未将对象引用设置到对象的实例。;
【createtime】:2017-05-19 23:08:25.650;

【项目】:任务后台;
【大分组】:-1921663016;	【小分组】:-972083212;
【日志类型】:错误日志;
【标题】:Notify;
【内容】:未将对象引用设置到对象的实例。;
【createtime】:2017-05-19 23:08:45.661;

【项目】:任务后台;
【大分组】:-1921663016;	【小分组】:-765846930;
【日志类型】:错误日志;
【标题】:Notify;
【内容】:未将对象引用设置到对象的实例。;
【createtime】:2017-05-19 23:08:56.717;

【项目】:任务后台;
【大分组】:-1921663016;	【小分组】:-445315542;
【日志类型】:错误日志;
【标题】:Notify;
【内容】:未将对象引用设置到对象的实例。;
【createtime】:2017-05-19 23:09:07.759;

【项目】:任务后台;
【大分组】:-1921663016;	【小分组】:-1321367272;
【日志类型】:错误日志;
【标题】:Notify;
【内容】:未将对象引用设置到对象的实例。;
【createtime】:2017-05-19 23:10:31.396;

【项目】:任务后台;
【大分组】:-1921663016;	【小分组】:-1430329912;
【日志类型】:错误日志;
【标题】:Notify;
【内容】:未将对象引用设置到对象的实例。;
【createtime】:2017-05-19 23:10:42.439;

【项目】:任务后台;
【大分组】:-1921663016;	【小分组】:218974228;
【日志类型】:错误日志;
【标题】:Notify;
【内容】:未将对象引用设置到对象的实例。;
【createtime】:2017-05-19 23:10:53.510;

【项目】:任务后台;
【大分组】:-1921663016;	【小分组】:-1375683198;
【日志类型】:错误日志;
【标题】:Notify;
【内容】:未将对象引用设置到对象的实例。;
【createtime】:2017-05-19 23:11:04.582;

【项目】:任务后台;
【大分组】:-1921663016;	【小分组】:727951424;
【日志类型】:错误日志;
【标题】:Notify;
【内容】:未将对象引用设置到对象的实例。;
【createtime】:2017-05-19 23:11:15.606;

【项目】:任务后台;
【大分组】:-1921663016;	【小分组】:-1920127675;
【日志类型】:错误日志;
【标题】:Notify;
【内容】:未将对象引用设置到对象的实例。;
【createtime】:2017-05-19 23:11:26.675;

【项目】:任务后台;
【大分组】:-1921663016;	【小分组】:349441584;
【日志类型】:错误日志;
【标题】:Notify;
【内容】:未将对象引用设置到对象的实例。;
【createtime】:2017-05-19 23:11:37.757;

【项目】:任务后台;
【大分组】:-1921663016;	【小分组】:136591771;
【日志类型】:错误日志;
【标题】:Notify;
【内容】:未将对象引用设置到对象的实例。;
【createtime】:2017-05-19 23:11:48.822;

【项目】:任务后台;
【大分组】:-1921663016;	【小分组】:-467851383;
【日志类型】:错误日志;
【标题】:Notify;
【内容】:未将对象引用设置到对象的实例。;
【createtime】:2017-05-19 23:11:59.855;

【项目】:任务后台;
【大分组】:-1921663016;	【小分组】:-1388315174;
【日志类型】:错误日志;
【标题】:Notify;
【内容】:未将对象引用设置到对象的实例。;
【createtime】:2017-05-19 23:12:10.915;

【项目】:任务后台;
【大分组】:-1921663016;	【小分组】:1531877608;
【日志类型】:错误日志;
【标题】:Notify;
【内容】:未将对象引用设置到对象的实例。;
【createtime】:2017-05-19 23:12:21.985;

【项目】:任务后台;
【大分组】:-1921663016;	【小分组】:1877818868;
【日志类型】:错误日志;
【标题】:Notify;
【内容】:未将对象引用设置到对象的实例。;
【createtime】:2017-05-19 23:12:33.044;

【项目】:任务后台;
【大分组】:-1921663016;	【小分组】:-1219789757;
【日志类型】:错误日志;
【标题】:Notify;
【内容】:未将对象引用设置到对象的实例。;
【createtime】:2017-05-19 23:12:44.084;

【项目】:任务后台;
【大分组】:-1921663016;	【小分组】:-176302199;
【日志类型】:错误日志;
【标题】:Notify;
【内容】:未将对象引用设置到对象的实例。;
【createtime】:2017-05-19 23:12:55.142;

【项目】:任务后台;
【大分组】:-1921663016;	【小分组】:-1465390253;
【日志类型】:错误日志;
【标题】:Notify;
【内容】:未将对象引用设置到对象的实例。;
【createtime】:2017-05-19 23:13:06.184;

【项目】:任务后台;
【大分组】:-1921663016;	【小分组】:727842172;
【日志类型】:错误日志;
【标题】:Notify;
【内容】:未将对象引用设置到对象的实例。;
【createtime】:2017-05-19 23:13:17.251;

【项目】:任务后台;
【大分组】:-1921663016;	【小分组】:569484340;
【日志类型】:错误日志;
【标题】:Notify;
【内容】:未将对象引用设置到对象的实例。;
【createtime】:2017-05-19 23:13:28.325;

【项目】:任务后台;
【大分组】:-1921663016;	【小分组】:1119641009;
【日志类型】:错误日志;
【标题】:Notify;
【内容】:未将对象引用设置到对象的实例。;
【createtime】:2017-05-19 23:13:39.399;

【项目】:任务后台;
【大分组】:-1921663016;	【小分组】:-911898555;
【日志类型】:错误日志;
【标题】:Notify;
【内容】:未将对象引用设置到对象的实例。;
【createtime】:2017-05-19 23:13:50.480;

【项目】:任务后台;
【大分组】:-1921663016;	【小分组】:-177234977;
【日志类型】:错误日志;
【标题】:Notify;
【内容】:未将对象引用设置到对象的实例。;
【createtime】:2017-05-19 23:14:01.540;

【项目】:任务后台;
【大分组】:-1921663016;	【小分组】:1854219517;
【日志类型】:错误日志;
【标题】:Notify;
【内容】:未将对象引用设置到对象的实例。;
【createtime】:2017-05-19 23:14:12.582;

【项目】:任务后台;
【大分组】:-1921663016;	【小分组】:-873490677;
【日志类型】:错误日志;
【标题】:Notify;
【内容】:未将对象引用设置到对象的实例。;
【createtime】:2017-05-19 23:14:23.612;

【项目】:任务后台;
【大分组】:-1921663016;	【小分组】:431702585;
【日志类型】:错误日志;
【标题】:Notify;
【内容】:未将对象引用设置到对象的实例。;
【createtime】:2017-05-19 23:14:34.685;

【项目】:任务后台;
【大分组】:-1921663016;	【小分组】:1668612920;
【日志类型】:错误日志;
【标题】:Notify;
【内容】:未将对象引用设置到对象的实例。;
【createtime】:2017-05-19 23:14:45.755;

【项目】:任务后台;
【大分组】:-1921663016;	【小分组】:-819944284;
【日志类型】:错误日志;
【标题】:Notify;
【内容】:未将对象引用设置到对象的实例。;
【createtime】:2017-05-19 23:14:56.828;

【项目】:任务后台;
【大分组】:-1921663016;	【小分组】:210043380;
【日志类型】:错误日志;
【标题】:Notify;
【内容】:未将对象引用设置到对象的实例。;
【createtime】:2017-05-19 23:15:07.894;

【项目】:任务后台;
【大分组】:-1921663016;	【小分组】:-59231098;
【日志类型】:错误日志;
【标题】:Notify;
【内容】:未将对象引用设置到对象的实例。;
【createtime】:2017-05-19 23:15:18.971;

【项目】:任务后台;
【大分组】:-1921663016;	【小分组】:1005268456;
【日志类型】:错误日志;
【标题】:Notify;
【内容】:未将对象引用设置到对象的实例。;
【createtime】:2017-05-19 23:15:30.040;

