【项目】:任务后台;
【大分组】:-1921663016;	【小分组】:1755413392;
【日志类型】:错误日志;
【标题】:Notify;
【内容】:Object reference not set to an instance of an object.;
【createtime】:2017-09-22 10:39:08.299;

【项目】:任务后台;
【大分组】:-1921663016;	【小分组】:424681602;
【日志类型】:错误日志;
【标题】:Notify;
【内容】:Object reference not set to an instance of an object.;
【createtime】:2017-09-22 10:39:19.364;

【项目】:任务后台;
【大分组】:-1921663016;	【小分组】:590378961;
【日志类型】:错误日志;
【标题】:Notify;
【内容】:Object reference not set to an instance of an object.;
【createtime】:2017-09-22 10:39:30.459;

【项目】:任务后台;
【大分组】:-1921663016;	【小分组】:73500496;
【日志类型】:错误日志;
【标题】:Notify;
【内容】:Object reference not set to an instance of an object.;
【createtime】:2017-09-22 10:39:41.565;

【项目】:任务后台;
【大分组】:-1921663016;	【小分组】:-254832493;
【日志类型】:错误日志;
【标题】:Notify;
【内容】:Object reference not set to an instance of an object.;
【createtime】:2017-09-22 10:44:42.935;

【项目】:任务后台;
【大分组】:-1921663016;	【小分组】:-471605517;
【日志类型】:错误日志;
【标题】:Notify;
【内容】:Object reference not set to an instance of an object.;
【createtime】:2017-09-22 10:44:53.993;

【项目】:任务后台;
【大分组】:-1921663016;	【小分组】:1478795958;
【日志类型】:错误日志;
【标题】:Notify;
【内容】:Object reference not set to an instance of an object.;
【createtime】:2017-09-22 10:47:37.268;

【项目】:任务后台;
【大分组】:-1921663016;	【小分组】:768410735;
【日志类型】:错误日志;
【标题】:Notify;
【内容】:Object reference not set to an instance of an object.;
【createtime】:2017-09-22 10:47:48.359;

【项目】:任务后台;
【大分组】:-1921663016;	【小分组】:-183941884;
【日志类型】:错误日志;
【标题】:Notify;
【内容】:Object reference not set to an instance of an object.;
【createtime】:2017-09-22 10:47:59.428;

【项目】:任务后台;
【大分组】:-1921663016;	【小分组】:-1764450386;
【日志类型】:错误日志;
【标题】:Notify;
【内容】:Object reference not set to an instance of an object.;
【createtime】:2017-09-22 10:48:10.523;

【项目】:任务后台;
【大分组】:-1921663016;	【小分组】:930447463;
【日志类型】:错误日志;
【标题】:Notify;
【内容】:Object reference not set to an instance of an object.;
【createtime】:2017-09-22 10:58:57.735;

【项目】:任务后台;
【大分组】:-1921663016;	【小分组】:1255115580;
【日志类型】:错误日志;
【标题】:Notify;
【内容】:Object reference not set to an instance of an object.;
【createtime】:2017-09-22 10:59:08.828;

【项目】:任务后台;
【大分组】:-1921663016;	【小分组】:-293250949;
【日志类型】:错误日志;
【标题】:Notify;
【内容】:Object reference not set to an instance of an object.;
【createtime】:2017-09-22 10:59:19.932;

【项目】:任务后台;
【大分组】:-1921663016;	【小分组】:-2105190256;
【日志类型】:错误日志;
【标题】:Notify;
【内容】:Object reference not set to an instance of an object.;
【createtime】:2017-09-22 10:59:31.034;

【项目】:任务后台;
【大分组】:-1921663016;	【小分组】:978501710;
【日志类型】:错误日志;
【标题】:Notify;
【内容】:Object reference not set to an instance of an object.;
【createtime】:2017-09-22 10:59:42.114;

【项目】:任务后台;
【大分组】:-1921663016;	【小分组】:-1924157633;
【日志类型】:错误日志;
【标题】:Notify;
【内容】:Object reference not set to an instance of an object.;
【createtime】:2017-09-22 10:59:53.182;

【项目】:任务后台;
【大分组】:-1921663016;	【小分组】:-1553827541;
【日志类型】:错误日志;
【标题】:Notify;
【内容】:Object reference not set to an instance of an object.;
【createtime】:2017-09-22 11:19:13.238;

【项目】:任务后台;
【大分组】:-1921663016;	【小分组】:165728038;
【日志类型】:错误日志;
【标题】:Notify;
【内容】:Object reference not set to an instance of an object.;
【createtime】:2017-09-22 11:19:24.476;

【项目】:任务后台;
【大分组】:-1921663016;	【小分组】:-1698332884;
【日志类型】:错误日志;
【标题】:Notify;
【内容】:Object reference not set to an instance of an object.;
【createtime】:2017-09-22 11:19:35.556;

【项目】:任务后台;
【大分组】:-1921663016;	【小分组】:-1894000650;
【日志类型】:错误日志;
【标题】:Notify;
【内容】:Object reference not set to an instance of an object.;
【createtime】:2017-09-22 11:19:46.642;

【项目】:任务后台;
【大分组】:-1921663016;	【小分组】:-1445275200;
【日志类型】:错误日志;
【标题】:Notify;
【内容】:Object reference not set to an instance of an object.;
【createtime】:2017-09-22 11:19:57.728;

【项目】:任务后台;
【大分组】:-1921663016;	【小分组】:-920240574;
【日志类型】:错误日志;
【标题】:Notify;
【内容】:Object reference not set to an instance of an object.;
【createtime】:2017-09-22 11:20:08.893;

【项目】:任务后台;
【大分组】:-1921663016;	【小分组】:579155771;
【日志类型】:错误日志;
【标题】:Notify;
【内容】:Object reference not set to an instance of an object.;
【createtime】:2017-09-22 11:50:05.536;

【项目】:任务后台;
【大分组】:-1921663016;	【小分组】:-1289584723;
【日志类型】:错误日志;
【标题】:Notify;
【内容】:Object reference not set to an instance of an object.;
【createtime】:2017-09-22 11:50:19.416;

【项目】:任务后台;
【大分组】:-1921663016;	【小分组】:1918477597;
【日志类型】:错误日志;
【标题】:Notify;
【内容】:Object reference not set to an instance of an object.;
【createtime】:2017-09-22 17:08:29.842;

【项目】:任务后台;
【大分组】:-1921663016;	【小分组】:-1126340302;
【日志类型】:错误日志;
【标题】:Notify;
【内容】:Object reference not set to an instance of an object.;
【createtime】:2017-09-22 17:08:40.897;

【项目】:任务后台;
【大分组】:-1921663016;	【小分组】:-1121476646;
【日志类型】:错误日志;
【标题】:Notify;
【内容】:Object reference not set to an instance of an object.;
【createtime】:2017-09-22 17:08:51.953;

【项目】:任务后台;
【大分组】:-1921663016;	【小分组】:571790652;
【日志类型】:错误日志;
【标题】:Notify;
【内容】:Object reference not set to an instance of an object.;
【createtime】:2017-09-22 17:09:03.024;

【项目】:任务后台;
【大分组】:-1921663016;	【小分组】:196536034;
【日志类型】:错误日志;
【标题】:Notify;
【内容】:Object reference not set to an instance of an object.;
【createtime】:2017-09-22 17:09:14.117;

【项目】:任务后台;
【大分组】:-1921663016;	【小分组】:-646586361;
【日志类型】:错误日志;
【标题】:Notify;
【内容】:Object reference not set to an instance of an object.;
【createtime】:2017-09-22 17:09:25.176;

【项目】:任务后台;
【大分组】:-1921663016;	【小分组】:1277611631;
【日志类型】:错误日志;
【标题】:Notify;
【内容】:Object reference not set to an instance of an object.;
【createtime】:2017-09-22 17:09:36.267;

【项目】:任务后台;
【大分组】:-1921663016;	【小分组】:1358171767;
【日志类型】:错误日志;
【标题】:Notify;
【内容】:Object reference not set to an instance of an object.;
【createtime】:2017-09-22 17:22:05.485;

【项目】:任务后台;
【大分组】:-1921663016;	【小分组】:-1251913770;
【日志类型】:错误日志;
【标题】:Notify;
【内容】:Object reference not set to an instance of an object.;
【createtime】:2017-09-22 17:24:11.136;

【项目】:任务后台;
【大分组】:-1921663016;	【小分组】:-1077105192;
【日志类型】:错误日志;
【标题】:Notify;
【内容】:Object reference not set to an instance of an object.;
【createtime】:2017-09-22 17:24:22.150;

【项目】:任务后台;
【大分组】:-1921663016;	【小分组】:-294558170;
【日志类型】:错误日志;
【标题】:Notify;
【内容】:Object reference not set to an instance of an object.;
【createtime】:2017-09-22 17:24:33.183;

