【项目】:任务后台;
【大分组】:-1921663016;	【小分组】:-1146967238;
【日志类型】:错误日志;
【标题】:Notify;
【内容】:未将对象引用设置到对象的实例。;
【createtime】:2017-05-23 01:30:10.446;

【项目】:任务后台;
【大分组】:-1921663016;	【小分组】:459973754;
【日志类型】:错误日志;
【标题】:Notify;
【内容】:未将对象引用设置到对象的实例。;
【createtime】:2017-05-23 01:30:21.476;

【项目】:任务后台;
【大分组】:-1921663016;	【小分组】:1160009208;
【日志类型】:错误日志;
【标题】:Notify;
【内容】:未将对象引用设置到对象的实例。;
【createtime】:2017-05-23 01:30:32.546;

【项目】:任务后台;
【大分组】:-1921663016;	【小分组】:973591755;
【日志类型】:错误日志;
【标题】:Notify;
【内容】:未将对象引用设置到对象的实例。;
【createtime】:2017-05-23 01:30:43.628;

【项目】:任务后台;
【大分组】:-1921663016;	【小分组】:-359371209;
【日志类型】:错误日志;
【标题】:Notify;
【内容】:未将对象引用设置到对象的实例。;
【createtime】:2017-05-23 01:31:53.750;

【项目】:任务后台;
【大分组】:-1921663016;	【小分组】:-142556939;
【日志类型】:错误日志;
【标题】:Notify;
【内容】:未将对象引用设置到对象的实例。;
【createtime】:2017-05-23 01:32:04.800;

【项目】:任务后台;
【大分组】:-1921663016;	【小分组】:-1370324209;
【日志类型】:错误日志;
【标题】:Notify;
【内容】:未将对象引用设置到对象的实例。;
【createtime】:2017-05-23 01:32:15.881;

【项目】:任务后台;
【大分组】:-1921663016;	【小分组】:-98138835;
【日志类型】:错误日志;
【标题】:Notify;
【内容】:未将对象引用设置到对象的实例。;
【createtime】:2017-05-23 01:32:26.958;

【项目】:任务后台;
【大分组】:-1921663016;	【小分组】:-37122077;
【日志类型】:错误日志;
【标题】:Notify;
【内容】:未将对象引用设置到对象的实例。;
【createtime】:2017-05-23 01:32:38.053;

【项目】:任务后台;
【大分组】:-1921663016;	【小分组】:-1752789663;
【日志类型】:错误日志;
【标题】:Notify;
【内容】:未将对象引用设置到对象的实例。;
【createtime】:2017-05-23 01:32:49.131;

【项目】:任务后台;
【大分组】:-1921663016;	【小分组】:1330580746;
【日志类型】:错误日志;
【标题】:Notify;
【内容】:未将对象引用设置到对象的实例。;
【createtime】:2017-05-23 01:33:00.212;

【项目】:任务后台;
【大分组】:-1921663016;	【小分组】:-2062297873;
【日志类型】:错误日志;
【标题】:Notify;
【内容】:未将对象引用设置到对象的实例。;
【createtime】:2017-05-23 01:33:11.302;

【项目】:任务后台;
【大分组】:-1921663016;	【小分组】:-1227026181;
【日志类型】:错误日志;
【标题】:Notify;
【内容】:未将对象引用设置到对象的实例。;
【createtime】:2017-05-23 01:33:22.376;

【项目】:任务后台;
【大分组】:-1921663016;	【小分组】:-1925722168;
【日志类型】:错误日志;
【标题】:Notify;
【内容】:未将对象引用设置到对象的实例。;
【createtime】:2017-05-23 01:33:33.456;

【项目】:任务后台;
【大分组】:-1921663016;	【小分组】:-205126722;
【日志类型】:错误日志;
【标题】:Notify;
【内容】:未将对象引用设置到对象的实例。;
【createtime】:2017-05-23 01:33:44.503;

【项目】:任务后台;
【大分组】:-1921663016;	【小分组】:1314127519;
【日志类型】:错误日志;
【标题】:Notify;
【内容】:未将对象引用设置到对象的实例。;
【createtime】:2017-05-23 01:33:55.564;

【项目】:任务后台;
【大分组】:-1921663016;	【小分组】:-1981514445;
【日志类型】:错误日志;
【标题】:Notify;
【内容】:未将对象引用设置到对象的实例。;
【createtime】:2017-05-23 01:34:06.644;

【项目】:任务后台;
【大分组】:-1921663016;	【小分组】:-382285539;
【日志类型】:错误日志;
【标题】:Notify;
【内容】:未将对象引用设置到对象的实例。;
【createtime】:2017-05-23 01:34:17.719;

【项目】:任务后台;
【大分组】:-1921663016;	【小分组】:120583939;
【日志类型】:错误日志;
【标题】:Notify;
【内容】:未将对象引用设置到对象的实例。;
【createtime】:2017-05-23 01:34:28.800;

【项目】:任务后台;
【大分组】:-1921663016;	【小分组】:1746623786;
【日志类型】:错误日志;
【标题】:Notify;
【内容】:未将对象引用设置到对象的实例。;
【createtime】:2017-05-23 01:34:39.855;

【项目】:任务后台;
【大分组】:-1921663016;	【小分组】:1073307920;
【日志类型】:错误日志;
【标题】:Notify;
【内容】:未将对象引用设置到对象的实例。;
【createtime】:2017-05-23 01:34:50.898;

【项目】:任务后台;
【大分组】:-1921663016;	【小分组】:-798324475;
【日志类型】:错误日志;
【标题】:Notify;
【内容】:未将对象引用设置到对象的实例。;
【createtime】:2017-05-23 01:35:01.959;

【项目】:任务后台;
【大分组】:-1921663016;	【小分组】:10939526;
【日志类型】:错误日志;
【标题】:Notify;
【内容】:未将对象引用设置到对象的实例。;
【createtime】:2017-05-23 01:35:13.040;

【项目】:任务后台;
【大分组】:-1921663016;	【小分组】:-897537327;
【日志类型】:错误日志;
【标题】:Notify;
【内容】:未将对象引用设置到对象的实例。;
【createtime】:2017-05-23 01:35:24.112;

【项目】:任务后台;
【大分组】:-1921663016;	【小分组】:-929738148;
【日志类型】:错误日志;
【标题】:Notify;
【内容】:未将对象引用设置到对象的实例。;
【createtime】:2017-05-23 01:35:35.191;

【项目】:任务后台;
【大分组】:-1921663016;	【小分组】:-562368749;
【日志类型】:错误日志;
【标题】:Notify;
【内容】:未将对象引用设置到对象的实例。;
【createtime】:2017-05-23 01:35:46.272;

【项目】:任务后台;
【大分组】:-1921663016;	【小分组】:836388239;
【日志类型】:错误日志;
【标题】:Notify;
【内容】:未将对象引用设置到对象的实例。;
【createtime】:2017-05-23 01:35:57.322;

【项目】:任务后台;
【大分组】:-1921663016;	【小分组】:-881982028;
【日志类型】:错误日志;
【标题】:Notify;
【内容】:未将对象引用设置到对象的实例。;
【createtime】:2017-05-23 01:36:08.403;

【项目】:任务后台;
【大分组】:-1921663016;	【小分组】:2005744009;
【日志类型】:错误日志;
【标题】:Notify;
【内容】:未将对象引用设置到对象的实例。;
【createtime】:2017-05-23 01:36:19.485;

【项目】:任务后台;
【大分组】:-1921663016;	【小分组】:-1756092892;
【日志类型】:错误日志;
【标题】:Notify;
【内容】:未将对象引用设置到对象的实例。;
【createtime】:2017-05-23 01:36:30.566;

【项目】:任务后台;
【大分组】:-1921663016;	【小分组】:-722468171;
【日志类型】:错误日志;
【标题】:Notify;
【内容】:未将对象引用设置到对象的实例。;
【createtime】:2017-05-23 01:36:41.639;

【项目】:任务后台;
【大分组】:-1921663016;	【小分组】:-499583661;
【日志类型】:错误日志;
【标题】:Notify;
【内容】:未将对象引用设置到对象的实例。;
【createtime】:2017-05-23 01:36:52.720;

【项目】:任务后台;
【大分组】:-1921663016;	【小分组】:406093051;
【日志类型】:错误日志;
【标题】:Notify;
【内容】:未将对象引用设置到对象的实例。;
【createtime】:2017-05-23 01:37:03.801;

【项目】:任务后台;
【大分组】:-1921663016;	【小分组】:1257977618;
【日志类型】:错误日志;
【标题】:Notify;
【内容】:未将对象引用设置到对象的实例。;
【createtime】:2017-05-23 01:37:14.882;

【项目】:任务后台;
【大分组】:-1921663016;	【小分组】:-928568727;
【日志类型】:错误日志;
【标题】:Notify;
【内容】:未将对象引用设置到对象的实例。;
【createtime】:2017-05-23 01:37:25.962;

【项目】:任务后台;
【大分组】:-1921663016;	【小分组】:-1854388452;
【日志类型】:错误日志;
【标题】:Notify;
【内容】:未将对象引用设置到对象的实例。;
【createtime】:2017-05-23 01:37:37.052;

【项目】:任务后台;
【大分组】:-1921663016;	【小分组】:1865248942;
【日志类型】:错误日志;
【标题】:Notify;
【内容】:未将对象引用设置到对象的实例。;
【createtime】:2017-05-23 01:37:48.117;

【项目】:任务后台;
【大分组】:-1921663016;	【小分组】:-900262506;
【日志类型】:错误日志;
【标题】:Notify;
【内容】:未将对象引用设置到对象的实例。;
【createtime】:2017-05-23 01:37:59.175;

【项目】:任务后台;
【大分组】:-1921663016;	【小分组】:655338227;
【日志类型】:错误日志;
【标题】:Notify;
【内容】:未将对象引用设置到对象的实例。;
【createtime】:2017-05-23 01:38:10.254;

【项目】:任务后台;
【大分组】:-1921663016;	【小分组】:-2035641983;
【日志类型】:错误日志;
【标题】:Notify;
【内容】:未将对象引用设置到对象的实例。;
【createtime】:2017-05-23 01:38:21.323;

【项目】:任务后台;
【大分组】:-1921663016;	【小分组】:-1579253469;
【日志类型】:错误日志;
【标题】:Notify;
【内容】:未将对象引用设置到对象的实例。;
【createtime】:2017-05-23 01:38:32.402;

【项目】:任务后台;
【大分组】:-1921663016;	【小分组】:73424110;
【日志类型】:错误日志;
【标题】:Notify;
【内容】:未将对象引用设置到对象的实例。;
【createtime】:2017-05-23 01:38:43.475;

【项目】:任务后台;
【大分组】:-1921663016;	【小分组】:-119451976;
【日志类型】:错误日志;
【标题】:Notify;
【内容】:未将对象引用设置到对象的实例。;
【createtime】:2017-05-23 01:38:54.559;

【项目】:任务后台;
【大分组】:-1921663016;	【小分组】:895875529;
【日志类型】:错误日志;
【标题】:Notify;
【内容】:未将对象引用设置到对象的实例。;
【createtime】:2017-05-23 01:39:05.641;

【项目】:任务后台;
【大分组】:-1921663016;	【小分组】:-1906005832;
【日志类型】:错误日志;
【标题】:Notify;
【内容】:未将对象引用设置到对象的实例。;
【createtime】:2017-05-23 01:39:16.710;

【项目】:任务后台;
【大分组】:-1921663016;	【小分组】:393852956;
【日志类型】:错误日志;
【标题】:Notify;
【内容】:未将对象引用设置到对象的实例。;
【createtime】:2017-05-23 01:39:27.790;

【项目】:任务后台;
【大分组】:-1921663016;	【小分组】:1199396969;
【日志类型】:错误日志;
【标题】:Notify;
【内容】:未将对象引用设置到对象的实例。;
【createtime】:2017-05-23 01:39:38.874;

【项目】:任务后台;
【大分组】:-1921663016;	【小分组】:1457261931;
【日志类型】:错误日志;
【标题】:Notify;
【内容】:未将对象引用设置到对象的实例。;
【createtime】:2017-05-23 01:39:49.960;

【项目】:任务后台;
【大分组】:-1921663016;	【小分组】:-1441681648;
【日志类型】:错误日志;
【标题】:Notify;
【内容】:未将对象引用设置到对象的实例。;
【createtime】:2017-05-23 01:40:01.004;

【项目】:任务后台;
【大分组】:-1921663016;	【小分组】:634978153;
【日志类型】:错误日志;
【标题】:Notify;
【内容】:未将对象引用设置到对象的实例。;
【createtime】:2017-05-23 01:40:12.072;

【项目】:任务后台;
【大分组】:-1921663016;	【小分组】:-2127406147;
【日志类型】:错误日志;
【标题】:Notify;
【内容】:未将对象引用设置到对象的实例。;
【createtime】:2017-05-23 01:40:23.148;

【项目】:任务后台;
【大分组】:-1921663016;	【小分组】:-552715911;
【日志类型】:错误日志;
【标题】:Notify;
【内容】:未将对象引用设置到对象的实例。;
【createtime】:2017-05-23 01:40:34.209;

【项目】:任务后台;
【大分组】:-1921663016;	【小分组】:768148089;
【日志类型】:错误日志;
【标题】:Notify;
【内容】:未将对象引用设置到对象的实例。;
【createtime】:2017-05-23 01:40:45.295;

【项目】:任务后台;
【大分组】:-1921663016;	【小分组】:-2049646006;
【日志类型】:错误日志;
【标题】:Notify;
【内容】:未将对象引用设置到对象的实例。;
【createtime】:2017-05-23 01:40:56.365;

【项目】:任务后台;
【大分组】:-1921663016;	【小分组】:163741511;
【日志类型】:错误日志;
【标题】:Notify;
【内容】:未将对象引用设置到对象的实例。;
【createtime】:2017-05-23 01:41:07.445;

【项目】:任务后台;
【大分组】:-1921663016;	【小分组】:-121530691;
【日志类型】:错误日志;
【标题】:Notify;
【内容】:未将对象引用设置到对象的实例。;
【createtime】:2017-05-23 01:41:18.524;

【项目】:任务后台;
【大分组】:-1921663016;	【小分组】:-213414898;
【日志类型】:错误日志;
【标题】:Notify;
【内容】:未将对象引用设置到对象的实例。;
【createtime】:2017-05-23 01:41:29.605;

【项目】:任务后台;
【大分组】:-1921663016;	【小分组】:-961998473;
【日志类型】:错误日志;
【标题】:Notify;
【内容】:未将对象引用设置到对象的实例。;
【createtime】:2017-05-23 01:41:40.686;

【项目】:任务后台;
【大分组】:-1921663016;	【小分组】:526643971;
【日志类型】:错误日志;
【标题】:Notify;
【内容】:未将对象引用设置到对象的实例。;
【createtime】:2017-05-23 01:41:51.766;

【项目】:任务后台;
【大分组】:-1921663016;	【小分组】:-963707188;
【日志类型】:错误日志;
【标题】:Notify;
【内容】:未将对象引用设置到对象的实例。;
【createtime】:2017-05-23 01:42:02.808;

【项目】:任务后台;
【大分组】:-1921663016;	【小分组】:1319696278;
【日志类型】:错误日志;
【标题】:Notify;
【内容】:未将对象引用设置到对象的实例。;
【createtime】:2017-05-23 01:42:13.883;

【项目】:任务后台;
【大分组】:-1921663016;	【小分组】:2078927692;
【日志类型】:错误日志;
【标题】:Notify;
【内容】:未将对象引用设置到对象的实例。;
【createtime】:2017-05-23 01:42:24.965;

【项目】:任务后台;
【大分组】:-1921663016;	【小分组】:-1221713897;
【日志类型】:错误日志;
【标题】:Notify;
【内容】:未将对象引用设置到对象的实例。;
【createtime】:2017-05-23 01:42:36.046;

【项目】:任务后台;
【大分组】:-1921663016;	【小分组】:-27081180;
【日志类型】:错误日志;
【标题】:Notify;
【内容】:未将对象引用设置到对象的实例。;
【createtime】:2017-05-23 01:42:47.107;

【项目】:任务后台;
【大分组】:-1921663016;	【小分组】:-497660358;
【日志类型】:错误日志;
【标题】:Notify;
【内容】:未将对象引用设置到对象的实例。;
【createtime】:2017-05-23 01:42:58.186;

【项目】:任务后台;
【大分组】:-1921663016;	【小分组】:1210080059;
【日志类型】:错误日志;
【标题】:Notify;
【内容】:未将对象引用设置到对象的实例。;
【createtime】:2017-05-23 01:43:09.270;

【项目】:任务后台;
【大分组】:-1921663016;	【小分组】:1105476878;
【日志类型】:错误日志;
【标题】:Notify;
【内容】:未将对象引用设置到对象的实例。;
【createtime】:2017-05-23 01:43:20.317;

【项目】:任务后台;
【大分组】:-1921663016;	【小分组】:2054895597;
【日志类型】:错误日志;
【标题】:Notify;
【内容】:未将对象引用设置到对象的实例。;
【createtime】:2017-05-23 01:43:31.349;

【项目】:任务后台;
【大分组】:-1921663016;	【小分组】:234738508;
【日志类型】:错误日志;
【标题】:Notify;
【内容】:未将对象引用设置到对象的实例。;
【createtime】:2017-05-23 01:43:42.416;

【项目】:任务后台;
【大分组】:-1921663016;	【小分组】:535807433;
【日志类型】:错误日志;
【标题】:Notify;
【内容】:未将对象引用设置到对象的实例。;
【createtime】:2017-05-23 01:43:53.486;

【项目】:任务后台;
【大分组】:-1921663016;	【小分组】:-1964954775;
【日志类型】:错误日志;
【标题】:Notify;
【内容】:未将对象引用设置到对象的实例。;
【createtime】:2017-05-23 01:44:04.568;

【项目】:任务后台;
【大分组】:-1921663016;	【小分组】:1852895562;
【日志类型】:错误日志;
【标题】:Notify;
【内容】:未将对象引用设置到对象的实例。;
【createtime】:2017-05-23 01:44:15.650;

【项目】:任务后台;
【大分组】:-1921663016;	【小分组】:1624054571;
【日志类型】:错误日志;
【标题】:Notify;
【内容】:未将对象引用设置到对象的实例。;
【createtime】:2017-05-23 01:44:26.722;

【项目】:任务后台;
【大分组】:-1921663016;	【小分组】:936790998;
【日志类型】:错误日志;
【标题】:Notify;
【内容】:未将对象引用设置到对象的实例。;
【createtime】:2017-05-23 01:44:37.784;

【项目】:任务后台;
【大分组】:-1921663016;	【小分组】:740016798;
【日志类型】:错误日志;
【标题】:Notify;
【内容】:未将对象引用设置到对象的实例。;
【createtime】:2017-05-23 01:44:48.833;

【项目】:任务后台;
【大分组】:-1921663016;	【小分组】:-1976663661;
【日志类型】:错误日志;
【标题】:Notify;
【内容】:未将对象引用设置到对象的实例。;
【createtime】:2017-05-23 01:44:59.912;

【项目】:任务后台;
【大分组】:-1921663016;	【小分组】:-734330147;
【日志类型】:错误日志;
【标题】:Notify;
【内容】:未将对象引用设置到对象的实例。;
【createtime】:2017-05-23 01:45:10.955;

