【项目】:任务后台;
【大分组】:-1921663016;	【小分组】:38141773;
【日志类型】:错误日志;
【标题】:Notify;
【内容】:Object reference not set to an instance of an object.;
【createtime】:2017-10-26 10:14:09.006;

【项目】:任务后台;
【大分组】:-1921663016;	【小分组】:-1807817879;
【日志类型】:错误日志;
【标题】:Notify;
【内容】:Object reference not set to an instance of an object.;
【createtime】:2017-10-26 10:14:29.024;

【项目】:任务后台;
【大分组】:-1921663016;	【小分组】:823429275;
【日志类型】:错误日志;
【标题】:Notify;
【内容】:connected = false!;
【createtime】:2017-10-26 10:29:03.315;

【项目】:任务后台;
【大分组】:-1921663016;	【小分组】:-920516912;
【日志类型】:错误日志;
【标题】:Notify;
【内容】:Object reference not set to an instance of an object.;
【createtime】:2017-10-26 10:29:19.143;

【项目】:任务后台;
【大分组】:-1921663016;	【小分组】:530316279;
【日志类型】:错误日志;
【标题】:Notify;
【内容】:ping 超时，则删除;
【createtime】:2017-10-26 12:03:57.089;

【项目】:任务后台;
【大分组】:-1921663016;	【小分组】:-51488026;
【日志类型】:错误日志;
【标题】:Notify;
【内容】:ping 超时，则删除;
【createtime】:2017-10-26 12:04:03.123;

【项目】:任务后台;
【大分组】:-1921663016;	【小分组】:888332515;
【日志类型】:错误日志;
【标题】:Notify;
【内容】:ping 超时，则删除;
【createtime】:2017-10-26 12:04:08.142;

【项目】:任务后台;
【大分组】:-1921663016;	【小分组】:-871567558;
【日志类型】:错误日志;
【标题】:Notify;
【内容】:ping 超时，则删除;
【createtime】:2017-10-26 12:04:13.170;

【项目】:任务后台;
【大分组】:-1921663016;	【小分组】:1156931163;
【日志类型】:错误日志;
【标题】:Notify;
【内容】:ping 超时，则删除;
【createtime】:2017-10-26 12:04:18.185;

【项目】:任务后台;
【大分组】:-1921663016;	【小分组】:770870455;
【日志类型】:错误日志;
【标题】:Notify;
【内容】:ping 超时，则删除;
【createtime】:2017-10-26 12:04:23.211;

【项目】:任务后台;
【大分组】:-1921663016;	【小分组】:-203705841;
【日志类型】:错误日志;
【标题】:Notify;
【内容】:ping 超时，则删除;
【createtime】:2017-10-26 12:04:28.237;

【项目】:任务后台;
【大分组】:-1921663016;	【小分组】:-791262319;
【日志类型】:错误日志;
【标题】:Notify;
【内容】:ping 超时，则删除;
【createtime】:2017-10-26 12:04:33.262;

【项目】:任务后台;
【大分组】:-1921663016;	【小分组】:957419405;
【日志类型】:错误日志;
【标题】:Notify;
【内容】:ping 超时，则删除;
【createtime】:2017-10-26 12:04:38.289;

【项目】:任务后台;
【大分组】:-1921663016;	【小分组】:-361175367;
【日志类型】:错误日志;
【标题】:Notify;
【内容】:ping 超时，则删除;
【createtime】:2017-10-26 12:04:43.317;

【项目】:任务后台;
【大分组】:-1921663016;	【小分组】:-1846324314;
【日志类型】:错误日志;
【标题】:Notify;
【内容】:Object reference not set to an instance of an object.;
【createtime】:2017-10-26 12:11:29.809;

【项目】:任务后台;
【大分组】:-1921663016;	【小分组】:1371005920;
【日志类型】:错误日志;
【标题】:Notify;
【内容】:Unable to write data to the transport connection: An existing connection was forcibly closed by the remote host.;
【createtime】:2017-10-26 12:14:03.721;

【项目】:任务后台;
【大分组】:-1921663016;	【小分组】:1559554794;
【日志类型】:错误日志;
【标题】:Notify;
【内容】:Object reference not set to an instance of an object.;
【createtime】:2017-10-26 12:15:24.112;

【项目】:任务后台;
【大分组】:-1921663016;	【小分组】:312013563;
【日志类型】:错误日志;
【标题】:Notify;
【内容】:Unable to write data to the transport connection: An existing connection was forcibly closed by the remote host.;
【createtime】:2017-10-26 12:17:08.867;

【项目】:任务后台;
【大分组】:-1921663016;	【小分组】:7180303;
【日志类型】:错误日志;
【标题】:Notify;
【内容】:Unable to write data to the transport connection: An existing connection was forcibly closed by the remote host.;
【createtime】:2017-10-26 13:07:37.923;

【项目】:任务后台;
【大分组】:-1921663016;	【小分组】:-858154263;
【日志类型】:错误日志;
【标题】:Notify;
【内容】:Object reference not set to an instance of an object.;
【createtime】:2017-10-26 14:00:41.103;

【项目】:任务后台;
【大分组】:-1921663016;	【小分组】:1107325820;
【日志类型】:错误日志;
【标题】:Notify;
【内容】:Object reference not set to an instance of an object.;
【createtime】:2017-10-26 14:04:21.960;

【项目】:任务后台;
【大分组】:-1921663016;	【小分组】:1304951251;
【日志类型】:错误日志;
【标题】:Notify;
【内容】:ping 超时，则删除;
【createtime】:2017-10-26 14:08:57.523;

【项目】:任务后台;
【大分组】:-1921663016;	【小分组】:1101485415;
【日志类型】:错误日志;
【标题】:Notify;
【内容】:Object reference not set to an instance of an object.;
【createtime】:2017-10-26 14:13:55.702;

【项目】:任务后台;
【大分组】:-1921663016;	【小分组】:1560556681;
【日志类型】:错误日志;
【标题】:Notify;
【内容】:Object reference not set to an instance of an object.;
【createtime】:2017-10-26 14:20:10.251;

【项目】:任务后台;
【大分组】:-1921663016;	【小分组】:511420974;
【日志类型】:错误日志;
【标题】:Notify;
【内容】:Object reference not set to an instance of an object.;
【createtime】:2017-10-26 14:28:23.983;

【项目】:任务后台;
【大分组】:-1921663016;	【小分组】:1619647648;
【日志类型】:错误日志;
【标题】:Notify;
【内容】:connected = false!;
【createtime】:2017-10-26 14:37:30.312;

【项目】:任务后台;
【大分组】:-1921663016;	【小分组】:1192441494;
【日志类型】:错误日志;
【标题】:Notify;
【内容】:Object reference not set to an instance of an object.;
【createtime】:2017-10-26 14:37:44.835;

【项目】:任务后台;
【大分组】:-1921663016;	【小分组】:-300621298;
【日志类型】:错误日志;
【标题】:Notify;
【内容】:Object reference not set to an instance of an object.;
【createtime】:2017-10-26 14:46:41.371;

【项目】:任务后台;
【大分组】:-1921663016;	【小分组】:-1772261696;
【日志类型】:错误日志;
【标题】:Notify;
【内容】:Object reference not set to an instance of an object.;
【createtime】:2017-10-26 14:48:13.615;

