【项目】:任务后台;
【大分组】:-1921663016;	【小分组】:1960118500;
【日志类型】:错误日志;
【标题】:Notify;
【内容】:未将对象引用设置到对象的实例。;
【createtime】:2017-06-02 10:44:09.833;

【项目】:任务后台;
【大分组】:-1921663016;	【小分组】:172358549;
【日志类型】:错误日志;
【标题】:Notify;
【内容】:未将对象引用设置到对象的实例。;
【createtime】:2017-06-02 10:44:20.885;

【项目】:任务后台;
【大分组】:-1921663016;	【小分组】:1943609332;
【日志类型】:错误日志;
【标题】:Notify;
【内容】:未将对象引用设置到对象的实例。;
【createtime】:2017-06-02 10:44:31.957;

【项目】:任务后台;
【大分组】:-1921663016;	【小分组】:-1832105169;
【日志类型】:错误日志;
【标题】:Notify;
【内容】:未将对象引用设置到对象的实例。;
【createtime】:2017-06-02 10:44:42.999;

【项目】:任务后台;
【大分组】:-1921663016;	【小分组】:-546140987;
【日志类型】:错误日志;
【标题】:Notify;
【内容】:未将对象引用设置到对象的实例。;
【createtime】:2017-06-02 10:44:54.078;

【项目】:任务后台;
【大分组】:-1921663016;	【小分组】:-1911474;
【日志类型】:错误日志;
【标题】:Notify;
【内容】:未将对象引用设置到对象的实例。;
【createtime】:2017-06-02 10:45:05.152;

【项目】:任务后台;
【大分组】:-1921663016;	【小分组】:-962160804;
【日志类型】:错误日志;
【标题】:Notify;
【内容】:未将对象引用设置到对象的实例。;
【createtime】:2017-06-02 10:45:16.231;

【项目】:任务后台;
【大分组】:-1921663016;	【小分组】:2049300419;
【日志类型】:错误日志;
【标题】:Notify;
【内容】:未将对象引用设置到对象的实例。;
【createtime】:2017-06-02 10:45:27.269;

【项目】:任务后台;
【大分组】:-1921663016;	【小分组】:170287446;
【日志类型】:错误日志;
【标题】:Notify;
【内容】:未将对象引用设置到对象的实例。;
【createtime】:2017-06-02 10:45:38.319;

【项目】:任务后台;
【大分组】:-1921663016;	【小分组】:1529022879;
【日志类型】:错误日志;
【标题】:Notify;
【内容】:未将对象引用设置到对象的实例。;
【createtime】:2017-06-02 10:45:49.400;

【项目】:任务后台;
【大分组】:-1921663016;	【小分组】:-1990352554;
【日志类型】:错误日志;
【标题】:Notify;
【内容】:未将对象引用设置到对象的实例。;
【createtime】:2017-06-02 10:46:00.480;

【项目】:任务后台;
【大分组】:-1921663016;	【小分组】:749237482;
【日志类型】:错误日志;
【标题】:Notify;
【内容】:未将对象引用设置到对象的实例。;
【createtime】:2017-06-02 10:46:11.561;

【项目】:任务后台;
【大分组】:-1921663016;	【小分组】:2054463679;
【日志类型】:错误日志;
【标题】:Notify;
【内容】:未将对象引用设置到对象的实例。;
【createtime】:2017-06-02 10:46:22.638;

【项目】:任务后台;
【大分组】:-1921663016;	【小分组】:1058870108;
【日志类型】:错误日志;
【标题】:Notify;
【内容】:未将对象引用设置到对象的实例。;
【createtime】:2017-06-02 10:46:33.690;

【项目】:任务后台;
【大分组】:-1921663016;	【小分组】:-398701282;
【日志类型】:错误日志;
【标题】:Notify;
【内容】:未将对象引用设置到对象的实例。;
【createtime】:2017-06-02 10:46:44.752;

【项目】:任务后台;
【大分组】:-1921663016;	【小分组】:-87523258;
【日志类型】:错误日志;
【标题】:Notify;
【内容】:未将对象引用设置到对象的实例。;
【createtime】:2017-06-02 10:46:55.826;

【项目】:任务后台;
【大分组】:-1921663016;	【小分组】:-789454343;
【日志类型】:错误日志;
【标题】:Notify;
【内容】:未将对象引用设置到对象的实例。;
【createtime】:2017-06-02 10:47:06.899;

【项目】:任务后台;
【大分组】:-1921663016;	【小分组】:726605550;
【日志类型】:错误日志;
【标题】:Notify;
【内容】:未将对象引用设置到对象的实例。;
【createtime】:2017-06-02 10:47:17.980;

【项目】:任务后台;
【大分组】:-1921663016;	【小分组】:918310179;
【日志类型】:错误日志;
【标题】:Notify;
【内容】:未将对象引用设置到对象的实例。;
【createtime】:2017-06-02 10:47:29.062;

【项目】:任务后台;
【大分组】:-1921663016;	【小分组】:878407212;
【日志类型】:错误日志;
【标题】:Notify;
【内容】:未将对象引用设置到对象的实例。;
【createtime】:2017-06-02 10:47:40.111;

【项目】:任务后台;
【大分组】:-1921663016;	【小分组】:1986840167;
【日志类型】:错误日志;
【标题】:Notify;
【内容】:未将对象引用设置到对象的实例。;
【createtime】:2017-06-02 10:47:51.185;

【项目】:任务后台;
【大分组】:-1921663016;	【小分组】:1900172453;
【日志类型】:错误日志;
【标题】:Notify;
【内容】:未将对象引用设置到对象的实例。;
【createtime】:2017-06-02 10:48:02.266;

【项目】:任务后台;
【大分组】:-1921663016;	【小分组】:864351519;
【日志类型】:错误日志;
【标题】:Notify;
【内容】:未将对象引用设置到对象的实例。;
【createtime】:2017-06-02 10:48:13.345;

【项目】:任务后台;
【大分组】:-1921663016;	【小分组】:324887679;
【日志类型】:错误日志;
【标题】:Notify;
【内容】:未将对象引用设置到对象的实例。;
【createtime】:2017-06-02 10:48:24.418;

【项目】:任务后台;
【大分组】:-1921663016;	【小分组】:-43660235;
【日志类型】:错误日志;
【标题】:Notify;
【内容】:未将对象引用设置到对象的实例。;
【createtime】:2017-06-02 10:48:35.477;

【项目】:任务后台;
【大分组】:-1921663016;	【小分组】:-1469216431;
【日志类型】:错误日志;
【标题】:Notify;
【内容】:未将对象引用设置到对象的实例。;
【createtime】:2017-06-02 10:48:46.550;

【项目】:任务后台;
【大分组】:-1921663016;	【小分组】:-750972754;
【日志类型】:错误日志;
【标题】:Notify;
【内容】:未将对象引用设置到对象的实例。;
【createtime】:2017-06-02 10:48:57.632;

【项目】:任务后台;
【大分组】:-1921663016;	【小分组】:382983062;
【日志类型】:错误日志;
【标题】:Notify;
【内容】:未将对象引用设置到对象的实例。;
【createtime】:2017-06-02 10:49:08.716;

【项目】:任务后台;
【大分组】:-1921663016;	【小分组】:-1414879775;
【日志类型】:错误日志;
【标题】:Notify;
【内容】:未将对象引用设置到对象的实例。;
【createtime】:2017-06-02 10:49:19.756;

【项目】:任务后台;
【大分组】:-1921663016;	【小分组】:2034361216;
【日志类型】:错误日志;
【标题】:Notify;
【内容】:未将对象引用设置到对象的实例。;
【createtime】:2017-06-02 10:54:05.581;

【项目】:任务后台;
【大分组】:-1921663016;	【小分组】:1042957831;
【日志类型】:错误日志;
【标题】:Notify;
【内容】:未将对象引用设置到对象的实例。;
【createtime】:2017-06-02 10:54:16.617;

【项目】:任务后台;
【大分组】:-1921663016;	【小分组】:181469241;
【日志类型】:错误日志;
【标题】:Notify;
【内容】:未将对象引用设置到对象的实例。;
【createtime】:2017-06-02 10:56:01.829;

【项目】:任务后台;
【大分组】:-1921663016;	【小分组】:1196820164;
【日志类型】:错误日志;
【标题】:Notify;
【内容】:未将对象引用设置到对象的实例。;
【createtime】:2017-06-02 10:56:12.873;

【项目】:任务后台;
【大分组】:-1921663016;	【小分组】:-1539545060;
【日志类型】:错误日志;
【标题】:Notify;
【内容】:未将对象引用设置到对象的实例。;
【createtime】:2017-06-02 10:56:23.910;

【项目】:任务后台;
【大分组】:-1921663016;	【小分组】:755743631;
【日志类型】:错误日志;
【标题】:Notify;
【内容】:未将对象引用设置到对象的实例。;
【createtime】:2017-06-02 10:56:59.140;

【项目】:任务后台;
【大分组】:-1921663016;	【小分组】:1340123558;
【日志类型】:错误日志;
【标题】:Notify;
【内容】:未将对象引用设置到对象的实例。;
【createtime】:2017-06-02 10:57:17.913;

【项目】:任务后台;
【大分组】:-1921663016;	【小分组】:661229089;
【日志类型】:错误日志;
【标题】:Notify;
【内容】:未将对象引用设置到对象的实例。;
【createtime】:2017-06-02 10:57:28.951;

【项目】:任务后台;
【大分组】:-1921663016;	【小分组】:-651160292;
【日志类型】:错误日志;
【标题】:Notify;
【内容】:未将对象引用设置到对象的实例。;
【createtime】:2017-06-02 10:57:39.981;

【项目】:任务后台;
【大分组】:-1921663016;	【小分组】:1732662215;
【日志类型】:错误日志;
【标题】:Notify;
【内容】:未将对象引用设置到对象的实例。;
【createtime】:2017-06-02 10:58:24.016;

【项目】:任务后台;
【大分组】:-1921663016;	【小分组】:-1797615716;
【日志类型】:错误日志;
【标题】:Notify;
【内容】:未将对象引用设置到对象的实例。;
【createtime】:2017-06-02 10:58:35.129;

【项目】:任务后台;
【大分组】:-1921663016;	【小分组】:1276181526;
【日志类型】:错误日志;
【标题】:Notify;
【内容】:未将对象引用设置到对象的实例。;
【createtime】:2017-06-02 10:58:46.200;

【项目】:任务后台;
【大分组】:-1921663016;	【小分组】:-487901202;
【日志类型】:错误日志;
【标题】:Notify;
【内容】:未将对象引用设置到对象的实例。;
【createtime】:2017-06-02 10:58:57.276;

【项目】:任务后台;
【大分组】:-1921663016;	【小分组】:1593115504;
【日志类型】:错误日志;
【标题】:Notify;
【内容】:未将对象引用设置到对象的实例。;
【createtime】:2017-06-02 10:59:08.355;

【项目】:任务后台;
【大分组】:-1921663016;	【小分组】:-232729102;
【日志类型】:错误日志;
【标题】:Notify;
【内容】:未将对象引用设置到对象的实例。;
【createtime】:2017-06-02 10:59:19.443;

【项目】:任务后台;
【大分组】:-1921663016;	【小分组】:466982009;
【日志类型】:错误日志;
【标题】:Notify;
【内容】:未将对象引用设置到对象的实例。;
【createtime】:2017-06-02 10:59:30.515;

【项目】:任务后台;
【大分组】:-1921663016;	【小分组】:-2041090652;
【日志类型】:错误日志;
【标题】:Notify;
【内容】:未将对象引用设置到对象的实例。;
【createtime】:2017-06-02 10:59:41.600;

【项目】:任务后台;
【大分组】:-1921663016;	【小分组】:-1644593225;
【日志类型】:错误日志;
【标题】:Notify;
【内容】:未将对象引用设置到对象的实例。;
【createtime】:2017-06-02 10:59:52.686;

【项目】:任务后台;
【大分组】:-1921663016;	【小分组】:-505761196;
【日志类型】:错误日志;
【标题】:Notify;
【内容】:未将对象引用设置到对象的实例。;
【createtime】:2017-06-02 11:00:03.774;

【项目】:任务后台;
【大分组】:-1921663016;	【小分组】:800221754;
【日志类型】:错误日志;
【标题】:Notify;
【内容】:未将对象引用设置到对象的实例。;
【createtime】:2017-06-02 11:00:51.757;

【项目】:任务后台;
【大分组】:-1921663016;	【小分组】:-1378632071;
【日志类型】:错误日志;
【标题】:Notify;
【内容】:未将对象引用设置到对象的实例。;
【createtime】:2017-06-02 11:01:02.761;

【项目】:任务后台;
【大分组】:-1921663016;	【小分组】:-592244519;
【日志类型】:错误日志;
【标题】:Notify;
【内容】:connected = false!;
【createtime】:2017-06-02 11:01:48.005;

【项目】:任务后台;
【大分组】:-1921663016;	【小分组】:1837110049;
【日志类型】:错误日志;
【标题】:Notify;
【内容】:connected = false!;
【createtime】:2017-06-02 11:01:59.015;

【项目】:任务后台;
【大分组】:-1921663016;	【小分组】:-1910063619;
【日志类型】:错误日志;
【标题】:Notify;
【内容】:connected = false!;
【createtime】:2017-06-02 11:02:10.023;

【项目】:任务后台;
【大分组】:-1921663016;	【小分组】:-720701396;
【日志类型】:错误日志;
【标题】:Notify;
【内容】:connected = false!;
【createtime】:2017-06-02 11:02:21.032;

【项目】:任务后台;
【大分组】:-1921663016;	【小分组】:2093304992;
【日志类型】:错误日志;
【标题】:Notify;
【内容】:connected = false!;
【createtime】:2017-06-02 11:02:32.041;

【项目】:任务后台;
【大分组】:-1921663016;	【小分组】:707197202;
【日志类型】:错误日志;
【标题】:Notify;
【内容】:connected = false!;
【createtime】:2017-06-02 11:02:43.049;

【项目】:任务后台;
【大分组】:-1921663016;	【小分组】:-475524550;
【日志类型】:错误日志;
【标题】:Notify;
【内容】:connected = false!;
【createtime】:2017-06-02 11:02:54.058;

【项目】:任务后台;
【大分组】:-1921663016;	【小分组】:1529627183;
【日志类型】:错误日志;
【标题】:Notify;
【内容】:connected = false!;
【createtime】:2017-06-02 11:03:05.066;

【项目】:任务后台;
【大分组】:-1921663016;	【小分组】:-6421230;
【日志类型】:错误日志;
【标题】:Notify;
【内容】:connected = false!;
【createtime】:2017-06-02 11:03:16.077;

【项目】:任务后台;
【大分组】:-1921663016;	【小分组】:-335455240;
【日志类型】:错误日志;
【标题】:Notify;
【内容】:connected = false!;
【createtime】:2017-06-02 11:03:27.088;

【项目】:任务后台;
【大分组】:-1921663016;	【小分组】:-353112379;
【日志类型】:错误日志;
【标题】:Notify;
【内容】:connected = false!;
【createtime】:2017-06-02 11:03:38.096;

【项目】:任务后台;
【大分组】:-1921663016;	【小分组】:1155728428;
【日志类型】:错误日志;
【标题】:Notify;
【内容】:connected = false!;
【createtime】:2017-06-02 11:03:49.103;

【项目】:任务后台;
【大分组】:-1921663016;	【小分组】:678610532;
【日志类型】:错误日志;
【标题】:Notify;
【内容】:connected = false!;
【createtime】:2017-06-02 11:04:00.110;

【项目】:任务后台;
【大分组】:-1921663016;	【小分组】:-1587618302;
【日志类型】:错误日志;
【标题】:Notify;
【内容】:connected = false!;
【createtime】:2017-06-02 11:04:11.118;

【项目】:任务后台;
【大分组】:-1921663016;	【小分组】:-260580936;
【日志类型】:错误日志;
【标题】:Notify;
【内容】:connected = false!;
【createtime】:2017-06-02 11:04:22.126;

【项目】:任务后台;
【大分组】:-1921663016;	【小分组】:-1430469051;
【日志类型】:错误日志;
【标题】:Notify;
【内容】:connected = false!;
【createtime】:2017-06-02 11:04:33.133;

【项目】:任务后台;
【大分组】:-1921663016;	【小分组】:-240559657;
【日志类型】:错误日志;
【标题】:Notify;
【内容】:connected = false!;
【createtime】:2017-06-02 11:04:44.142;

【项目】:任务后台;
【大分组】:-1921663016;	【小分组】:257037665;
【日志类型】:错误日志;
【标题】:Notify;
【内容】:connected = false!;
【createtime】:2017-06-02 11:04:55.152;

【项目】:任务后台;
【大分组】:-1921663016;	【小分组】:-160694033;
【日志类型】:错误日志;
【标题】:Notify;
【内容】:connected = false!;
【createtime】:2017-06-02 11:05:06.161;

【项目】:任务后台;
【大分组】:-1921663016;	【小分组】:-1626049216;
【日志类型】:错误日志;
【标题】:Notify;
【内容】:connected = false!;
【createtime】:2017-06-02 11:05:17.169;

【项目】:任务后台;
【大分组】:-1921663016;	【小分组】:-1607810058;
【日志类型】:错误日志;
【标题】:Notify;
【内容】:connected = false!;
【createtime】:2017-06-02 11:05:28.176;

【项目】:任务后台;
【大分组】:-1921663016;	【小分组】:429164910;
【日志类型】:错误日志;
【标题】:Notify;
【内容】:connected = false!;
【createtime】:2017-06-02 11:05:39.185;

【项目】:任务后台;
【大分组】:-1921663016;	【小分组】:-284291306;
【日志类型】:错误日志;
【标题】:Notify;
【内容】:connected = false!;
【createtime】:2017-06-02 11:05:50.194;

【项目】:任务后台;
【大分组】:-1921663016;	【小分组】:1487578361;
【日志类型】:错误日志;
【标题】:Notify;
【内容】:connected = false!;
【createtime】:2017-06-02 11:06:01.203;

【项目】:任务后台;
【大分组】:-1921663016;	【小分组】:272711196;
【日志类型】:错误日志;
【标题】:Notify;
【内容】:connected = false!;
【createtime】:2017-06-02 11:06:12.210;

【项目】:任务后台;
【大分组】:-1921663016;	【小分组】:-856121716;
【日志类型】:错误日志;
【标题】:Notify;
【内容】:connected = false!;
【createtime】:2017-06-02 11:06:23.219;

【项目】:任务后台;
【大分组】:-1921663016;	【小分组】:-1108682693;
【日志类型】:错误日志;
【标题】:Notify;
【内容】:connected = false!;
【createtime】:2017-06-02 11:06:34.228;

【项目】:任务后台;
【大分组】:-1921663016;	【小分组】:45443173;
【日志类型】:错误日志;
【标题】:Notify;
【内容】:connected = false!;
【createtime】:2017-06-02 11:06:45.236;

【项目】:任务后台;
【大分组】:-1921663016;	【小分组】:-1086646140;
【日志类型】:错误日志;
【标题】:Notify;
【内容】:connected = false!;
【createtime】:2017-06-02 11:06:56.245;

【项目】:任务后台;
【大分组】:-1921663016;	【小分组】:1733973160;
【日志类型】:错误日志;
【标题】:Notify;
【内容】:connected = false!;
【createtime】:2017-06-02 11:07:07.254;

【项目】:任务后台;
【大分组】:-1921663016;	【小分组】:68797809;
【日志类型】:错误日志;
【标题】:Notify;
【内容】:connected = false!;
【createtime】:2017-06-02 11:07:18.261;

【项目】:任务后台;
【大分组】:-1921663016;	【小分组】:421212814;
【日志类型】:错误日志;
【标题】:Notify;
【内容】:connected = false!;
【createtime】:2017-06-02 11:07:29.271;

【项目】:任务后台;
【大分组】:-1921663016;	【小分组】:-1130937415;
【日志类型】:错误日志;
【标题】:Notify;
【内容】:connected = false!;
【createtime】:2017-06-02 11:07:40.280;

【项目】:任务后台;
【大分组】:-1921663016;	【小分组】:-1850136327;
【日志类型】:错误日志;
【标题】:Notify;
【内容】:connected = false!;
【createtime】:2017-06-02 11:07:51.288;

【项目】:任务后台;
【大分组】:-1921663016;	【小分组】:-1576640801;
【日志类型】:错误日志;
【标题】:Notify;
【内容】:connected = false!;
【createtime】:2017-06-02 11:08:02.296;

【项目】:任务后台;
【大分组】:-1921663016;	【小分组】:445704326;
【日志类型】:错误日志;
【标题】:Notify;
【内容】:connected = false!;
【createtime】:2017-06-02 11:08:13.305;

【项目】:任务后台;
【大分组】:-1921663016;	【小分组】:-1589985387;
【日志类型】:错误日志;
【标题】:Notify;
【内容】:connected = false!;
【createtime】:2017-06-02 11:08:24.312;

【项目】:任务后台;
【大分组】:-1921663016;	【小分组】:1851770368;
【日志类型】:错误日志;
【标题】:Notify;
【内容】:connected = false!;
【createtime】:2017-06-02 11:08:35.323;

【项目】:任务后台;
【大分组】:-1921663016;	【小分组】:-493714980;
【日志类型】:错误日志;
【标题】:Notify;
【内容】:connected = false!;
【createtime】:2017-06-02 11:08:46.331;

【项目】:任务后台;
【大分组】:-1921663016;	【小分组】:2142205595;
【日志类型】:错误日志;
【标题】:Notify;
【内容】:connected = false!;
【createtime】:2017-06-02 11:08:57.338;

【项目】:任务后台;
【大分组】:-1921663016;	【小分组】:-550927913;
【日志类型】:错误日志;
【标题】:Notify;
【内容】:connected = false!;
【createtime】:2017-06-02 11:09:08.347;

【项目】:任务后台;
【大分组】:-1921663016;	【小分组】:637253591;
【日志类型】:错误日志;
【标题】:Notify;
【内容】:connected = false!;
【createtime】:2017-06-02 11:09:19.355;

【项目】:任务后台;
【大分组】:-1921663016;	【小分组】:1294469927;
【日志类型】:错误日志;
【标题】:Notify;
【内容】:connected = false!;
【createtime】:2017-06-02 11:09:30.364;

【项目】:任务后台;
【大分组】:-1921663016;	【小分组】:1977646167;
【日志类型】:错误日志;
【标题】:Notify;
【内容】:connected = false!;
【createtime】:2017-06-02 11:09:41.371;

【项目】:任务后台;
【大分组】:-1921663016;	【小分组】:602480323;
【日志类型】:错误日志;
【标题】:Notify;
【内容】:connected = false!;
【createtime】:2017-06-02 11:09:52.379;

【项目】:任务后台;
【大分组】:-1921663016;	【小分组】:1903529365;
【日志类型】:错误日志;
【标题】:Notify;
【内容】:connected = false!;
【createtime】:2017-06-02 11:10:03.387;

【项目】:任务后台;
【大分组】:-1921663016;	【小分组】:-2015755227;
【日志类型】:错误日志;
【标题】:Notify;
【内容】:connected = false!;
【createtime】:2017-06-02 11:10:14.395;

【项目】:任务后台;
【大分组】:-1921663016;	【小分组】:923990424;
【日志类型】:错误日志;
【标题】:Notify;
【内容】:connected = false!;
【createtime】:2017-06-02 11:10:25.402;

【项目】:任务后台;
【大分组】:-1921663016;	【小分组】:-548765462;
【日志类型】:错误日志;
【标题】:Notify;
【内容】:connected = false!;
【createtime】:2017-06-02 11:10:36.411;

【项目】:任务后台;
【大分组】:-1921663016;	【小分组】:-359404093;
【日志类型】:错误日志;
【标题】:Notify;
【内容】:connected = false!;
【createtime】:2017-06-02 11:10:47.418;

【项目】:任务后台;
【大分组】:-1921663016;	【小分组】:537168607;
【日志类型】:错误日志;
【标题】:Notify;
【内容】:connected = false!;
【createtime】:2017-06-02 11:10:58.428;

【项目】:任务后台;
【大分组】:-1921663016;	【小分组】:-896328002;
【日志类型】:错误日志;
【标题】:Notify;
【内容】:connected = false!;
【createtime】:2017-06-02 11:11:09.436;

【项目】:任务后台;
【大分组】:-1921663016;	【小分组】:-1749299647;
【日志类型】:错误日志;
【标题】:Notify;
【内容】:connected = false!;
【createtime】:2017-06-02 11:11:20.443;

【项目】:任务后台;
【大分组】:-1921663016;	【小分组】:-1910534212;
【日志类型】:错误日志;
【标题】:Notify;
【内容】:connected = false!;
【createtime】:2017-06-02 11:11:31.449;

【项目】:任务后台;
【大分组】:-1921663016;	【小分组】:1912936572;
【日志类型】:错误日志;
【标题】:Notify;
【内容】:connected = false!;
【createtime】:2017-06-02 11:11:42.459;

【项目】:任务后台;
【大分组】:-1921663016;	【小分组】:-1504691982;
【日志类型】:错误日志;
【标题】:Notify;
【内容】:connected = false!;
【createtime】:2017-06-02 11:11:53.469;

【项目】:任务后台;
【大分组】:-1921663016;	【小分组】:1600994933;
【日志类型】:错误日志;
【标题】:Notify;
【内容】:connected = false!;
【createtime】:2017-06-02 11:12:04.476;

【项目】:任务后台;
【大分组】:-1921663016;	【小分组】:103410141;
【日志类型】:错误日志;
【标题】:Notify;
【内容】:connected = false!;
【createtime】:2017-06-02 11:12:15.485;

【项目】:任务后台;
【大分组】:-1921663016;	【小分组】:216341897;
【日志类型】:错误日志;
【标题】:Notify;
【内容】:未将对象引用设置到对象的实例。;
【createtime】:2017-06-02 11:12:38.110;

【项目】:任务后台;
【大分组】:-1921663016;	【小分组】:1594397378;
【日志类型】:错误日志;
【标题】:Notify;
【内容】:未将对象引用设置到对象的实例。;
【createtime】:2017-06-02 11:12:49.115;

【项目】:任务后台;
【大分组】:-1921663016;	【小分组】:-1831144526;
【日志类型】:错误日志;
【标题】:Notify;
【内容】:未将对象引用设置到对象的实例。;
【createtime】:2017-06-02 11:13:00.117;

【项目】:任务后台;
【大分组】:-1921663016;	【小分组】:-1669611521;
【日志类型】:错误日志;
【标题】:Notify;
【内容】:未将对象引用设置到对象的实例。;
【createtime】:2017-06-02 11:40:59.760;

【项目】:任务后台;
【大分组】:-1921663016;	【小分组】:-60277854;
【日志类型】:错误日志;
【标题】:Notify;
【内容】:未将对象引用设置到对象的实例。;
【createtime】:2017-06-02 11:41:10.768;

【项目】:任务后台;
【大分组】:-1921663016;	【小分组】:882344535;
【日志类型】:错误日志;
【标题】:Notify;
【内容】:未将对象引用设置到对象的实例。;
【createtime】:2017-06-02 11:42:36.066;

【项目】:任务后台;
【大分组】:-1921663016;	【小分组】:-704859;
【日志类型】:错误日志;
【标题】:Notify;
【内容】:未将对象引用设置到对象的实例。;
【createtime】:2017-06-02 11:42:47.068;

【项目】:任务后台;
【大分组】:-1921663016;	【小分组】:1073865978;
【日志类型】:错误日志;
【标题】:Notify;
【内容】:connected = false!;
【createtime】:2017-06-02 11:43:39.409;

【项目】:任务后台;
【大分组】:-1921663016;	【小分组】:325624973;
【日志类型】:错误日志;
【标题】:Notify;
【内容】:connected = false!;
【createtime】:2017-06-02 11:43:50.416;

【项目】:任务后台;
【大分组】:-1921663016;	【小分组】:1643632812;
【日志类型】:错误日志;
【标题】:Notify;
【内容】:connected = false!;
【createtime】:2017-06-02 11:44:01.424;

【项目】:任务后台;
【大分组】:-1921663016;	【小分组】:1819650164;
【日志类型】:错误日志;
【标题】:Notify;
【内容】:connected = false!;
【createtime】:2017-06-02 11:44:12.433;

【项目】:任务后台;
【大分组】:-1921663016;	【小分组】:-1084958062;
【日志类型】:错误日志;
【标题】:Notify;
【内容】:connected = false!;
【createtime】:2017-06-02 11:44:23.441;

【项目】:任务后台;
【大分组】:-1921663016;	【小分组】:-695588827;
【日志类型】:错误日志;
【标题】:Notify;
【内容】:connected = false!;
【createtime】:2017-06-02 11:44:34.449;

【项目】:任务后台;
【大分组】:-1921663016;	【小分组】:891209769;
【日志类型】:错误日志;
【标题】:Notify;
【内容】:未将对象引用设置到对象的实例。;
【createtime】:2017-06-02 11:48:00.827;

【项目】:任务后台;
【大分组】:-1921663016;	【小分组】:-87956302;
【日志类型】:错误日志;
【标题】:Notify;
【内容】:connected = false!;
【createtime】:2017-06-02 12:01:28.143;

【项目】:任务后台;
【大分组】:-1921663016;	【小分组】:-449036876;
【日志类型】:错误日志;
【标题】:Notify;
【内容】:connected = false!;
【createtime】:2017-06-02 12:01:39.235;

【项目】:任务后台;
【大分组】:-1921663016;	【小分组】:-1607895483;
【日志类型】:错误日志;
【标题】:Notify;
【内容】:connected = false!;
【createtime】:2017-06-02 12:01:50.316;

【项目】:任务后台;
【大分组】:-1921663016;	【小分组】:-93617484;
【日志类型】:错误日志;
【标题】:Notify;
【内容】:connected = false!;
【createtime】:2017-06-02 12:02:01.392;

【项目】:任务后台;
【大分组】:-1921663016;	【小分组】:-175451888;
【日志类型】:错误日志;
【标题】:Notify;
【内容】:connected = false!;
【createtime】:2017-06-02 12:03:33.104;

【项目】:任务后台;
【大分组】:-1921663016;	【小分组】:-1449096720;
【日志类型】:错误日志;
【标题】:Notify;
【内容】:connected = false!;
【createtime】:2017-06-02 12:05:49.604;

【项目】:任务后台;
【大分组】:-1921663016;	【小分组】:-352854152;
【日志类型】:错误日志;
【标题】:Notify;
【内容】:connected = false!;
【createtime】:2017-06-02 12:07:23.919;

【项目】:任务后台;
【大分组】:-1921663016;	【小分组】:-853909852;
【日志类型】:错误日志;
【标题】:Notify;
【内容】:未将对象引用设置到对象的实例。;
【createtime】:2017-06-02 12:20:05.653;

【项目】:任务后台;
【大分组】:-1921663016;	【小分组】:1033115442;
【日志类型】:错误日志;
【标题】:Notify;
【内容】:connected = false!;
【createtime】:2017-06-02 12:20:38.324;

【项目】:任务后台;
【大分组】:-1921663016;	【小分组】:233213879;
【日志类型】:错误日志;
【标题】:Notify;
【内容】:connected = false!;
【createtime】:2017-06-02 12:20:44.933;

【项目】:任务后台;
【大分组】:-1921663016;	【小分组】:-1987527729;
【日志类型】:错误日志;
【标题】:Notify;
【内容】:connected = false!;
【createtime】:2017-06-02 12:21:05.917;

【项目】:任务后台;
【大分组】:-1921663016;	【小分组】:489144090;
【日志类型】:错误日志;
【标题】:Notify;
【内容】:connected = false!;
【createtime】:2017-06-02 12:21:15.252;

【项目】:任务后台;
【大分组】:-1921663016;	【小分组】:-1298671331;
【日志类型】:错误日志;
【标题】:Notify;
【内容】:connected = false!;
【createtime】:2017-06-02 12:21:58.204;

