【项目】:任务后台;
【大分组】:-1921663016;	【小分组】:-484981386;
【日志类型】:错误日志;
【标题】:Notify;
【内容】:Object reference not set to an instance of an object.;
【createtime】:2017-09-12 10:04:29.744;

【项目】:任务后台;
【大分组】:-1921663016;	【小分组】:817186453;
【日志类型】:错误日志;
【标题】:Notify;
【内容】:Object reference not set to an instance of an object.;
【createtime】:2017-09-12 10:04:40.792;

【项目】:任务后台;
【大分组】:-1921663016;	【小分组】:-236942592;
【日志类型】:错误日志;
【标题】:Notify;
【内容】:Object reference not set to an instance of an object.;
【createtime】:2017-09-12 10:04:51.862;

【项目】:任务后台;
【大分组】:-1921663016;	【小分组】:435357682;
【日志类型】:错误日志;
【标题】:Notify;
【内容】:Object reference not set to an instance of an object.;
【createtime】:2017-09-12 10:05:02.938;

【项目】:任务后台;
【大分组】:-1921663016;	【小分组】:-2036807666;
【日志类型】:错误日志;
【标题】:Notify;
【内容】:Object reference not set to an instance of an object.;
【createtime】:2017-09-12 10:05:13.998;

【项目】:任务后台;
【大分组】:-1921663016;	【小分组】:1998101291;
【日志类型】:错误日志;
【标题】:Notify;
【内容】:Object reference not set to an instance of an object.;
【createtime】:2017-09-12 10:05:25.107;

【项目】:任务后台;
【大分组】:-1921663016;	【小分组】:-737760827;
【日志类型】:错误日志;
【标题】:Notify;
【内容】:Object reference not set to an instance of an object.;
【createtime】:2017-09-12 10:05:36.187;

【项目】:任务后台;
【大分组】:-1921663016;	【小分组】:-95039012;
【日志类型】:错误日志;
【标题】:Notify;
【内容】:Object reference not set to an instance of an object.;
【createtime】:2017-09-12 10:05:47.272;

【项目】:任务后台;
【大分组】:-1921663016;	【小分组】:-1257099118;
【日志类型】:错误日志;
【标题】:Notify;
【内容】:Object reference not set to an instance of an object.;
【createtime】:2017-09-12 10:24:15.471;

【项目】:任务后台;
【大分组】:-1921663016;	【小分组】:-1977662211;
【日志类型】:错误日志;
【标题】:Notify;
【内容】:Object reference not set to an instance of an object.;
【createtime】:2017-09-12 10:24:26.524;

【项目】:任务后台;
【大分组】:-1921663016;	【小分组】:304839469;
【日志类型】:错误日志;
【标题】:Notify;
【内容】:Object reference not set to an instance of an object.;
【createtime】:2017-09-12 10:24:37.554;

【项目】:任务后台;
【大分组】:-1921663016;	【小分组】:-1825175422;
【日志类型】:错误日志;
【标题】:Notify;
【内容】:Object reference not set to an instance of an object.;
【createtime】:2017-09-12 10:24:48.617;

【项目】:任务后台;
【大分组】:-1921663016;	【小分组】:1213488;
【日志类型】:错误日志;
【标题】:Notify;
【内容】:Object reference not set to an instance of an object.;
【createtime】:2017-09-12 10:24:59.693;

【项目】:任务后台;
【大分组】:-1921663016;	【小分组】:-1341344689;
【日志类型】:错误日志;
【标题】:Notify;
【内容】:Object reference not set to an instance of an object.;
【createtime】:2017-09-12 10:25:10.771;

【项目】:任务后台;
【大分组】:-1921663016;	【小分组】:149782736;
【日志类型】:错误日志;
【标题】:Notify;
【内容】:Object reference not set to an instance of an object.;
【createtime】:2017-09-12 10:25:21.848;

【项目】:任务后台;
【大分组】:-1921663016;	【小分组】:-542947943;
【日志类型】:错误日志;
【标题】:Notify;
【内容】:Object reference not set to an instance of an object.;
【createtime】:2017-09-12 10:25:32.909;

【项目】:任务后台;
【大分组】:-1921663016;	【小分组】:-1948508666;
【日志类型】:错误日志;
【标题】:Notify;
【内容】:Object reference not set to an instance of an object.;
【createtime】:2017-09-12 10:25:43.986;

【项目】:任务后台;
【大分组】:-1921663016;	【小分组】:1057444613;
【日志类型】:错误日志;
【标题】:Notify;
【内容】:Object reference not set to an instance of an object.;
【createtime】:2017-09-12 10:25:55.061;

【项目】:任务后台;
【大分组】:-1921663016;	【小分组】:-359299630;
【日志类型】:错误日志;
【标题】:Notify;
【内容】:Object reference not set to an instance of an object.;
【createtime】:2017-09-12 10:26:06.132;

【项目】:任务后台;
【大分组】:-1921663016;	【小分组】:-693120636;
【日志类型】:错误日志;
【标题】:Notify;
【内容】:Object reference not set to an instance of an object.;
【createtime】:2017-09-12 10:26:17.205;

【项目】:任务后台;
【大分组】:-1921663016;	【小分组】:-1044923477;
【日志类型】:错误日志;
【标题】:Notify;
【内容】:Object reference not set to an instance of an object.;
【createtime】:2017-09-12 10:26:28.252;

【项目】:任务后台;
【大分组】:-1921663016;	【小分组】:-593600138;
【日志类型】:错误日志;
【标题】:Notify;
【内容】:Object reference not set to an instance of an object.;
【createtime】:2017-09-12 10:26:39.340;

【项目】:任务后台;
【大分组】:-1921663016;	【小分组】:373057233;
【日志类型】:错误日志;
【标题】:Notify;
【内容】:Object reference not set to an instance of an object.;
【createtime】:2017-09-12 10:26:50.415;

【项目】:任务后台;
【大分组】:-1921663016;	【小分组】:1861767074;
【日志类型】:错误日志;
【标题】:Notify;
【内容】:Object reference not set to an instance of an object.;
【createtime】:2017-09-12 10:27:01.489;

【项目】:任务后台;
【大分组】:-1921663016;	【小分组】:-1471264419;
【日志类型】:错误日志;
【标题】:Notify;
【内容】:Object reference not set to an instance of an object.;
【createtime】:2017-09-12 10:27:12.560;

【项目】:任务后台;
【大分组】:-1921663016;	【小分组】:-897185240;
【日志类型】:错误日志;
【标题】:Notify;
【内容】:Object reference not set to an instance of an object.;
【createtime】:2017-09-12 14:18:42.122;

【项目】:任务后台;
【大分组】:-1921663016;	【小分组】:502022499;
【日志类型】:错误日志;
【标题】:Notify;
【内容】:Object reference not set to an instance of an object.;
【createtime】:2017-09-12 14:18:53.169;

【项目】:任务后台;
【大分组】:-1921663016;	【小分组】:-1352741367;
【日志类型】:错误日志;
【标题】:Notify;
【内容】:Object reference not set to an instance of an object.;
【createtime】:2017-09-12 14:19:04.230;

【项目】:任务后台;
【大分组】:-1921663016;	【小分组】:-1580044982;
【日志类型】:错误日志;
【标题】:Notify;
【内容】:Object reference not set to an instance of an object.;
【createtime】:2017-09-12 14:19:15.276;

【项目】:任务后台;
【大分组】:-1921663016;	【小分组】:1889499459;
【日志类型】:错误日志;
【标题】:Notify;
【内容】:Object reference not set to an instance of an object.;
【createtime】:2017-09-12 14:19:26.382;

【项目】:任务后台;
【大分组】:-1921663016;	【小分组】:-1586506488;
【日志类型】:错误日志;
【标题】:Notify;
【内容】:Object reference not set to an instance of an object.;
【createtime】:2017-09-12 14:19:37.467;

【项目】:任务后台;
【大分组】:-1921663016;	【小分组】:-78409702;
【日志类型】:错误日志;
【标题】:Notify;
【内容】:Object reference not set to an instance of an object.;
【createtime】:2017-09-12 14:19:48.550;

【项目】:任务后台;
【大分组】:-1921663016;	【小分组】:2080532838;
【日志类型】:错误日志;
【标题】:Notify;
【内容】:Object reference not set to an instance of an object.;
【createtime】:2017-09-12 14:19:59.632;

【项目】:任务后台;
【大分组】:-1921663016;	【小分组】:1880589947;
【日志类型】:错误日志;
【标题】:Notify;
【内容】:Object reference not set to an instance of an object.;
【createtime】:2017-09-12 14:20:10.704;

【项目】:任务后台;
【大分组】:-1921663016;	【小分组】:-320542023;
【日志类型】:错误日志;
【标题】:Notify;
【内容】:Object reference not set to an instance of an object.;
【createtime】:2017-09-12 14:20:21.741;

【项目】:任务后台;
【大分组】:-1921663016;	【小分组】:1143231403;
【日志类型】:错误日志;
【标题】:Notify;
【内容】:Object reference not set to an instance of an object.;
【createtime】:2017-09-12 14:20:32.818;

【项目】:任务后台;
【大分组】:-1921663016;	【小分组】:1037825297;
【日志类型】:错误日志;
【标题】:Notify;
【内容】:Object reference not set to an instance of an object.;
【createtime】:2017-09-12 14:20:43.877;

【项目】:任务后台;
【大分组】:-1921663016;	【小分组】:-1773467866;
【日志类型】:错误日志;
【标题】:Notify;
【内容】:Object reference not set to an instance of an object.;
【createtime】:2017-09-12 14:20:54.987;

【项目】:任务后台;
【大分组】:-1921663016;	【小分组】:-40915638;
【日志类型】:错误日志;
【标题】:Notify;
【内容】:Object reference not set to an instance of an object.;
【createtime】:2017-09-12 14:21:06.097;

【项目】:任务后台;
【大分组】:-1921663016;	【小分组】:-542825407;
【日志类型】:错误日志;
【标题】:Notify;
【内容】:Object reference not set to an instance of an object.;
【createtime】:2017-09-12 14:21:17.162;

【项目】:任务后台;
【大分组】:-1921663016;	【小分组】:1488590069;
【日志类型】:错误日志;
【标题】:Notify;
【内容】:Object reference not set to an instance of an object.;
【createtime】:2017-09-12 14:21:28.218;

【项目】:任务后台;
【大分组】:-1921663016;	【小分组】:319766488;
【日志类型】:错误日志;
【标题】:Notify;
【内容】:Object reference not set to an instance of an object.;
【createtime】:2017-09-12 14:21:39.337;

【项目】:任务后台;
【大分组】:-1921663016;	【小分组】:-1399459921;
【日志类型】:错误日志;
【标题】:Notify;
【内容】:Object reference not set to an instance of an object.;
【createtime】:2017-09-12 14:21:50.421;

【项目】:任务后台;
【大分组】:-1921663016;	【小分组】:-523467576;
【日志类型】:错误日志;
【标题】:Notify;
【内容】:Object reference not set to an instance of an object.;
【createtime】:2017-09-12 14:22:01.526;

【项目】:任务后台;
【大分组】:-1921663016;	【小分组】:1817067324;
【日志类型】:错误日志;
【标题】:Notify;
【内容】:Object reference not set to an instance of an object.;
【createtime】:2017-09-12 14:22:12.606;

【项目】:任务后台;
【大分组】:-1921663016;	【小分组】:1441161579;
【日志类型】:错误日志;
【标题】:Notify;
【内容】:Object reference not set to an instance of an object.;
【createtime】:2017-09-12 14:22:23.686;

【项目】:任务后台;
【大分组】:-1921663016;	【小分组】:-1801212636;
【日志类型】:错误日志;
【标题】:Notify;
【内容】:Object reference not set to an instance of an object.;
【createtime】:2017-09-12 14:22:34.777;

【项目】:任务后台;
【大分组】:-1921663016;	【小分组】:-969207860;
【日志类型】:错误日志;
【标题】:Notify;
【内容】:Object reference not set to an instance of an object.;
【createtime】:2017-09-12 14:22:45.858;

【项目】:任务后台;
【大分组】:-1921663016;	【小分组】:-1350306007;
【日志类型】:错误日志;
【标题】:Notify;
【内容】:Object reference not set to an instance of an object.;
【createtime】:2017-09-12 14:22:56.969;

【项目】:任务后台;
【大分组】:-1921663016;	【小分组】:-505937244;
【日志类型】:错误日志;
【标题】:Notify;
【内容】:Object reference not set to an instance of an object.;
【createtime】:2017-09-12 14:23:08.060;

【项目】:任务后台;
【大分组】:-1921663016;	【小分组】:-1141073142;
【日志类型】:错误日志;
【标题】:Notify;
【内容】:Object reference not set to an instance of an object.;
【createtime】:2017-09-12 14:23:19.139;

【项目】:任务后台;
【大分组】:-1921663016;	【小分组】:146838722;
【日志类型】:错误日志;
【标题】:Notify;
【内容】:Object reference not set to an instance of an object.;
【createtime】:2017-09-12 14:23:30.234;

【项目】:任务后台;
【大分组】:-1921663016;	【小分组】:1623369891;
【日志类型】:错误日志;
【标题】:Notify;
【内容】:Object reference not set to an instance of an object.;
【createtime】:2017-09-12 14:23:41.322;

【项目】:任务后台;
【大分组】:-1921663016;	【小分组】:-2060837290;
【日志类型】:错误日志;
【标题】:Notify;
【内容】:Object reference not set to an instance of an object.;
【createtime】:2017-09-12 14:23:52.417;

【项目】:任务后台;
【大分组】:-1921663016;	【小分组】:1379386115;
【日志类型】:错误日志;
【标题】:Notify;
【内容】:Object reference not set to an instance of an object.;
【createtime】:2017-09-12 14:24:03.496;

【项目】:任务后台;
【大分组】:-1921663016;	【小分组】:-583313936;
【日志类型】:错误日志;
【标题】:Notify;
【内容】:Object reference not set to an instance of an object.;
【createtime】:2017-09-12 14:24:14.591;

【项目】:任务后台;
【大分组】:-1921663016;	【小分组】:-512879200;
【日志类型】:错误日志;
【标题】:Notify;
【内容】:Object reference not set to an instance of an object.;
【createtime】:2017-09-12 14:24:25.673;

【项目】:任务后台;
【大分组】:-1921663016;	【小分组】:247335532;
【日志类型】:错误日志;
【标题】:Notify;
【内容】:Object reference not set to an instance of an object.;
【createtime】:2017-09-12 14:24:36.768;

【项目】:任务后台;
【大分组】:-1921663016;	【小分组】:1214457055;
【日志类型】:错误日志;
【标题】:Notify;
【内容】:Object reference not set to an instance of an object.;
【createtime】:2017-09-12 14:24:47.859;

【项目】:任务后台;
【大分组】:-1921663016;	【小分组】:-1178145452;
【日志类型】:错误日志;
【标题】:Notify;
【内容】:Object reference not set to an instance of an object.;
【createtime】:2017-09-12 14:24:58.971;

【项目】:任务后台;
【大分组】:-1921663016;	【小分组】:-1393689312;
【日志类型】:错误日志;
【标题】:Notify;
【内容】:Object reference not set to an instance of an object.;
【createtime】:2017-09-12 14:25:10.056;

【项目】:任务后台;
【大分组】:-1921663016;	【小分组】:-1310434545;
【日志类型】:错误日志;
【标题】:Notify;
【内容】:Object reference not set to an instance of an object.;
【createtime】:2017-09-12 14:25:21.108;

【项目】:任务后台;
【大分组】:-1921663016;	【小分组】:960021536;
【日志类型】:错误日志;
【标题】:Notify;
【内容】:Object reference not set to an instance of an object.;
【createtime】:2017-09-12 14:25:32.209;

【项目】:任务后台;
【大分组】:-1921663016;	【小分组】:-397406187;
【日志类型】:错误日志;
【标题】:Notify;
【内容】:Object reference not set to an instance of an object.;
【createtime】:2017-09-12 14:25:43.304;

【项目】:任务后台;
【大分组】:-1921663016;	【小分组】:893969614;
【日志类型】:错误日志;
【标题】:Notify;
【内容】:Object reference not set to an instance of an object.;
【createtime】:2017-09-12 14:25:54.383;

【项目】:任务后台;
【大分组】:-1921663016;	【小分组】:241891448;
【日志类型】:错误日志;
【标题】:Notify;
【内容】:Object reference not set to an instance of an object.;
【createtime】:2017-09-12 14:26:05.484;

【项目】:任务后台;
【大分组】:-1921663016;	【小分组】:339331497;
【日志类型】:错误日志;
【标题】:Notify;
【内容】:Object reference not set to an instance of an object.;
【createtime】:2017-09-12 14:26:16.586;

【项目】:任务后台;
【大分组】:-1921663016;	【小分组】:-1747986885;
【日志类型】:错误日志;
【标题】:Notify;
【内容】:Object reference not set to an instance of an object.;
【createtime】:2017-09-12 14:26:27.642;

【项目】:任务后台;
【大分组】:-1921663016;	【小分组】:341637433;
【日志类型】:错误日志;
【标题】:Notify;
【内容】:Object reference not set to an instance of an object.;
【createtime】:2017-09-12 14:26:38.725;

【项目】:任务后台;
【大分组】:-1921663016;	【小分组】:-1404097337;
【日志类型】:错误日志;
【标题】:Notify;
【内容】:Object reference not set to an instance of an object.;
【createtime】:2017-09-12 14:26:49.817;

【项目】:任务后台;
【大分组】:-1921663016;	【小分组】:1240510224;
【日志类型】:错误日志;
【标题】:Notify;
【内容】:Object reference not set to an instance of an object.;
【createtime】:2017-09-12 14:27:00.871;

【项目】:任务后台;
【大分组】:-1921663016;	【小分组】:1666632357;
【日志类型】:错误日志;
【标题】:Notify;
【内容】:Object reference not set to an instance of an object.;
【createtime】:2017-09-12 14:27:11.955;

【项目】:任务后台;
【大分组】:-1921663016;	【小分组】:-1116516497;
【日志类型】:错误日志;
【标题】:Notify;
【内容】:Object reference not set to an instance of an object.;
【createtime】:2017-09-12 14:27:23.040;

【项目】:任务后台;
【大分组】:-1921663016;	【小分组】:-1868101289;
【日志类型】:错误日志;
【标题】:Notify;
【内容】:Object reference not set to an instance of an object.;
【createtime】:2017-09-12 14:27:34.089;

【项目】:任务后台;
【大分组】:-1921663016;	【小分组】:1396613312;
【日志类型】:错误日志;
【标题】:Notify;
【内容】:Object reference not set to an instance of an object.;
【createtime】:2017-09-12 14:27:45.172;

【项目】:任务后台;
【大分组】:-1921663016;	【小分组】:-359632495;
【日志类型】:错误日志;
【标题】:Notify;
【内容】:Object reference not set to an instance of an object.;
【createtime】:2017-09-12 14:27:56.237;

【项目】:任务后台;
【大分组】:-1921663016;	【小分组】:-1139411376;
【日志类型】:错误日志;
【标题】:Notify;
【内容】:Object reference not set to an instance of an object.;
【createtime】:2017-09-12 14:28:07.321;

【项目】:任务后台;
【大分组】:-1921663016;	【小分组】:-860466843;
【日志类型】:错误日志;
【标题】:Notify;
【内容】:Object reference not set to an instance of an object.;
【createtime】:2017-09-12 14:28:18.403;

【项目】:任务后台;
【大分组】:-1921663016;	【小分组】:-405870767;
【日志类型】:错误日志;
【标题】:Notify;
【内容】:Object reference not set to an instance of an object.;
【createtime】:2017-09-12 14:28:29.489;

【项目】:任务后台;
【大分组】:-1921663016;	【小分组】:1243781636;
【日志类型】:错误日志;
【标题】:Notify;
【内容】:Object reference not set to an instance of an object.;
【createtime】:2017-09-12 14:28:40.572;

【项目】:任务后台;
【大分组】:-1921663016;	【小分组】:438058563;
【日志类型】:错误日志;
【标题】:Notify;
【内容】:Object reference not set to an instance of an object.;
【createtime】:2017-09-12 14:28:51.644;

【项目】:任务后台;
【大分组】:-1921663016;	【小分组】:1008703746;
【日志类型】:错误日志;
【标题】:Notify;
【内容】:Object reference not set to an instance of an object.;
【createtime】:2017-09-12 14:29:02.735;

【项目】:任务后台;
【大分组】:-1921663016;	【小分组】:451510510;
【日志类型】:错误日志;
【标题】:Notify;
【内容】:Object reference not set to an instance of an object.;
【createtime】:2017-09-12 14:29:13.821;

【项目】:任务后台;
【大分组】:-1921663016;	【小分组】:2040907149;
【日志类型】:错误日志;
【标题】:Notify;
【内容】:Object reference not set to an instance of an object.;
【createtime】:2017-09-12 14:29:24.911;

【项目】:任务后台;
【大分组】:-1921663016;	【小分组】:-543526148;
【日志类型】:错误日志;
【标题】:Notify;
【内容】:Object reference not set to an instance of an object.;
【createtime】:2017-09-12 14:29:36.010;

【项目】:任务后台;
【大分组】:-1921663016;	【小分组】:-1434563373;
【日志类型】:错误日志;
【标题】:Notify;
【内容】:Object reference not set to an instance of an object.;
【createtime】:2017-09-12 14:29:47.074;

【项目】:任务后台;
【大分组】:-1921663016;	【小分组】:612992791;
【日志类型】:错误日志;
【标题】:Notify;
【内容】:Object reference not set to an instance of an object.;
【createtime】:2017-09-12 14:29:58.177;

【项目】:任务后台;
【大分组】:-1921663016;	【小分组】:339012128;
【日志类型】:错误日志;
【标题】:Notify;
【内容】:Object reference not set to an instance of an object.;
【createtime】:2017-09-12 14:30:09.254;

【项目】:任务后台;
【大分组】:-1921663016;	【小分组】:-1148417747;
【日志类型】:错误日志;
【标题】:Notify;
【内容】:Object reference not set to an instance of an object.;
【createtime】:2017-09-12 14:30:20.349;

【项目】:任务后台;
【大分组】:-1921663016;	【小分组】:-1285176057;
【日志类型】:错误日志;
【标题】:Notify;
【内容】:Object reference not set to an instance of an object.;
【createtime】:2017-09-12 14:30:31.444;

【项目】:任务后台;
【大分组】:-1921663016;	【小分组】:-1543329128;
【日志类型】:错误日志;
【标题】:Notify;
【内容】:Object reference not set to an instance of an object.;
【createtime】:2017-09-12 14:30:42.523;

【项目】:任务后台;
【大分组】:-1921663016;	【小分组】:-708476639;
【日志类型】:错误日志;
【标题】:Notify;
【内容】:Object reference not set to an instance of an object.;
【createtime】:2017-09-12 14:30:53.594;

