【项目】:任务后台;
【大分组】:-1921663016;	【小分组】:836221432;
【日志类型】:错误日志;
【标题】:Notify;
【内容】:未将对象引用设置到对象的实例。;
【createtime】:2017-05-15 14:21:32.499;

【项目】:任务后台;
【大分组】:908752084;	【小分组】:36007420;
【日志类型】:错误日志;
【标题】:sql错误[1239642637];
【内容】:【错误说明】参数化查询 '(@begintime nvarchar(4000),@endtime nvarchar(4000),@taskid nvarc' 需要参数 '@begintime'，但未提供该参数。;
	【sql】:select count(1) from taskWorkLog170515   with(nolock)  where 1=1  ;
	【参数】:@@begintime:  ,@@endtime:  ,@@taskid:  ,@@nodeid:  ,@@logtype:0  ,@@runguid:  ,@@keywords:  ,@@startindex:1  ,@@pagesize:20  ;;
【createtime】:2017-05-15 14:21:43.844;

【项目】:任务后台;
【大分组】:-1921663016;	【小分组】:1444560359;
【日志类型】:错误日志;
【标题】:Notify;
【内容】:未将对象引用设置到对象的实例。;
【createtime】:2017-05-15 14:21:45.031;

【项目】:任务后台;
【大分组】:-1921663016;	【小分组】:-1345739282;
【日志类型】:错误日志;
【标题】:Notify;
【内容】:未将对象引用设置到对象的实例。;
【createtime】:2017-05-15 14:21:56.069;

【项目】:任务后台;
【大分组】:-1921663016;	【小分组】:-1073479211;
【日志类型】:错误日志;
【标题】:Notify;
【内容】:未将对象引用设置到对象的实例。;
【createtime】:2017-05-15 14:22:07.124;

【项目】:任务后台;
【大分组】:-1921663016;	【小分组】:-2143908417;
【日志类型】:错误日志;
【标题】:Notify;
【内容】:未将对象引用设置到对象的实例。;
【createtime】:2017-05-15 14:22:18.165;

【项目】:任务后台;
【大分组】:-1921663016;	【小分组】:514891551;
【日志类型】:错误日志;
【标题】:Notify;
【内容】:未将对象引用设置到对象的实例。;
【createtime】:2017-05-15 14:25:53.052;

【项目】:任务后台;
【大分组】:908752084;	【小分组】:59377834;
【日志类型】:错误日志;
【标题】:sql错误[1239642637];
【内容】:【错误说明】参数化查询 '(@begintime nvarchar(4000),@endtime nvarchar(4000),@taskid nvarc' 需要参数 '@begintime'，但未提供该参数。;
	【sql】:select count(1) from taskWorkLog170515   with(nolock)  where 1=1  ;
	【参数】:@begintime:  ,@endtime:  ,@taskid:  ,@nodeid:  ,@logtype:0  ,@runguid:  ,@keywords:  ,@startindex:1  ,@pagesize:20  ;;
【createtime】:2017-05-15 14:25:58.768;

【项目】:任务后台;
【大分组】:-1921663016;	【小分组】:-363640959;
【日志类型】:错误日志;
【标题】:Notify;
【内容】:未将对象引用设置到对象的实例。;
【createtime】:2017-05-15 14:26:11.055;

【项目】:任务后台;
【大分组】:-1921663016;	【小分组】:2049378594;
【日志类型】:错误日志;
【标题】:Notify;
【内容】:未将对象引用设置到对象的实例。;
【createtime】:2017-05-15 14:26:22.117;

【项目】:任务后台;
【大分组】:-1921663016;	【小分组】:231046285;
【日志类型】:错误日志;
【标题】:Notify;
【内容】:未将对象引用设置到对象的实例。;
【createtime】:2017-05-15 14:26:33.163;

【项目】:任务后台;
【大分组】:-1921663016;	【小分组】:1867253024;
【日志类型】:错误日志;
【标题】:Notify;
【内容】:未将对象引用设置到对象的实例。;
【createtime】:2017-05-15 14:26:44.232;

【项目】:任务后台;
【大分组】:-1921663016;	【小分组】:1186044427;
【日志类型】:错误日志;
【标题】:Notify;
【内容】:未将对象引用设置到对象的实例。;
【createtime】:2017-05-15 14:26:55.314;

【项目】:任务后台;
【大分组】:-1921663016;	【小分组】:-753635970;
【日志类型】:错误日志;
【标题】:Notify;
【内容】:未将对象引用设置到对象的实例。;
【createtime】:2017-05-15 14:29:01.192;

【项目】:任务后台;
【大分组】:-1921663016;	【小分组】:719772625;
【日志类型】:错误日志;
【标题】:Notify;
【内容】:未将对象引用设置到对象的实例。;
【createtime】:2017-05-15 14:29:12.225;

【项目】:任务后台;
【大分组】:-1921663016;	【小分组】:724396092;
【日志类型】:错误日志;
【标题】:Notify;
【内容】:未将对象引用设置到对象的实例。;
【createtime】:2017-05-15 14:29:25.631;

【项目】:任务后台;
【大分组】:-1921663016;	【小分组】:-1521767793;
【日志类型】:错误日志;
【标题】:Notify;
【内容】:未将对象引用设置到对象的实例。;
【createtime】:2017-05-15 14:29:36.681;

【项目】:任务后台;
【大分组】:-1921663016;	【小分组】:1473287083;
【日志类型】:错误日志;
【标题】:Notify;
【内容】:未将对象引用设置到对象的实例。;
【createtime】:2017-05-15 14:29:47.767;

【项目】:任务后台;
【大分组】:-1921663016;	【小分组】:2117715911;
【日志类型】:错误日志;
【标题】:Notify;
【内容】:未将对象引用设置到对象的实例。;
【createtime】:2017-05-15 14:29:58.836;

【项目】:任务后台;
【大分组】:-1921663016;	【小分组】:850599099;
【日志类型】:错误日志;
【标题】:Notify;
【内容】:未将对象引用设置到对象的实例。;
【createtime】:2017-05-15 14:30:09.925;

【项目】:任务后台;
【大分组】:-1921663016;	【小分组】:294227924;
【日志类型】:错误日志;
【标题】:Notify;
【内容】:未将对象引用设置到对象的实例。;
【createtime】:2017-05-15 14:30:20.970;

【项目】:任务后台;
【大分组】:-1921663016;	【小分组】:-1195531577;
【日志类型】:错误日志;
【标题】:Notify;
【内容】:未将对象引用设置到对象的实例。;
【createtime】:2017-05-15 14:30:31.995;

【项目】:任务后台;
【大分组】:-1921663016;	【小分组】:1848600577;
【日志类型】:错误日志;
【标题】:Notify;
【内容】:未将对象引用设置到对象的实例。;
【createtime】:2017-05-15 14:30:43.066;

【项目】:任务后台;
【大分组】:-1921663016;	【小分组】:-1859640953;
【日志类型】:错误日志;
【标题】:Notify;
【内容】:未将对象引用设置到对象的实例。;
【createtime】:2017-05-15 14:30:54.156;

【项目】:任务后台;
【大分组】:-1921663016;	【小分组】:2084388800;
【日志类型】:错误日志;
【标题】:Notify;
【内容】:未将对象引用设置到对象的实例。;
【createtime】:2017-05-15 14:31:05.235;

【项目】:任务后台;
【大分组】:-1921663016;	【小分组】:703176463;
【日志类型】:错误日志;
【标题】:Notify;
【内容】:未将对象引用设置到对象的实例。;
【createtime】:2017-05-15 14:31:16.259;

【项目】:任务后台;
【大分组】:-1921663016;	【小分组】:-1873292253;
【日志类型】:错误日志;
【标题】:Notify;
【内容】:未将对象引用设置到对象的实例。;
【createtime】:2017-05-15 14:31:27.304;

【项目】:任务后台;
【大分组】:-1921663016;	【小分组】:1941036368;
【日志类型】:错误日志;
【标题】:Notify;
【内容】:未将对象引用设置到对象的实例。;
【createtime】:2017-05-15 14:31:38.355;

【项目】:任务后台;
【大分组】:-1921663016;	【小分组】:-1553489452;
【日志类型】:错误日志;
【标题】:Notify;
【内容】:未将对象引用设置到对象的实例。;
【createtime】:2017-05-15 14:31:49.424;

【项目】:任务后台;
【大分组】:-1921663016;	【小分组】:-544363772;
【日志类型】:错误日志;
【标题】:Notify;
【内容】:未将对象引用设置到对象的实例。;
【createtime】:2017-05-15 14:32:00.500;

【项目】:任务后台;
【大分组】:-1921663016;	【小分组】:-25667611;
【日志类型】:错误日志;
【标题】:Notify;
【内容】:未将对象引用设置到对象的实例。;
【createtime】:2017-05-15 14:32:11.557;

【项目】:任务后台;
【大分组】:-1921663016;	【小分组】:-83125865;
【日志类型】:错误日志;
【标题】:Notify;
【内容】:未将对象引用设置到对象的实例。;
【createtime】:2017-05-15 14:32:22.612;

【项目】:任务后台;
【大分组】:-1921663016;	【小分组】:886402879;
【日志类型】:错误日志;
【标题】:Notify;
【内容】:未将对象引用设置到对象的实例。;
【createtime】:2017-05-15 14:32:33.651;

【项目】:任务后台;
【大分组】:-1921663016;	【小分组】:1490927224;
【日志类型】:错误日志;
【标题】:Notify;
【内容】:未将对象引用设置到对象的实例。;
【createtime】:2017-05-15 14:32:44.727;

【项目】:任务后台;
【大分组】:-1921663016;	【小分组】:588187322;
【日志类型】:错误日志;
【标题】:Notify;
【内容】:未将对象引用设置到对象的实例。;
【createtime】:2017-05-15 14:32:55.792;

【项目】:任务后台;
【大分组】:-1921663016;	【小分组】:-713759101;
【日志类型】:错误日志;
【标题】:Notify;
【内容】:未将对象引用设置到对象的实例。;
【createtime】:2017-05-15 14:33:06.869;

【项目】:任务后台;
【大分组】:-1921663016;	【小分组】:632250262;
【日志类型】:错误日志;
【标题】:Notify;
【内容】:未将对象引用设置到对象的实例。;
【createtime】:2017-05-15 14:33:17.908;

【项目】:任务后台;
【大分组】:-1921663016;	【小分组】:-1138430797;
【日志类型】:错误日志;
【标题】:Notify;
【内容】:未将对象引用设置到对象的实例。;
【createtime】:2017-05-15 15:10:30.726;

【项目】:任务后台;
【大分组】:-1921663016;	【小分组】:2054516532;
【日志类型】:错误日志;
【标题】:Notify;
【内容】:未将对象引用设置到对象的实例。;
【createtime】:2017-05-15 15:10:50.150;

【项目】:任务后台;
【大分组】:-1921663016;	【小分组】:-1845392571;
【日志类型】:错误日志;
【标题】:Notify;
【内容】:未将对象引用设置到对象的实例。;
【createtime】:2017-05-15 15:11:01.225;

【项目】:任务后台;
【大分组】:-1921663016;	【小分组】:-955432040;
【日志类型】:错误日志;
【标题】:Notify;
【内容】:未将对象引用设置到对象的实例。;
【createtime】:2017-05-15 15:11:13.356;

【项目】:任务后台;
【大分组】:-1921663016;	【小分组】:-272034173;
【日志类型】:错误日志;
【标题】:Notify;
【内容】:未将对象引用设置到对象的实例。;
【createtime】:2017-05-15 15:11:24.414;

【项目】:任务后台;
【大分组】:-1921663016;	【小分组】:-1593591511;
【日志类型】:错误日志;
【标题】:Notify;
【内容】:未将对象引用设置到对象的实例。;
【createtime】:2017-05-15 15:11:35.515;

【项目】:任务后台;
【大分组】:-1921663016;	【小分组】:-957846240;
【日志类型】:错误日志;
【标题】:Notify;
【内容】:未将对象引用设置到对象的实例。;
【createtime】:2017-05-15 15:11:46.598;

【项目】:任务后台;
【大分组】:-1921663016;	【小分组】:-1895954692;
【日志类型】:错误日志;
【标题】:Notify;
【内容】:未将对象引用设置到对象的实例。;
【createtime】:2017-05-15 15:52:55.341;

【项目】:任务后台;
【大分组】:-1921663016;	【小分组】:341021222;
【日志类型】:错误日志;
【标题】:Notify;
【内容】:未将对象引用设置到对象的实例。;
【createtime】:2017-05-15 15:53:06.378;

【项目】:任务后台;
【大分组】:-1921663016;	【小分组】:25932671;
【日志类型】:错误日志;
【标题】:Notify;
【内容】:未将对象引用设置到对象的实例。;
【createtime】:2017-05-15 15:53:17.422;

【项目】:任务后台;
【大分组】:-1921663016;	【小分组】:1533086498;
【日志类型】:错误日志;
【标题】:Notify;
【内容】:未将对象引用设置到对象的实例。;
【createtime】:2017-05-15 15:53:28.487;

【项目】:任务后台;
【大分组】:-1921663016;	【小分组】:-1252633871;
【日志类型】:错误日志;
【标题】:Notify;
【内容】:未将对象引用设置到对象的实例。;
【createtime】:2017-05-15 15:53:39.558;

【项目】:任务后台;
【大分组】:-1921663016;	【小分组】:-1140329000;
【日志类型】:错误日志;
【标题】:Notify;
【内容】:未将对象引用设置到对象的实例。;
【createtime】:2017-05-15 15:53:50.630;

【项目】:任务后台;
【大分组】:-1921663016;	【小分组】:1782895828;
【日志类型】:错误日志;
【标题】:Notify;
【内容】:未将对象引用设置到对象的实例。;
【createtime】:2017-05-15 15:54:01.689;

【项目】:任务后台;
【大分组】:-1921663016;	【小分组】:253337921;
【日志类型】:错误日志;
【标题】:Notify;
【内容】:未将对象引用设置到对象的实例。;
【createtime】:2017-05-15 15:54:12.779;

【项目】:任务后台;
【大分组】:-1921663016;	【小分组】:388760104;
【日志类型】:错误日志;
【标题】:Notify;
【内容】:未将对象引用设置到对象的实例。;
【createtime】:2017-05-15 15:54:23.899;

【项目】:任务后台;
【大分组】:-1921663016;	【小分组】:-1076274359;
【日志类型】:错误日志;
【标题】:Notify;
【内容】:未将对象引用设置到对象的实例。;
【createtime】:2017-05-15 15:54:35.021;

【项目】:任务后台;
【大分组】:-1921663016;	【小分组】:-467827292;
【日志类型】:错误日志;
【标题】:Notify;
【内容】:未将对象引用设置到对象的实例。;
【createtime】:2017-05-15 15:54:46.114;

【项目】:任务后台;
【大分组】:-1921663016;	【小分组】:-1808897983;
【日志类型】:错误日志;
【标题】:Notify;
【内容】:未将对象引用设置到对象的实例。;
【createtime】:2017-05-15 15:54:57.178;

【项目】:任务后台;
【大分组】:-1921663016;	【小分组】:-1927565513;
【日志类型】:错误日志;
【标题】:Notify;
【内容】:未将对象引用设置到对象的实例。;
【createtime】:2017-05-15 15:55:08.276;

【项目】:任务后台;
【大分组】:-1921663016;	【小分组】:1518779363;
【日志类型】:错误日志;
【标题】:Notify;
【内容】:未将对象引用设置到对象的实例。;
【createtime】:2017-05-15 15:55:19.362;

【项目】:任务后台;
【大分组】:-1921663016;	【小分组】:170576758;
【日志类型】:错误日志;
【标题】:Notify;
【内容】:未将对象引用设置到对象的实例。;
【createtime】:2017-05-15 15:55:30.423;

【项目】:任务后台;
【大分组】:-1921663016;	【小分组】:1588589121;
【日志类型】:错误日志;
【标题】:Notify;
【内容】:未将对象引用设置到对象的实例。;
【createtime】:2017-05-15 15:55:41.510;

【项目】:任务后台;
【大分组】:-1921663016;	【小分组】:247928988;
【日志类型】:错误日志;
【标题】:Notify;
【内容】:未将对象引用设置到对象的实例。;
【createtime】:2017-05-15 15:55:52.568;

【项目】:任务后台;
【大分组】:-1921663016;	【小分组】:-1225442297;
【日志类型】:错误日志;
【标题】:Notify;
【内容】:未将对象引用设置到对象的实例。;
【createtime】:2017-05-15 15:56:03.631;

【项目】:任务后台;
【大分组】:-1921663016;	【小分组】:-1364797137;
【日志类型】:错误日志;
【标题】:Notify;
【内容】:未将对象引用设置到对象的实例。;
【createtime】:2017-05-15 15:56:14.728;

【项目】:任务后台;
【大分组】:-1921663016;	【小分组】:-1898019886;
【日志类型】:错误日志;
【标题】:Notify;
【内容】:未将对象引用设置到对象的实例。;
【createtime】:2017-05-15 15:56:25.817;

【项目】:任务后台;
【大分组】:-1921663016;	【小分组】:-2120259131;
【日志类型】:错误日志;
【标题】:Notify;
【内容】:未将对象引用设置到对象的实例。;
【createtime】:2017-05-15 15:56:36.912;

【项目】:任务后台;
【大分组】:-1921663016;	【小分组】:-1999460012;
【日志类型】:错误日志;
【标题】:Notify;
【内容】:未将对象引用设置到对象的实例。;
【createtime】:2017-05-15 15:56:47.963;

【项目】:任务后台;
【大分组】:-1921663016;	【小分组】:573301773;
【日志类型】:错误日志;
【标题】:Notify;
【内容】:未将对象引用设置到对象的实例。;
【createtime】:2017-05-15 15:56:59.033;

【项目】:任务后台;
【大分组】:-1921663016;	【小分组】:566233895;
【日志类型】:错误日志;
【标题】:Notify;
【内容】:未将对象引用设置到对象的实例。;
【createtime】:2017-05-15 15:57:10.084;

【项目】:任务后台;
【大分组】:-1921663016;	【小分组】:1993171624;
【日志类型】:错误日志;
【标题】:Notify;
【内容】:未将对象引用设置到对象的实例。;
【createtime】:2017-05-15 15:57:21.116;

【项目】:任务后台;
【大分组】:-1921663016;	【小分组】:-1010741076;
【日志类型】:错误日志;
【标题】:Notify;
【内容】:未将对象引用设置到对象的实例。;
【createtime】:2017-05-15 15:57:32.160;

【项目】:任务后台;
【大分组】:-1921663016;	【小分组】:-2060747131;
【日志类型】:错误日志;
【标题】:Notify;
【内容】:未将对象引用设置到对象的实例。;
【createtime】:2017-05-15 15:57:43.207;

【项目】:任务后台;
【大分组】:-1921663016;	【小分组】:-1556420815;
【日志类型】:错误日志;
【标题】:Notify;
【内容】:未将对象引用设置到对象的实例。;
【createtime】:2017-05-15 15:57:54.247;

【项目】:任务后台;
【大分组】:-1921663016;	【小分组】:-1712990764;
【日志类型】:错误日志;
【标题】:Notify;
【内容】:未将对象引用设置到对象的实例。;
【createtime】:2017-05-15 15:58:05.291;

【项目】:任务后台;
【大分组】:-1921663016;	【小分组】:707444792;
【日志类型】:错误日志;
【标题】:Notify;
【内容】:未将对象引用设置到对象的实例。;
【createtime】:2017-05-15 15:58:16.331;

【项目】:任务后台;
【大分组】:-1921663016;	【小分组】:1058540100;
【日志类型】:错误日志;
【标题】:Notify;
【内容】:未将对象引用设置到对象的实例。;
【createtime】:2017-05-15 15:58:27.405;

【项目】:任务后台;
【大分组】:-1921663016;	【小分组】:2140247624;
【日志类型】:错误日志;
【标题】:Notify;
【内容】:未将对象引用设置到对象的实例。;
【createtime】:2017-05-15 15:58:38.492;

【项目】:任务后台;
【大分组】:-1921663016;	【小分组】:1585949042;
【日志类型】:错误日志;
【标题】:Notify;
【内容】:未将对象引用设置到对象的实例。;
【createtime】:2017-05-15 15:58:49.570;

【项目】:任务后台;
【大分组】:-1921663016;	【小分组】:934053604;
【日志类型】:错误日志;
【标题】:Notify;
【内容】:未将对象引用设置到对象的实例。;
【createtime】:2017-05-15 15:59:01.146;

【项目】:任务后台;
【大分组】:-1921663016;	【小分组】:1100539290;
【日志类型】:错误日志;
【标题】:Notify;
【内容】:未将对象引用设置到对象的实例。;
【createtime】:2017-05-15 16:00:55.854;

【项目】:任务后台;
【大分组】:-1921663016;	【小分组】:828238520;
【日志类型】:错误日志;
【标题】:Notify;
【内容】:未将对象引用设置到对象的实例。;
【createtime】:2017-05-15 16:01:06.878;

【项目】:任务后台;
【大分组】:-1921663016;	【小分组】:341647390;
【日志类型】:错误日志;
【标题】:Notify;
【内容】:未将对象引用设置到对象的实例。;
【createtime】:2017-05-15 16:01:43.401;

【项目】:任务后台;
【大分组】:-1921663016;	【小分组】:-341577664;
【日志类型】:错误日志;
【标题】:Notify;
【内容】:未将对象引用设置到对象的实例。;
【createtime】:2017-05-15 16:01:54.436;

【项目】:任务后台;
【大分组】:-1921663016;	【小分组】:-609815757;
【日志类型】:错误日志;
【标题】:Notify;
【内容】:未将对象引用设置到对象的实例。;
【createtime】:2017-05-15 16:02:05.514;

