【项目】:任务后台;
【大分组】:-1921663016;	【小分组】:-1617040622;
【日志类型】:错误日志;
【标题】:Notify;
【内容】:未将对象引用设置到对象的实例。;
【createtime】:2017-06-16 10:56:56.155;

【项目】:任务后台;
【大分组】:-1921663016;	【小分组】:-213070054;
【日志类型】:错误日志;
【标题】:Notify;
【内容】:未将对象引用设置到对象的实例。;
【createtime】:2017-06-16 10:57:07.200;

【项目】:任务后台;
【大分组】:-1921663016;	【小分组】:1372694844;
【日志类型】:错误日志;
【标题】:Notify;
【内容】:未将对象引用设置到对象的实例。;
【createtime】:2017-06-16 11:04:03.112;

【项目】:任务后台;
【大分组】:-1921663016;	【小分组】:-854534074;
【日志类型】:错误日志;
【标题】:Notify;
【内容】:未将对象引用设置到对象的实例。;
【createtime】:2017-06-16 11:04:14.849;

【项目】:任务后台;
【大分组】:-1921663016;	【小分组】:1522379779;
【日志类型】:错误日志;
【标题】:Notify;
【内容】:未将对象引用设置到对象的实例。;
【createtime】:2017-06-16 11:09:28.590;

【项目】:任务后台;
【大分组】:-1921663016;	【小分组】:2076464954;
【日志类型】:错误日志;
【标题】:Notify;
【内容】:未将对象引用设置到对象的实例。;
【createtime】:2017-06-16 11:15:29.780;

【项目】:任务后台;
【大分组】:-1921663016;	【小分组】:777286394;
【日志类型】:错误日志;
【标题】:Notify;
【内容】:未将对象引用设置到对象的实例。;
【createtime】:2017-06-16 11:15:40.812;

【项目】:任务后台;
【大分组】:-1921663016;	【小分组】:1055543763;
【日志类型】:错误日志;
【标题】:Notify;
【内容】:未将对象引用设置到对象的实例。;
【createtime】:2017-06-16 11:23:31.471;

【项目】:任务后台;
【大分组】:-1921663016;	【小分组】:596556585;
【日志类型】:错误日志;
【标题】:Notify;
【内容】:未将对象引用设置到对象的实例。;
【createtime】:2017-06-16 11:23:42.518;

【项目】:任务后台;
【大分组】:-1921663016;	【小分组】:-1501309242;
【日志类型】:错误日志;
【标题】:Notify;
【内容】:未将对象引用设置到对象的实例。;
【createtime】:2017-06-16 11:23:53.546;

【项目】:任务后台;
【大分组】:-1921663016;	【小分组】:1835704220;
【日志类型】:错误日志;
【标题】:Notify;
【内容】:未将对象引用设置到对象的实例。;
【createtime】:2017-06-16 11:25:59.408;

【项目】:任务后台;
【大分组】:-1921663016;	【小分组】:86507074;
【日志类型】:错误日志;
【标题】:Notify;
【内容】:未将对象引用设置到对象的实例。;
【createtime】:2017-06-16 11:26:10.412;

【项目】:任务后台;
【大分组】:-884730100;	【小分组】:20287046;
【日志类型】:错误日志;
【标题】:sql错误[606710262];
【内容】:【错误说明】执行超时已过期。完成操作之前已超时或服务器未响应。 ;
	【sql】:select * from ( select row_number() over(order by  servertime desc,logid desc ) as rownum,* from taskWorkLog170616   with(nolock)  where 1=1   ) A where  A.rownum>=@startindex and A.rownum<@startindex+@pagesize ;
	【参数】:@begintime:  ,@endtime:  ,@taskid:0  ,@nodeid:0  ,@logtype:0  ,@runguid:  ,@keywords:  ,@startindex:1  ,@pagesize:20  ;;
【createtime】:2017-06-16 11:35:21.651;

【项目】:任务后台;
【大分组】:-1921663016;	【小分组】:900164315;
【日志类型】:错误日志;
【标题】:Notify;
【内容】:未将对象引用设置到对象的实例。;
【createtime】:2017-06-16 11:39:34.316;

【项目】:任务后台;
【大分组】:-1921663016;	【小分组】:1919700895;
【日志类型】:错误日志;
【标题】:Notify;
【内容】:未将对象引用设置到对象的实例。;
【createtime】:2017-06-16 11:39:45.319;

【项目】:任务后台;
【大分组】:-1921663016;	【小分组】:-706148229;
【日志类型】:错误日志;
【标题】:Notify;
【内容】:未将对象引用设置到对象的实例。;
【createtime】:2017-06-16 11:39:56.321;

【项目】:任务后台;
【大分组】:-1921663016;	【小分组】:-1904664911;
【日志类型】:错误日志;
【标题】:Notify;
【内容】:未将对象引用设置到对象的实例。;
【createtime】:2017-06-16 11:40:07.324;

【项目】:任务后台;
【大分组】:-1921663016;	【小分组】:-1726077868;
【日志类型】:错误日志;
【标题】:Notify;
【内容】:未将对象引用设置到对象的实例。;
【createtime】:2017-06-16 11:40:18.326;

【项目】:任务后台;
【大分组】:-1921663016;	【小分组】:-708021512;
【日志类型】:错误日志;
【标题】:Notify;
【内容】:connected = false!;
【createtime】:2017-06-16 11:52:26.191;

【项目】:任务后台;
【大分组】:1403619821;	【小分组】:20747215;
【日志类型】:错误日志;
【标题】:sql错误[-617771749];
【内容】:【错误说明】执行超时已过期。完成操作之前已超时或服务器未响应。 ;
	【sql】:insert into taskWorkLog170616(taskid,nodeid,dispatchid,logtype,logtext,servertime) values  (@taskid,@nodeid,@dispatchid,@logtype,@logtext,@servertime);select @@identity;;
	【参数】:@taskid:2  ,@nodeid:1  ,@dispatchid:6842c5a7961445e980cce1a65c56b905  ,@logtype:1  ,@logtext:我记一下错误日志  ,@servertime:2017/6/16 12:42:23  ;;
【createtime】:2017-06-16 12:42:53.656;

【项目】:任务后台;
【大分组】:-1087607800;	【小分组】:47205462;
【日志类型】:错误日志;
【标题】:sql错误[1307052689];
【内容】:【错误说明】执行超时已过期。完成操作之前已超时或服务器未响应。 ;
	【sql】: select  top 11  * from dispatch where nodeid=@nodeid and taskId = @taskid and dispatchState=1  order by dispatchid asc   ;;
	【参数】:@nodeid:1  ,@taskid:1  ;;
【createtime】:2017-06-16 12:43:13.094;

【项目】:任务后台;
【大分组】:227492866;	【小分组】:20039825;
【日志类型】:错误日志;
【标题】:sql错误[-933375019];
【内容】:【错误说明】执行超时已过期。完成操作之前已超时或服务器未响应。 ;
	【sql】:select top 1 * from dispatch where taskid=@taskid and runkey=@runkey  and executeTime is not null and dispatchState in(2,3,4) order by executeTime desc ;
	【参数】:@runkey:abc_47  ,@taskid:1  ;;
【createtime】:2017-06-16 12:43:13.094;

【项目】:任务后台;
【大分组】:22432974;	【小分组】:22994118;
【日志类型】:错误日志;
【标题】:sql错误[-1724300509];
【内容】:【错误说明】执行超时已过期。完成操作之前已超时或服务器未响应。 ;
	【sql】: select  top 2  * from dispatch where taskId=@taskid and dispatchState=0 and expireTime>getdate() order by dispatchid asc   ;;
	【参数】:@taskid:1  ;;
【createtime】:2017-06-16 12:43:13.094;

【项目】:任务后台;
【大分组】:227492866;	【小分组】:46007826;
【日志类型】:错误日志;
【标题】:sql错误[-933375019];
【内容】:【错误说明】执行超时已过期。完成操作之前已超时或服务器未响应。 ;
	【sql】:select top 1 * from dispatch where taskid=@taskid and runkey=@runkey  and executeTime is not null and dispatchState in(2,3,4) order by executeTime desc ;
	【参数】:@runkey:abc_49  ,@taskid:1  ;;
【createtime】:2017-06-16 12:43:13.094;

【项目】:任务后台;
【大分组】:227492866;	【小分组】:14954258;
【日志类型】:错误日志;
【标题】:sql错误[-933375019];
【内容】:【错误说明】执行超时已过期。完成操作之前已超时或服务器未响应。 ;
	【sql】:select top 1 * from dispatch where taskid=@taskid and runkey=@runkey  and executeTime is not null and dispatchState in(2,3,4) order by executeTime desc ;
	【参数】:@runkey:abc_48  ,@taskid:1  ;;
【createtime】:2017-06-16 12:43:13.129;

【项目】:任务后台;
【大分组】:-1970936779;	【小分组】:18468484;
【日志类型】:错误日志;
【标题】:sql错误[-261877948];
【内容】:【错误说明】执行超时已过期。完成操作之前已超时或服务器未响应。 ;
	【sql】:select count(1) from dispatch where groupid=@groupid and dispatchState=0 and expireTime>getdate() ;;
	【参数】:@groupid:40aaeba077354a22b8f500a6d894a5b5  ;;
【createtime】:2017-06-16 12:43:14.070;

【项目】:任务后台;
【大分组】:-884730100;	【小分组】:32130769;
【日志类型】:错误日志;
【标题】:sql错误[606710262];
【内容】:【错误说明】执行超时已过期。完成操作之前已超时或服务器未响应。 ;
	【sql】:select * from ( select row_number() over(order by  servertime desc,logid desc ) as rownum,* from taskWorkLog170616   with(nolock)  where 1=1   ) A where  A.rownum>=@startindex and A.rownum<@startindex+@pagesize ;
	【参数】:@begintime:  ,@endtime:  ,@taskid:0  ,@nodeid:0  ,@logtype:0  ,@runguid:  ,@keywords:  ,@startindex:1  ,@pagesize:20  ;;
【createtime】:2017-06-16 12:43:15.454;

【项目】:任务后台;
【大分组】:1403619821;	【小分组】:64935686;
【日志类型】:错误日志;
【标题】:sql错误[-617771749];
【内容】:【错误说明】执行超时已过期。完成操作之前已超时或服务器未响应。 ;
	【sql】:insert into taskWorkLog170616(taskid,nodeid,dispatchid,logtype,logtext,servertime) values  (@taskid,@nodeid,@dispatchid,@logtype,@logtext,@servertime);select @@identity;;
	【参数】:@taskid:2  ,@nodeid:1  ,@dispatchid:ee72c19b5fc647dbadd196d16d746080  ,@logtype:1  ,@logtext:我记一下错误日志  ,@servertime:2017/6/16 12:42:55  ;;
【createtime】:2017-06-16 12:43:26.013;

【项目】:任务后台;
【大分组】:-1921663016;	【小分组】:-1608419461;
【日志类型】:错误日志;
【标题】:Notify;
【内容】:未将对象引用设置到对象的实例。;
【createtime】:2017-06-16 12:45:05.373;

【项目】:任务后台;
【大分组】:-1921663016;	【小分组】:286156365;
【日志类型】:错误日志;
【标题】:Notify;
【内容】:未将对象引用设置到对象的实例。;
【createtime】:2017-06-16 12:45:16.399;

【项目】:任务后台;
【大分组】:-1921663016;	【小分组】:1358746309;
【日志类型】:错误日志;
【标题】:Notify;
【内容】:未将对象引用设置到对象的实例。;
【createtime】:2017-06-16 12:45:27.460;

【项目】:任务后台;
【大分组】:-1921663016;	【小分组】:-1579049365;
【日志类型】:错误日志;
【标题】:Notify;
【内容】:未将对象引用设置到对象的实例。;
【createtime】:2017-06-16 12:45:38.537;

【项目】:任务后台;
【大分组】:-1921663016;	【小分组】:-477001491;
【日志类型】:错误日志;
【标题】:Notify;
【内容】:未将对象引用设置到对象的实例。;
【createtime】:2017-06-16 12:45:49.608;

【项目】:任务后台;
【大分组】:-1921663016;	【小分组】:901975004;
【日志类型】:错误日志;
【标题】:Notify;
【内容】:未将对象引用设置到对象的实例。;
【createtime】:2017-06-16 12:46:00.692;

【项目】:任务后台;
【大分组】:-1921663016;	【小分组】:-1610901232;
【日志类型】:错误日志;
【标题】:Notify;
【内容】:未将对象引用设置到对象的实例。;
【createtime】:2017-06-16 12:46:11.745;

