【项目】:任务后台;
【大分组】:-1921663016;	【小分组】:1657591646;
【日志类型】:错误日志;
【标题】:Notify;
【内容】:Object reference not set to an instance of an object.;
【createtime】:2017-08-28 15:28:54.021;

【项目】:任务后台;
【大分组】:-1921663016;	【小分组】:1327558838;
【日志类型】:错误日志;
【标题】:Notify;
【内容】:Object reference not set to an instance of an object.;
【createtime】:2017-08-28 15:29:05.143;

【项目】:任务后台;
【大分组】:-1921663016;	【小分组】:759645824;
【日志类型】:错误日志;
【标题】:Notify;
【内容】:Object reference not set to an instance of an object.;
【createtime】:2017-08-28 15:29:16.217;

【项目】:任务后台;
【大分组】:-1921663016;	【小分组】:-928822630;
【日志类型】:错误日志;
【标题】:Notify;
【内容】:Object reference not set to an instance of an object.;
【createtime】:2017-08-28 15:29:27.257;

【项目】:任务后台;
【大分组】:-1921663016;	【小分组】:-1577198021;
【日志类型】:错误日志;
【标题】:Notify;
【内容】:Object reference not set to an instance of an object.;
【createtime】:2017-08-28 15:29:38.340;

【项目】:任务后台;
【大分组】:-1921663016;	【小分组】:606423812;
【日志类型】:错误日志;
【标题】:Notify;
【内容】:Object reference not set to an instance of an object.;
【createtime】:2017-08-28 15:29:49.414;

【项目】:任务后台;
【大分组】:-1921663016;	【小分组】:642204219;
【日志类型】:错误日志;
【标题】:Notify;
【内容】:Object reference not set to an instance of an object.;
【createtime】:2017-08-28 15:30:00.477;

【项目】:任务后台;
【大分组】:-1921663016;	【小分组】:-91688703;
【日志类型】:错误日志;
【标题】:Notify;
【内容】:Object reference not set to an instance of an object.;
【createtime】:2017-08-28 15:30:11.528;

【项目】:任务后台;
【大分组】:-1921663016;	【小分组】:389331197;
【日志类型】:错误日志;
【标题】:Notify;
【内容】:Object reference not set to an instance of an object.;
【createtime】:2017-08-28 15:30:22.600;

【项目】:任务后台;
【大分组】:-1921663016;	【小分组】:-595182738;
【日志类型】:错误日志;
【标题】:Notify;
【内容】:Object reference not set to an instance of an object.;
【createtime】:2017-08-28 15:30:33.652;

【项目】:任务后台;
【大分组】:-1921663016;	【小分组】:1530415955;
【日志类型】:错误日志;
【标题】:Notify;
【内容】:Object reference not set to an instance of an object.;
【createtime】:2017-08-28 15:30:44.718;

【项目】:任务后台;
【大分组】:-1921663016;	【小分组】:-541074190;
【日志类型】:错误日志;
【标题】:Notify;
【内容】:Object reference not set to an instance of an object.;
【createtime】:2017-08-28 15:30:55.792;

【项目】:任务后台;
【大分组】:-1921663016;	【小分组】:1946210823;
【日志类型】:错误日志;
【标题】:Notify;
【内容】:Object reference not set to an instance of an object.;
【createtime】:2017-08-28 15:31:06.871;

【项目】:任务后台;
【大分组】:-1921663016;	【小分组】:-311760336;
【日志类型】:错误日志;
【标题】:Notify;
【内容】:Object reference not set to an instance of an object.;
【createtime】:2017-08-28 15:31:17.952;

【项目】:任务后台;
【大分组】:-1921663016;	【小分组】:1757685388;
【日志类型】:错误日志;
【标题】:Notify;
【内容】:Object reference not set to an instance of an object.;
【createtime】:2017-08-28 15:31:29.015;

【项目】:任务后台;
【大分组】:-1921663016;	【小分组】:43295154;
【日志类型】:错误日志;
【标题】:Notify;
【内容】:Object reference not set to an instance of an object.;
【createtime】:2017-08-28 15:31:40.094;

【项目】:任务后台;
【大分组】:-1921663016;	【小分组】:1465088200;
【日志类型】:错误日志;
【标题】:Notify;
【内容】:Object reference not set to an instance of an object.;
【createtime】:2017-08-28 15:31:51.179;

【项目】:任务后台;
【大分组】:-1921663016;	【小分组】:-611880081;
【日志类型】:错误日志;
【标题】:Notify;
【内容】:Object reference not set to an instance of an object.;
【createtime】:2017-08-28 15:32:02.258;

【项目】:任务后台;
【大分组】:-1921663016;	【小分组】:1170017041;
【日志类型】:错误日志;
【标题】:Notify;
【内容】:Object reference not set to an instance of an object.;
【createtime】:2017-08-28 15:32:13.335;

【项目】:任务后台;
【大分组】:-1921663016;	【小分组】:712719691;
【日志类型】:错误日志;
【标题】:Notify;
【内容】:Object reference not set to an instance of an object.;
【createtime】:2017-08-28 15:32:24.415;

【项目】:任务后台;
【大分组】:-1921663016;	【小分组】:-1972548945;
【日志类型】:错误日志;
【标题】:Notify;
【内容】:Object reference not set to an instance of an object.;
【createtime】:2017-08-28 15:32:35.502;

【项目】:任务后台;
【大分组】:-1921663016;	【小分组】:463000833;
【日志类型】:错误日志;
【标题】:Notify;
【内容】:Object reference not set to an instance of an object.;
【createtime】:2017-08-28 15:32:46.583;

【项目】:任务后台;
【大分组】:-1921663016;	【小分组】:684639981;
【日志类型】:错误日志;
【标题】:Notify;
【内容】:Object reference not set to an instance of an object.;
【createtime】:2017-08-28 15:32:57.657;

【项目】:任务后台;
【大分组】:-1921663016;	【小分组】:1751564557;
【日志类型】:错误日志;
【标题】:Notify;
【内容】:Object reference not set to an instance of an object.;
【createtime】:2017-08-28 15:33:08.735;

【项目】:任务后台;
【大分组】:-1921663016;	【小分组】:1557129376;
【日志类型】:错误日志;
【标题】:Notify;
【内容】:Object reference not set to an instance of an object.;
【createtime】:2017-08-28 15:33:19.787;

【项目】:任务后台;
【大分组】:-1921663016;	【小分组】:-621701030;
【日志类型】:错误日志;
【标题】:Notify;
【内容】:Object reference not set to an instance of an object.;
【createtime】:2017-08-28 15:33:30.859;

【项目】:任务后台;
【大分组】:-1921663016;	【小分组】:-340036445;
【日志类型】:错误日志;
【标题】:Notify;
【内容】:Object reference not set to an instance of an object.;
【createtime】:2017-08-28 15:33:41.902;

【项目】:任务后台;
【大分组】:-1921663016;	【小分组】:576398979;
【日志类型】:错误日志;
【标题】:Notify;
【内容】:Object reference not set to an instance of an object.;
【createtime】:2017-08-28 15:33:52.939;

【项目】:任务后台;
【大分组】:-1921663016;	【小分组】:-759691906;
【日志类型】:错误日志;
【标题】:Notify;
【内容】:Object reference not set to an instance of an object.;
【createtime】:2017-08-28 15:34:04.008;

【项目】:任务后台;
【大分组】:-1921663016;	【小分组】:-1249527275;
【日志类型】:错误日志;
【标题】:Notify;
【内容】:Object reference not set to an instance of an object.;
【createtime】:2017-08-28 15:34:15.089;

【项目】:任务后台;
【大分组】:-1921663016;	【小分组】:1263063737;
【日志类型】:错误日志;
【标题】:Notify;
【内容】:Object reference not set to an instance of an object.;
【createtime】:2017-08-28 15:34:26.168;

【项目】:任务后台;
【大分组】:-1921663016;	【小分组】:-476362619;
【日志类型】:错误日志;
【标题】:Notify;
【内容】:Object reference not set to an instance of an object.;
【createtime】:2017-08-28 15:34:37.216;

【项目】:任务后台;
【大分组】:-1921663016;	【小分组】:-1077103266;
【日志类型】:错误日志;
【标题】:Notify;
【内容】:Object reference not set to an instance of an object.;
【createtime】:2017-08-28 15:34:48.300;

【项目】:任务后台;
【大分组】:-1921663016;	【小分组】:-1868543873;
【日志类型】:错误日志;
【标题】:Notify;
【内容】:Object reference not set to an instance of an object.;
【createtime】:2017-08-28 15:34:59.381;

【项目】:任务后台;
【大分组】:-1921663016;	【小分组】:-1358271550;
【日志类型】:错误日志;
【标题】:Notify;
【内容】:Object reference not set to an instance of an object.;
【createtime】:2017-08-28 15:35:10.456;

【项目】:任务后台;
【大分组】:-1921663016;	【小分组】:966623312;
【日志类型】:错误日志;
【标题】:Notify;
【内容】:Object reference not set to an instance of an object.;
【createtime】:2017-08-28 15:35:21.507;

【项目】:任务后台;
【大分组】:-1921663016;	【小分组】:1136386446;
【日志类型】:错误日志;
【标题】:Notify;
【内容】:Object reference not set to an instance of an object.;
【createtime】:2017-08-28 15:35:32.551;

【项目】:任务后台;
【大分组】:-1921663016;	【小分组】:-886534620;
【日志类型】:错误日志;
【标题】:Notify;
【内容】:Object reference not set to an instance of an object.;
【createtime】:2017-08-28 15:35:43.636;

【项目】:任务后台;
【大分组】:-1921663016;	【小分组】:-1766361414;
【日志类型】:错误日志;
【标题】:Notify;
【内容】:Object reference not set to an instance of an object.;
【createtime】:2017-08-28 15:35:54.711;

【项目】:任务后台;
【大分组】:-1921663016;	【小分组】:-1883089207;
【日志类型】:错误日志;
【标题】:Notify;
【内容】:Object reference not set to an instance of an object.;
【createtime】:2017-08-28 15:36:05.791;

【项目】:任务后台;
【大分组】:-1921663016;	【小分组】:-1421135500;
【日志类型】:错误日志;
【标题】:Notify;
【内容】:Object reference not set to an instance of an object.;
【createtime】:2017-08-28 15:36:16.872;

【项目】:任务后台;
【大分组】:-1921663016;	【小分组】:1505191614;
【日志类型】:错误日志;
【标题】:Notify;
【内容】:Object reference not set to an instance of an object.;
【createtime】:2017-08-28 15:36:27.949;

【项目】:任务后台;
【大分组】:-1921663016;	【小分组】:242187381;
【日志类型】:错误日志;
【标题】:Notify;
【内容】:Object reference not set to an instance of an object.;
【createtime】:2017-08-28 15:36:39.033;

【项目】:任务后台;
【大分组】:-1921663016;	【小分组】:-2005889927;
【日志类型】:错误日志;
【标题】:Notify;
【内容】:Object reference not set to an instance of an object.;
【createtime】:2017-08-28 15:36:50.087;

【项目】:任务后台;
【大分组】:-1921663016;	【小分组】:-1987754894;
【日志类型】:错误日志;
【标题】:Notify;
【内容】:Object reference not set to an instance of an object.;
【createtime】:2017-08-28 15:37:01.167;

【项目】:任务后台;
【大分组】:-1921663016;	【小分组】:-2006282154;
【日志类型】:错误日志;
【标题】:Notify;
【内容】:Object reference not set to an instance of an object.;
【createtime】:2017-08-28 15:37:12.248;

【项目】:任务后台;
【大分组】:-1921663016;	【小分组】:-1298841826;
【日志类型】:错误日志;
【标题】:Notify;
【内容】:Object reference not set to an instance of an object.;
【createtime】:2017-08-28 15:37:23.318;

【项目】:任务后台;
【大分组】:-1921663016;	【小分组】:1690224282;
【日志类型】:错误日志;
【标题】:Notify;
【内容】:Object reference not set to an instance of an object.;
【createtime】:2017-08-28 15:37:34.381;

【项目】:任务后台;
【大分组】:-1921663016;	【小分组】:-464665920;
【日志类型】:错误日志;
【标题】:Notify;
【内容】:Object reference not set to an instance of an object.;
【createtime】:2017-08-28 15:37:45.433;

【项目】:任务后台;
【大分组】:-1921663016;	【小分组】:-2136891326;
【日志类型】:错误日志;
【标题】:Notify;
【内容】:Object reference not set to an instance of an object.;
【createtime】:2017-08-28 15:37:56.506;

【项目】:任务后台;
【大分组】:-1921663016;	【小分组】:624073019;
【日志类型】:错误日志;
【标题】:Notify;
【内容】:Object reference not set to an instance of an object.;
【createtime】:2017-08-28 15:38:07.586;

【项目】:任务后台;
【大分组】:-1921663016;	【小分组】:1434163374;
【日志类型】:错误日志;
【标题】:Notify;
【内容】:Object reference not set to an instance of an object.;
【createtime】:2017-08-28 15:38:18.674;

【项目】:任务后台;
【大分组】:-1921663016;	【小分组】:-1390131716;
【日志类型】:错误日志;
【标题】:Notify;
【内容】:Object reference not set to an instance of an object.;
【createtime】:2017-08-28 15:38:29.745;

【项目】:任务后台;
【大分组】:-1921663016;	【小分组】:1648818873;
【日志类型】:错误日志;
【标题】:Notify;
【内容】:Object reference not set to an instance of an object.;
【createtime】:2017-08-28 15:38:40.824;

【项目】:任务后台;
【大分组】:-1921663016;	【小分组】:-603882386;
【日志类型】:错误日志;
【标题】:Notify;
【内容】:Object reference not set to an instance of an object.;
【createtime】:2017-08-28 15:38:51.913;

【项目】:任务后台;
【大分组】:-1921663016;	【小分组】:1748850801;
【日志类型】:错误日志;
【标题】:Notify;
【内容】:Object reference not set to an instance of an object.;
【createtime】:2017-08-28 15:39:02.991;

【项目】:任务后台;
【大分组】:-1921663016;	【小分组】:-2052177720;
【日志类型】:错误日志;
【标题】:Notify;
【内容】:Object reference not set to an instance of an object.;
【createtime】:2017-08-28 15:39:14.061;

【项目】:任务后台;
【大分组】:-1921663016;	【小分组】:-1720272328;
【日志类型】:错误日志;
【标题】:Notify;
【内容】:Object reference not set to an instance of an object.;
【createtime】:2017-08-28 15:39:25.132;

【项目】:任务后台;
【大分组】:-1921663016;	【小分组】:-430068669;
【日志类型】:错误日志;
【标题】:Notify;
【内容】:Object reference not set to an instance of an object.;
【createtime】:2017-08-28 15:39:36.221;

【项目】:任务后台;
【大分组】:-1921663016;	【小分组】:1807382478;
【日志类型】:错误日志;
【标题】:Notify;
【内容】:Object reference not set to an instance of an object.;
【createtime】:2017-08-28 15:39:47.296;

【项目】:任务后台;
【大分组】:-1921663016;	【小分组】:-273759875;
【日志类型】:错误日志;
【标题】:Notify;
【内容】:Object reference not set to an instance of an object.;
【createtime】:2017-08-28 15:39:58.358;

【项目】:任务后台;
【大分组】:-1921663016;	【小分组】:-369066462;
【日志类型】:错误日志;
【标题】:Notify;
【内容】:Object reference not set to an instance of an object.;
【createtime】:2017-08-28 15:40:09.428;

【项目】:任务后台;
【大分组】:-1921663016;	【小分组】:1740260568;
【日志类型】:错误日志;
【标题】:Notify;
【内容】:Object reference not set to an instance of an object.;
【createtime】:2017-08-28 15:40:20.495;

【项目】:任务后台;
【大分组】:-1921663016;	【小分组】:-1731342931;
【日志类型】:错误日志;
【标题】:Notify;
【内容】:Object reference not set to an instance of an object.;
【createtime】:2017-08-28 15:40:31.573;

【项目】:任务后台;
【大分组】:-1921663016;	【小分组】:-2021897355;
【日志类型】:错误日志;
【标题】:Notify;
【内容】:Object reference not set to an instance of an object.;
【createtime】:2017-08-28 15:40:42.620;

【项目】:任务后台;
【大分组】:-1921663016;	【小分组】:-232117315;
【日志类型】:错误日志;
【标题】:Notify;
【内容】:Object reference not set to an instance of an object.;
【createtime】:2017-08-28 15:40:53.701;

【项目】:任务后台;
【大分组】:-1921663016;	【小分组】:-299355213;
【日志类型】:错误日志;
【标题】:Notify;
【内容】:Object reference not set to an instance of an object.;
【createtime】:2017-08-28 15:41:04.771;

【项目】:任务后台;
【大分组】:-1921663016;	【小分组】:-1747758853;
【日志类型】:错误日志;
【标题】:Notify;
【内容】:Object reference not set to an instance of an object.;
【createtime】:2017-08-28 15:41:15.858;

【项目】:任务后台;
【大分组】:-1921663016;	【小分组】:-1731079098;
【日志类型】:错误日志;
【标题】:Notify;
【内容】:Object reference not set to an instance of an object.;
【createtime】:2017-08-28 15:41:26.939;

【项目】:任务后台;
【大分组】:-1921663016;	【小分组】:1247350899;
【日志类型】:错误日志;
【标题】:Notify;
【内容】:Object reference not set to an instance of an object.;
【createtime】:2017-08-28 15:41:38.033;

【项目】:任务后台;
【大分组】:-1921663016;	【小分组】:-1667027651;
【日志类型】:错误日志;
【标题】:Notify;
【内容】:Object reference not set to an instance of an object.;
【createtime】:2017-08-28 15:41:49.114;

【项目】:任务后台;
【大分组】:-1921663016;	【小分组】:647193350;
【日志类型】:错误日志;
【标题】:Notify;
【内容】:Object reference not set to an instance of an object.;
【createtime】:2017-08-28 15:42:00.193;

【项目】:任务后台;
【大分组】:-1921663016;	【小分组】:-1317092759;
【日志类型】:错误日志;
【标题】:Notify;
【内容】:Object reference not set to an instance of an object.;
【createtime】:2017-08-28 15:42:11.275;

【项目】:任务后台;
【大分组】:-1921663016;	【小分组】:-1252932402;
【日志类型】:错误日志;
【标题】:Notify;
【内容】:Object reference not set to an instance of an object.;
【createtime】:2017-08-28 15:42:22.319;

【项目】:任务后台;
【大分组】:-1921663016;	【小分组】:-1682853052;
【日志类型】:错误日志;
【标题】:Notify;
【内容】:Object reference not set to an instance of an object.;
【createtime】:2017-08-28 15:42:33.404;

【项目】:任务后台;
【大分组】:-1921663016;	【小分组】:7419575;
【日志类型】:错误日志;
【标题】:Notify;
【内容】:Object reference not set to an instance of an object.;
【createtime】:2017-08-28 15:42:44.485;

【项目】:任务后台;
【大分组】:-1921663016;	【小分组】:1538941410;
【日志类型】:错误日志;
【标题】:Notify;
【内容】:Object reference not set to an instance of an object.;
【createtime】:2017-08-28 15:42:55.565;

【项目】:任务后台;
【大分组】:-1921663016;	【小分组】:-117876491;
【日志类型】:错误日志;
【标题】:Notify;
【内容】:Object reference not set to an instance of an object.;
【createtime】:2017-08-28 15:43:06.644;

【项目】:任务后台;
【大分组】:-1921663016;	【小分组】:832343276;
【日志类型】:错误日志;
【标题】:Notify;
【内容】:Object reference not set to an instance of an object.;
【createtime】:2017-08-28 15:43:17.717;

【项目】:任务后台;
【大分组】:-1921663016;	【小分组】:-1546929344;
【日志类型】:错误日志;
【标题】:Notify;
【内容】:Object reference not set to an instance of an object.;
【createtime】:2017-08-28 15:43:28.799;

【项目】:任务后台;
【大分组】:-1921663016;	【小分组】:-960581256;
【日志类型】:错误日志;
【标题】:Notify;
【内容】:Object reference not set to an instance of an object.;
【createtime】:2017-08-28 15:43:39.881;

【项目】:任务后台;
【大分组】:-1921663016;	【小分组】:-32111890;
【日志类型】:错误日志;
【标题】:Notify;
【内容】:Object reference not set to an instance of an object.;
【createtime】:2017-08-28 15:43:50.944;

【项目】:任务后台;
【大分组】:-1921663016;	【小分组】:1076576398;
【日志类型】:错误日志;
【标题】:Notify;
【内容】:Object reference not set to an instance of an object.;
【createtime】:2017-08-28 15:47:05.555;

【项目】:任务后台;
【大分组】:-1921663016;	【小分组】:733017184;
【日志类型】:错误日志;
【标题】:Notify;
【内容】:Object reference not set to an instance of an object.;
【createtime】:2017-08-28 15:47:16.686;

【项目】:任务后台;
【大分组】:-1921663016;	【小分组】:-1929135516;
【日志类型】:错误日志;
【标题】:Notify;
【内容】:Object reference not set to an instance of an object.;
【createtime】:2017-08-28 15:47:27.751;

【项目】:任务后台;
【大分组】:-1921663016;	【小分组】:-1039693480;
【日志类型】:错误日志;
【标题】:Notify;
【内容】:Object reference not set to an instance of an object.;
【createtime】:2017-08-28 15:47:38.834;

【项目】:任务后台;
【大分组】:-1921663016;	【小分组】:838696473;
【日志类型】:错误日志;
【标题】:Notify;
【内容】:Object reference not set to an instance of an object.;
【createtime】:2017-08-28 15:47:49.869;

【项目】:任务后台;
【大分组】:-1921663016;	【小分组】:1698118352;
【日志类型】:错误日志;
【标题】:Notify;
【内容】:Object reference not set to an instance of an object.;
【createtime】:2017-08-28 15:48:00.929;

【项目】:任务后台;
【大分组】:-1921663016;	【小分组】:-69928202;
【日志类型】:错误日志;
【标题】:Notify;
【内容】:Object reference not set to an instance of an object.;
【createtime】:2017-08-28 15:48:12.011;

【项目】:任务后台;
【大分组】:-1921663016;	【小分组】:2102188509;
【日志类型】:错误日志;
【标题】:Notify;
【内容】:Object reference not set to an instance of an object.;
【createtime】:2017-08-28 15:48:23.077;

【项目】:任务后台;
【大分组】:-1921663016;	【小分组】:-911005547;
【日志类型】:错误日志;
【标题】:Notify;
【内容】:Object reference not set to an instance of an object.;
【createtime】:2017-08-28 15:48:34.129;

【项目】:任务后台;
【大分组】:-1921663016;	【小分组】:-2078211095;
【日志类型】:错误日志;
【标题】:Notify;
【内容】:Object reference not set to an instance of an object.;
【createtime】:2017-08-28 15:48:45.177;

【项目】:任务后台;
【大分组】:-1921663016;	【小分组】:1967176059;
【日志类型】:错误日志;
【标题】:Notify;
【内容】:Object reference not set to an instance of an object.;
【createtime】:2017-08-28 15:48:56.258;

【项目】:任务后台;
【大分组】:-1921663016;	【小分组】:-717156774;
【日志类型】:错误日志;
【标题】:Notify;
【内容】:Object reference not set to an instance of an object.;
【createtime】:2017-08-28 15:49:07.329;

【项目】:任务后台;
【大分组】:-1921663016;	【小分组】:913140758;
【日志类型】:错误日志;
【标题】:Notify;
【内容】:Object reference not set to an instance of an object.;
【createtime】:2017-08-28 15:49:18.412;

【项目】:任务后台;
【大分组】:-1921663016;	【小分组】:-433532646;
【日志类型】:错误日志;
【标题】:Notify;
【内容】:Object reference not set to an instance of an object.;
【createtime】:2017-08-28 15:49:29.479;

【项目】:任务后台;
【大分组】:-1921663016;	【小分组】:-1866587677;
【日志类型】:错误日志;
【标题】:Notify;
【内容】:Object reference not set to an instance of an object.;
【createtime】:2017-08-28 15:49:40.553;

【项目】:任务后台;
【大分组】:-1921663016;	【小分组】:936731951;
【日志类型】:错误日志;
【标题】:Notify;
【内容】:Object reference not set to an instance of an object.;
【createtime】:2017-08-28 15:49:51.641;

【项目】:任务后台;
【大分组】:-1921663016;	【小分组】:-1060836817;
【日志类型】:错误日志;
【标题】:Notify;
【内容】:Object reference not set to an instance of an object.;
【createtime】:2017-08-28 15:50:02.728;

【项目】:任务后台;
【大分组】:-1921663016;	【小分组】:101682329;
【日志类型】:错误日志;
【标题】:Notify;
【内容】:Object reference not set to an instance of an object.;
【createtime】:2017-08-28 15:50:15.847;

【项目】:任务后台;
【大分组】:-1921663016;	【小分组】:1572958579;
【日志类型】:错误日志;
【标题】:Notify;
【内容】:Object reference not set to an instance of an object.;
【createtime】:2017-08-28 15:50:26.902;

【项目】:任务后台;
【大分组】:-1921663016;	【小分组】:-571052221;
【日志类型】:错误日志;
【标题】:Notify;
【内容】:Object reference not set to an instance of an object.;
【createtime】:2017-08-28 15:50:37.944;

【项目】:任务后台;
【大分组】:-1921663016;	【小分组】:-452312834;
【日志类型】:错误日志;
【标题】:Notify;
【内容】:Object reference not set to an instance of an object.;
【createtime】:2017-08-28 15:50:49.017;

【项目】:任务后台;
【大分组】:-1921663016;	【小分组】:805478680;
【日志类型】:错误日志;
【标题】:Notify;
【内容】:Object reference not set to an instance of an object.;
【createtime】:2017-08-28 15:51:08.144;

【项目】:任务后台;
【大分组】:-1921663016;	【小分组】:-1047291438;
【日志类型】:错误日志;
【标题】:Notify;
【内容】:Object reference not set to an instance of an object.;
【createtime】:2017-08-28 15:51:19.203;

【项目】:任务后台;
【大分组】:-1921663016;	【小分组】:27754350;
【日志类型】:错误日志;
【标题】:Notify;
【内容】:Object reference not set to an instance of an object.;
【createtime】:2017-08-28 15:51:30.280;

【项目】:任务后台;
【大分组】:-1921663016;	【小分组】:2016607049;
【日志类型】:错误日志;
【标题】:Notify;
【内容】:Object reference not set to an instance of an object.;
【createtime】:2017-08-28 15:51:41.356;

【项目】:任务后台;
【大分组】:-1921663016;	【小分组】:-1668684397;
【日志类型】:错误日志;
【标题】:Notify;
【内容】:Object reference not set to an instance of an object.;
【createtime】:2017-08-28 15:51:52.431;

【项目】:任务后台;
【大分组】:-1921663016;	【小分组】:916031044;
【日志类型】:错误日志;
【标题】:Notify;
【内容】:Object reference not set to an instance of an object.;
【createtime】:2017-08-28 15:52:58.342;

【项目】:任务后台;
【大分组】:-1921663016;	【小分组】:-1266792166;
【日志类型】:错误日志;
【标题】:Notify;
【内容】:Object reference not set to an instance of an object.;
【createtime】:2017-08-28 15:53:12.265;

【项目】:任务后台;
【大分组】:-1921663016;	【小分组】:20527336;
【日志类型】:错误日志;
【标题】:Notify;
【内容】:Object reference not set to an instance of an object.;
【createtime】:2017-08-28 15:53:23.300;

【项目】:任务后台;
【大分组】:-1921663016;	【小分组】:-371730315;
【日志类型】:错误日志;
【标题】:Notify;
【内容】:Object reference not set to an instance of an object.;
【createtime】:2017-08-28 15:53:34.372;

【项目】:任务后台;
【大分组】:-1921663016;	【小分组】:-1140636672;
【日志类型】:错误日志;
【标题】:Notify;
【内容】:Object reference not set to an instance of an object.;
【createtime】:2017-08-28 15:53:45.446;

【项目】:任务后台;
【大分组】:-1921663016;	【小分组】:-1885990314;
【日志类型】:错误日志;
【标题】:Notify;
【内容】:Object reference not set to an instance of an object.;
【createtime】:2017-08-28 15:53:56.496;

【项目】:任务后台;
【大分组】:-1921663016;	【小分组】:1453605089;
【日志类型】:错误日志;
【标题】:Notify;
【内容】:Object reference not set to an instance of an object.;
【createtime】:2017-08-28 15:54:07.572;

【项目】:任务后台;
【大分组】:-1921663016;	【小分组】:-1907971166;
【日志类型】:错误日志;
【标题】:Notify;
【内容】:Object reference not set to an instance of an object.;
【createtime】:2017-08-28 15:54:18.645;

【项目】:任务后台;
【大分组】:-1921663016;	【小分组】:1457844205;
【日志类型】:错误日志;
【标题】:Notify;
【内容】:Object reference not set to an instance of an object.;
【createtime】:2017-08-28 15:54:29.711;

【项目】:任务后台;
【大分组】:-1921663016;	【小分组】:-2097133557;
【日志类型】:错误日志;
【标题】:Notify;
【内容】:Object reference not set to an instance of an object.;
【createtime】:2017-08-28 15:54:40.787;

【项目】:任务后台;
【大分组】:-1921663016;	【小分组】:1079305975;
【日志类型】:错误日志;
【标题】:Notify;
【内容】:Object reference not set to an instance of an object.;
【createtime】:2017-08-28 15:54:51.846;

【项目】:任务后台;
【大分组】:-1921663016;	【小分组】:-381625652;
【日志类型】:错误日志;
【标题】:Notify;
【内容】:Object reference not set to an instance of an object.;
【createtime】:2017-08-28 15:55:02.906;

【项目】:任务后台;
【大分组】:-1921663016;	【小分组】:1636670268;
【日志类型】:错误日志;
【标题】:Notify;
【内容】:Object reference not set to an instance of an object.;
【createtime】:2017-08-28 15:55:13.952;

【项目】:任务后台;
【大分组】:-1921663016;	【小分组】:-245140614;
【日志类型】:错误日志;
【标题】:Notify;
【内容】:Object reference not set to an instance of an object.;
【createtime】:2017-08-28 15:55:25.023;

【项目】:任务后台;
【大分组】:-1921663016;	【小分组】:938298857;
【日志类型】:错误日志;
【标题】:Notify;
【内容】:Object reference not set to an instance of an object.;
【createtime】:2017-08-28 15:55:36.051;

【项目】:任务后台;
【大分组】:-1921663016;	【小分组】:991558728;
【日志类型】:错误日志;
【标题】:Notify;
【内容】:Object reference not set to an instance of an object.;
【createtime】:2017-08-28 15:55:47.111;

【项目】:任务后台;
【大分组】:-1921663016;	【小分组】:-1894731723;
【日志类型】:错误日志;
【标题】:Notify;
【内容】:Object reference not set to an instance of an object.;
【createtime】:2017-08-28 15:55:58.192;

【项目】:任务后台;
【大分组】:-1921663016;	【小分组】:-1163144769;
【日志类型】:错误日志;
【标题】:Notify;
【内容】:Object reference not set to an instance of an object.;
【createtime】:2017-08-28 15:56:09.280;

【项目】:任务后台;
【大分组】:-1921663016;	【小分组】:-1423034020;
【日志类型】:错误日志;
【标题】:Notify;
【内容】:Object reference not set to an instance of an object.;
【createtime】:2017-08-28 15:56:20.326;

【项目】:任务后台;
【大分组】:-1921663016;	【小分组】:1949832208;
【日志类型】:错误日志;
【标题】:Notify;
【内容】:Object reference not set to an instance of an object.;
【createtime】:2017-08-28 15:56:31.393;

【项目】:任务后台;
【大分组】:-1921663016;	【小分组】:893903169;
【日志类型】:错误日志;
【标题】:Notify;
【内容】:Object reference not set to an instance of an object.;
【createtime】:2017-08-28 15:56:42.457;

【项目】:任务后台;
【大分组】:-1921663016;	【小分组】:8491410;
【日志类型】:错误日志;
【标题】:Notify;
【内容】:Object reference not set to an instance of an object.;
【createtime】:2017-08-28 15:56:53.520;

【项目】:任务后台;
【大分组】:-1921663016;	【小分组】:-322975169;
【日志类型】:错误日志;
【标题】:Notify;
【内容】:Object reference not set to an instance of an object.;
【createtime】:2017-08-28 15:57:04.594;

【项目】:任务后台;
【大分组】:-1921663016;	【小分组】:-402247591;
【日志类型】:错误日志;
【标题】:Notify;
【内容】:Object reference not set to an instance of an object.;
【createtime】:2017-08-28 15:57:15.673;

【项目】:任务后台;
【大分组】:-1921663016;	【小分组】:-1009449011;
【日志类型】:错误日志;
【标题】:Notify;
【内容】:Object reference not set to an instance of an object.;
【createtime】:2017-08-28 15:57:26.756;

【项目】:任务后台;
【大分组】:-1921663016;	【小分组】:-939910102;
【日志类型】:错误日志;
【标题】:Notify;
【内容】:Object reference not set to an instance of an object.;
【createtime】:2017-08-28 15:57:37.797;

【项目】:任务后台;
【大分组】:-1921663016;	【小分组】:-1703183811;
【日志类型】:错误日志;
【标题】:Notify;
【内容】:Object reference not set to an instance of an object.;
【createtime】:2017-08-28 15:57:48.870;

【项目】:任务后台;
【大分组】:-1921663016;	【小分组】:978106664;
【日志类型】:错误日志;
【标题】:Notify;
【内容】:Object reference not set to an instance of an object.;
【createtime】:2017-08-28 15:57:59.911;

【项目】:任务后台;
【大分组】:-1921663016;	【小分组】:-1494531581;
【日志类型】:错误日志;
【标题】:Notify;
【内容】:Object reference not set to an instance of an object.;
【createtime】:2017-08-28 15:58:10.970;

【项目】:任务后台;
【大分组】:-1921663016;	【小分组】:1130278250;
【日志类型】:错误日志;
【标题】:Notify;
【内容】:Object reference not set to an instance of an object.;
【createtime】:2017-08-28 15:58:22.000;

【项目】:任务后台;
【大分组】:-1921663016;	【小分组】:794347346;
【日志类型】:错误日志;
【标题】:Notify;
【内容】:Object reference not set to an instance of an object.;
【createtime】:2017-08-28 15:58:33.055;

【项目】:任务后台;
【大分组】:-1921663016;	【小分组】:-461609317;
【日志类型】:错误日志;
【标题】:Notify;
【内容】:Object reference not set to an instance of an object.;
【createtime】:2017-08-28 15:58:44.129;

【项目】:任务后台;
【大分组】:-1921663016;	【小分组】:792218246;
【日志类型】:错误日志;
【标题】:Notify;
【内容】:Object reference not set to an instance of an object.;
【createtime】:2017-08-28 15:58:55.195;

【项目】:任务后台;
【大分组】:-1921663016;	【小分组】:115180498;
【日志类型】:错误日志;
【标题】:Notify;
【内容】:Object reference not set to an instance of an object.;
【createtime】:2017-08-28 15:59:06.273;

【项目】:任务后台;
【大分组】:-1921663016;	【小分组】:-1319453576;
【日志类型】:错误日志;
【标题】:Notify;
【内容】:Object reference not set to an instance of an object.;
【createtime】:2017-08-28 15:59:17.332;

【项目】:任务后台;
【大分组】:-1921663016;	【小分组】:687502716;
【日志类型】:错误日志;
【标题】:Notify;
【内容】:Object reference not set to an instance of an object.;
【createtime】:2017-08-28 15:59:28.390;

【项目】:任务后台;
【大分组】:-1921663016;	【小分组】:381636692;
【日志类型】:错误日志;
【标题】:Notify;
【内容】:Object reference not set to an instance of an object.;
【createtime】:2017-08-28 15:59:39.464;

【项目】:任务后台;
【大分组】:-1921663016;	【小分组】:-1386200467;
【日志类型】:错误日志;
【标题】:Notify;
【内容】:Object reference not set to an instance of an object.;
【createtime】:2017-08-28 15:59:50.532;

【项目】:任务后台;
【大分组】:-1921663016;	【小分组】:1308622303;
【日志类型】:错误日志;
【标题】:Notify;
【内容】:Object reference not set to an instance of an object.;
【createtime】:2017-08-28 16:00:01.602;

【项目】:任务后台;
【大分组】:-1921663016;	【小分组】:1368404429;
【日志类型】:错误日志;
【标题】:Notify;
【内容】:Object reference not set to an instance of an object.;
【createtime】:2017-08-28 16:00:12.634;

【项目】:任务后台;
【大分组】:-1921663016;	【小分组】:-1417339579;
【日志类型】:错误日志;
【标题】:Notify;
【内容】:Object reference not set to an instance of an object.;
【createtime】:2017-08-28 16:00:23.681;

【项目】:任务后台;
【大分组】:-1921663016;	【小分组】:1070251834;
【日志类型】:错误日志;
【标题】:Notify;
【内容】:Object reference not set to an instance of an object.;
【createtime】:2017-08-28 16:00:34.765;

【项目】:任务后台;
【大分组】:-1921663016;	【小分组】:-764389401;
【日志类型】:错误日志;
【标题】:Notify;
【内容】:Object reference not set to an instance of an object.;
【createtime】:2017-08-28 16:00:45.850;

【项目】:任务后台;
【大分组】:-1921663016;	【小分组】:2053641610;
【日志类型】:错误日志;
【标题】:Notify;
【内容】:Object reference not set to an instance of an object.;
【createtime】:2017-08-28 16:00:56.930;

【项目】:任务后台;
【大分组】:-1921663016;	【小分组】:-1130386649;
【日志类型】:错误日志;
【标题】:Notify;
【内容】:Object reference not set to an instance of an object.;
【createtime】:2017-08-28 16:01:08.007;

【项目】:任务后台;
【大分组】:-1921663016;	【小分组】:-615934749;
【日志类型】:错误日志;
【标题】:Notify;
【内容】:Object reference not set to an instance of an object.;
【createtime】:2017-08-28 16:01:19.076;

【项目】:任务后台;
【大分组】:-1921663016;	【小分组】:-94517818;
【日志类型】:错误日志;
【标题】:Notify;
【内容】:Object reference not set to an instance of an object.;
【createtime】:2017-08-28 16:01:30.155;

【项目】:任务后台;
【大分组】:-1921663016;	【小分组】:-847805878;
【日志类型】:错误日志;
【标题】:Notify;
【内容】:Object reference not set to an instance of an object.;
【createtime】:2017-08-28 16:01:41.234;

【项目】:任务后台;
【大分组】:-1921663016;	【小分组】:-652508136;
【日志类型】:错误日志;
【标题】:Notify;
【内容】:Object reference not set to an instance of an object.;
【createtime】:2017-08-28 16:01:52.311;

【项目】:任务后台;
【大分组】:-1921663016;	【小分组】:888278562;
【日志类型】:错误日志;
【标题】:Notify;
【内容】:Object reference not set to an instance of an object.;
【createtime】:2017-08-28 16:02:03.399;

【项目】:任务后台;
【大分组】:-1921663016;	【小分组】:-1273831902;
【日志类型】:错误日志;
【标题】:Notify;
【内容】:Object reference not set to an instance of an object.;
【createtime】:2017-08-28 16:02:14.463;

【项目】:任务后台;
【大分组】:-1921663016;	【小分组】:-1800205261;
【日志类型】:错误日志;
【标题】:Notify;
【内容】:Object reference not set to an instance of an object.;
【createtime】:2017-08-28 16:02:25.519;

【项目】:任务后台;
【大分组】:-1921663016;	【小分组】:-162595874;
【日志类型】:错误日志;
【标题】:Notify;
【内容】:Object reference not set to an instance of an object.;
【createtime】:2017-08-28 16:02:36.597;

【项目】:任务后台;
【大分组】:-1921663016;	【小分组】:442327753;
【日志类型】:错误日志;
【标题】:Notify;
【内容】:Object reference not set to an instance of an object.;
【createtime】:2017-08-28 16:02:47.677;

【项目】:任务后台;
【大分组】:-1921663016;	【小分组】:1659803325;
【日志类型】:错误日志;
【标题】:Notify;
【内容】:Object reference not set to an instance of an object.;
【createtime】:2017-08-28 16:02:58.756;

【项目】:任务后台;
【大分组】:-1921663016;	【小分组】:454189488;
【日志类型】:错误日志;
【标题】:Notify;
【内容】:Object reference not set to an instance of an object.;
【createtime】:2017-08-28 16:03:09.835;

【项目】:任务后台;
【大分组】:-1921663016;	【小分组】:-2114904095;
【日志类型】:错误日志;
【标题】:Notify;
【内容】:Object reference not set to an instance of an object.;
【createtime】:2017-08-28 16:03:20.910;

【项目】:任务后台;
【大分组】:-1921663016;	【小分组】:-46551273;
【日志类型】:错误日志;
【标题】:Notify;
【内容】:Object reference not set to an instance of an object.;
【createtime】:2017-08-28 16:03:31.988;

【项目】:任务后台;
【大分组】:-1921663016;	【小分组】:1370973025;
【日志类型】:错误日志;
【标题】:Notify;
【内容】:Object reference not set to an instance of an object.;
【createtime】:2017-08-28 16:03:43.055;

【项目】:任务后台;
【大分组】:-1921663016;	【小分组】:228868403;
【日志类型】:错误日志;
【标题】:Notify;
【内容】:Object reference not set to an instance of an object.;
【createtime】:2017-08-28 16:03:54.135;

【项目】:任务后台;
【大分组】:-1921663016;	【小分组】:250996515;
【日志类型】:错误日志;
【标题】:Notify;
【内容】:Object reference not set to an instance of an object.;
【createtime】:2017-08-28 16:04:05.207;

【项目】:任务后台;
【大分组】:-1921663016;	【小分组】:1576056412;
【日志类型】:错误日志;
【标题】:Notify;
【内容】:Object reference not set to an instance of an object.;
【createtime】:2017-08-28 16:04:16.298;

【项目】:任务后台;
【大分组】:-1921663016;	【小分组】:16700593;
【日志类型】:错误日志;
【标题】:Notify;
【内容】:Object reference not set to an instance of an object.;
【createtime】:2017-08-28 16:04:27.377;

【项目】:任务后台;
【大分组】:-1921663016;	【小分组】:1747582128;
【日志类型】:错误日志;
【标题】:Notify;
【内容】:Object reference not set to an instance of an object.;
【createtime】:2017-08-28 16:04:38.456;

【项目】:任务后台;
【大分组】:-1921663016;	【小分组】:-1420581015;
【日志类型】:错误日志;
【标题】:Notify;
【内容】:Object reference not set to an instance of an object.;
【createtime】:2017-08-28 16:04:49.542;

【项目】:任务后台;
【大分组】:-1921663016;	【小分组】:-1636278889;
【日志类型】:错误日志;
【标题】:Notify;
【内容】:Object reference not set to an instance of an object.;
【createtime】:2017-08-28 16:05:00.617;

【项目】:任务后台;
【大分组】:-1921663016;	【小分组】:1716522702;
【日志类型】:错误日志;
【标题】:Notify;
【内容】:Object reference not set to an instance of an object.;
【createtime】:2017-08-28 16:05:11.690;

【项目】:任务后台;
【大分组】:-1921663016;	【小分组】:1780021841;
【日志类型】:错误日志;
【标题】:Notify;
【内容】:Object reference not set to an instance of an object.;
【createtime】:2017-08-28 16:05:22.762;

【项目】:任务后台;
【大分组】:-1921663016;	【小分组】:1840951485;
【日志类型】:错误日志;
【标题】:Notify;
【内容】:Object reference not set to an instance of an object.;
【createtime】:2017-08-28 16:05:33.842;

【项目】:任务后台;
【大分组】:-1921663016;	【小分组】:-1969439245;
【日志类型】:错误日志;
【标题】:Notify;
【内容】:Object reference not set to an instance of an object.;
【createtime】:2017-08-28 16:05:44.922;

【项目】:任务后台;
【大分组】:-1921663016;	【小分组】:1919980661;
【日志类型】:错误日志;
【标题】:Notify;
【内容】:Object reference not set to an instance of an object.;
【createtime】:2017-08-28 16:05:55.998;

【项目】:任务后台;
【大分组】:-1921663016;	【小分组】:-1523860842;
【日志类型】:错误日志;
【标题】:Notify;
【内容】:Object reference not set to an instance of an object.;
【createtime】:2017-08-28 16:06:07.078;

【项目】:任务后台;
【大分组】:-1921663016;	【小分组】:22281080;
【日志类型】:错误日志;
【标题】:Notify;
【内容】:Object reference not set to an instance of an object.;
【createtime】:2017-08-28 16:06:18.148;

【项目】:任务后台;
【大分组】:-1921663016;	【小分组】:-754831225;
【日志类型】:错误日志;
【标题】:Notify;
【内容】:Object reference not set to an instance of an object.;
【createtime】:2017-08-28 16:06:29.225;

【项目】:任务后台;
【大分组】:-1921663016;	【小分组】:2011655691;
【日志类型】:错误日志;
【标题】:Notify;
【内容】:Object reference not set to an instance of an object.;
【createtime】:2017-08-28 16:06:40.293;

【项目】:任务后台;
【大分组】:-1921663016;	【小分组】:-2036513602;
【日志类型】:错误日志;
【标题】:Notify;
【内容】:Object reference not set to an instance of an object.;
【createtime】:2017-08-28 16:06:51.373;

【项目】:任务后台;
【大分组】:-1921663016;	【小分组】:1074297415;
【日志类型】:错误日志;
【标题】:Notify;
【内容】:Object reference not set to an instance of an object.;
【createtime】:2017-08-28 16:07:02.447;

【项目】:任务后台;
【大分组】:-1921663016;	【小分组】:-680235961;
【日志类型】:错误日志;
【标题】:Notify;
【内容】:Object reference not set to an instance of an object.;
【createtime】:2017-08-28 16:07:13.526;

【项目】:任务后台;
【大分组】:-1921663016;	【小分组】:-524619093;
【日志类型】:错误日志;
【标题】:Notify;
【内容】:Object reference not set to an instance of an object.;
【createtime】:2017-08-28 16:07:24.603;

【项目】:任务后台;
【大分组】:-1921663016;	【小分组】:411169682;
【日志类型】:错误日志;
【标题】:Notify;
【内容】:Object reference not set to an instance of an object.;
【createtime】:2017-08-28 16:07:35.683;

【项目】:任务后台;
【大分组】:-1921663016;	【小分组】:-687448699;
【日志类型】:错误日志;
【标题】:Notify;
【内容】:Object reference not set to an instance of an object.;
【createtime】:2017-08-28 16:07:46.757;

【项目】:任务后台;
【大分组】:-1921663016;	【小分组】:-702261890;
【日志类型】:错误日志;
【标题】:Notify;
【内容】:Object reference not set to an instance of an object.;
【createtime】:2017-08-28 16:07:57.837;

【项目】:任务后台;
【大分组】:-1921663016;	【小分组】:154812776;
【日志类型】:错误日志;
【标题】:Notify;
【内容】:Object reference not set to an instance of an object.;
【createtime】:2017-08-28 16:08:08.923;

【项目】:任务后台;
【大分组】:-1921663016;	【小分组】:-2046426995;
【日志类型】:错误日志;
【标题】:Notify;
【内容】:Object reference not set to an instance of an object.;
【createtime】:2017-08-28 16:08:19.997;

【项目】:任务后台;
【大分组】:-1921663016;	【小分组】:-1256878079;
【日志类型】:错误日志;
【标题】:Notify;
【内容】:Object reference not set to an instance of an object.;
【createtime】:2017-08-28 16:08:31.069;

【项目】:任务后台;
【大分组】:-1921663016;	【小分组】:-1626219263;
【日志类型】:错误日志;
【标题】:Notify;
【内容】:Object reference not set to an instance of an object.;
【createtime】:2017-08-28 16:08:42.140;

【项目】:任务后台;
【大分组】:-1921663016;	【小分组】:1083406881;
【日志类型】:错误日志;
【标题】:Notify;
【内容】:Object reference not set to an instance of an object.;
【createtime】:2017-08-28 16:08:53.212;

【项目】:任务后台;
【大分组】:-1921663016;	【小分组】:-226506946;
【日志类型】:错误日志;
【标题】:Notify;
【内容】:Object reference not set to an instance of an object.;
【createtime】:2017-08-28 16:09:04.281;

【项目】:任务后台;
【大分组】:-1921663016;	【小分组】:-154741132;
【日志类型】:错误日志;
【标题】:Notify;
【内容】:Object reference not set to an instance of an object.;
【createtime】:2017-08-28 16:09:15.361;

【项目】:任务后台;
【大分组】:-1921663016;	【小分组】:-1380980346;
【日志类型】:错误日志;
【标题】:Notify;
【内容】:Object reference not set to an instance of an object.;
【createtime】:2017-08-28 16:09:26.438;

【项目】:任务后台;
【大分组】:-1921663016;	【小分组】:-401380098;
【日志类型】:错误日志;
【标题】:Notify;
【内容】:Object reference not set to an instance of an object.;
【createtime】:2017-08-28 16:09:37.524;

【项目】:任务后台;
【大分组】:-1921663016;	【小分组】:1994837484;
【日志类型】:错误日志;
【标题】:Notify;
【内容】:Object reference not set to an instance of an object.;
【createtime】:2017-08-28 16:09:48.566;

【项目】:任务后台;
【大分组】:-1921663016;	【小分组】:1626372973;
【日志类型】:错误日志;
【标题】:Notify;
【内容】:Object reference not set to an instance of an object.;
【createtime】:2017-08-28 16:09:59.632;

【项目】:任务后台;
【大分组】:-1921663016;	【小分组】:-1406410182;
【日志类型】:错误日志;
【标题】:Notify;
【内容】:Object reference not set to an instance of an object.;
【createtime】:2017-08-28 16:10:10.699;

【项目】:任务后台;
【大分组】:-1921663016;	【小分组】:935090519;
【日志类型】:错误日志;
【标题】:Notify;
【内容】:Object reference not set to an instance of an object.;
【createtime】:2017-08-28 16:10:21.785;

【项目】:任务后台;
【大分组】:-1921663016;	【小分组】:-1265939196;
【日志类型】:错误日志;
【标题】:Notify;
【内容】:Object reference not set to an instance of an object.;
【createtime】:2017-08-28 16:10:32.861;

【项目】:任务后台;
【大分组】:-1921663016;	【小分组】:332955317;
【日志类型】:错误日志;
【标题】:Notify;
【内容】:Object reference not set to an instance of an object.;
【createtime】:2017-08-28 16:10:43.943;

【项目】:任务后台;
【大分组】:-1921663016;	【小分组】:430668389;
【日志类型】:错误日志;
【标题】:Notify;
【内容】:Object reference not set to an instance of an object.;
【createtime】:2017-08-28 16:10:54.982;

【项目】:任务后台;
【大分组】:-1921663016;	【小分组】:-1652575169;
【日志类型】:错误日志;
【标题】:Notify;
【内容】:Object reference not set to an instance of an object.;
【createtime】:2017-08-28 16:11:06.036;

【项目】:任务后台;
【大分组】:-1921663016;	【小分组】:167258123;
【日志类型】:错误日志;
【标题】:Notify;
【内容】:Object reference not set to an instance of an object.;
【createtime】:2017-08-28 16:11:17.094;

【项目】:任务后台;
【大分组】:-1921663016;	【小分组】:-175523076;
【日志类型】:错误日志;
【标题】:Notify;
【内容】:Object reference not set to an instance of an object.;
【createtime】:2017-08-28 16:11:28.150;

【项目】:任务后台;
【大分组】:-1921663016;	【小分组】:1982474379;
【日志类型】:错误日志;
【标题】:Notify;
【内容】:Object reference not set to an instance of an object.;
【createtime】:2017-08-28 16:11:39.233;

【项目】:任务后台;
【大分组】:-1921663016;	【小分组】:604255891;
【日志类型】:错误日志;
【标题】:Notify;
【内容】:Object reference not set to an instance of an object.;
【createtime】:2017-08-28 16:11:50.302;

【项目】:任务后台;
【大分组】:-1921663016;	【小分组】:56636450;
【日志类型】:错误日志;
【标题】:Notify;
【内容】:Object reference not set to an instance of an object.;
【createtime】:2017-08-28 16:12:01.370;

【项目】:任务后台;
【大分组】:-1921663016;	【小分组】:-545879091;
【日志类型】:错误日志;
【标题】:Notify;
【内容】:Object reference not set to an instance of an object.;
【createtime】:2017-08-28 16:12:12.412;

【项目】:任务后台;
【大分组】:-1921663016;	【小分组】:2002739578;
【日志类型】:错误日志;
【标题】:Notify;
【内容】:Object reference not set to an instance of an object.;
【createtime】:2017-08-28 16:12:23.440;

【项目】:任务后台;
【大分组】:-1921663016;	【小分组】:833626841;
【日志类型】:错误日志;
【标题】:Notify;
【内容】:Object reference not set to an instance of an object.;
【createtime】:2017-08-28 16:12:34.501;

【项目】:任务后台;
【大分组】:-1921663016;	【小分组】:818273422;
【日志类型】:错误日志;
【标题】:Notify;
【内容】:Object reference not set to an instance of an object.;
【createtime】:2017-08-28 16:12:45.578;

【项目】:任务后台;
【大分组】:-1921663016;	【小分组】:-77831337;
【日志类型】:错误日志;
【标题】:Notify;
【内容】:Object reference not set to an instance of an object.;
【createtime】:2017-08-28 16:12:56.638;

【项目】:任务后台;
【大分组】:-1921663016;	【小分组】:-1188411037;
【日志类型】:错误日志;
【标题】:Notify;
【内容】:Object reference not set to an instance of an object.;
【createtime】:2017-08-28 16:13:07.729;

【项目】:任务后台;
【大分组】:-1921663016;	【小分组】:-966957360;
【日志类型】:错误日志;
【标题】:Notify;
【内容】:Object reference not set to an instance of an object.;
【createtime】:2017-08-28 16:13:18.777;

【项目】:任务后台;
【大分组】:-1921663016;	【小分组】:745789624;
【日志类型】:错误日志;
【标题】:Notify;
【内容】:Object reference not set to an instance of an object.;
【createtime】:2017-08-28 16:13:29.833;

【项目】:任务后台;
【大分组】:-1921663016;	【小分组】:648287594;
【日志类型】:错误日志;
【标题】:Notify;
【内容】:Object reference not set to an instance of an object.;
【createtime】:2017-08-28 16:13:40.908;

【项目】:任务后台;
【大分组】:-1921663016;	【小分组】:312050825;
【日志类型】:错误日志;
【标题】:Notify;
【内容】:Object reference not set to an instance of an object.;
【createtime】:2017-08-28 16:13:51.970;

【项目】:任务后台;
【大分组】:-1921663016;	【小分组】:-1450008952;
【日志类型】:错误日志;
【标题】:Notify;
【内容】:Object reference not set to an instance of an object.;
【createtime】:2017-08-28 16:14:03.004;

【项目】:任务后台;
【大分组】:-1921663016;	【小分组】:-852246441;
【日志类型】:错误日志;
【标题】:Notify;
【内容】:Object reference not set to an instance of an object.;
【createtime】:2017-08-28 16:14:14.076;

【项目】:任务后台;
【大分组】:-1921663016;	【小分组】:1196116270;
【日志类型】:错误日志;
【标题】:Notify;
【内容】:Object reference not set to an instance of an object.;
【createtime】:2017-08-28 16:14:25.116;

【项目】:任务后台;
【大分组】:-1921663016;	【小分组】:1010736098;
【日志类型】:错误日志;
【标题】:Notify;
【内容】:Object reference not set to an instance of an object.;
【createtime】:2017-08-28 16:14:36.185;

【项目】:任务后台;
【大分组】:-1921663016;	【小分组】:1873002932;
【日志类型】:错误日志;
【标题】:Notify;
【内容】:Object reference not set to an instance of an object.;
【createtime】:2017-08-28 16:14:47.265;

【项目】:任务后台;
【大分组】:-1921663016;	【小分组】:2108448424;
【日志类型】:错误日志;
【标题】:Notify;
【内容】:Object reference not set to an instance of an object.;
【createtime】:2017-08-28 16:14:58.339;

【项目】:任务后台;
【大分组】:-1921663016;	【小分组】:1081534145;
【日志类型】:错误日志;
【标题】:Notify;
【内容】:Object reference not set to an instance of an object.;
【createtime】:2017-08-28 16:15:09.410;

【项目】:任务后台;
【大分组】:-1921663016;	【小分组】:-1985188029;
【日志类型】:错误日志;
【标题】:Notify;
【内容】:Object reference not set to an instance of an object.;
【createtime】:2017-08-28 16:15:20.482;

【项目】:任务后台;
【大分组】:-1921663016;	【小分组】:1862512876;
【日志类型】:错误日志;
【标题】:Notify;
【内容】:Object reference not set to an instance of an object.;
【createtime】:2017-08-28 16:15:31.534;

【项目】:任务后台;
【大分组】:-1921663016;	【小分组】:-383195909;
【日志类型】:错误日志;
【标题】:Notify;
【内容】:Object reference not set to an instance of an object.;
【createtime】:2017-08-28 16:15:42.593;

【项目】:任务后台;
【大分组】:-1921663016;	【小分组】:-1177597935;
【日志类型】:错误日志;
【标题】:Notify;
【内容】:Object reference not set to an instance of an object.;
【createtime】:2017-08-28 16:15:53.665;

【项目】:任务后台;
【大分组】:-1921663016;	【小分组】:-1497941533;
【日志类型】:错误日志;
【标题】:Notify;
【内容】:Object reference not set to an instance of an object.;
【createtime】:2017-08-28 16:16:04.718;

【项目】:任务后台;
【大分组】:-1921663016;	【小分组】:-874570856;
【日志类型】:错误日志;
【标题】:Notify;
【内容】:Object reference not set to an instance of an object.;
【createtime】:2017-08-28 16:16:15.798;

【项目】:任务后台;
【大分组】:-1921663016;	【小分组】:-775376559;
【日志类型】:错误日志;
【标题】:Notify;
【内容】:Object reference not set to an instance of an object.;
【createtime】:2017-08-28 16:16:26.848;

【项目】:任务后台;
【大分组】:-1921663016;	【小分组】:-577139070;
【日志类型】:错误日志;
【标题】:Notify;
【内容】:Object reference not set to an instance of an object.;
【createtime】:2017-08-28 16:16:37.925;

【项目】:任务后台;
【大分组】:-1921663016;	【小分组】:-202279004;
【日志类型】:错误日志;
【标题】:Notify;
【内容】:Object reference not set to an instance of an object.;
【createtime】:2017-08-28 16:16:48.995;

【项目】:任务后台;
【大分组】:-1921663016;	【小分组】:-372991633;
【日志类型】:错误日志;
【标题】:Notify;
【内容】:Object reference not set to an instance of an object.;
【createtime】:2017-08-28 16:17:00.053;

【项目】:任务后台;
【大分组】:-1921663016;	【小分组】:-939668602;
【日志类型】:错误日志;
【标题】:Notify;
【内容】:Object reference not set to an instance of an object.;
【createtime】:2017-08-28 16:17:11.133;

【项目】:任务后台;
【大分组】:-1921663016;	【小分组】:667268023;
【日志类型】:错误日志;
【标题】:Notify;
【内容】:Object reference not set to an instance of an object.;
【createtime】:2017-08-28 16:17:22.214;

【项目】:任务后台;
【大分组】:-1921663016;	【小分组】:-990444395;
【日志类型】:错误日志;
【标题】:Notify;
【内容】:Object reference not set to an instance of an object.;
【createtime】:2017-08-28 16:17:33.288;

【项目】:任务后台;
【大分组】:-1921663016;	【小分组】:-724929699;
【日志类型】:错误日志;
【标题】:Notify;
【内容】:Object reference not set to an instance of an object.;
【createtime】:2017-08-28 16:17:44.358;

【项目】:任务后台;
【大分组】:-1921663016;	【小分组】:-1020380768;
【日志类型】:错误日志;
【标题】:Notify;
【内容】:Object reference not set to an instance of an object.;
【createtime】:2017-08-28 16:17:55.438;

【项目】:任务后台;
【大分组】:-1921663016;	【小分组】:529227163;
【日志类型】:错误日志;
【标题】:Notify;
【内容】:Object reference not set to an instance of an object.;
【createtime】:2017-08-28 16:18:06.516;

【项目】:任务后台;
【大分组】:-1921663016;	【小分组】:-132508447;
【日志类型】:错误日志;
【标题】:Notify;
【内容】:Object reference not set to an instance of an object.;
【createtime】:2017-08-28 16:18:17.594;

【项目】:任务后台;
【大分组】:-1921663016;	【小分组】:-1292009195;
【日志类型】:错误日志;
【标题】:Notify;
【内容】:Object reference not set to an instance of an object.;
【createtime】:2017-08-28 16:18:28.674;

【项目】:任务后台;
【大分组】:-1921663016;	【小分组】:-1342182416;
【日志类型】:错误日志;
【标题】:Notify;
【内容】:Object reference not set to an instance of an object.;
【createtime】:2017-08-28 16:18:39.727;

【项目】:任务后台;
【大分组】:-1921663016;	【小分组】:139918763;
【日志类型】:错误日志;
【标题】:Notify;
【内容】:Object reference not set to an instance of an object.;
【createtime】:2017-08-28 16:18:50.809;

【项目】:任务后台;
【大分组】:-1921663016;	【小分组】:218879524;
【日志类型】:错误日志;
【标题】:Notify;
【内容】:Object reference not set to an instance of an object.;
【createtime】:2017-08-28 16:19:01.891;

【项目】:任务后台;
【大分组】:-1921663016;	【小分组】:946479258;
【日志类型】:错误日志;
【标题】:Notify;
【内容】:Object reference not set to an instance of an object.;
【createtime】:2017-08-28 16:19:12.972;

【项目】:任务后台;
【大分组】:-1921663016;	【小分组】:1651442440;
【日志类型】:错误日志;
【标题】:Notify;
【内容】:Object reference not set to an instance of an object.;
【createtime】:2017-08-28 16:19:24.031;

【项目】:任务后台;
【大分组】:-1921663016;	【小分组】:-370633972;
【日志类型】:错误日志;
【标题】:Notify;
【内容】:Object reference not set to an instance of an object.;
【createtime】:2017-08-28 16:19:35.101;

【项目】:任务后台;
【大分组】:-1921663016;	【小分组】:443896994;
【日志类型】:错误日志;
【标题】:Notify;
【内容】:Object reference not set to an instance of an object.;
【createtime】:2017-08-28 16:19:46.183;

【项目】:任务后台;
【大分组】:-1921663016;	【小分组】:926082512;
【日志类型】:错误日志;
【标题】:Notify;
【内容】:Object reference not set to an instance of an object.;
【createtime】:2017-08-28 16:19:57.256;

【项目】:任务后台;
【大分组】:-1921663016;	【小分组】:-1187286470;
【日志类型】:错误日志;
【标题】:Notify;
【内容】:Object reference not set to an instance of an object.;
【createtime】:2017-08-28 16:20:08.334;

【项目】:任务后台;
【大分组】:-1921663016;	【小分组】:-1566539978;
【日志类型】:错误日志;
【标题】:Notify;
【内容】:Object reference not set to an instance of an object.;
【createtime】:2017-08-28 16:20:19.389;

【项目】:任务后台;
【大分组】:-1921663016;	【小分组】:-142824972;
【日志类型】:错误日志;
【标题】:Notify;
【内容】:Object reference not set to an instance of an object.;
【createtime】:2017-08-28 16:20:30.456;

【项目】:任务后台;
【大分组】:-1921663016;	【小分组】:-1480246975;
【日志类型】:错误日志;
【标题】:Notify;
【内容】:Object reference not set to an instance of an object.;
【createtime】:2017-08-28 16:20:41.535;

【项目】:任务后台;
【大分组】:-1921663016;	【小分组】:960417824;
【日志类型】:错误日志;
【标题】:Notify;
【内容】:Object reference not set to an instance of an object.;
【createtime】:2017-08-28 16:20:52.614;

【项目】:任务后台;
【大分组】:-1921663016;	【小分组】:1287800838;
【日志类型】:错误日志;
【标题】:Notify;
【内容】:Object reference not set to an instance of an object.;
【createtime】:2017-08-28 16:21:03.692;

【项目】:任务后台;
【大分组】:-1921663016;	【小分组】:-591171607;
【日志类型】:错误日志;
【标题】:Notify;
【内容】:Object reference not set to an instance of an object.;
【createtime】:2017-08-28 16:21:14.771;

【项目】:任务后台;
【大分组】:-1921663016;	【小分组】:208783096;
【日志类型】:错误日志;
【标题】:Notify;
【内容】:Object reference not set to an instance of an object.;
【createtime】:2017-08-28 16:21:25.853;

【项目】:任务后台;
【大分组】:-1921663016;	【小分组】:-91943256;
【日志类型】:错误日志;
【标题】:Notify;
【内容】:Object reference not set to an instance of an object.;
【createtime】:2017-08-28 16:21:36.930;

