【项目】:任务后台;
【大分组】:-1921663016;	【小分组】:2031709323;
【日志类型】:错误日志;
【标题】:Notify;
【内容】:Object reference not set to an instance of an object.;
【createtime】:2017-09-21 14:55:47.522;

【项目】:任务后台;
【大分组】:-1921663016;	【小分组】:256979335;
【日志类型】:错误日志;
【标题】:Notify;
【内容】:Object reference not set to an instance of an object.;
【createtime】:2017-09-21 14:55:58.564;

【项目】:任务后台;
【大分组】:-1921663016;	【小分组】:-1341756158;
【日志类型】:错误日志;
【标题】:Notify;
【内容】:Object reference not set to an instance of an object.;
【createtime】:2017-09-21 14:56:09.664;

【项目】:任务后台;
【大分组】:-1921663016;	【小分组】:-220326956;
【日志类型】:错误日志;
【标题】:Notify;
【内容】:Object reference not set to an instance of an object.;
【createtime】:2017-09-21 14:56:20.754;

【项目】:任务后台;
【大分组】:-1921663016;	【小分组】:-878098791;
【日志类型】:错误日志;
【标题】:Notify;
【内容】:Object reference not set to an instance of an object.;
【createtime】:2017-09-21 14:56:31.832;

【项目】:任务后台;
【大分组】:-1921663016;	【小分组】:-1918733416;
【日志类型】:错误日志;
【标题】:Notify;
【内容】:Object reference not set to an instance of an object.;
【createtime】:2017-09-21 14:56:42.919;

【项目】:任务后台;
【大分组】:-1921663016;	【小分组】:-1767090009;
【日志类型】:错误日志;
【标题】:Notify;
【内容】:Object reference not set to an instance of an object.;
【createtime】:2017-09-21 14:56:54.002;

【项目】:任务后台;
【大分组】:-1921663016;	【小分组】:-1461566177;
【日志类型】:错误日志;
【标题】:Notify;
【内容】:Object reference not set to an instance of an object.;
【createtime】:2017-09-21 14:57:05.083;

【项目】:任务后台;
【大分组】:-1921663016;	【小分组】:-185715044;
【日志类型】:错误日志;
【标题】:Notify;
【内容】:Object reference not set to an instance of an object.;
【createtime】:2017-09-21 14:57:16.180;

【项目】:任务后台;
【大分组】:-1921663016;	【小分组】:-198272655;
【日志类型】:错误日志;
【标题】:Notify;
【内容】:Object reference not set to an instance of an object.;
【createtime】:2017-09-21 14:57:27.272;

【项目】:任务后台;
【大分组】:-1921663016;	【小分组】:-2025336124;
【日志类型】:错误日志;
【标题】:Notify;
【内容】:Object reference not set to an instance of an object.;
【createtime】:2017-09-21 14:57:38.373;

【项目】:任务后台;
【大分组】:-1921663016;	【小分组】:-1507945589;
【日志类型】:错误日志;
【标题】:Notify;
【内容】:Object reference not set to an instance of an object.;
【createtime】:2017-09-21 14:57:49.467;

【项目】:任务后台;
【大分组】:-1921663016;	【小分组】:-2046232788;
【日志类型】:错误日志;
【标题】:Notify;
【内容】:Object reference not set to an instance of an object.;
【createtime】:2017-09-21 14:58:00.575;

【项目】:任务后台;
【大分组】:-1921663016;	【小分组】:-93396253;
【日志类型】:错误日志;
【标题】:Notify;
【内容】:Object reference not set to an instance of an object.;
【createtime】:2017-09-21 14:58:11.662;

【项目】:任务后台;
【大分组】:-1921663016;	【小分组】:-290664849;
【日志类型】:错误日志;
【标题】:Notify;
【内容】:Object reference not set to an instance of an object.;
【createtime】:2017-09-21 14:58:22.744;

【项目】:任务后台;
【大分组】:-1921663016;	【小分组】:-2072196769;
【日志类型】:错误日志;
【标题】:Notify;
【内容】:Object reference not set to an instance of an object.;
【createtime】:2017-09-21 14:58:33.831;

【项目】:任务后台;
【大分组】:-1921663016;	【小分组】:1951634830;
【日志类型】:错误日志;
【标题】:Notify;
【内容】:Object reference not set to an instance of an object.;
【createtime】:2017-09-21 14:58:44.927;

【项目】:任务后台;
【大分组】:-1921663016;	【小分组】:346600562;
【日志类型】:错误日志;
【标题】:Notify;
【内容】:Object reference not set to an instance of an object.;
【createtime】:2017-09-21 14:58:56.034;

【项目】:任务后台;
【大分组】:-1921663016;	【小分组】:2052579369;
【日志类型】:错误日志;
【标题】:Notify;
【内容】:Object reference not set to an instance of an object.;
【createtime】:2017-09-21 14:59:07.107;

【项目】:任务后台;
【大分组】:-1921663016;	【小分组】:568570231;
【日志类型】:错误日志;
【标题】:Notify;
【内容】:Object reference not set to an instance of an object.;
【createtime】:2017-09-21 14:59:18.201;

【项目】:任务后台;
【大分组】:-1921663016;	【小分组】:-1591166746;
【日志类型】:错误日志;
【标题】:Notify;
【内容】:Object reference not set to an instance of an object.;
【createtime】:2017-09-21 14:59:29.281;

【项目】:任务后台;
【大分组】:-1921663016;	【小分组】:-1137697610;
【日志类型】:错误日志;
【标题】:Notify;
【内容】:Object reference not set to an instance of an object.;
【createtime】:2017-09-21 14:59:40.367;

【项目】:任务后台;
【大分组】:-1921663016;	【小分组】:-1561137085;
【日志类型】:错误日志;
【标题】:Notify;
【内容】:Object reference not set to an instance of an object.;
【createtime】:2017-09-21 14:59:51.457;

【项目】:任务后台;
【大分组】:-1921663016;	【小分组】:-814600901;
【日志类型】:错误日志;
【标题】:Notify;
【内容】:Object reference not set to an instance of an object.;
【createtime】:2017-09-21 15:00:02.533;

【项目】:任务后台;
【大分组】:-1921663016;	【小分组】:-1004995139;
【日志类型】:错误日志;
【标题】:Notify;
【内容】:Object reference not set to an instance of an object.;
【createtime】:2017-09-21 15:00:13.605;

【项目】:任务后台;
【大分组】:-1921663016;	【小分组】:2041846859;
【日志类型】:错误日志;
【标题】:Notify;
【内容】:Object reference not set to an instance of an object.;
【createtime】:2017-09-21 15:00:24.684;

【项目】:任务后台;
【大分组】:-1921663016;	【小分组】:1227459829;
【日志类型】:错误日志;
【标题】:Notify;
【内容】:Object reference not set to an instance of an object.;
【createtime】:2017-09-21 15:00:35.774;

【项目】:任务后台;
【大分组】:-1921663016;	【小分组】:557879487;
【日志类型】:错误日志;
【标题】:Notify;
【内容】:Object reference not set to an instance of an object.;
【createtime】:2017-09-21 15:00:46.854;

【项目】:任务后台;
【大分组】:-1921663016;	【小分组】:828896269;
【日志类型】:错误日志;
【标题】:Notify;
【内容】:Object reference not set to an instance of an object.;
【createtime】:2017-09-21 15:00:57.932;

【项目】:任务后台;
【大分组】:-1921663016;	【小分组】:1316552135;
【日志类型】:错误日志;
【标题】:Notify;
【内容】:Object reference not set to an instance of an object.;
【createtime】:2017-09-21 15:01:09.036;

【项目】:任务后台;
【大分组】:-1921663016;	【小分组】:1363826993;
【日志类型】:错误日志;
【标题】:Notify;
【内容】:Object reference not set to an instance of an object.;
【createtime】:2017-09-21 15:01:20.088;

【项目】:任务后台;
【大分组】:-1921663016;	【小分组】:-1407754890;
【日志类型】:错误日志;
【标题】:Notify;
【内容】:Object reference not set to an instance of an object.;
【createtime】:2017-09-21 15:01:31.176;

【项目】:任务后台;
【大分组】:-1921663016;	【小分组】:474213307;
【日志类型】:错误日志;
【标题】:Notify;
【内容】:Object reference not set to an instance of an object.;
【createtime】:2017-09-21 15:01:42.268;

【项目】:任务后台;
【大分组】:-1921663016;	【小分组】:314202731;
【日志类型】:错误日志;
【标题】:Notify;
【内容】:Object reference not set to an instance of an object.;
【createtime】:2017-09-21 15:01:53.350;

【项目】:任务后台;
【大分组】:-1921663016;	【小分组】:-138247414;
【日志类型】:错误日志;
【标题】:Notify;
【内容】:Object reference not set to an instance of an object.;
【createtime】:2017-09-21 15:02:04.463;

【项目】:任务后台;
【大分组】:-1921663016;	【小分组】:-1860103297;
【日志类型】:错误日志;
【标题】:Notify;
【内容】:Object reference not set to an instance of an object.;
【createtime】:2017-09-21 15:02:15.531;

【项目】:任务后台;
【大分组】:-1921663016;	【小分组】:1436720304;
【日志类型】:错误日志;
【标题】:Notify;
【内容】:Object reference not set to an instance of an object.;
【createtime】:2017-09-21 15:02:26.614;

【项目】:任务后台;
【大分组】:-1921663016;	【小分组】:-999170883;
【日志类型】:错误日志;
【标题】:Notify;
【内容】:Object reference not set to an instance of an object.;
【createtime】:2017-09-21 15:02:37.647;

【项目】:任务后台;
【大分组】:-1921663016;	【小分组】:-761014720;
【日志类型】:错误日志;
【标题】:Notify;
【内容】:Object reference not set to an instance of an object.;
【createtime】:2017-09-21 15:02:48.691;

【项目】:任务后台;
【大分组】:-1921663016;	【小分组】:-127139329;
【日志类型】:错误日志;
【标题】:Notify;
【内容】:Object reference not set to an instance of an object.;
【createtime】:2017-09-21 15:02:59.768;

【项目】:任务后台;
【大分组】:-1921663016;	【小分组】:-81629583;
【日志类型】:错误日志;
【标题】:Notify;
【内容】:Object reference not set to an instance of an object.;
【createtime】:2017-09-21 15:03:10.838;

【项目】:任务后台;
【大分组】:-1921663016;	【小分组】:933150171;
【日志类型】:错误日志;
【标题】:Notify;
【内容】:Object reference not set to an instance of an object.;
【createtime】:2017-09-21 15:03:21.957;

【项目】:任务后台;
【大分组】:-1921663016;	【小分组】:-309851924;
【日志类型】:错误日志;
【标题】:Notify;
【内容】:Object reference not set to an instance of an object.;
【createtime】:2017-09-21 15:03:32.991;

【项目】:任务后台;
【大分组】:-1921663016;	【小分组】:1321724924;
【日志类型】:错误日志;
【标题】:Notify;
【内容】:Object reference not set to an instance of an object.;
【createtime】:2017-09-21 15:03:44.030;

【项目】:任务后台;
【大分组】:-1921663016;	【小分组】:745109110;
【日志类型】:错误日志;
【标题】:Notify;
【内容】:Object reference not set to an instance of an object.;
【createtime】:2017-09-21 15:03:55.113;

【项目】:任务后台;
【大分组】:-1921663016;	【小分组】:1942244785;
【日志类型】:错误日志;
【标题】:Notify;
【内容】:Object reference not set to an instance of an object.;
【createtime】:2017-09-21 15:04:06.163;

【项目】:任务后台;
【大分组】:-1921663016;	【小分组】:304079011;
【日志类型】:错误日志;
【标题】:Notify;
【内容】:Object reference not set to an instance of an object.;
【createtime】:2017-09-21 15:04:17.188;

【项目】:任务后台;
【大分组】:-1921663016;	【小分组】:-1292679560;
【日志类型】:错误日志;
【标题】:Notify;
【内容】:Object reference not set to an instance of an object.;
【createtime】:2017-09-21 15:04:28.374;

【项目】:任务后台;
【大分组】:-1921663016;	【小分组】:1230211516;
【日志类型】:错误日志;
【标题】:Notify;
【内容】:Object reference not set to an instance of an object.;
【createtime】:2017-09-21 15:04:39.430;

【项目】:任务后台;
【大分组】:-1921663016;	【小分组】:-1279067395;
【日志类型】:错误日志;
【标题】:Notify;
【内容】:Object reference not set to an instance of an object.;
【createtime】:2017-09-21 15:04:50.490;

【项目】:任务后台;
【大分组】:-1921663016;	【小分组】:-1231901693;
【日志类型】:错误日志;
【标题】:Notify;
【内容】:Object reference not set to an instance of an object.;
【createtime】:2017-09-21 15:05:01.563;

【项目】:任务后台;
【大分组】:-1921663016;	【小分组】:1151851417;
【日志类型】:错误日志;
【标题】:Notify;
【内容】:Object reference not set to an instance of an object.;
【createtime】:2017-09-21 15:05:12.616;

【项目】:任务后台;
【大分组】:-1921663016;	【小分组】:76662932;
【日志类型】:错误日志;
【标题】:Notify;
【内容】:Object reference not set to an instance of an object.;
【createtime】:2017-09-21 15:05:23.675;

【项目】:任务后台;
【大分组】:-1921663016;	【小分组】:-597210921;
【日志类型】:错误日志;
【标题】:Notify;
【内容】:Object reference not set to an instance of an object.;
【createtime】:2017-09-21 15:05:34.719;

【项目】:任务后台;
【大分组】:-1921663016;	【小分组】:302493383;
【日志类型】:错误日志;
【标题】:Notify;
【内容】:Object reference not set to an instance of an object.;
【createtime】:2017-09-21 15:05:45.801;

【项目】:任务后台;
【大分组】:-1921663016;	【小分组】:196903854;
【日志类型】:错误日志;
【标题】:Notify;
【内容】:Object reference not set to an instance of an object.;
【createtime】:2017-09-21 15:05:56.860;

【项目】:任务后台;
【大分组】:-1921663016;	【小分组】:-1038648536;
【日志类型】:错误日志;
【标题】:Notify;
【内容】:Object reference not set to an instance of an object.;
【createtime】:2017-09-21 15:06:08.011;

【项目】:任务后台;
【大分组】:-1921663016;	【小分组】:-1628538452;
【日志类型】:错误日志;
【标题】:Notify;
【内容】:Object reference not set to an instance of an object.;
【createtime】:2017-09-21 15:06:19.093;

【项目】:任务后台;
【大分组】:-1921663016;	【小分组】:-977424155;
【日志类型】:错误日志;
【标题】:Notify;
【内容】:Object reference not set to an instance of an object.;
【createtime】:2017-09-21 15:06:30.166;

【项目】:任务后台;
【大分组】:-1921663016;	【小分组】:-99795511;
【日志类型】:错误日志;
【标题】:Notify;
【内容】:Object reference not set to an instance of an object.;
【createtime】:2017-09-21 15:06:41.265;

【项目】:任务后台;
【大分组】:-1921663016;	【小分组】:2044099155;
【日志类型】:错误日志;
【标题】:Notify;
【内容】:Object reference not set to an instance of an object.;
【createtime】:2017-09-21 15:06:52.363;

【项目】:任务后台;
【大分组】:-1921663016;	【小分组】:1285404743;
【日志类型】:错误日志;
【标题】:Notify;
【内容】:Object reference not set to an instance of an object.;
【createtime】:2017-09-21 15:07:03.427;

【项目】:任务后台;
【大分组】:-1921663016;	【小分组】:-1492218206;
【日志类型】:错误日志;
【标题】:Notify;
【内容】:Object reference not set to an instance of an object.;
【createtime】:2017-09-21 15:07:14.493;

【项目】:任务后台;
【大分组】:-1921663016;	【小分组】:1734663323;
【日志类型】:错误日志;
【标题】:Notify;
【内容】:Object reference not set to an instance of an object.;
【createtime】:2017-09-21 15:07:25.582;

【项目】:任务后台;
【大分组】:-1921663016;	【小分组】:672352645;
【日志类型】:错误日志;
【标题】:Notify;
【内容】:Object reference not set to an instance of an object.;
【createtime】:2017-09-21 15:07:36.677;

【项目】:任务后台;
【大分组】:-1921663016;	【小分组】:1298810495;
【日志类型】:错误日志;
【标题】:Notify;
【内容】:Object reference not set to an instance of an object.;
【createtime】:2017-09-21 15:07:47.774;

【项目】:任务后台;
【大分组】:-1921663016;	【小分组】:1817931840;
【日志类型】:错误日志;
【标题】:Notify;
【内容】:Object reference not set to an instance of an object.;
【createtime】:2017-09-21 15:07:58.840;

【项目】:任务后台;
【大分组】:-1921663016;	【小分组】:1418994361;
【日志类型】:错误日志;
【标题】:Notify;
【内容】:Object reference not set to an instance of an object.;
【createtime】:2017-09-21 15:08:09.918;

【项目】:任务后台;
【大分组】:-1921663016;	【小分组】:1914484510;
【日志类型】:错误日志;
【标题】:Notify;
【内容】:Object reference not set to an instance of an object.;
【createtime】:2017-09-21 15:08:21.017;

【项目】:任务后台;
【大分组】:-1921663016;	【小分组】:-1744367848;
【日志类型】:错误日志;
【标题】:Notify;
【内容】:Object reference not set to an instance of an object.;
【createtime】:2017-09-21 15:08:32.116;

【项目】:任务后台;
【大分组】:-1921663016;	【小分组】:-1142116927;
【日志类型】:错误日志;
【标题】:Notify;
【内容】:Object reference not set to an instance of an object.;
【createtime】:2017-09-21 15:08:43.166;

【项目】:任务后台;
【大分组】:-1921663016;	【小分组】:269334982;
【日志类型】:错误日志;
【标题】:Notify;
【内容】:Object reference not set to an instance of an object.;
【createtime】:2017-09-21 15:08:54.252;

【项目】:任务后台;
【大分组】:-1921663016;	【小分组】:1188330123;
【日志类型】:错误日志;
【标题】:Notify;
【内容】:Object reference not set to an instance of an object.;
【createtime】:2017-09-21 15:09:05.329;

【项目】:任务后台;
【大分组】:-1921663016;	【小分组】:325935591;
【日志类型】:错误日志;
【标题】:Notify;
【内容】:Object reference not set to an instance of an object.;
【createtime】:2017-09-21 15:09:16.386;

【项目】:任务后台;
【大分组】:-1921663016;	【小分组】:1398136464;
【日志类型】:错误日志;
【标题】:Notify;
【内容】:Object reference not set to an instance of an object.;
【createtime】:2017-09-21 15:09:27.438;

【项目】:任务后台;
【大分组】:-1921663016;	【小分组】:333368997;
【日志类型】:错误日志;
【标题】:Notify;
【内容】:Object reference not set to an instance of an object.;
【createtime】:2017-09-21 15:09:38.542;

【项目】:任务后台;
【大分组】:-1921663016;	【小分组】:2075286295;
【日志类型】:错误日志;
【标题】:Notify;
【内容】:Object reference not set to an instance of an object.;
【createtime】:2017-09-21 15:09:49.618;

【项目】:任务后台;
【大分组】:-1921663016;	【小分组】:-77811919;
【日志类型】:错误日志;
【标题】:Notify;
【内容】:Object reference not set to an instance of an object.;
【createtime】:2017-09-21 15:10:00.670;

【项目】:任务后台;
【大分组】:-1921663016;	【小分组】:1940480391;
【日志类型】:错误日志;
【标题】:Notify;
【内容】:Object reference not set to an instance of an object.;
【createtime】:2017-09-21 15:10:11.727;

【项目】:任务后台;
【大分组】:-1921663016;	【小分组】:1272096618;
【日志类型】:错误日志;
【标题】:Notify;
【内容】:Object reference not set to an instance of an object.;
【createtime】:2017-09-21 15:10:22.794;

【项目】:任务后台;
【大分组】:-1921663016;	【小分组】:1550664212;
【日志类型】:错误日志;
【标题】:Notify;
【内容】:Object reference not set to an instance of an object.;
【createtime】:2017-09-21 15:10:33.867;

【项目】:任务后台;
【大分组】:-1921663016;	【小分组】:-97909453;
【日志类型】:错误日志;
【标题】:Notify;
【内容】:Object reference not set to an instance of an object.;
【createtime】:2017-09-21 15:10:44.947;

【项目】:任务后台;
【大分组】:-1921663016;	【小分组】:1174289711;
【日志类型】:错误日志;
【标题】:Notify;
【内容】:Object reference not set to an instance of an object.;
【createtime】:2017-09-21 15:10:56.041;

【项目】:任务后台;
【大分组】:-1921663016;	【小分组】:50539306;
【日志类型】:错误日志;
【标题】:Notify;
【内容】:Object reference not set to an instance of an object.;
【createtime】:2017-09-21 15:11:07.138;

【项目】:任务后台;
【大分组】:-1921663016;	【小分组】:-1330948270;
【日志类型】:错误日志;
【标题】:Notify;
【内容】:Object reference not set to an instance of an object.;
【createtime】:2017-09-21 15:11:18.234;

【项目】:任务后台;
【大分组】:-1921663016;	【小分组】:45840977;
【日志类型】:错误日志;
【标题】:Notify;
【内容】:Object reference not set to an instance of an object.;
【createtime】:2017-09-21 15:11:29.323;

【项目】:任务后台;
【大分组】:-1921663016;	【小分组】:-957872821;
【日志类型】:错误日志;
【标题】:Notify;
【内容】:Object reference not set to an instance of an object.;
【createtime】:2017-09-21 15:11:40.373;

【项目】:任务后台;
【大分组】:-1921663016;	【小分组】:-1482809775;
【日志类型】:错误日志;
【标题】:Notify;
【内容】:Object reference not set to an instance of an object.;
【createtime】:2017-09-21 15:11:51.455;

【项目】:任务后台;
【大分组】:-1921663016;	【小分组】:-788496645;
【日志类型】:错误日志;
【标题】:Notify;
【内容】:Object reference not set to an instance of an object.;
【createtime】:2017-09-21 15:12:02.551;

【项目】:任务后台;
【大分组】:-1921663016;	【小分组】:-1224735816;
【日志类型】:错误日志;
【标题】:Notify;
【内容】:Object reference not set to an instance of an object.;
【createtime】:2017-09-21 15:12:13.649;

【项目】:任务后台;
【大分组】:-1921663016;	【小分组】:-2076993385;
【日志类型】:错误日志;
【标题】:Notify;
【内容】:Object reference not set to an instance of an object.;
【createtime】:2017-09-21 15:12:24.749;

【项目】:任务后台;
【大分组】:-1921663016;	【小分组】:-80972584;
【日志类型】:错误日志;
【标题】:Notify;
【内容】:Object reference not set to an instance of an object.;
【createtime】:2017-09-21 15:12:35.812;

【项目】:任务后台;
【大分组】:-1921663016;	【小分组】:-1082195329;
【日志类型】:错误日志;
【标题】:Notify;
【内容】:Object reference not set to an instance of an object.;
【createtime】:2017-09-21 15:26:25.588;

【项目】:任务后台;
【大分组】:-1921663016;	【小分组】:-1196543480;
【日志类型】:错误日志;
【标题】:Notify;
【内容】:Object reference not set to an instance of an object.;
【createtime】:2017-09-21 15:26:36.622;

【项目】:任务后台;
【大分组】:-1921663016;	【小分组】:-1043601295;
【日志类型】:错误日志;
【标题】:Notify;
【内容】:Object reference not set to an instance of an object.;
【createtime】:2017-09-21 15:26:47.648;

【项目】:任务后台;
【大分组】:-1921663016;	【小分组】:2001548024;
【日志类型】:错误日志;
【标题】:Notify;
【内容】:Object reference not set to an instance of an object.;
【createtime】:2017-09-21 15:28:39.621;

【项目】:任务后台;
【大分组】:-1921663016;	【小分组】:-987930894;
【日志类型】:错误日志;
【标题】:Notify;
【内容】:Object reference not set to an instance of an object.;
【createtime】:2017-09-21 15:28:50.654;

【项目】:任务后台;
【大分组】:-1921663016;	【小分组】:1620346131;
【日志类型】:错误日志;
【标题】:Notify;
【内容】:Object reference not set to an instance of an object.;
【createtime】:2017-09-21 15:29:01.734;

【项目】:任务后台;
【大分组】:-1921663016;	【小分组】:992716580;
【日志类型】:错误日志;
【标题】:Notify;
【内容】:Object reference not set to an instance of an object.;
【createtime】:2017-09-21 15:29:12.814;

【项目】:任务后台;
【大分组】:-1921663016;	【小分组】:1781250371;
【日志类型】:错误日志;
【标题】:Notify;
【内容】:Object reference not set to an instance of an object.;
【createtime】:2017-09-21 15:29:23.900;

【项目】:任务后台;
【大分组】:-1921663016;	【小分组】:-1861987660;
【日志类型】:错误日志;
【标题】:Notify;
【内容】:Object reference not set to an instance of an object.;
【createtime】:2017-09-21 15:29:34.999;

【项目】:任务后台;
【大分组】:-1921663016;	【小分组】:1524410134;
【日志类型】:错误日志;
【标题】:Notify;
【内容】:Object reference not set to an instance of an object.;
【createtime】:2017-09-21 15:29:46.124;

【项目】:任务后台;
【大分组】:-1921663016;	【小分组】:1799545744;
【日志类型】:错误日志;
【标题】:Notify;
【内容】:Object reference not set to an instance of an object.;
【createtime】:2017-09-21 15:29:57.182;

【项目】:任务后台;
【大分组】:-1921663016;	【小分组】:352273979;
【日志类型】:错误日志;
【标题】:Notify;
【内容】:Object reference not set to an instance of an object.;
【createtime】:2017-09-21 15:30:08.223;

【项目】:任务后台;
【大分组】:-1921663016;	【小分组】:-948259988;
【日志类型】:错误日志;
【标题】:Notify;
【内容】:Object reference not set to an instance of an object.;
【createtime】:2017-09-21 15:30:19.397;

【项目】:任务后台;
【大分组】:-1921663016;	【小分组】:365292018;
【日志类型】:错误日志;
【标题】:Notify;
【内容】:Object reference not set to an instance of an object.;
【createtime】:2017-09-21 15:30:30.473;

【项目】:任务后台;
【大分组】:-1921663016;	【小分组】:629317499;
【日志类型】:错误日志;
【标题】:Notify;
【内容】:Object reference not set to an instance of an object.;
【createtime】:2017-09-21 15:30:56.208;

【项目】:任务后台;
【大分组】:-1921663016;	【小分组】:-1319485820;
【日志类型】:错误日志;
【标题】:Notify;
【内容】:Object reference not set to an instance of an object.;
【createtime】:2017-09-21 15:31:07.289;

【项目】:任务后台;
【大分组】:-1921663016;	【小分组】:-1465769769;
【日志类型】:错误日志;
【标题】:Notify;
【内容】:Object reference not set to an instance of an object.;
【createtime】:2017-09-21 15:31:18.328;

【项目】:任务后台;
【大分组】:-1921663016;	【小分组】:-1202808358;
【日志类型】:错误日志;
【标题】:Notify;
【内容】:Object reference not set to an instance of an object.;
【createtime】:2017-09-21 15:31:29.356;

【项目】:任务后台;
【大分组】:-1921663016;	【小分组】:-1177465049;
【日志类型】:错误日志;
【标题】:Notify;
【内容】:Object reference not set to an instance of an object.;
【createtime】:2017-09-21 15:31:40.410;

【项目】:任务后台;
【大分组】:-1921663016;	【小分组】:339483464;
【日志类型】:错误日志;
【标题】:Notify;
【内容】:Object reference not set to an instance of an object.;
【createtime】:2017-09-21 15:31:51.486;

【项目】:任务后台;
【大分组】:-1921663016;	【小分组】:1529036356;
【日志类型】:错误日志;
【标题】:Notify;
【内容】:Object reference not set to an instance of an object.;
【createtime】:2017-09-21 15:32:02.578;

【项目】:任务后台;
【大分组】:-1921663016;	【小分组】:-1481037837;
【日志类型】:错误日志;
【标题】:Notify;
【内容】:Object reference not set to an instance of an object.;
【createtime】:2017-09-21 15:32:13.614;

【项目】:任务后台;
【大分组】:-1921663016;	【小分组】:152744100;
【日志类型】:错误日志;
【标题】:Notify;
【内容】:Object reference not set to an instance of an object.;
【createtime】:2017-09-21 15:32:24.652;

【项目】:任务后台;
【大分组】:-1921663016;	【小分组】:288185746;
【日志类型】:错误日志;
【标题】:Notify;
【内容】:Object reference not set to an instance of an object.;
【createtime】:2017-09-21 15:32:35.732;

【项目】:任务后台;
【大分组】:-1921663016;	【小分组】:67088446;
【日志类型】:错误日志;
【标题】:Notify;
【内容】:Object reference not set to an instance of an object.;
【createtime】:2017-09-21 15:32:46.794;

【项目】:任务后台;
【大分组】:-1921663016;	【小分组】:1753198246;
【日志类型】:错误日志;
【标题】:Notify;
【内容】:Object reference not set to an instance of an object.;
【createtime】:2017-09-21 15:32:57.843;

【项目】:任务后台;
【大分组】:-1921663016;	【小分组】:1537215740;
【日志类型】:错误日志;
【标题】:Notify;
【内容】:Object reference not set to an instance of an object.;
【createtime】:2017-09-21 15:33:08.903;

【项目】:任务后台;
【大分组】:-1921663016;	【小分组】:2128692605;
【日志类型】:错误日志;
【标题】:Notify;
【内容】:Object reference not set to an instance of an object.;
【createtime】:2017-09-21 15:33:19.979;

【项目】:任务后台;
【大分组】:-1921663016;	【小分组】:1426757201;
【日志类型】:错误日志;
【标题】:Notify;
【内容】:Object reference not set to an instance of an object.;
【createtime】:2017-09-21 15:33:31.058;

【项目】:任务后台;
【大分组】:-1921663016;	【小分组】:834184884;
【日志类型】:错误日志;
【标题】:Notify;
【内容】:Object reference not set to an instance of an object.;
【createtime】:2017-09-21 15:33:42.117;

【项目】:任务后台;
【大分组】:-1921663016;	【小分组】:-1413137287;
【日志类型】:错误日志;
【标题】:Notify;
【内容】:Object reference not set to an instance of an object.;
【createtime】:2017-09-21 15:33:57.645;

【项目】:任务后台;
【大分组】:-1921663016;	【小分组】:747633413;
【日志类型】:错误日志;
【标题】:Notify;
【内容】:Object reference not set to an instance of an object.;
【createtime】:2017-09-21 15:34:09.714;

【项目】:任务后台;
【大分组】:-1921663016;	【小分组】:-920626737;
【日志类型】:错误日志;
【标题】:Notify;
【内容】:Object reference not set to an instance of an object.;
【createtime】:2017-09-21 15:34:20.754;

【项目】:任务后台;
【大分组】:-1921663016;	【小分组】:1254968626;
【日志类型】:错误日志;
【标题】:Notify;
【内容】:Object reference not set to an instance of an object.;
【createtime】:2017-09-21 15:34:31.832;

【项目】:任务后台;
【大分组】:-1921663016;	【小分组】:1523185475;
【日志类型】:错误日志;
【标题】:Notify;
【内容】:Object reference not set to an instance of an object.;
【createtime】:2017-09-21 15:34:42.927;

【项目】:任务后台;
【大分组】:-1921663016;	【小分组】:-29837327;
【日志类型】:错误日志;
【标题】:Notify;
【内容】:Object reference not set to an instance of an object.;
【createtime】:2017-09-21 15:34:53.981;

【项目】:任务后台;
【大分组】:-1921663016;	【小分组】:-997438241;
【日志类型】:错误日志;
【标题】:Notify;
【内容】:Object reference not set to an instance of an object.;
【createtime】:2017-09-21 15:35:05.044;

【项目】:任务后台;
【大分组】:-1921663016;	【小分组】:833243506;
【日志类型】:错误日志;
【标题】:Notify;
【内容】:Object reference not set to an instance of an object.;
【createtime】:2017-09-21 15:35:16.165;

【项目】:任务后台;
【大分组】:-1921663016;	【小分组】:-538567781;
【日志类型】:错误日志;
【标题】:Notify;
【内容】:Object reference not set to an instance of an object.;
【createtime】:2017-09-21 15:35:27.216;

【项目】:任务后台;
【大分组】:-1921663016;	【小分组】:845754046;
【日志类型】:错误日志;
【标题】:Notify;
【内容】:Object reference not set to an instance of an object.;
【createtime】:2017-09-21 15:35:38.282;

【项目】:任务后台;
【大分组】:-1921663016;	【小分组】:46852334;
【日志类型】:错误日志;
【标题】:Notify;
【内容】:Object reference not set to an instance of an object.;
【createtime】:2017-09-21 15:35:49.342;

【项目】:任务后台;
【大分组】:-1921663016;	【小分组】:-1697961560;
【日志类型】:错误日志;
【标题】:Notify;
【内容】:Object reference not set to an instance of an object.;
【createtime】:2017-09-21 15:36:00.397;

【项目】:任务后台;
【大分组】:-1921663016;	【小分组】:152888653;
【日志类型】:错误日志;
【标题】:Notify;
【内容】:Object reference not set to an instance of an object.;
【createtime】:2017-09-21 15:36:11.478;

【项目】:任务后台;
【大分组】:-1921663016;	【小分组】:-795173996;
【日志类型】:错误日志;
【标题】:Notify;
【内容】:Object reference not set to an instance of an object.;
【createtime】:2017-09-21 15:36:22.558;

【项目】:任务后台;
【大分组】:-1921663016;	【小分组】:1372319214;
【日志类型】:错误日志;
【标题】:Notify;
【内容】:Object reference not set to an instance of an object.;
【createtime】:2017-09-21 15:36:33.595;

【项目】:任务后台;
【大分组】:-1921663016;	【小分组】:1476582390;
【日志类型】:错误日志;
【标题】:Notify;
【内容】:Object reference not set to an instance of an object.;
【createtime】:2017-09-21 15:36:44.675;

【项目】:任务后台;
【大分组】:-1921663016;	【小分组】:-1792051358;
【日志类型】:错误日志;
【标题】:Notify;
【内容】:Object reference not set to an instance of an object.;
【createtime】:2017-09-21 15:37:03.416;

【项目】:任务后台;
【大分组】:-1921663016;	【小分组】:-31551080;
【日志类型】:错误日志;
【标题】:Notify;
【内容】:Object reference not set to an instance of an object.;
【createtime】:2017-09-21 15:37:14.621;

【项目】:任务后台;
【大分组】:-1921663016;	【小分组】:-1009552701;
【日志类型】:错误日志;
【标题】:Notify;
【内容】:Object reference not set to an instance of an object.;
【createtime】:2017-09-21 15:37:25.667;

【项目】:任务后台;
【大分组】:-1921663016;	【小分组】:-1358144926;
【日志类型】:错误日志;
【标题】:Notify;
【内容】:Object reference not set to an instance of an object.;
【createtime】:2017-09-21 15:37:36.707;

【项目】:任务后台;
【大分组】:-1921663016;	【小分组】:902739194;
【日志类型】:错误日志;
【标题】:Notify;
【内容】:Object reference not set to an instance of an object.;
【createtime】:2017-09-21 15:37:48.697;

【项目】:任务后台;
【大分组】:-1921663016;	【小分组】:220232303;
【日志类型】:错误日志;
【标题】:Notify;
【内容】:Object reference not set to an instance of an object.;
【createtime】:2017-09-21 15:38:24.232;

【项目】:任务后台;
【大分组】:-1921663016;	【小分组】:-489872662;
【日志类型】:错误日志;
【标题】:Notify;
【内容】:Object reference not set to an instance of an object.;
【createtime】:2017-09-21 15:38:36.209;

【项目】:任务后台;
【大分组】:-1921663016;	【小分组】:2105116596;
【日志类型】:错误日志;
【标题】:Notify;
【内容】:Object reference not set to an instance of an object.;
【createtime】:2017-09-21 15:38:47.777;

【项目】:任务后台;
【大分组】:-1921663016;	【小分组】:-1790162346;
【日志类型】:错误日志;
【标题】:Notify;
【内容】:Object reference not set to an instance of an object.;
【createtime】:2017-09-21 15:38:59.500;

【项目】:任务后台;
【大分组】:-1921663016;	【小分组】:255926501;
【日志类型】:错误日志;
【标题】:Notify;
【内容】:Object reference not set to an instance of an object.;
【createtime】:2017-09-21 15:41:59.271;

【项目】:任务后台;
【大分组】:-1921663016;	【小分组】:651952641;
【日志类型】:错误日志;
【标题】:Notify;
【内容】:Object reference not set to an instance of an object.;
【createtime】:2017-09-21 15:42:10.355;

【项目】:任务后台;
【大分组】:-1921663016;	【小分组】:1441302469;
【日志类型】:错误日志;
【标题】:Notify;
【内容】:Object reference not set to an instance of an object.;
【createtime】:2017-09-21 15:42:21.409;

【项目】:任务后台;
【大分组】:-1921663016;	【小分组】:-778527012;
【日志类型】:错误日志;
【标题】:Notify;
【内容】:Object reference not set to an instance of an object.;
【createtime】:2017-09-21 15:42:32.488;

【项目】:任务后台;
【大分组】:-1921663016;	【小分组】:-1169180241;
【日志类型】:错误日志;
【标题】:Notify;
【内容】:Object reference not set to an instance of an object.;
【createtime】:2017-09-21 15:42:43.564;

【项目】:任务后台;
【大分组】:-1921663016;	【小分组】:859384633;
【日志类型】:错误日志;
【标题】:Notify;
【内容】:Object reference not set to an instance of an object.;
【createtime】:2017-09-21 15:42:54.645;

【项目】:任务后台;
【大分组】:-1921663016;	【小分组】:790042894;
【日志类型】:错误日志;
【标题】:Notify;
【内容】:Object reference not set to an instance of an object.;
【createtime】:2017-09-21 15:43:05.685;

【项目】:任务后台;
【大分组】:-1921663016;	【小分组】:409632746;
【日志类型】:错误日志;
【标题】:Notify;
【内容】:Object reference not set to an instance of an object.;
【createtime】:2017-09-21 15:43:16.710;

【项目】:任务后台;
【大分组】:-1921663016;	【小分组】:-1882210979;
【日志类型】:错误日志;
【标题】:Notify;
【内容】:Object reference not set to an instance of an object.;
【createtime】:2017-09-21 15:43:27.779;

【项目】:任务后台;
【大分组】:-1921663016;	【小分组】:2123723704;
【日志类型】:错误日志;
【标题】:Notify;
【内容】:Object reference not set to an instance of an object.;
【createtime】:2017-09-21 15:43:38.833;

【项目】:任务后台;
【大分组】:-1921663016;	【小分组】:1498588897;
【日志类型】:错误日志;
【标题】:Notify;
【内容】:Object reference not set to an instance of an object.;
【createtime】:2017-09-21 15:43:49.877;

【项目】:任务后台;
【大分组】:-1921663016;	【小分组】:-279096304;
【日志类型】:错误日志;
【标题】:Notify;
【内容】:Object reference not set to an instance of an object.;
【createtime】:2017-09-21 15:44:00.911;

【项目】:任务后台;
【大分组】:-1921663016;	【小分组】:-1888196497;
【日志类型】:错误日志;
【标题】:Notify;
【内容】:Object reference not set to an instance of an object.;
【createtime】:2017-09-21 15:44:11.937;

【项目】:任务后台;
【大分组】:-1921663016;	【小分组】:-26402001;
【日志类型】:错误日志;
【标题】:Notify;
【内容】:Object reference not set to an instance of an object.;
【createtime】:2017-09-21 15:44:23.003;

【项目】:任务后台;
【大分组】:-1921663016;	【小分组】:-1355795976;
【日志类型】:错误日志;
【标题】:Notify;
【内容】:Object reference not set to an instance of an object.;
【createtime】:2017-09-21 15:44:34.103;

【项目】:任务后台;
【大分组】:-1921663016;	【小分组】:1594238729;
【日志类型】:错误日志;
【标题】:Notify;
【内容】:Object reference not set to an instance of an object.;
【createtime】:2017-09-21 15:44:45.232;

【项目】:任务后台;
【大分组】:-1921663016;	【小分组】:2023838715;
【日志类型】:错误日志;
【标题】:Notify;
【内容】:Object reference not set to an instance of an object.;
【createtime】:2017-09-21 15:44:56.567;

【项目】:任务后台;
【大分组】:-1921663016;	【小分组】:-1098109444;
【日志类型】:错误日志;
【标题】:Notify;
【内容】:Object reference not set to an instance of an object.;
【createtime】:2017-09-21 15:45:08.824;

【项目】:任务后台;
【大分组】:-1921663016;	【小分组】:1186829599;
【日志类型】:错误日志;
【标题】:Notify;
【内容】:Object reference not set to an instance of an object.;
【createtime】:2017-09-21 15:45:36.059;

【项目】:任务后台;
【大分组】:-1921663016;	【小分组】:-1743946657;
【日志类型】:错误日志;
【标题】:Notify;
【内容】:Object reference not set to an instance of an object.;
【createtime】:2017-09-21 15:45:47.192;

【项目】:任务后台;
【大分组】:-1921663016;	【小分组】:-2041099498;
【日志类型】:错误日志;
【标题】:Notify;
【内容】:Object reference not set to an instance of an object.;
【createtime】:2017-09-21 15:54:18.954;

【项目】:任务后台;
【大分组】:-1921663016;	【小分组】:1009804712;
【日志类型】:错误日志;
【标题】:Notify;
【内容】:Object reference not set to an instance of an object.;
【createtime】:2017-09-21 15:54:30.000;

【项目】:任务后台;
【大分组】:-1921663016;	【小分组】:875462749;
【日志类型】:错误日志;
【标题】:Notify;
【内容】:Object reference not set to an instance of an object.;
【createtime】:2017-09-21 15:54:41.078;

【项目】:任务后台;
【大分组】:-1921663016;	【小分组】:1282947267;
【日志类型】:错误日志;
【标题】:Notify;
【内容】:Object reference not set to an instance of an object.;
【createtime】:2017-09-21 15:54:52.160;

【项目】:任务后台;
【大分组】:-1921663016;	【小分组】:1208448947;
【日志类型】:错误日志;
【标题】:Notify;
【内容】:Object reference not set to an instance of an object.;
【createtime】:2017-09-21 15:59:16.356;

【项目】:任务后台;
【大分组】:-1921663016;	【小分组】:2086612633;
【日志类型】:错误日志;
【标题】:Notify;
【内容】:Object reference not set to an instance of an object.;
【createtime】:2017-09-21 15:59:27.396;

【项目】:任务后台;
【大分组】:-1921663016;	【小分组】:439951824;
【日志类型】:错误日志;
【标题】:Notify;
【内容】:Object reference not set to an instance of an object.;
【createtime】:2017-09-21 16:02:28.447;

【项目】:任务后台;
【大分组】:-1921663016;	【小分组】:-1863787193;
【日志类型】:错误日志;
【标题】:Notify;
【内容】:Object reference not set to an instance of an object.;
【createtime】:2017-09-21 16:02:39.486;

【项目】:任务后台;
【大分组】:-1921663016;	【小分组】:-1124833838;
【日志类型】:错误日志;
【标题】:Notify;
【内容】:Object reference not set to an instance of an object.;
【createtime】:2017-09-21 16:06:54.935;

【项目】:任务后台;
【大分组】:-1921663016;	【小分组】:2005233781;
【日志类型】:错误日志;
【标题】:Notify;
【内容】:Object reference not set to an instance of an object.;
【createtime】:2017-09-21 16:07:05.983;

【项目】:任务后台;
【大分组】:-1921663016;	【小分组】:-787846125;
【日志类型】:错误日志;
【标题】:Notify;
【内容】:Object reference not set to an instance of an object.;
【createtime】:2017-09-21 16:11:59.115;

【项目】:任务后台;
【大分组】:-1921663016;	【小分组】:313389622;
【日志类型】:错误日志;
【标题】:Notify;
【内容】:Object reference not set to an instance of an object.;
【createtime】:2017-09-21 16:12:10.195;

【项目】:任务后台;
【大分组】:-1921663016;	【小分组】:443015458;
【日志类型】:错误日志;
【标题】:Notify;
【内容】:Object reference not set to an instance of an object.;
【createtime】:2017-09-21 16:12:21.255;

【项目】:任务后台;
【大分组】:-1921663016;	【小分组】:-1466831701;
【日志类型】:错误日志;
【标题】:Notify;
【内容】:Object reference not set to an instance of an object.;
【createtime】:2017-09-21 23:13:14.781;

【项目】:任务后台;
【大分组】:-1921663016;	【小分组】:-546258528;
【日志类型】:错误日志;
【标题】:Notify;
【内容】:Object reference not set to an instance of an object.;
【createtime】:2017-09-21 23:13:25.849;

【项目】:任务后台;
【大分组】:-1921663016;	【小分组】:832291592;
【日志类型】:错误日志;
【标题】:Notify;
【内容】:Object reference not set to an instance of an object.;
【createtime】:2017-09-21 23:13:36.917;

【项目】:任务后台;
【大分组】:-1921663016;	【小分组】:2012500727;
【日志类型】:错误日志;
【标题】:Notify;
【内容】:Object reference not set to an instance of an object.;
【createtime】:2017-09-21 23:13:47.987;

【项目】:任务后台;
【大分组】:-1921663016;	【小分组】:63322862;
【日志类型】:错误日志;
【标题】:Notify;
【内容】:Object reference not set to an instance of an object.;
【createtime】:2017-09-21 23:13:59.050;

【项目】:任务后台;
【大分组】:-1921663016;	【小分组】:-840926926;
【日志类型】:错误日志;
【标题】:Notify;
【内容】:Object reference not set to an instance of an object.;
【createtime】:2017-09-21 23:14:10.126;

【项目】:任务后台;
【大分组】:-1921663016;	【小分组】:232160177;
【日志类型】:错误日志;
【标题】:Notify;
【内容】:Object reference not set to an instance of an object.;
【createtime】:2017-09-21 23:14:21.207;

【项目】:任务后台;
【大分组】:-1921663016;	【小分组】:-2096487254;
【日志类型】:错误日志;
【标题】:Notify;
【内容】:Object reference not set to an instance of an object.;
【createtime】:2017-09-21 23:14:32.306;

【项目】:任务后台;
【大分组】:-1921663016;	【小分组】:-523180999;
【日志类型】:错误日志;
【标题】:Notify;
【内容】:Object reference not set to an instance of an object.;
【createtime】:2017-09-21 23:14:43.406;

【项目】:任务后台;
【大分组】:-1921663016;	【小分组】:1302302336;
【日志类型】:错误日志;
【标题】:Notify;
【内容】:Object reference not set to an instance of an object.;
【createtime】:2017-09-21 23:14:54.523;

【项目】:任务后台;
【大分组】:-1921663016;	【小分组】:-1050672167;
【日志类型】:错误日志;
【标题】:Notify;
【内容】:Object reference not set to an instance of an object.;
【createtime】:2017-09-21 23:15:05.622;

【项目】:任务后台;
【大分组】:-1921663016;	【小分组】:140946726;
【日志类型】:错误日志;
【标题】:Notify;
【内容】:Object reference not set to an instance of an object.;
【createtime】:2017-09-21 23:15:16.717;

【项目】:任务后台;
【大分组】:-1921663016;	【小分组】:1777985249;
【日志类型】:错误日志;
【标题】:Notify;
【内容】:Object reference not set to an instance of an object.;
【createtime】:2017-09-21 23:15:27.823;

【项目】:任务后台;
【大分组】:-1921663016;	【小分组】:-446772844;
【日志类型】:错误日志;
【标题】:Notify;
【内容】:Object reference not set to an instance of an object.;
【createtime】:2017-09-21 23:15:38.902;

【项目】:任务后台;
【大分组】:-1921663016;	【小分组】:94157962;
【日志类型】:错误日志;
【标题】:Notify;
【内容】:Object reference not set to an instance of an object.;
【createtime】:2017-09-21 23:15:49.990;

【项目】:任务后台;
【大分组】:-1921663016;	【小分组】:-242876121;
【日志类型】:错误日志;
【标题】:Notify;
【内容】:Object reference not set to an instance of an object.;
【createtime】:2017-09-21 23:16:01.065;

【项目】:任务后台;
【大分组】:-1921663016;	【小分组】:1461913619;
【日志类型】:错误日志;
【标题】:Notify;
【内容】:Object reference not set to an instance of an object.;
【createtime】:2017-09-21 23:16:12.171;

【项目】:任务后台;
【大分组】:-1921663016;	【小分组】:-1198247350;
【日志类型】:错误日志;
【标题】:Notify;
【内容】:Object reference not set to an instance of an object.;
【createtime】:2017-09-21 23:16:23.260;

【项目】:任务后台;
【大分组】:-1921663016;	【小分组】:1385865557;
【日志类型】:错误日志;
【标题】:Notify;
【内容】:Object reference not set to an instance of an object.;
【createtime】:2017-09-21 23:16:34.387;

【项目】:任务后台;
【大分组】:-1921663016;	【小分组】:118771614;
【日志类型】:错误日志;
【标题】:Notify;
【内容】:Object reference not set to an instance of an object.;
【createtime】:2017-09-21 23:16:45.444;

【项目】:任务后台;
【大分组】:-1921663016;	【小分组】:596359615;
【日志类型】:错误日志;
【标题】:Notify;
【内容】:Object reference not set to an instance of an object.;
【createtime】:2017-09-21 23:16:56.542;

【项目】:任务后台;
【大分组】:-1921663016;	【小分组】:823301241;
【日志类型】:错误日志;
【标题】:Notify;
【内容】:Object reference not set to an instance of an object.;
【createtime】:2017-09-21 23:17:07.643;

【项目】:任务后台;
【大分组】:-1921663016;	【小分组】:-175296301;
【日志类型】:错误日志;
【标题】:Notify;
【内容】:Object reference not set to an instance of an object.;
【createtime】:2017-09-21 23:17:18.772;

【项目】:任务后台;
【大分组】:-1921663016;	【小分组】:1956020518;
【日志类型】:错误日志;
【标题】:Notify;
【内容】:Object reference not set to an instance of an object.;
【createtime】:2017-09-21 23:17:29.852;

【项目】:任务后台;
【大分组】:-1921663016;	【小分组】:-325482902;
【日志类型】:错误日志;
【标题】:Notify;
【内容】:Object reference not set to an instance of an object.;
【createtime】:2017-09-21 23:17:40.980;

【项目】:任务后台;
【大分组】:-1921663016;	【小分组】:-2087305287;
【日志类型】:错误日志;
【标题】:Notify;
【内容】:Object reference not set to an instance of an object.;
【createtime】:2017-09-21 23:17:52.089;

【项目】:任务后台;
【大分组】:-1921663016;	【小分组】:-1134694825;
【日志类型】:错误日志;
【标题】:Notify;
【内容】:Object reference not set to an instance of an object.;
【createtime】:2017-09-21 23:18:03.194;

【项目】:任务后台;
【大分组】:-1921663016;	【小分组】:307375062;
【日志类型】:错误日志;
【标题】:Notify;
【内容】:Object reference not set to an instance of an object.;
【createtime】:2017-09-21 23:18:14.300;

【项目】:任务后台;
【大分组】:-1921663016;	【小分组】:1698944450;
【日志类型】:错误日志;
【标题】:Notify;
【内容】:Object reference not set to an instance of an object.;
【createtime】:2017-09-21 23:18:25.399;

【项目】:任务后台;
【大分组】:-1921663016;	【小分组】:1621972456;
【日志类型】:错误日志;
【标题】:Notify;
【内容】:Object reference not set to an instance of an object.;
【createtime】:2017-09-21 23:18:36.499;

【项目】:任务后台;
【大分组】:-1921663016;	【小分组】:876876779;
【日志类型】:错误日志;
【标题】:Notify;
【内容】:Object reference not set to an instance of an object.;
【createtime】:2017-09-21 23:18:47.573;

