【项目】:任务后台;
【大分组】:-1921663016;	【小分组】:1271511471;
【日志类型】:错误日志;
【标题】:Notify;
【内容】:未将对象引用设置到对象的实例。;
【createtime】:2017-05-17 13:08:55.051;

【项目】:任务后台;
【大分组】:-1921663016;	【小分组】:1671922900;
【日志类型】:错误日志;
【标题】:Notify;
【内容】:未将对象引用设置到对象的实例。;
【createtime】:2017-05-17 13:09:06.138;

【项目】:任务后台;
【大分组】:-1921663016;	【小分组】:1165809526;
【日志类型】:错误日志;
【标题】:Notify;
【内容】:未将对象引用设置到对象的实例。;
【createtime】:2017-05-17 13:09:17.185;

【项目】:任务后台;
【大分组】:-1921663016;	【小分组】:-2086015704;
【日志类型】:错误日志;
【标题】:Notify;
【内容】:未将对象引用设置到对象的实例。;
【createtime】:2017-05-17 13:09:28.258;

【项目】:任务后台;
【大分组】:-1921663016;	【小分组】:447258528;
【日志类型】:错误日志;
【标题】:Notify;
【内容】:未将对象引用设置到对象的实例。;
【createtime】:2017-05-17 13:09:39.349;

【项目】:任务后台;
【大分组】:-1921663016;	【小分组】:-942781606;
【日志类型】:错误日志;
【标题】:Notify;
【内容】:未将对象引用设置到对象的实例。;
【createtime】:2017-05-17 13:09:50.416;

【项目】:任务后台;
【大分组】:-1921663016;	【小分组】:1838073753;
【日志类型】:错误日志;
【标题】:Notify;
【内容】:未将对象引用设置到对象的实例。;
【createtime】:2017-05-17 13:10:01.493;

【项目】:任务后台;
【大分组】:-1921663016;	【小分组】:37781477;
【日志类型】:错误日志;
【标题】:Notify;
【内容】:未将对象引用设置到对象的实例。;
【createtime】:2017-05-17 13:12:18.962;

【项目】:任务后台;
【大分组】:-1921663016;	【小分组】:-416742054;
【日志类型】:错误日志;
【标题】:Notify;
【内容】:未将对象引用设置到对象的实例。;
【createtime】:2017-05-17 13:12:30.009;

【项目】:任务后台;
【大分组】:-1921663016;	【小分组】:155594310;
【日志类型】:错误日志;
【标题】:Notify;
【内容】:未将对象引用设置到对象的实例。;
【createtime】:2017-05-17 13:37:17.413;

【项目】:任务后台;
【大分组】:-1921663016;	【小分组】:1483847943;
【日志类型】:错误日志;
【标题】:Notify;
【内容】:未将对象引用设置到对象的实例。;
【createtime】:2017-05-17 13:37:28.459;

【项目】:任务后台;
【大分组】:-1921663016;	【小分组】:-776333536;
【日志类型】:错误日志;
【标题】:Notify;
【内容】:未将对象引用设置到对象的实例。;
【createtime】:2017-05-17 13:39:41.362;

【项目】:任务后台;
【大分组】:-1921663016;	【小分组】:-2136498485;
【日志类型】:错误日志;
【标题】:Notify;
【内容】:未将对象引用设置到对象的实例。;
【createtime】:2017-05-17 13:39:52.397;

