【项目】:任务后台;
【大分组】:-1921663016;	【小分组】:-206224063;
【日志类型】:错误日志;
【标题】:Notify;
【内容】:Object reference not set to an instance of an object.;
【createtime】:2017-08-30 16:10:32.088;

【项目】:任务后台;
【大分组】:-1921663016;	【小分组】:1226541277;
【日志类型】:错误日志;
【标题】:Notify;
【内容】:Object reference not set to an instance of an object.;
【createtime】:2017-08-30 16:10:43.181;

【项目】:任务后台;
【大分组】:-1921663016;	【小分组】:-1480156837;
【日志类型】:错误日志;
【标题】:Notify;
【内容】:Object reference not set to an instance of an object.;
【createtime】:2017-08-30 16:10:54.245;

【项目】:任务后台;
【大分组】:-1921663016;	【小分组】:1582441507;
【日志类型】:错误日志;
【标题】:Notify;
【内容】:Object reference not set to an instance of an object.;
【createtime】:2017-08-30 16:11:05.294;

【项目】:任务后台;
【大分组】:-1921663016;	【小分组】:-1398996412;
【日志类型】:错误日志;
【标题】:Notify;
【内容】:Object reference not set to an instance of an object.;
【createtime】:2017-08-30 16:11:16.329;

【项目】:任务后台;
【大分组】:-1921663016;	【小分组】:503946777;
【日志类型】:错误日志;
【标题】:Notify;
【内容】:Object reference not set to an instance of an object.;
【createtime】:2017-08-30 16:11:27.394;

【项目】:任务后台;
【大分组】:-1921663016;	【小分组】:-312348717;
【日志类型】:错误日志;
【标题】:Notify;
【内容】:Object reference not set to an instance of an object.;
【createtime】:2017-08-30 16:11:38.459;

【项目】:任务后台;
【大分组】:-1921663016;	【小分组】:121414012;
【日志类型】:错误日志;
【标题】:Notify;
【内容】:Object reference not set to an instance of an object.;
【createtime】:2017-08-30 16:11:49.529;

【项目】:任务后台;
【大分组】:-1921663016;	【小分组】:-976592166;
【日志类型】:错误日志;
【标题】:Notify;
【内容】:Object reference not set to an instance of an object.;
【createtime】:2017-08-30 16:12:00.597;

【项目】:任务后台;
【大分组】:-1921663016;	【小分组】:-342351249;
【日志类型】:错误日志;
【标题】:Notify;
【内容】:Object reference not set to an instance of an object.;
【createtime】:2017-08-30 16:12:11.698;

【项目】:任务后台;
【大分组】:-1921663016;	【小分组】:544549896;
【日志类型】:错误日志;
【标题】:Notify;
【内容】:Object reference not set to an instance of an object.;
【createtime】:2017-08-30 16:12:22.784;

【项目】:任务后台;
【大分组】:-1921663016;	【小分组】:286816746;
【日志类型】:错误日志;
【标题】:Notify;
【内容】:Object reference not set to an instance of an object.;
【createtime】:2017-08-30 16:12:33.866;

【项目】:任务后台;
【大分组】:-1921663016;	【小分组】:-761272216;
【日志类型】:错误日志;
【标题】:Notify;
【内容】:Object reference not set to an instance of an object.;
【createtime】:2017-08-30 16:12:44.949;

【项目】:任务后台;
【大分组】:-1921663016;	【小分组】:867946691;
【日志类型】:错误日志;
【标题】:Notify;
【内容】:Object reference not set to an instance of an object.;
【createtime】:2017-08-30 16:12:56.035;

【项目】:任务后台;
【大分组】:-1921663016;	【小分组】:2121600933;
【日志类型】:错误日志;
【标题】:Notify;
【内容】:Object reference not set to an instance of an object.;
【createtime】:2017-08-30 16:13:46.436;

【项目】:任务后台;
【大分组】:-1921663016;	【小分组】:-146716169;
【日志类型】:错误日志;
【标题】:Notify;
【内容】:Object reference not set to an instance of an object.;
【createtime】:2017-08-30 16:13:57.505;

【项目】:任务后台;
【大分组】:-1921663016;	【小分组】:451925071;
【日志类型】:错误日志;
【标题】:Notify;
【内容】:Object reference not set to an instance of an object.;
【createtime】:2017-08-30 16:14:30.715;

【项目】:任务后台;
【大分组】:-1921663016;	【小分组】:1320765994;
【日志类型】:错误日志;
【标题】:Notify;
【内容】:Object reference not set to an instance of an object.;
【createtime】:2017-08-30 16:14:41.754;

【项目】:任务后台;
【大分组】:-1921663016;	【小分组】:325035189;
【日志类型】:错误日志;
【标题】:Notify;
【内容】:Object reference not set to an instance of an object.;
【createtime】:2017-08-30 16:15:59.901;

【项目】:任务后台;
【大分组】:-1921663016;	【小分组】:-856697522;
【日志类型】:错误日志;
【标题】:Notify;
【内容】:Object reference not set to an instance of an object.;
【createtime】:2017-08-30 16:16:10.965;

