【项目】:任务后台;
【大分组】:-1921663016;	【小分组】:-1940790785;
【日志类型】:错误日志;
【标题】:Notify;
【内容】:Object reference not set to an instance of an object.;
【createtime】:2017-10-25 16:04:10.530;

【项目】:任务后台;
【大分组】:-1921663016;	【小分组】:651209421;
【日志类型】:错误日志;
【标题】:Notify;
【内容】:Object reference not set to an instance of an object.;
【createtime】:2017-10-25 16:04:21.574;

【项目】:任务后台;
【大分组】:-1921663016;	【小分组】:599936690;
【日志类型】:错误日志;
【标题】:Notify;
【内容】:connected = false!;
【createtime】:2017-10-25 16:05:05.718;

【项目】:任务后台;
【大分组】:-1921663016;	【小分组】:152922323;
【日志类型】:错误日志;
【标题】:Notify;
【内容】:connected = false!;
【createtime】:2017-10-25 16:05:16.800;

【项目】:任务后台;
【大分组】:-1921663016;	【小分组】:489604103;
【日志类型】:错误日志;
【标题】:Notify;
【内容】:connected = false!;
【createtime】:2017-10-25 16:05:27.887;

【项目】:任务后台;
【大分组】:-1921663016;	【小分组】:-26465768;
【日志类型】:错误日志;
【标题】:Notify;
【内容】:connected = false!;
【createtime】:2017-10-25 16:05:38.973;

【项目】:任务后台;
【大分组】:-1921663016;	【小分组】:1543832710;
【日志类型】:错误日志;
【标题】:Notify;
【内容】:connected = false!;
【createtime】:2017-10-25 16:22:42.985;

【项目】:任务后台;
【大分组】:-1921663016;	【小分组】:-600403652;
【日志类型】:错误日志;
【标题】:Notify;
【内容】:connected = false!;
【createtime】:2017-10-25 16:23:34.550;

【项目】:任务后台;
【大分组】:-1921663016;	【小分组】:659001388;
【日志类型】:错误日志;
【标题】:Notify;
【内容】:connected = false!;
【createtime】:2017-10-25 16:31:48.784;

【项目】:任务后台;
【大分组】:-1921663016;	【小分组】:-1586065566;
【日志类型】:错误日志;
【标题】:Notify;
【内容】:connected = false!;
【createtime】:2017-10-25 16:31:59.795;

【项目】:任务后台;
【大分组】:-1921663016;	【小分组】:774076142;
【日志类型】:错误日志;
【标题】:Notify;
【内容】:connected = false!;
【createtime】:2017-10-25 16:32:10.827;

【项目】:任务后台;
【大分组】:-1921663016;	【小分组】:-265781333;
【日志类型】:错误日志;
【标题】:Notify;
【内容】:connected = false!;
【createtime】:2017-10-25 16:32:21.854;

【项目】:任务后台;
【大分组】:-1921663016;	【小分组】:-779251187;
【日志类型】:错误日志;
【标题】:Notify;
【内容】:connected = false!;
【createtime】:2017-10-25 16:32:32.912;

【项目】:任务后台;
【大分组】:-1921663016;	【小分组】:-1331284810;
【日志类型】:错误日志;
【标题】:Notify;
【内容】:connected = false!;
【createtime】:2017-10-25 16:32:43.931;

【项目】:任务后台;
【大分组】:-1921663016;	【小分组】:1254148577;
【日志类型】:错误日志;
【标题】:Notify;
【内容】:connected = false!;
【createtime】:2017-10-25 16:32:54.977;

【项目】:任务后台;
【大分组】:-1921663016;	【小分组】:-1579187571;
【日志类型】:错误日志;
【标题】:Notify;
【内容】:connected = false!;
【createtime】:2017-10-25 16:33:06.018;

【项目】:任务后台;
【大分组】:-1921663016;	【小分组】:-625175583;
【日志类型】:错误日志;
【标题】:Notify;
【内容】:connected = false!;
【createtime】:2017-10-25 16:33:17.067;

【项目】:任务后台;
【大分组】:-1921663016;	【小分组】:1631843560;
【日志类型】:错误日志;
【标题】:Notify;
【内容】:connected = false!;
【createtime】:2017-10-25 16:33:28.104;

【项目】:任务后台;
【大分组】:-1921663016;	【小分组】:-234997586;
【日志类型】:错误日志;
【标题】:Notify;
【内容】:connected = false!;
【createtime】:2017-10-25 16:33:39.143;

【项目】:任务后台;
【大分组】:-1921663016;	【小分组】:-504522964;
【日志类型】:错误日志;
【标题】:Notify;
【内容】:connected = false!;
【createtime】:2017-10-25 16:33:50.182;

【项目】:任务后台;
【大分组】:-1921663016;	【小分组】:454983414;
【日志类型】:错误日志;
【标题】:Notify;
【内容】:connected = false!;
【createtime】:2017-10-25 16:34:01.219;

【项目】:任务后台;
【大分组】:-1921663016;	【小分组】:-900943784;
【日志类型】:错误日志;
【标题】:Notify;
【内容】:connected = false!;
【createtime】:2017-10-25 16:34:12.248;

【项目】:任务后台;
【大分组】:-1921663016;	【小分组】:-1835078079;
【日志类型】:错误日志;
【标题】:Notify;
【内容】:Object reference not set to an instance of an object.;
【createtime】:2017-10-25 16:34:29.884;

【项目】:任务后台;
【大分组】:-1921663016;	【小分组】:1029861296;
【日志类型】:错误日志;
【标题】:Notify;
【内容】:Object reference not set to an instance of an object.;
【createtime】:2017-10-25 16:34:43.397;

【项目】:任务后台;
【大分组】:-1921663016;	【小分组】:-1174625592;
【日志类型】:错误日志;
【标题】:Notify;
【内容】:Object reference not set to an instance of an object.;
【createtime】:2017-10-25 16:34:58.938;

【项目】:任务后台;
【大分组】:-1921663016;	【小分组】:-733177790;
【日志类型】:错误日志;
【标题】:Notify;
【内容】:Object reference not set to an instance of an object.;
【createtime】:2017-10-25 16:35:10.007;

【项目】:任务后台;
【大分组】:-1921663016;	【小分组】:1493137649;
【日志类型】:错误日志;
【标题】:Notify;
【内容】:Object reference not set to an instance of an object.;
【createtime】:2017-10-25 17:51:34.206;

【项目】:任务后台;
【大分组】:-1921663016;	【小分组】:284587004;
【日志类型】:错误日志;
【标题】:Notify;
【内容】:Object reference not set to an instance of an object.;
【createtime】:2017-10-25 18:00:38.482;

【项目】:任务后台;
【大分组】:-1921663016;	【小分组】:1151383663;
【日志类型】:错误日志;
【标题】:Notify;
【内容】:Object reference not set to an instance of an object.;
【createtime】:2017-10-25 18:00:49.511;

